Log file open, 12/09/18 13:24:01
LogWindows: Failed to load 'aqProf.dll' (GetLastError=126)
LogWindows: File 'aqProf.dll' does not exist
LogWindows: Failed to load 'VSPerf140.dll' (GetLastError=126)
LogWindows: File 'VSPerf140.dll' does not exist
LogWindows: Failed to load 'VtuneApi.dll' (GetLastError=126)
LogWindows: File 'VtuneApi.dll' does not exist
LogWindows: Failed to load 'VtuneApi32e.dll' (GetLastError=126)
LogWindows: File 'VtuneApi32e.dll' does not exist
LogInit: Display: Running engine for game: Holodeck2
LogPlatformFile: Not using cached read wrapper
LogTaskGraph: Started task graph with 5 named threads and 35 total threads with 3 sets of task threads.
LogStats: Stats thread started at 0.426116
LogD3D11RHI: Loaded GFSDK_Aftermath_Lib.x64.dll
LogICUInternationalization: Display: ICU TimeZone Detection - Raw Offset: -8:00, Platform Override: ''
LogPluginManager: Mounting plugin Paper2D
LogPluginManager: Mounting plugin AISupport
LogPluginManager: Mounting plugin LightPropagationVolume
LogPluginManager: Mounting plugin CLionSourceCodeAccess
LogPluginManager: Mounting plugin CodeLiteSourceCodeAccess
LogPluginManager: Mounting plugin GitSourceControl
LogPluginManager: Mounting plugin KDevelopSourceCodeAccess
LogPluginManager: Mounting plugin NullSourceCodeAccess
LogPluginManager: Mounting plugin PerforceSourceControl
LogPluginManager: Mounting plugin SubversionSourceControl
LogPluginManager: Mounting plugin UObjectPlugin
LogPluginManager: Mounting plugin VisualStudioCodeSourceCodeAccess
LogPluginManager: Mounting plugin VisualStudioSourceCodeAccess
LogPluginManager: Mounting plugin XCodeSourceCodeAccess
LogPluginManager: Mounting plugin AssetManagerEditor
LogPluginManager: Mounting plugin CryptoKeys
LogPluginManager: Mounting plugin DataValidation
LogPluginManager: Mounting plugin FacialAnimation
LogPluginManager: Mounting plugin GameplayTagsEditor
LogPluginManager: Mounting plugin MacGraphicsSwitching
LogPluginManager: Mounting plugin MeshEditor
LogPluginManager: Mounting plugin MobileLauncherProfileWizard
LogPluginManager: Mounting plugin PluginBrowser
LogPluginManager: Mounting plugin SpeedTreeImporter
LogPluginManager: Mounting plugin DatasmithContent
LogPluginManager: Mounting plugin AlembicImporter
LogPluginManager: Mounting plugin AppleImageUtils
LogPluginManager: Mounting plugin AppleVision
LogPluginManager: Mounting plugin BackChannel
LogPluginManager: Mounting plugin CharacterAI
LogPluginManager: Mounting plugin GeometryCache
LogPluginManager: Mounting plugin HTML5Networking
LogPluginManager: Mounting plugin ProxyLODPlugin
LogPluginManager: Mounting plugin MagicLeap
LogPluginManager: Mounting plugin MagicLeapEmulator
LogPluginManager: Mounting plugin MagicLeapMedia
LogPluginManager: Mounting plugin AndroidMedia
LogPluginManager: Mounting plugin AvfMedia
LogPluginManager: Mounting plugin ImgMedia
LogPluginManager: Mounting plugin LinearTimecode
LogPluginManager: Mounting plugin MediaCompositing
LogPluginManager: Mounting plugin MediaPlayerEditor
LogPluginManager: Mounting plugin WmfMedia
LogPluginManager: Mounting plugin TcpMessaging
LogPluginManager: Mounting plugin UdpMessaging
LogPluginManager: Mounting plugin ActorSequence
LogPluginManager: Mounting plugin LevelSequenceEditor
LogPluginManager: Mounting plugin MatineeToLevelSequence
LogPluginManager: Mounting plugin NetcodeUnitTest
LogPluginManager: Mounting plugin NUTUnrealEngine4
LogPluginManager: Mounting plugin OnlineSubsystemGooglePlay
LogPluginManager: Mounting plugin OnlineSubsystemIOS
LogPluginManager: Mounting plugin OnlineSubsystem
LogPluginManager: Mounting plugin OnlineSubsystemNull
LogPluginManager: Mounting plugin OnlineSubsystemUtils
LogPluginManager: Mounting plugin LauncherChunkInstaller
LogPluginManager: Mounting plugin AndroidDeviceProfileSelector
LogPluginManager: Mounting plugin AndroidMoviePlayer
LogPluginManager: Mounting plugin AndroidPermission
LogPluginManager: Mounting plugin AppleMoviePlayer
LogPluginManager: Mounting plugin ArchVisCharacter
LogPluginManager: Mounting plugin AudioCapture
LogPluginManager: Mounting plugin CableComponent
LogPluginManager: Mounting plugin CustomMeshComponent
LogPluginManager: Mounting plugin EditableMesh
LogPluginManager: Mounting plugin ExampleDeviceProfileSelector
LogPluginManager: Mounting plugin GoogleCloudMessaging
LogPluginManager: Mounting plugin ImmediatePhysics
LogPluginManager: Mounting plugin IOSDeviceProfileSelector
LogPluginManager: Mounting plugin LinuxDeviceProfileSelector
LogPluginManager: Mounting plugin LocationServicesBPLibrary
LogPluginManager: Mounting plugin MobilePatchingUtils
LogPluginManager: Mounting plugin OculusVR
LogPluginManager: Plugin shader directory ../../../Engine/Plugins/Runtime/Oculus/OculusVR/Shaders found
LogPluginManager: Mapping shader source directory ../../../Engine/Plugins/Runtime/Oculus/OculusVR/Shaders to virtual directory /Plugin/OculusVR
LogPluginManager: Mounting plugin PhysXVehicles
LogPluginManager: Mounting plugin ProceduralMeshComponent
LogPluginManager: Mounting plugin RuntimePhysXCooking
LogPluginManager: Mounting plugin SteamVR
LogPluginManager: Mounting plugin WindowsMoviePlayer
LogPluginManager: Mounting plugin VRExpansionPlugin
LogStreaming: Display: Took  0.101s to configure plugins.
LogInit: Using libcurl 7.55.1-DEV
LogInit:  - built for x86_64-pc-win32
LogInit:  - supports SSL with OpenSSL/1.0.2h
LogInit:  - supports HTTP deflate (compression) using libz 1.2.8
LogInit:  - other features:
LogInit:      CURL_VERSION_SSL
LogInit:      CURL_VERSION_LIBZ
LogInit:      CURL_VERSION_IPV6
LogInit:      CURL_VERSION_ASYNCHDNS
LogInit:      CURL_VERSION_LARGEFILE
LogInit:      CURL_VERSION_IDN
LogInit:  CurlRequestOptions (configurable via config and command line):
LogInit:  - bVerifyPeer = false  - Libcurl will NOT verify peer certificate
LogInit:  - bUseHttpProxy = false  - Libcurl will NOT use HTTP proxy
LogInit:  - bDontReuseConnections = false  - Libcurl will reuse connections
LogInit:  - CertBundlePath = nullptr  - Libcurl will use whatever was configured at build time.
LogInit:  - MaxHostConnections = 16  - Libcurl will limit the number of connections to a host
LogInit:  - LocalHostAddr = Default
LogInit:  - BufferSize = 65536
LogInit: WinSock: version 1.1 (2.2), MaxSocks=32767, MaxUdp=65467
LogInit: Build: ++UE4+Release-4.20-CL-4369336
LogInit: Engine Version: 4.20.3-4369336+++UE4+Release-4.20
LogInit: Compatible Engine Version: 4.20.0-4212847+++UE4+Release-4.20
LogInit: Net CL: 4212847
LogInit: OS: Windows 10 (), CPU: Intel(R) Core(TM) i7-8750H CPU @ 2.20GHz, GPU: Intel(R) UHD Graphics 630
LogInit: Compiled (64-bit): Sep 17 2018 12:26:19
LogInit: Compiled with Visual C++: 19.13.26129.00
LogInit: Build Configuration: Development
LogInit: Branch Name: ++UE4+Release-4.20
LogInit: Command Line: 
LogInit: Base Directory: C:/Program Files/Epic Games/UE_4.20/Engine/Binaries/Win64/
LogInit: Installed Engine Build: 1
LogDevObjectVersion: Number of dev versions registered: 20
LogDevObjectVersion:   Dev-Blueprints (B0D832E4-1F89-4F0D-ACCF-7EB736FD4AA2): 10
LogDevObjectVersion:   Dev-Build (E1C64328-A22C-4D53-A36C-8E866417BD8C): 0
LogDevObjectVersion:   Dev-Core (375EC13C-06E4-48FB-B500-84F0262A717E): 2
LogDevObjectVersion:   Dev-Editor (E4B068ED-F494-42E9-A231-DA0B2E46BB41): 24
LogDevObjectVersion:   Dev-Framework (CFFC743F-43B0-4480-9391-14DF171D2073): 34
LogDevObjectVersion:   Dev-Mobile (B02B49B5-BB20-44E9-A304-32B752E40360): 2
LogDevObjectVersion:   Dev-Networking (A4E4105C-59A1-49B5-A7C5-40C4547EDFEE): 0
LogDevObjectVersion:   Dev-Online (39C831C9-5AE6-47DC-9A44-9C173E1C8E7C): 0
LogDevObjectVersion:   Dev-Physics (78F01B33-EBEA-4F98-B9B4-84EACCB95AA2): 0
LogDevObjectVersion:   Dev-Platform (6631380F-2D4D-43E0-8009-CF276956A95A): 0
LogDevObjectVersion:   Dev-Rendering (12F88B9F-8875-4AFC-A67C-D90C383ABD29): 26
LogDevObjectVersion:   Dev-Sequencer (7B5AE74C-D270-4C10-A958-57980B212A5A): 9
LogDevObjectVersion:   Dev-VR (D7296918-1DD6-4BDD-9DE2-64A83CC13884): 2
LogDevObjectVersion:   Dev-LoadTimes (C2A15278-BFE7-4AFE-6C17-90FF531DF755): 1
LogDevObjectVersion:   Private-Geometry (6EACA3D4-40EC-4CC1-B786-8BED09428FC5): 3
LogDevObjectVersion:   Dev-AnimPhys (29E575DD-E0A3-4627-9D10-D276232CDCEA): 17
LogDevObjectVersion:   Dev-ReflectionCapture (6B266CEC-1EC7-4B8F-A30B-E4D90942FC07): 1
LogDevObjectVersion:   Dev-Automation (0DF73D61-A23F-47EA-B727-89E90C41499A): 1
LogDevObjectVersion:   FortniteMain (601D1886-AC64-4F84-AA16-D3DE0DEAC7D6): 12
LogDevObjectVersion:   Dev-Enterprise (9DFFBCD6-494F-0158-E221-12823C92A888): 1
LogStreaming: Display: Took  0.001s to delete old logs.
LogInit: Presizing for max 8388607 objects, including 0 objects not considered by GC, pre-allocating 0 bytes for permanent pool.
LogInit: Object subsystem initialized
[2018.12.09-21.24.02:096][  0]LogInit: Selected Device Profile: [Windows]
[2018.12.09-21.24.02:096][  0]LogInit: Applying CVar settings loaded from the selected device profile: [Windows]
[2018.12.09-21.24.02:107][  0]LogHAL: Display: Platform has ~ 16 GB [17018798080 / 17179869184 / 16], which maps to Larger [LargestMinGB=32, LargerMinGB=12, DefaultMinGB=8, SmallerMinGB=6, SmallestMinGB=0)
[2018.12.09-21.24.02:107][  0]LogInit: Setting Device Profile CVar: [[r.Vulkan.UseRealUBs:1]]
[2018.12.09-21.24.02:107][  0]LogInit: Going up to parent DeviceProfile []
[2018.12.09-21.24.02:107][  0]LogInit: Computer: MSI
[2018.12.09-21.24.02:107][  0]LogInit: User: CindyChiu
[2018.12.09-21.24.02:107][  0]LogInit: CPU Page size=4096, Cores=6
[2018.12.09-21.24.02:107][  0]LogInit: High frequency timer resolution =2.156255 MHz
[2018.12.09-21.24.02:107][  0]LogMemory: Memory total: Physical=15.8GB (16GB approx)
[2018.12.09-21.24.02:107][  0]LogMemory: Platform Memory Stats for Windows
[2018.12.09-21.24.02:107][  0]LogMemory: Process Physical Memory: 102.38 MB used, 102.38 MB peak
[2018.12.09-21.24.02:107][  0]LogMemory: Process Virtual Memory: 98.27 MB used, 98.27 MB peak
[2018.12.09-21.24.02:107][  0]LogMemory: Physical Memory: 6272.36 MB used,  9958.04 MB free, 16230.39 MB total
[2018.12.09-21.24.02:107][  0]LogMemory: Virtual Memory: 4669.24 MB used,  9958.04 MB free, 134217728.00 MB total
[2018.12.09-21.24.02:306][  0]LogInit: Using OS detected language (en-US).
[2018.12.09-21.24.02:306][  0]LogInit: Using OS detected locale (en-US).
[2018.12.09-21.24.02:306][  0]LogTextLocalizationManager: No specific localization for 'en-US' exists, so the 'en' localization will be used.
[2018.12.09-21.24.02:616][  0]LogStreaming: Display: Took  0.310s to InitEngineTextLocalization.
[2018.12.09-21.24.02:617][  0]LogInit: Setting process to per monitor DPI aware
[2018.12.09-21.24.02:667][  0]LogSlate: New Slate User Created.  User Index 0, Is Virtual User: 0
[2018.12.09-21.24.02:667][  0]LogSlate: Slate User Registered.  User Index 0, Is Virtual User: 0
[2018.12.09-21.24.02:867][  0]LogHMD: Failed to initialize OpenVR with code 110
[2018.12.09-21.24.02:867][  0]LogD3D11RHI: D3D11 adapters:
[2018.12.09-21.24.02:931][  0]LogD3D11RHI:    0. 'NVIDIA GeForce GTX 1070 with Max-Q Design' (Feature Level 11_0)
[2018.12.09-21.24.02:932][  0]LogD3D11RHI:       8081/0/8115 MB DedicatedVideo/DedicatedSystem/SharedSystem, Outputs:1, VendorId:0x10de
[2018.12.09-21.24.02:946][  0]LogD3D11RHI:    1. 'Intel(R) UHD Graphics 630' (Feature Level 11_0)
[2018.12.09-21.24.02:946][  0]LogD3D11RHI:       128/0/8115 MB DedicatedVideo/DedicatedSystem/SharedSystem, Outputs:0, VendorId:0x8086
[2018.12.09-21.24.02:948][  0]LogD3D11RHI:    2. 'Microsoft Basic Render Driver' (Feature Level 11_0)
[2018.12.09-21.24.02:948][  0]LogD3D11RHI:       0/0/8115 MB DedicatedVideo/DedicatedSystem/SharedSystem, Outputs:0, VendorId:0x1414
[2018.12.09-21.24.02:948][  0]LogD3D11RHI: Chosen D3D11 Adapter: 0
[2018.12.09-21.24.02:972][  0]LogD3D11RHI: Creating new Direct3DDevice
[2018.12.09-21.24.02:972][  0]LogD3D11RHI:     GPU DeviceId: 0x1ba1 (for the marketing name, search the web for "GPU Device Id")
[2018.12.09-21.24.02:972][  0]LogWindows: EnumDisplayDevices:
[2018.12.09-21.24.02:972][  0]LogWindows:    0. 'Intel(R) UHD Graphics 630' (P:1 D:1)
[2018.12.09-21.24.02:972][  0]LogWindows:    1. 'Intel(R) UHD Graphics 630' (P:0 D:0)
[2018.12.09-21.24.02:972][  0]LogWindows:    2. 'Intel(R) UHD Graphics 630' (P:0 D:0)
[2018.12.09-21.24.02:973][  0]LogWindows:    3. 'NVIDIA GeForce GTX 1070 with Max-Q Design' (P:0 D:0)
[2018.12.09-21.24.02:973][  0]LogWindows:    4. 'NVIDIA GeForce GTX 1070 with Max-Q Design' (P:0 D:0)
[2018.12.09-21.24.02:973][  0]LogWindows:    5. 'NVIDIA GeForce GTX 1070 with Max-Q Design' (P:0 D:0)
[2018.12.09-21.24.02:973][  0]LogWindows:    6. 'NVIDIA GeForce GTX 1070 with Max-Q Design' (P:0 D:0)
[2018.12.09-21.24.02:973][  0]LogWindows: DebugString: PrimaryIsNotTheChoosenAdapter PrimaryIsNotTheChoosenAdapter PrimaryIsNotTheChoosenAdapter FoundDriverCount:4 
[2018.12.09-21.24.02:973][  0]LogD3D11RHI:     Adapter Name: NVIDIA GeForce GTX 1070 with Max-Q Design
[2018.12.09-21.24.02:973][  0]LogD3D11RHI:   Driver Version: 391.48 (internal:23.21.13.9148, unified:391.48)
[2018.12.09-21.24.02:973][  0]LogD3D11RHI:      Driver Date: 4-17-2018
[2018.12.09-21.24.02:973][  0]LogRHI: Texture pool is 5656 MB (70% of 8081 MB)
[2018.12.09-21.24.03:004][  0]LogD3D11RHI: Async texture creation enabled
[2018.12.09-21.24.03:038][  0]LogD3D11RHI: GPU Timing Frequency: 1000.000000 (Debug: 2 2)
[2018.12.09-21.24.03:038][  0]LogShaderCompilers: Guid format shader working directory is -22 characters bigger than the processId version (../../../../../../Users/Cindy Chiu/Documents/GitHub/PhaserRange/Holodeck2/Intermediate/Shaders/WorkingDirectory/7152/).
[2018.12.09-21.24.03:038][  0]LogShaderCompilers: Cleaned the shader compiler working directory 'C:/Users/Cindy Chiu/AppData/Local/Temp/UnrealShaderWorkingDir/B79D763B4A117C6AA3BEA4B9978F544D/'.
[2018.12.09-21.24.03:274][  0]LogTemp: Display: Loaded TP AllDesktopTargetPlatform
[2018.12.09-21.24.03:285][  0]LogTemp: Display: Loaded TP MacClientTargetPlatform
[2018.12.09-21.24.03:297][  0]LogTemp: Display: Loaded TP MacNoEditorTargetPlatform
[2018.12.09-21.24.03:308][  0]LogTemp: Display: Loaded TP MacServerTargetPlatform
[2018.12.09-21.24.03:323][  0]LogTemp: Display: Loaded TP MacTargetPlatform
[2018.12.09-21.24.03:339][  0]LogTemp: Display: Loaded TP WindowsClientTargetPlatform
[2018.12.09-21.24.03:353][  0]LogTemp: Display: Loaded TP WindowsNoEditorTargetPlatform
[2018.12.09-21.24.03:367][  0]LogTemp: Display: Loaded TP WindowsServerTargetPlatform
[2018.12.09-21.24.03:374][  0]LogTemp: Display: Loaded TP WindowsTargetPlatform
[2018.12.09-21.24.03:456][  0]LogTemp: Display: Loaded TP AndroidTargetPlatform
[2018.12.09-21.24.03:456][  0]LogTemp: Display: Loaded TP AndroidTargetPlatform
[2018.12.09-21.24.03:456][  0]LogTemp: Display: Loaded TP AndroidTargetPlatform
[2018.12.09-21.24.03:456][  0]LogTemp: Display: Loaded TP AndroidTargetPlatform
[2018.12.09-21.24.03:456][  0]LogTemp: Display: Loaded TP AndroidTargetPlatform
[2018.12.09-21.24.03:456][  0]LogTemp: Display: Loaded TP AndroidTargetPlatform
[2018.12.09-21.24.03:456][  0]LogTemp: Display: Loaded TP AndroidTargetPlatform
[2018.12.09-21.24.03:456][  0]LogTemp: Display: Loaded TP AndroidTargetPlatform
[2018.12.09-21.24.03:456][  0]LogTemp: Display: Loaded TP AndroidTargetPlatform
[2018.12.09-21.24.03:456][  0]LogTemp: Display: Loaded TP AndroidTargetPlatform
[2018.12.09-21.24.03:456][  0]LogTemp: Display: Loaded TP AndroidTargetPlatform
[2018.12.09-21.24.03:456][  0]LogTemp: Display: Loaded TP AndroidTargetPlatform
[2018.12.09-21.24.03:456][  0]LogTemp: Display: Loaded TP AndroidTargetPlatform
[2018.12.09-21.24.03:456][  0]LogTemp: Display: Loaded TP AndroidTargetPlatform
[2018.12.09-21.24.03:456][  0]LogTemp: Display: Loaded TP AndroidTargetPlatform
[2018.12.09-21.24.03:456][  0]LogTemp: Display: Loaded TP AndroidTargetPlatform
[2018.12.09-21.24.03:456][  0]LogTemp: Display: Loaded TP AndroidTargetPlatform
[2018.12.09-21.24.03:456][  0]LogTemp: Display: Loaded TP AndroidTargetPlatform
[2018.12.09-21.24.03:457][  0]LogTemp: Display: Loaded TP HTML5TargetPlatform
[2018.12.09-21.24.03:517][  0]LogTemp: Display: Loaded TP IOSTargetPlatform
[2018.12.09-21.24.03:517][  0]LogTemp: Display: Loaded TP IOSTargetPlatform
[2018.12.09-21.24.03:537][  0]LogTemp: Display: Loaded TP TVOSTargetPlatform
[2018.12.09-21.24.03:537][  0]LogTemp: Display: Loaded TP TVOSTargetPlatform
[2018.12.09-21.24.03:549][  0]LogTemp: Display: Loaded TP LinuxClientTargetPlatform
[2018.12.09-21.24.03:561][  0]LogTemp: Display: Loaded TP LinuxNoEditorTargetPlatform
[2018.12.09-21.24.03:574][  0]LogTemp: Display: Loaded TP LinuxServerTargetPlatform
[2018.12.09-21.24.03:587][  0]LogTemp: Display: Loaded TP LinuxTargetPlatform
[2018.12.09-21.24.03:596][  0]LogTemp: Display: Loaded TP LuminTargetPlatform
[2018.12.09-21.24.03:596][  0]LogTargetPlatformManager: Display: Building Assets For Windows
[2018.12.09-21.24.03:656][  0]LogXGEController: Cleaning working directory: C:/Users/Cindy Chiu/AppData/Local/Temp/UnrealXGEWorkingDir/
[2018.12.09-21.24.03:656][  0]LogXGEController: Cannot use XGE Controller as Incredibuild is not installed on this machine.
[2018.12.09-21.24.03:656][  0]LogShaderCompilers: Cannot use XGE Shader Compiler as Incredibuild is not installed on this machine.
[2018.12.09-21.24.03:656][  0]LogShaderCompilers: Display: Using Local Shader Compiler.
[2018.12.09-21.24.04:404][  0]LogDerivedDataCache: Display: Max Cache Size: 512 MB
[2018.12.09-21.24.04:450][  0]LogDerivedDataCache: Loaded boot cache 0.05s 72MB C:/Users/Cindy Chiu/AppData/Local/UnrealEngine/4.20/DerivedDataCache/Boot.ddc.
[2018.12.09-21.24.04:451][  0]LogDerivedDataCache: Display: Loaded Boot cache: C:/Users/Cindy Chiu/AppData/Local/UnrealEngine/4.20/DerivedDataCache/Boot.ddc
[2018.12.09-21.24.04:451][  0]LogDerivedDataCache: FDerivedDataBackendGraph:  Pak pak cache file ../../../../../../Users/Cindy Chiu/Documents/GitHub/PhaserRange/Holodeck2/DerivedDataCache/DDC.ddp not found, will not use a pak cache.
[2018.12.09-21.24.04:451][  0]LogDerivedDataCache: Unable to find inner node Pak for hierarchical cache Hierarchy.
[2018.12.09-21.24.04:451][  0]LogDerivedDataCache: FDerivedDataBackendGraph:  CompressedPak pak cache file ../../../../../../Users/Cindy Chiu/Documents/GitHub/PhaserRange/Holodeck2/DerivedDataCache/Compressed.ddp not found, will not use a pak cache.
[2018.12.09-21.24.04:451][  0]LogDerivedDataCache: Unable to find inner node CompressedPak for hierarchical cache Hierarchy.
[2018.12.09-21.24.04:463][  0]LogDerivedDataCache: Display: Pak cache opened for reading ../../../Engine/DerivedDataCache/Compressed.ddp.
[2018.12.09-21.24.04:475][  0]LogDerivedDataCache: Using Local data cache path C:/Users/Cindy Chiu/AppData/Local/UnrealEngine/Common/DerivedDataCache: Writable
[2018.12.09-21.24.04:475][  0]LogDerivedDataCache: Shared data cache path not found in *engine.ini, will not use an Shared cache.
[2018.12.09-21.24.04:475][  0]LogDerivedDataCache: Unable to find inner node Shared for hierarchical cache Hierarchy.
[2018.12.09-21.24.04:491][  0]LogMaterial: Verifying Global Shaders for PCD3D_SM5
[2018.12.09-21.24.04:493][  0]LogSlate: Using FreeType 2.6.0
[2018.12.09-21.24.04:493][  0]LogSlate: SlateFontServices - WITH_FREETYPE: 1, WITH_HARFBUZZ: 1
[2018.12.09-21.24.04:561][  0]LogAssetRegistry: FAssetRegistry took 0.0252 seconds to start up
[2018.12.09-21.24.04:827][  0]LogInit: Selected Device Profile: [Windows]
[2018.12.09-21.24.04:874][  0]LogSimplygon: Simplygon DLL not present - disabling.
[2018.12.09-21.24.04:877][  0]LogMeshReduction: Using SimplygonSwarm for distributed automatic mesh merging
[2018.12.09-21.24.04:877][  0]LogMeshReduction: Using ProxyLODMeshReduction for automatic mesh merging
[2018.12.09-21.24.04:877][  0]LogMeshReduction: Using QuadricMeshReduction for automatic static mesh reduction
[2018.12.09-21.24.04:877][  0]LogMeshReduction: No automatic skeletal mesh reduction module available
[2018.12.09-21.24.04:953][  0]LogNetVersion: Holodeck2 1.0.0, NetCL: 4212847, EngineNetVer: 5, GameNetVer: 0 (Checksum: 3709674839)
[2018.12.09-21.24.05:368][  0]LogPackageLocalizationCache: Processed 11 localized package path(s) for 2 prioritized culture(s) in 0.084869 seconds
[2018.12.09-21.24.05:373][  0]LogUObjectArray: 38425 objects as part of root set at end of initial load.
[2018.12.09-21.24.05:373][  0]LogUObjectAllocator: 6690864 out of 0 bytes used by permanent object pool.
[2018.12.09-21.24.05:373][  0]LogUObjectArray: CloseDisregardForGC: 0/0 objects in disregard for GC pool
[2018.12.09-21.24.06:116][  0]LogTcpMessaging: Initializing TcpMessaging bridge
[2018.12.09-21.24.06:129][  0]LogUdpMessaging: Initializing bridge on interface 0.0.0.0:0 to multicast group 230.0.0.1:6666.
[2018.12.09-21.24.06:258][  0]SourceControl: Source control is disabled
[2018.12.09-21.24.06:258][  0]SourceControl: Source control is disabled
[2018.12.09-21.24.06:259][  0]SourceControl: Source control is disabled
[2018.12.09-21.24.06:260][  0]SourceControl: Source control is disabled
[2018.12.09-21.24.06:409][  0]LogAndroidPermission: UAndroidPermissionCallbackProxy::GetInstance
[2018.12.09-21.24.06:790][  0]LogOcInput: OculusInput pre-init called
[2018.12.09-21.24.06:856][  0]LogEngine: Initializing Engine...
[2018.12.09-21.24.06:857][  0]LogHMD: Failed to initialize OpenVR with code 110
[2018.12.09-21.24.06:858][  0]LogStats: UGameplayTagsManager::ConstructGameplayTagTree: ImportINI prefixes -  0.000 s
[2018.12.09-21.24.06:858][  0]LogStats: UGameplayTagsManager::ConstructGameplayTagTree: Construct from data asset -  0.000 s
[2018.12.09-21.24.06:858][  0]LogStats: UGameplayTagsManager::ConstructGameplayTagTree: ImportINI -  0.000 s
[2018.12.09-21.24.06:858][  0]LogStats: UGameplayTagsManager::ConstructGameplayTagTree: GameplayTagTreeChangedEvent.Broadcast -  0.000 s
[2018.12.09-21.24.07:046][  0]LogInit: Initializing FReadOnlyCVARCache
[2018.12.09-21.24.07:060][  0]LogAIModule: Creating AISystem for world Untitled
[2018.12.09-21.24.07:069][  0]LogInit: XAudio2 using 'Speakers (Logitech G533 Gaming Headset)' : 6 channels at 48 kHz using 16 bits per sample (channel mask 0x3f)
[2018.12.09-21.24.07:084][  0]LogInit: FAudioDevice initialized.
[2018.12.09-21.24.07:085][  0]LogNetVersion: Set ProjectVersion to 1.0.0.0. Version Checksum will be recalculated on next use.
[2018.12.09-21.24.07:127][  0]LogDerivedDataCache: Saved boot cache 0.04s 72MB C:/Users/Cindy Chiu/AppData/Local/UnrealEngine/4.20/DerivedDataCache/Boot.ddc.
[2018.12.09-21.24.07:130][  0]LogInit: Texture streaming: Enabled
[2018.12.09-21.24.07:145][  0]LogEngineSessionManager: EngineSessionManager initialized
[2018.12.09-21.24.07:146][  0]LogEngineSessionManager: EngineSessionManager sent abnormal shutdown report. Type=Crashed, SessionId={3FDD8108-4BEF-7C5A-5313-54910372D6F4}
[2018.12.09-21.24.07:157][  0]LogInit: Transaction tracking system initialized
[2018.12.09-21.24.07:184][  0]BlueprintLog: New page: Editor Load
[2018.12.09-21.24.07:269][  0]LocalizationService: Localization service is disabled
[2018.12.09-21.24.07:501][  0]LogCook: Display: Max memory allowance for cook 16384mb min free memory 0mb
[2018.12.09-21.24.07:501][  0]LogCook: Display: Mobile HDR setting 1
[2018.12.09-21.24.07:501][  0]LogGameplayTags: Display: UGameplayTagsManager::DoneAddingNativeTags. DelegateIsBound: 0
[2018.12.09-21.24.07:501][  0]LogStats: UGameplayTagsManager::ConstructGameplayTagTree: ImportINI prefixes -  0.000 s
[2018.12.09-21.24.07:501][  0]LogStats: UGameplayTagsManager::ConstructGameplayTagTree: Construct from data asset -  0.000 s
[2018.12.09-21.24.07:501][  0]LogStats: UGameplayTagsManager::ConstructGameplayTagTree: ImportINI -  0.000 s
[2018.12.09-21.24.07:501][  0]LogStats: UGameplayTagsManager::ConstructGameplayTagTree: GameplayTagTreeChangedEvent.Broadcast -  0.000 s
[2018.12.09-21.24.07:621][  0]LogFileCache: Scanning file cache for directory 'C:/Users/Cindy Chiu/Documents/GitHub/PhaserRange/Holodeck2/Content/' took 0.02s
[2018.12.09-21.24.07:621][  0]SourceControl: Source control is disabled
[2018.12.09-21.24.07:621][  0]Cmd: MAP LOAD FILE="../../../../../../Users/Cindy Chiu/Documents/GitHub/PhaserRange/Holodeck2/Content/Holodeck/Level/Range.umap" TEMPLATE=0 SHOWPROGRESS=1 FEATURELEVEL=3
[2018.12.09-21.24.07:621][  0]LightingResults: New page: Lighting Build
[2018.12.09-21.24.07:624][  0]MapCheck: New page: Map Check
[2018.12.09-21.24.07:624][  0]LightingResults: New page: Lighting Build
[2018.12.09-21.24.07:840][  0]LogLinker: Warning: Can't find file '/Game/Holodeck/Level/Range_BuiltData'
[2018.12.09-21.24.07:840][  0]LogLinker: Warning: Can't find file for asset '/Game/Holodeck/Level/Range_BuiltData' while loading ../../../../../../Users/Cindy Chiu/Documents/GitHub/PhaserRange/Holodeck2/Content/Holodeck/Level/Range.umap.
[2018.12.09-21.24.07:840][  0]LoadErrors: Error: /Game/Holodeck/Level/Range : Can't find file for asset. /Game/Holodeck/Level/Range_BuiltData
[2018.12.09-21.24.07:846][  0]LogLinker: Warning: Can't find file '/Game/Holodeck/Level/Range_BuiltData'
[2018.12.09-21.24.07:846][  0]LogLinker: Warning: Can't find file for asset '/Game/Holodeck/Level/Range_BuiltData' while loading ../../../../../../Users/Cindy Chiu/Documents/GitHub/PhaserRange/Holodeck2/Content/Holodeck/Level/Range.umap.
[2018.12.09-21.24.07:846][  0]LoadErrors: Error: /Game/Holodeck/Level/Range : Can't find file for asset. /Game/Holodeck/Level/Range_BuiltData
[2018.12.09-21.24.07:851][  0]LogLinker: Warning: Can't find file '/Game/Holodeck/Level/Range_BuiltData'
[2018.12.09-21.24.07:851][  0]LoadErrors: Failed to load /Game/Holodeck/Level/Range_BuiltData.Range_BuiltData Referenced by PersistentLevel
[2018.12.09-21.24.07:851][  0]LogLinker: Warning: Can't find file for asset '/Game/Holodeck/Level/Range_BuiltData' while loading NULL.
[2018.12.09-21.24.07:851][  0]LoadErrors: Failed to load /Game/Holodeck/Level/Range_BuiltData.Range_BuiltData Referenced by PersistentLevel
[2018.12.09-21.24.08:001][  0]LogAIModule: Creating AISystem for world Range
[2018.12.09-21.24.08:006][  0]LogEditorServer: Finished looking for orphan Actors (0.000 secs)
[2018.12.09-21.24.08:032][  0]Cmd: MAP CHECKDEP NOCLEARLOG
[2018.12.09-21.24.08:100][  0]MapCheck: Map check complete: 0 Error(s), 0 Warning(s), took 68.106ms to complete.
[2018.12.09-21.24.08:100][  0]LogFileHelpers: Loading map 'Range' took 0.479
[2018.12.09-21.24.08:205][  0]LogSlate: Updating window title bar state: overlay mode, drag disabled, window buttons hidden, title bar hidden
[2018.12.09-21.24.08:211][  0]LogSlate: Updating window title bar state: overlay mode, drag disabled, window buttons hidden, title bar hidden
[2018.12.09-21.24.08:218][  0]LogSlate: Updating window title bar state: overlay mode, drag disabled, window buttons hidden, title bar hidden
[2018.12.09-21.24.08:225][  0]LogSlate: Updating window title bar state: overlay mode, drag disabled, window buttons hidden, title bar hidden
[2018.12.09-21.24.08:232][  0]LogCollectionManager: Loaded 0 collections in 0.001938 seconds
[2018.12.09-21.24.08:273][  0]LogFileCache: Scanning file cache for directory 'C:/Users/Cindy Chiu/Documents/GitHub/PhaserRange/Holodeck2/Saved/Collections/' took 0.01s
[2018.12.09-21.24.08:273][  0]LogFileCache: Scanning file cache for directory 'C:/Users/Cindy Chiu/Documents/GitHub/PhaserRange/Holodeck2/Content/Developers/CindyChiu/Collections/' took 0.01s
[2018.12.09-21.24.08:273][  0]LogFileCache: Scanning file cache for directory 'C:/Users/Cindy Chiu/Documents/GitHub/PhaserRange/Holodeck2/Content/Collections/' took 0.01s
[2018.12.09-21.24.08:273][  0]LogCollectionManager: Rebuilt the GUID cache for 0 collections in 0.000001 seconds
[2018.12.09-21.24.08:281][  0]LogContentBrowser: Native class hierarchy populated in 0.0084 seconds. Added 2622 classes and 613 folders.
[2018.12.09-21.24.08:287][  0]LogContentBrowser: Native class hierarchy updated for 'WidgetCarousel' in 0.0003 seconds. Added 0 classes and 0 folders.
[2018.12.09-21.24.08:332][  0]LogContentBrowser: Native class hierarchy updated for 'AddContentDialog' in 0.0003 seconds. Added 0 classes and 0 folders.
[2018.12.09-21.24.08:346][  0]LogSlate: Took 0.000148 seconds to synchronously load lazily loaded font '../../../Engine/Content/Slate/Fonts/Roboto-Regular.ttf' (155K)
[2018.12.09-21.24.08:349][  0]LogSlate: Took 0.000187 seconds to synchronously load lazily loaded font '../../../Engine/Content/Slate/Fonts/Roboto-Bold.ttf' (160K)
[2018.12.09-21.24.08:353][  0]LogSlate: Took 0.000635 seconds to synchronously load lazily loaded font '../../../Engine/Content/Editor/Slate/Fonts/FontAwesome.ttf' (139K)
[2018.12.09-21.24.08:417][  0]LogRenderer: Reallocating scene render targets to support 884x468 Format 26 NumSamples 1 (Frame:1).
[2018.12.09-21.24.08:522][  0]LogContentBrowser: Native class hierarchy updated for 'HierarchicalLODOutliner' in 0.0005 seconds. Added 0 classes and 0 folders.
[2018.12.09-21.24.08:522][  0]LogLoad: (Engine Initialization) Total time: 8.17 seconds
[2018.12.09-21.24.08:522][  0]LogLoad: (Engine Initialization) Total Blueprint compile time: 0.00 seconds
[2018.12.09-21.24.08:542][  0]LogWindowsTextInputMethodSystem: Display: IME system now deactivated.
[2018.12.09-21.24.08:565][  0]LogContentStreaming: Texture pool size now 1000 MB
[2018.12.09-21.24.08:593][  1]LogAssetRegistry: Asset discovery search completed in 4.0541 seconds
[2018.12.09-21.24.08:595][  1]LogCollectionManager: Rebuilt the object cache for 0 collections in 0.000000 seconds (found 0 objects)
[2018.12.09-21.24.08:595][  1]LogCollectionManager: Fixed up redirectors for 0 collections in 0.000069 seconds (updated 0 objects)
[2018.12.09-21.24.11:289][157]LogSlate: FSceneViewport::OnFocusLost() reason 0
[2018.12.09-21.24.11:301][157]LogSlate: Took 0.000141 seconds to synchronously load lazily loaded font '../../../Engine/Content/Slate/Fonts/Roboto-Light.ttf' (167K)
[2018.12.09-21.24.29:874][270]LogSlate: Took 0.000151 seconds to synchronously load lazily loaded font '../../../Engine/Content/Slate/Fonts/Roboto-Light.ttf' (167K)
[2018.12.09-21.24.30:925][270]LogSavePackage: Moving '../../../../../../Users/Cindy Chiu/Documents/GitHub/PhaserRange/Holodeck2/Saved/Blank_Button376710AD41CE6161E50BB1B35621BD84.tmp' to '../../../../../../Users/Cindy Chiu/Documents/GitHub/PhaserRange/Holodeck2/Content/MainMenu/BluePrints/Materials/Blank_Button.uasset'
[2018.12.09-21.24.30:955][270]LogSavePackage: Moving '../../../../../../Users/Cindy Chiu/Documents/GitHub/PhaserRange/Holodeck2/Saved/Credits_ButtonC85CCAB24236BD950A7D789FAC459E48.tmp' to '../../../../../../Users/Cindy Chiu/Documents/GitHub/PhaserRange/Holodeck2/Content/MainMenu/BluePrints/Materials/Credits_Button.uasset'
[2018.12.09-21.24.31:012][270]LogSavePackage: Moving '../../../../../../Users/Cindy Chiu/Documents/GitHub/PhaserRange/Holodeck2/Saved/Main_Menu_M65917AF4415C9B739A25B88E6DB56E2A.tmp' to '../../../../../../Users/Cindy Chiu/Documents/GitHub/PhaserRange/Holodeck2/Content/MainMenu/BluePrints/Materials/Main_Menu_M.uasset'
[2018.12.09-21.24.31:048][270]LogSavePackage: Moving '../../../../../../Users/Cindy Chiu/Documents/GitHub/PhaserRange/Holodeck2/Saved/Main_Menu_MFFA19F7B439C11A13D0691BC0466E7A2.tmp' to '../../../../../../Users/Cindy Chiu/Documents/GitHub/PhaserRange/Holodeck2/Content/MainMenu/Materials/Main_Menu_M.uasset'
[2018.12.09-21.24.31:076][270]LogSavePackage: Moving '../../../../../../Users/Cindy Chiu/Documents/GitHub/PhaserRange/Holodeck2/Saved/Menu_ButtonC2E8955C41240A7C37199FBE4D1AD2BC.tmp' to '../../../../../../Users/Cindy Chiu/Documents/GitHub/PhaserRange/Holodeck2/Content/MainMenu/BluePrints/Materials/Menu_Button.uasset'
[2018.12.09-21.24.31:104][270]LogSavePackage: Moving '../../../../../../Users/Cindy Chiu/Documents/GitHub/PhaserRange/Holodeck2/Saved/Options_Button577F62A146EC46CF20BA1392F5DE2B09.tmp' to '../../../../../../Users/Cindy Chiu/Documents/GitHub/PhaserRange/Holodeck2/Content/MainMenu/BluePrints/Materials/Options_Button.uasset'
[2018.12.09-21.24.31:133][270]LogSavePackage: Moving '../../../../../../Users/Cindy Chiu/Documents/GitHub/PhaserRange/Holodeck2/Saved/Quit_ButtonB26BAACB4F6ED27DF892559FC7478282.tmp' to '../../../../../../Users/Cindy Chiu/Documents/GitHub/PhaserRange/Holodeck2/Content/MainMenu/BluePrints/Materials/Quit_Button.uasset'
[2018.12.09-21.24.31:154][270]LogSavePackage: Moving '../../../../../../Users/Cindy Chiu/Documents/GitHub/PhaserRange/Holodeck2/Saved/Settings_Button054977D344DFE964D5A572A146121C6A.tmp' to '../../../../../../Users/Cindy Chiu/Documents/GitHub/PhaserRange/Holodeck2/Content/MainMenu/BluePrints/Materials/Settings_Button.uasset'
[2018.12.09-21.24.31:176][270]LogSavePackage: Moving '../../../../../../Users/Cindy Chiu/Documents/GitHub/PhaserRange/Holodeck2/Saved/Start_Button5DA5C70745BD39C296D567A948D0D069.tmp' to '../../../../../../Users/Cindy Chiu/Documents/GitHub/PhaserRange/Holodeck2/Content/MainMenu/BluePrints/Materials/Start_Button.uasset'
[2018.12.09-21.24.31:210][270]LogSavePackage: Moving '../../../../../../Users/Cindy Chiu/Documents/GitHub/PhaserRange/Holodeck2/Saved/Title_pipesE02C4875407BA785C745A4A94CE45DF0.tmp' to '../../../../../../Users/Cindy Chiu/Documents/GitHub/PhaserRange/Holodeck2/Content/MainMenu/BluePrints/Materials/Title_pipes.uasset'
[2018.12.09-21.24.31:229][270]LogSavePackage: Moving '../../../../../../Users/Cindy Chiu/Documents/GitHub/PhaserRange/Holodeck2/Saved/Title_title9E18BB3D4C99FA9F05F4A0B507074503.tmp' to '../../../../../../Users/Cindy Chiu/Documents/GitHub/PhaserRange/Holodeck2/Content/MainMenu/BluePrints/Materials/Title_title.uasset'
[2018.12.09-21.24.31:851][270]LogSavePackage: Moving '../../../../../../Users/Cindy Chiu/Documents/GitHub/PhaserRange/Holodeck2/Saved/W_MainMenuCFE4E486449ADCE0B0886E9874FBC7AF.tmp' to '../../../../../../Users/Cindy Chiu/Documents/GitHub/PhaserRange/Holodeck2/Content/MainMenu/BluePrints/W_MainMenu.uasset'
[2018.12.09-21.24.35:215][410]LogSlate: Window 'Delete Assets' being destroyed
[2018.12.09-21.25.38:932][644]LogLinker: Warning: Can't find file '/Game/MainMenu/Assets/Audio/Mpgii_Japanese_Flowers'
[2018.12.09-21.25.38:933][644]LogLinker: Warning: Can't find file '/Game/MainMenu/Assets/Audio/Mpgii_Japanese_Flowers'
[2018.12.09-21.25.38:933][644]LogUObjectGlobals: Warning: Failed to find object 'Object /Game/MainMenu/Assets/Audio/Mpgii_Japanese_Flowers.Mpgii_Japanese_Flowers'
[2018.12.09-21.25.38:933][644]LogLinker: Warning: Can't find file '/Game/MainMenu/Assets/Audio/Di0nysys_-_Way_of_the_Sword'
[2018.12.09-21.25.38:933][644]LogLinker: Warning: Can't find file '/Game/MainMenu/Assets/Audio/Di0nysys_-_Way_of_the_Sword'
[2018.12.09-21.25.38:933][644]LogUObjectGlobals: Warning: Failed to find object 'Object /Game/MainMenu/Assets/Audio/Di0nysys_-_Way_of_the_Sword.Di0nysys_-_Way_of_the_Sword'
[2018.12.09-21.25.56:969][714]LogLinker: Warning: Can't find file '/Game/MainMenu/Materials/Main_Menu_M'
[2018.12.09-21.25.56:969][714]LogLinker: Warning: Can't find file for asset '/Game/MainMenu/Materials/Main_Menu_M' while loading ../../../../../../Users/Cindy Chiu/Documents/GitHub/PhaserRange/Holodeck2/Content/MainMenu/BluePrints/Menu.umap.
[2018.12.09-21.25.56:969][714]LoadErrors: Error: /Game/MainMenu/BluePrints/Menu : Can't find file for asset. /Game/MainMenu/Materials/Main_Menu_M
[2018.12.09-21.25.56:971][714]LogLinker: Warning: Can't find file '/Game/MainMenu/Materials/Main_Menu_M'
[2018.12.09-21.25.56:972][714]LogLinker: Warning: Can't find file for asset '/Game/MainMenu/Materials/Main_Menu_M' while loading ../../../../../../Users/Cindy Chiu/Documents/GitHub/PhaserRange/Holodeck2/Content/MainMenu/BluePrints/Menu.umap.
[2018.12.09-21.25.56:979][714]LogLinker: Warning: Can't find file '/Game/MainMenu/Materials/Main_Menu_M'
[2018.12.09-21.25.56:979][714]LoadErrors: Failed to load /Game/MainMenu/Materials/Main_Menu_M.Main_Menu_M Referenced by Cube_2
[2018.12.09-21.25.56:979][714]LogLinker: Warning: Can't find file for asset '/Game/MainMenu/Materials/Main_Menu_M' while loading NULL.
[2018.12.09-21.25.57:056][714]LogAIModule: Creating AISystem for world Menu
[2018.12.09-21.25.57:093][714]LogMetaData: Removing '/Game/MainMenu/MainMenuUI/W_MainMenu.W_MainMenu_C' ref from Metadata '/Game/MainMenu/BluePrints/W_MainMenu.PackageMetaData'
[2018.12.09-21.25.57:093][714]LogMetaData: Removing '/Game/MainMenu/MainMenuUI/W_MainMenu.W_MainMenu:EventGraph.K2Node_Event_0' ref from Metadata '/Game/MainMenu/BluePrints/W_MainMenu.PackageMetaData'
[2018.12.09-21.25.57:093][714]LogMetaData: Removing '/Game/MainMenu/MainMenuUI/W_MainMenu.W_MainMenu:EventGraph.K2Node_Event_1' ref from Metadata '/Game/MainMenu/BluePrints/W_MainMenu.PackageMetaData'
[2018.12.09-21.25.57:093][714]LogMetaData: Removing '/Game/MainMenu/MainMenuUI/W_MainMenu.W_MainMenu:EventGraph.K2Node_Event_2' ref from Metadata '/Game/MainMenu/BluePrints/W_MainMenu.PackageMetaData'
[2018.12.09-21.25.57:093][714]LogMetaData: Removing '/Game/MainMenu/MainMenuUI/W_MainMenu.SKEL_W_MainMenu_C:PreConstruct' ref from Metadata '/Game/MainMenu/BluePrints/W_MainMenu.PackageMetaData'
[2018.12.09-21.25.57:093][714]LogMetaData: Removing '/Game/MainMenu/MainMenuUI/W_MainMenu.SKEL_W_MainMenu_C:Construct' ref from Metadata '/Game/MainMenu/BluePrints/W_MainMenu.PackageMetaData'
[2018.12.09-21.25.57:093][714]LogMetaData: Removing '/Game/MainMenu/MainMenuUI/W_MainMenu.SKEL_W_MainMenu_C:Tick' ref from Metadata '/Game/MainMenu/BluePrints/W_MainMenu.PackageMetaData'
[2018.12.09-21.25.57:093][714]LogMetaData: Removing '/Game/MainMenu/MainMenuUI/W_MainMenu.SKEL_W_MainMenu_C:BndEvt__Button_4_K2Node_ComponentBoundEvent_100_OnButtonClickedEvent__DelegateSignature' ref from Metadata '/Game/MainMenu/BluePrints/W_MainMenu.PackageMetaData'
[2018.12.09-21.25.57:093][714]LogMetaData: Removing '/Game/MainMenu/MainMenuUI/W_MainMenu.SKEL_W_MainMenu_C:BndEvt__Button_Credits_K2Node_ComponentBoundEvent_165_OnButtonClickedEvent__DelegateSignature' ref from Metadata '/Game/MainMenu/BluePrints/W_MainMenu.PackageMetaData'
[2018.12.09-21.25.57:093][714]LogMetaData: Removing '/Game/MainMenu/MainMenuUI/W_MainMenu.SKEL_W_MainMenu_C:BndEvt__Button_Quit_K2Node_ComponentBoundEvent_178_OnButtonClickedEvent__DelegateSignature' ref from Metadata '/Game/MainMenu/BluePrints/W_MainMenu.PackageMetaData'
[2018.12.09-21.25.57:093][714]LogMetaData: Removing '/Game/MainMenu/MainMenuUI/W_MainMenu.SKEL_W_MainMenu_C:BndEvt__Button_back_2_K2Node_ComponentBoundEvent_0_OnButtonClickedEvent__DelegateSignature' ref from Metadata '/Game/MainMenu/BluePrints/W_MainMenu.PackageMetaData'
[2018.12.09-21.25.57:093][714]LogMetaData: Removing '/Game/MainMenu/MainMenuUI/W_MainMenu.SKEL_W_MainMenu_C:W_Credits' ref from Metadata '/Game/MainMenu/BluePrints/W_MainMenu.PackageMetaData'
[2018.12.09-21.25.57:093][714]LogMetaData: Removing '/Game/MainMenu/MainMenuUI/W_MainMenu.SKEL_W_MainMenu_C:MainCanvas' ref from Metadata '/Game/MainMenu/BluePrints/W_MainMenu.PackageMetaData'
[2018.12.09-21.25.57:093][714]LogMetaData: Removing '/Game/MainMenu/MainMenuUI/W_MainMenu.SKEL_W_MainMenu_C:MainBox' ref from Metadata '/Game/MainMenu/BluePrints/W_MainMenu.PackageMetaData'
[2018.12.09-21.25.57:093][714]LogMetaData: Removing '/Game/MainMenu/MainMenuUI/W_MainMenu.SKEL_W_MainMenu_C:Image_1' ref from Metadata '/Game/MainMenu/BluePrints/W_MainMenu.PackageMetaData'
[2018.12.09-21.25.57:093][714]LogMetaData: Removing '/Game/MainMenu/MainMenuUI/W_MainMenu.SKEL_W_MainMenu_C:CreditBox' ref from Metadata '/Game/MainMenu/BluePrints/W_MainMenu.PackageMetaData'
[2018.12.09-21.25.57:093][714]LogMetaData: Removing '/Game/MainMenu/MainMenuUI/W_MainMenu.SKEL_W_MainMenu_C:ButtonVBox' ref from Metadata '/Game/MainMenu/BluePrints/W_MainMenu.PackageMetaData'
[2018.12.09-21.25.57:094][714]LogMetaData: Removing '/Game/MainMenu/MainMenuUI/W_MainMenu.SKEL_W_MainMenu_C:Button_Start' ref from Metadata '/Game/MainMenu/BluePrints/W_MainMenu.PackageMetaData'
[2018.12.09-21.25.57:094][714]LogMetaData: Removing '/Game/MainMenu/MainMenuUI/W_MainMenu.SKEL_W_MainMenu_C:Button_Quit' ref from Metadata '/Game/MainMenu/BluePrints/W_MainMenu.PackageMetaData'
[2018.12.09-21.25.57:094][714]LogMetaData: Removing '/Game/MainMenu/MainMenuUI/W_MainMenu.SKEL_W_MainMenu_C:Button_Credits' ref from Metadata '/Game/MainMenu/BluePrints/W_MainMenu.PackageMetaData'
[2018.12.09-21.25.57:094][714]LogMetaData: Removing '/Game/MainMenu/MainMenuUI/W_MainMenu.SKEL_W_MainMenu_C:Button_back_2' ref from Metadata '/Game/MainMenu/BluePrints/W_MainMenu.PackageMetaData'
[2018.12.09-21.25.57:094][714]LogMetaData: Removing '/Game/MainMenu/MainMenuUI/W_MainMenu.SKEL_W_MainMenu_C' ref from Metadata '/Game/MainMenu/BluePrints/W_MainMenu.PackageMetaData'
[2018.12.09-21.25.57:094][714]LogMetaData: Removing '/Game/MainMenu/MainMenuUI/W_MainMenu.W_MainMenu_C:W_Credits' ref from Metadata '/Game/MainMenu/BluePrints/W_MainMenu.PackageMetaData'
[2018.12.09-21.25.57:094][714]LogMetaData: Removing '/Game/MainMenu/MainMenuUI/W_MainMenu.W_MainMenu_C:MainCanvas' ref from Metadata '/Game/MainMenu/BluePrints/W_MainMenu.PackageMetaData'
[2018.12.09-21.25.57:094][714]LogMetaData: Removing '/Game/MainMenu/MainMenuUI/W_MainMenu.W_MainMenu_C:MainBox' ref from Metadata '/Game/MainMenu/BluePrints/W_MainMenu.PackageMetaData'
[2018.12.09-21.25.57:094][714]LogMetaData: Removing '/Game/MainMenu/MainMenuUI/W_MainMenu.W_MainMenu_C:Image_1' ref from Metadata '/Game/MainMenu/BluePrints/W_MainMenu.PackageMetaData'
[2018.12.09-21.25.57:094][714]LogMetaData: Removing '/Game/MainMenu/MainMenuUI/W_MainMenu.W_MainMenu_C:CreditBox' ref from Metadata '/Game/MainMenu/BluePrints/W_MainMenu.PackageMetaData'
[2018.12.09-21.25.57:094][714]LogMetaData: Removing '/Game/MainMenu/MainMenuUI/W_MainMenu.W_MainMenu_C:ButtonVBox' ref from Metadata '/Game/MainMenu/BluePrints/W_MainMenu.PackageMetaData'
[2018.12.09-21.25.57:094][714]LogMetaData: Removing '/Game/MainMenu/MainMenuUI/W_MainMenu.W_MainMenu_C:Button_Start' ref from Metadata '/Game/MainMenu/BluePrints/W_MainMenu.PackageMetaData'
[2018.12.09-21.25.57:094][714]LogMetaData: Removing '/Game/MainMenu/MainMenuUI/W_MainMenu.W_MainMenu_C:Button_Quit' ref from Metadata '/Game/MainMenu/BluePrints/W_MainMenu.PackageMetaData'
[2018.12.09-21.25.57:094][714]LogMetaData: Removing '/Game/MainMenu/MainMenuUI/W_MainMenu.W_MainMenu_C:Button_Credits' ref from Metadata '/Game/MainMenu/BluePrints/W_MainMenu.PackageMetaData'
[2018.12.09-21.25.57:094][714]LogMetaData: Removing '/Game/MainMenu/MainMenuUI/W_MainMenu.W_MainMenu_C:Button_back_2' ref from Metadata '/Game/MainMenu/BluePrints/W_MainMenu.PackageMetaData'
[2018.12.09-21.25.57:094][714]LogMetaData: Removing '/Game/MainMenu/MainMenuUI/W_MainMenu.W_MainMenu_C:Tick' ref from Metadata '/Game/MainMenu/BluePrints/W_MainMenu.PackageMetaData'
[2018.12.09-21.25.57:099][714]LogMetaData: Removing '/Game/MainMenu/MainMenuUI/W_Credits.W_Credits_C' ref from Metadata '/Game/MainMenu/BluePrints/W_Credits.PackageMetaData'
[2018.12.09-21.25.57:099][714]LogMetaData: Removing '/Game/MainMenu/MainMenuUI/W_Credits.W_Credits:EventGraph.K2Node_Event_0' ref from Metadata '/Game/MainMenu/BluePrints/W_Credits.PackageMetaData'
[2018.12.09-21.25.57:099][714]LogMetaData: Removing '/Game/MainMenu/MainMenuUI/W_Credits.W_Credits:EventGraph.K2Node_Event_1' ref from Metadata '/Game/MainMenu/BluePrints/W_Credits.PackageMetaData'
[2018.12.09-21.25.57:099][714]LogMetaData: Removing '/Game/MainMenu/MainMenuUI/W_Credits.W_Credits:EventGraph.K2Node_Event_2' ref from Metadata '/Game/MainMenu/BluePrints/W_Credits.PackageMetaData'
[2018.12.09-21.25.57:099][714]LogMetaData: Removing '/Game/MainMenu/MainMenuUI/W_Credits.W_Credits:GetTableText.K2Node_FunctionEntry_0' ref from Metadata '/Game/MainMenu/BluePrints/W_Credits.PackageMetaData'
[2018.12.09-21.25.57:099][714]LogMetaData: Removing '/Game/MainMenu/MainMenuUI/W_Credits.W_Credits:CreateTextBoxPerson.K2Node_FunctionEntry_0' ref from Metadata '/Game/MainMenu/BluePrints/W_Credits.PackageMetaData'
[2018.12.09-21.25.57:099][714]LogMetaData: Removing '/Game/MainMenu/MainMenuUI/W_Credits.W_Credits:GetData,SetText.K2Node_FunctionEntry_0' ref from Metadata '/Game/MainMenu/BluePrints/W_Credits.PackageMetaData'
[2018.12.09-21.25.57:099][714]LogMetaData: Removing '/Game/MainMenu/MainMenuUI/W_Credits.SKEL_W_Credits_C:PreConstruct' ref from Metadata '/Game/MainMenu/BluePrints/W_Credits.PackageMetaData'
[2018.12.09-21.25.57:099][714]LogMetaData: Removing '/Game/MainMenu/MainMenuUI/W_Credits.SKEL_W_Credits_C:Construct' ref from Metadata '/Game/MainMenu/BluePrints/W_Credits.PackageMetaData'
[2018.12.09-21.25.57:099][714]LogMetaData: Removing '/Game/MainMenu/MainMenuUI/W_Credits.SKEL_W_Credits_C:Tick' ref from Metadata '/Game/MainMenu/BluePrints/W_Credits.PackageMetaData'
[2018.12.09-21.25.57:099][714]LogMetaData: Removing '/Game/MainMenu/MainMenuUI/W_Credits.SKEL_W_Credits_C:MapOutput' ref from Metadata '/Game/MainMenu/BluePrints/W_Credits.PackageMetaData'
[2018.12.09-21.25.57:099][714]LogMetaData: Removing '/Game/MainMenu/MainMenuUI/W_Credits.SKEL_W_Credits_C:indexOfCredits' ref from Metadata '/Game/MainMenu/BluePrints/W_Credits.PackageMetaData'
[2018.12.09-21.25.57:099][714]LogMetaData: Removing '/Game/MainMenu/MainMenuUI/W_Credits.SKEL_W_Credits_C:ArrayIndex' ref from Metadata '/Game/MainMenu/BluePrints/W_Credits.PackageMetaData'
[2018.12.09-21.25.57:099][714]LogMetaData: Removing '/Game/MainMenu/MainMenuUI/W_Credits.SKEL_W_Credits_C:C_Data' ref from Metadata '/Game/MainMenu/BluePrints/W_Credits.PackageMetaData'
[2018.12.09-21.25.57:099][714]LogMetaData: Removing '/Game/MainMenu/MainMenuUI/W_Credits.SKEL_W_Credits_C:TitleMap' ref from Metadata '/Game/MainMenu/BluePrints/W_Credits.PackageMetaData'
[2018.12.09-21.25.57:099][714]LogMetaData: Removing '/Game/MainMenu/MainMenuUI/W_Credits.SKEL_W_Credits_C:GroupName' ref from Metadata '/Game/MainMenu/BluePrints/W_Credits.PackageMetaData'
[2018.12.09-21.25.57:099][714]LogMetaData: Removing '/Game/MainMenu/MainMenuUI/W_Credits.SKEL_W_Credits_C:WidgetIndex' ref from Metadata '/Game/MainMenu/BluePrints/W_Credits.PackageMetaData'
[2018.12.09-21.25.57:099][714]LogMetaData: Removing '/Game/MainMenu/MainMenuUI/W_Credits.SKEL_W_Credits_C:RowName' ref from Metadata '/Game/MainMenu/BluePrints/W_Credits.PackageMetaData'
[2018.12.09-21.25.57:099][714]LogMetaData: Removing '/Game/MainMenu/MainMenuUI/W_Credits.SKEL_W_Credits_C:C_ScrollBox' ref from Metadata '/Game/MainMenu/BluePrints/W_Credits.PackageMetaData'
[2018.12.09-21.25.57:099][714]LogMetaData: Removing '/Game/MainMenu/MainMenuUI/W_Credits.SKEL_W_Credits_C:GetTableText' ref from Metadata '/Game/MainMenu/BluePrints/W_Credits.PackageMetaData'
[2018.12.09-21.25.57:099][714]LogMetaData: Removing '/Game/MainMenu/MainMenuUI/W_Credits.SKEL_W_Credits_C' ref from Metadata '/Game/MainMenu/BluePrints/W_Credits.PackageMetaData'
[2018.12.09-21.25.57:099][714]LogMetaData: Removing '/Game/MainMenu/MainMenuUI/W_Credits.W_Credits_C:MapOutput' ref from Metadata '/Game/MainMenu/BluePrints/W_Credits.PackageMetaData'
[2018.12.09-21.25.57:099][714]LogMetaData: Removing '/Game/MainMenu/MainMenuUI/W_Credits.W_Credits_C:indexOfCredits' ref from Metadata '/Game/MainMenu/BluePrints/W_Credits.PackageMetaData'
[2018.12.09-21.25.57:099][714]LogMetaData: Removing '/Game/MainMenu/MainMenuUI/W_Credits.W_Credits_C:ArrayIndex' ref from Metadata '/Game/MainMenu/BluePrints/W_Credits.PackageMetaData'
[2018.12.09-21.25.57:099][714]LogMetaData: Removing '/Game/MainMenu/MainMenuUI/W_Credits.W_Credits_C:C_Data' ref from Metadata '/Game/MainMenu/BluePrints/W_Credits.PackageMetaData'
[2018.12.09-21.25.57:099][714]LogMetaData: Removing '/Game/MainMenu/MainMenuUI/W_Credits.W_Credits_C:TitleMap' ref from Metadata '/Game/MainMenu/BluePrints/W_Credits.PackageMetaData'
[2018.12.09-21.25.57:100][714]LogMetaData: Removing '/Game/MainMenu/MainMenuUI/W_Credits.W_Credits_C:GroupName' ref from Metadata '/Game/MainMenu/BluePrints/W_Credits.PackageMetaData'
[2018.12.09-21.25.57:100][714]LogMetaData: Removing '/Game/MainMenu/MainMenuUI/W_Credits.W_Credits_C:WidgetIndex' ref from Metadata '/Game/MainMenu/BluePrints/W_Credits.PackageMetaData'
[2018.12.09-21.25.57:100][714]LogMetaData: Removing '/Game/MainMenu/MainMenuUI/W_Credits.W_Credits_C:RowName' ref from Metadata '/Game/MainMenu/BluePrints/W_Credits.PackageMetaData'
[2018.12.09-21.25.57:100][714]LogMetaData: Removing '/Game/MainMenu/MainMenuUI/W_Credits.W_Credits_C:C_ScrollBox' ref from Metadata '/Game/MainMenu/BluePrints/W_Credits.PackageMetaData'
[2018.12.09-21.25.57:100][714]LogMetaData: Removing '/Game/MainMenu/MainMenuUI/W_Credits.W_Credits_C:Tick' ref from Metadata '/Game/MainMenu/BluePrints/W_Credits.PackageMetaData'
[2018.12.09-21.25.57:100][714]LogMetaData: Removing '/Game/MainMenu/MainMenuUI/W_Credits.W_Credits_C:Construct' ref from Metadata '/Game/MainMenu/BluePrints/W_Credits.PackageMetaData'
[2018.12.09-21.25.57:100][714]LogMetaData: Removing '/Game/MainMenu/MainMenuUI/W_Credits.W_Credits_C:GetTableText' ref from Metadata '/Game/MainMenu/BluePrints/W_Credits.PackageMetaData'
[2018.12.09-21.25.57:105][714]LogMetaData: Removing '/Game/MainMenu/MainMenuUI/W_CreditTitle.W_CreditTitle_C' ref from Metadata '/Game/MainMenu/BluePrints/W_CreditTitle.PackageMetaData'
[2018.12.09-21.25.57:105][714]LogMetaData: Removing '/Game/MainMenu/MainMenuUI/W_CreditTitle.W_CreditTitle:EventGraph.K2Node_Event_0' ref from Metadata '/Game/MainMenu/BluePrints/W_CreditTitle.PackageMetaData'
[2018.12.09-21.25.57:105][714]LogMetaData: Removing '/Game/MainMenu/MainMenuUI/W_CreditTitle.W_CreditTitle:EventGraph.K2Node_Event_1' ref from Metadata '/Game/MainMenu/BluePrints/W_CreditTitle.PackageMetaData'
[2018.12.09-21.25.57:105][714]LogMetaData: Removing '/Game/MainMenu/MainMenuUI/W_CreditTitle.W_CreditTitle:EventGraph.K2Node_Event_2' ref from Metadata '/Game/MainMenu/BluePrints/W_CreditTitle.PackageMetaData'
[2018.12.09-21.25.57:105][714]LogMetaData: Removing '/Game/MainMenu/MainMenuUI/W_CreditTitle.SKEL_W_CreditTitle_C:PreConstruct' ref from Metadata '/Game/MainMenu/BluePrints/W_CreditTitle.PackageMetaData'
[2018.12.09-21.25.57:105][714]LogMetaData: Removing '/Game/MainMenu/MainMenuUI/W_CreditTitle.SKEL_W_CreditTitle_C:Construct' ref from Metadata '/Game/MainMenu/BluePrints/W_CreditTitle.PackageMetaData'
[2018.12.09-21.25.57:105][714]LogMetaData: Removing '/Game/MainMenu/MainMenuUI/W_CreditTitle.SKEL_W_CreditTitle_C:Tick' ref from Metadata '/Game/MainMenu/BluePrints/W_CreditTitle.PackageMetaData'
[2018.12.09-21.25.57:105][714]LogMetaData: Removing '/Game/MainMenu/MainMenuUI/W_CreditTitle.SKEL_W_CreditTitle_C:C_TitleText' ref from Metadata '/Game/MainMenu/BluePrints/W_CreditTitle.PackageMetaData'
[2018.12.09-21.25.57:105][714]LogMetaData: Removing '/Game/MainMenu/MainMenuUI/W_CreditTitle.SKEL_W_CreditTitle_C' ref from Metadata '/Game/MainMenu/BluePrints/W_CreditTitle.PackageMetaData'
[2018.12.09-21.25.57:105][714]LogMetaData: Removing '/Game/MainMenu/MainMenuUI/W_CreditTitle.W_CreditTitle_C:C_TitleText' ref from Metadata '/Game/MainMenu/BluePrints/W_CreditTitle.PackageMetaData'
[2018.12.09-21.25.57:110][714]LogMetaData: Removing '/Game/MainMenu/MainMenuUI/W_CreditsText.W_CreditsText_C' ref from Metadata '/Game/MainMenu/BluePrints/W_CreditsText.PackageMetaData'
[2018.12.09-21.25.57:110][714]LogMetaData: Removing '/Game/MainMenu/MainMenuUI/W_CreditsText.W_CreditsText:EventGraph.K2Node_Event_0' ref from Metadata '/Game/MainMenu/BluePrints/W_CreditsText.PackageMetaData'
[2018.12.09-21.25.57:110][714]LogMetaData: Removing '/Game/MainMenu/MainMenuUI/W_CreditsText.W_CreditsText:EventGraph.K2Node_Event_1' ref from Metadata '/Game/MainMenu/BluePrints/W_CreditsText.PackageMetaData'
[2018.12.09-21.25.57:110][714]LogMetaData: Removing '/Game/MainMenu/MainMenuUI/W_CreditsText.W_CreditsText:EventGraph.K2Node_Event_2' ref from Metadata '/Game/MainMenu/BluePrints/W_CreditsText.PackageMetaData'
[2018.12.09-21.25.57:110][714]LogMetaData: Removing '/Game/MainMenu/MainMenuUI/W_CreditsText.SKEL_W_CreditsText_C:PreConstruct' ref from Metadata '/Game/MainMenu/BluePrints/W_CreditsText.PackageMetaData'
[2018.12.09-21.25.57:110][714]LogMetaData: Removing '/Game/MainMenu/MainMenuUI/W_CreditsText.SKEL_W_CreditsText_C:Construct' ref from Metadata '/Game/MainMenu/BluePrints/W_CreditsText.PackageMetaData'
[2018.12.09-21.25.57:110][714]LogMetaData: Removing '/Game/MainMenu/MainMenuUI/W_CreditsText.SKEL_W_CreditsText_C:Tick' ref from Metadata '/Game/MainMenu/BluePrints/W_CreditsText.PackageMetaData'
[2018.12.09-21.25.57:110][714]LogMetaData: Removing '/Game/MainMenu/MainMenuUI/W_CreditsText.SKEL_W_CreditsText_C:C_TextBox' ref from Metadata '/Game/MainMenu/BluePrints/W_CreditsText.PackageMetaData'
[2018.12.09-21.25.57:110][714]LogMetaData: Removing '/Game/MainMenu/MainMenuUI/W_CreditsText.SKEL_W_CreditsText_C' ref from Metadata '/Game/MainMenu/BluePrints/W_CreditsText.PackageMetaData'
[2018.12.09-21.25.57:110][714]LogMetaData: Removing '/Game/MainMenu/MainMenuUI/W_CreditsText.W_CreditsText_C:C_TextBox' ref from Metadata '/Game/MainMenu/BluePrints/W_CreditsText.PackageMetaData'
[2018.12.09-21.25.57:120][714]LogMetaData: Removing '/Game/MainMenu/MainMenuUI/CreditStruct.CreditStruct' ref from Metadata '/Game/MainMenu/BluePrints/CreditStruct.PackageMetaData'
[2018.12.09-21.25.57:120][714]LogMetaData: Removing '/Game/MainMenu/MainMenuUI/CreditStruct.CreditStruct:FirstName_5_80F3E838493AAA00B29F83BA01B57143' ref from Metadata '/Game/MainMenu/BluePrints/CreditStruct.PackageMetaData'
[2018.12.09-21.25.57:120][714]LogMetaData: Removing '/Game/MainMenu/MainMenuUI/CreditStruct.CreditStruct:LastName_9_F2ECA6D14CD5E40643CADCA88CED275A' ref from Metadata '/Game/MainMenu/BluePrints/CreditStruct.PackageMetaData'
[2018.12.09-21.25.57:120][714]LogMetaData: Removing '/Game/MainMenu/MainMenuUI/CreditStruct.CreditStruct:Title_10_F0DEB7E74524F3A5EDE52F9B7617E546' ref from Metadata '/Game/MainMenu/BluePrints/CreditStruct.PackageMetaData'
[2018.12.09-21.25.57:169][714]LogMetaData: Removing '/Game/MainMenu/MainMenuUI/MainMenuWidget.MainMenuWidget_C' ref from Metadata '/Game/MainMenu/BluePrints/MainMenuWidget.PackageMetaData'
[2018.12.09-21.25.57:169][714]LogMetaData: Removing '/Game/MainMenu/MainMenuUI/MainMenuWidget.MainMenuWidget:EventGraph.K2Node_Event_0' ref from Metadata '/Game/MainMenu/BluePrints/MainMenuWidget.PackageMetaData'
[2018.12.09-21.25.57:169][714]LogMetaData: Removing '/Game/MainMenu/MainMenuUI/MainMenuWidget.MainMenuWidget:EventGraph.K2Node_Event_1' ref from Metadata '/Game/MainMenu/BluePrints/MainMenuWidget.PackageMetaData'
[2018.12.09-21.25.57:169][714]LogMetaData: Removing '/Game/MainMenu/MainMenuUI/MainMenuWidget.MainMenuWidget:EventGraph.K2Node_Event_2' ref from Metadata '/Game/MainMenu/BluePrints/MainMenuWidget.PackageMetaData'
[2018.12.09-21.25.57:169][714]LogMetaData: Removing '/Game/MainMenu/MainMenuUI/MainMenuWidget.MainMenuWidget:UserConstructionScript.K2Node_FunctionEntry_0' ref from Metadata '/Game/MainMenu/BluePrints/MainMenuWidget.PackageMetaData'
[2018.12.09-21.25.57:169][714]LogMetaData: Removing '/Game/MainMenu/MainMenuUI/MainMenuWidget.SKEL_MainMenuWidget_C:ReceiveBeginPlay' ref from Metadata '/Game/MainMenu/BluePrints/MainMenuWidget.PackageMetaData'
[2018.12.09-21.25.57:169][714]LogMetaData: Removing '/Game/MainMenu/MainMenuUI/MainMenuWidget.SKEL_MainMenuWidget_C:ReceiveActorBeginOverlap' ref from Metadata '/Game/MainMenu/BluePrints/MainMenuWidget.PackageMetaData'
[2018.12.09-21.25.57:169][714]LogMetaData: Removing '/Game/MainMenu/MainMenuUI/MainMenuWidget.SKEL_MainMenuWidget_C:ReceiveTick' ref from Metadata '/Game/MainMenu/BluePrints/MainMenuWidget.PackageMetaData'
[2018.12.09-21.25.57:169][714]LogMetaData: Removing '/Game/MainMenu/MainMenuUI/MainMenuWidget.SKEL_MainMenuWidget_C:Scene' ref from Metadata '/Game/MainMenu/BluePrints/MainMenuWidget.PackageMetaData'
[2018.12.09-21.25.57:169][714]LogMetaData: Removing '/Game/MainMenu/MainMenuUI/MainMenuWidget.SKEL_MainMenuWidget_C:Widget' ref from Metadata '/Game/MainMenu/BluePrints/MainMenuWidget.PackageMetaData'
[2018.12.09-21.25.57:169][714]LogMetaData: Removing '/Game/MainMenu/MainMenuUI/MainMenuWidget.SKEL_MainMenuWidget_C:UserConstructionScript' ref from Metadata '/Game/MainMenu/BluePrints/MainMenuWidget.PackageMetaData'
[2018.12.09-21.25.57:169][714]LogMetaData: Removing '/Game/MainMenu/MainMenuUI/MainMenuWidget.SKEL_MainMenuWidget_C' ref from Metadata '/Game/MainMenu/BluePrints/MainMenuWidget.PackageMetaData'
[2018.12.09-21.25.57:169][714]LogMetaData: Removing '/Game/MainMenu/MainMenuUI/MainMenuWidget.MainMenuWidget_C:Scene' ref from Metadata '/Game/MainMenu/BluePrints/MainMenuWidget.PackageMetaData'
[2018.12.09-21.25.57:169][714]LogMetaData: Removing '/Game/MainMenu/MainMenuUI/MainMenuWidget.MainMenuWidget_C:Widget' ref from Metadata '/Game/MainMenu/BluePrints/MainMenuWidget.PackageMetaData'
[2018.12.09-21.25.57:169][714]LogMetaData: Removing '/Game/MainMenu/MainMenuUI/MainMenuWidget.MainMenuWidget_C:UserConstructionScript' ref from Metadata '/Game/MainMenu/BluePrints/MainMenuWidget.PackageMetaData'
[2018.12.09-21.25.57:210][714]LogSavePackage: Moving '../../../../../../Users/Cindy Chiu/Documents/GitHub/PhaserRange/Holodeck2/Saved/Menu_BuiltData87835FA04C08C1176DB65998A5815224.tmp' to '../../../../../../Users/Cindy Chiu/Documents/GitHub/PhaserRange/Holodeck2/Content/MainMenu/MainMenuUI/Menu_BuiltData.uasset'
[2018.12.09-21.25.57:250][714]LogSavePackage: Moving '../../../../../../Users/Cindy Chiu/Documents/GitHub/PhaserRange/Holodeck2/Saved/W_MainMenuAA3E276043B90CD6CE8A53B2C182EBDF.tmp' to '../../../../../../Users/Cindy Chiu/Documents/GitHub/PhaserRange/Holodeck2/Content/MainMenu/MainMenuUI/W_MainMenu.uasset'
[2018.12.09-21.25.57:255][714]Cmd: OBJ SAVEPACKAGE PACKAGE="/Game/MainMenu/MainMenuUI/W_Credits" FILE="../../../../../../Users/Cindy Chiu/Documents/GitHub/PhaserRange/Holodeck2/Content/MainMenu/MainMenuUI/W_Credits.uasset" SILENT=true
[2018.12.09-21.25.57:298][714]LogSavePackage: Moving '../../../../../../Users/Cindy Chiu/Documents/GitHub/PhaserRange/Holodeck2/Saved/W_Credits708DC8AB4E0023F6F33D5991A29C7184.tmp' to '../../../../../../Users/Cindy Chiu/Documents/GitHub/PhaserRange/Holodeck2/Content/MainMenu/MainMenuUI/W_Credits.uasset'
[2018.12.09-21.25.57:314][714]LogSavePackage: Moving '../../../../../../Users/Cindy Chiu/Documents/GitHub/PhaserRange/Holodeck2/Saved/W_CreditTitle2DFE15204F7077F9AB45BC9AFEC100A2.tmp' to '../../../../../../Users/Cindy Chiu/Documents/GitHub/PhaserRange/Holodeck2/Content/MainMenu/MainMenuUI/W_CreditTitle.uasset'
[2018.12.09-21.25.57:330][714]LogSavePackage: Moving '../../../../../../Users/Cindy Chiu/Documents/GitHub/PhaserRange/Holodeck2/Saved/W_CreditsTextB01A5D1D4BF8B8AC26C75A941C85D8FE.tmp' to '../../../../../../Users/Cindy Chiu/Documents/GitHub/PhaserRange/Holodeck2/Content/MainMenu/MainMenuUI/W_CreditsText.uasset'
[2018.12.09-21.25.57:346][714]LogSavePackage: Moving '../../../../../../Users/Cindy Chiu/Documents/GitHub/PhaserRange/Holodeck2/Saved/CreditSheet29D49E92E471D72838FBEC289349F98E5.tmp' to '../../../../../../Users/Cindy Chiu/Documents/GitHub/PhaserRange/Holodeck2/Content/MainMenu/MainMenuUI/CreditSheet2.uasset'
[2018.12.09-21.25.57:357][714]LogSavePackage: Moving '../../../../../../Users/Cindy Chiu/Documents/GitHub/PhaserRange/Holodeck2/Saved/CreditStruct20334B6740B9336E9594FB993C1F14C2.tmp' to '../../../../../../Users/Cindy Chiu/Documents/GitHub/PhaserRange/Holodeck2/Content/MainMenu/MainMenuUI/CreditStruct.uasset'
[2018.12.09-21.25.57:375][714]LogSavePackage: Moving '../../../../../../Users/Cindy Chiu/Documents/GitHub/PhaserRange/Holodeck2/Saved/Title_title1E72A4B147243797A2C7E3915D8BEB6D.tmp' to '../../../../../../Users/Cindy Chiu/Documents/GitHub/PhaserRange/Holodeck2/Content/MainMenu/MainMenuUI/Materials/Title_title.uasset'
[2018.12.09-21.25.57:401][714]LogSavePackage: Moving '../../../../../../Users/Cindy Chiu/Documents/GitHub/PhaserRange/Holodeck2/Saved/Title_pipes0A47BB3749BDADE96350B1A28F7BDBE9.tmp' to '../../../../../../Users/Cindy Chiu/Documents/GitHub/PhaserRange/Holodeck2/Content/MainMenu/MainMenuUI/Materials/Title_pipes.uasset'
[2018.12.09-21.25.57:426][714]LogSavePackage: Moving '../../../../../../Users/Cindy Chiu/Documents/GitHub/PhaserRange/Holodeck2/Saved/Start_ButtonF592885648971385A2D476A1CF693E8E.tmp' to '../../../../../../Users/Cindy Chiu/Documents/GitHub/PhaserRange/Holodeck2/Content/MainMenu/MainMenuUI/Materials/Start_Button.uasset'
[2018.12.09-21.25.57:448][714]LogSavePackage: Moving '../../../../../../Users/Cindy Chiu/Documents/GitHub/PhaserRange/Holodeck2/Saved/Settings_ButtonE12A40B44C836E3237687F8AAA94D12D.tmp' to '../../../../../../Users/Cindy Chiu/Documents/GitHub/PhaserRange/Holodeck2/Content/MainMenu/MainMenuUI/Materials/Settings_Button.uasset'
[2018.12.09-21.25.57:475][714]LogSavePackage: Moving '../../../../../../Users/Cindy Chiu/Documents/GitHub/PhaserRange/Holodeck2/Saved/Quit_ButtonD938AAF34AAF360FC2198F8AF8C03C2B.tmp' to '../../../../../../Users/Cindy Chiu/Documents/GitHub/PhaserRange/Holodeck2/Content/MainMenu/MainMenuUI/Materials/Quit_Button.uasset'
[2018.12.09-21.25.57:499][714]LogSavePackage: Moving '../../../../../../Users/Cindy Chiu/Documents/GitHub/PhaserRange/Holodeck2/Saved/Options_Button87A73BFA4C8BF394992855A00FFEB7E1.tmp' to '../../../../../../Users/Cindy Chiu/Documents/GitHub/PhaserRange/Holodeck2/Content/MainMenu/MainMenuUI/Materials/Options_Button.uasset'
[2018.12.09-21.25.57:523][714]LogSavePackage: Moving '../../../../../../Users/Cindy Chiu/Documents/GitHub/PhaserRange/Holodeck2/Saved/Menu_Button7E95158E49D519C86E0229AA6C9F27EE.tmp' to '../../../../../../Users/Cindy Chiu/Documents/GitHub/PhaserRange/Holodeck2/Content/MainMenu/MainMenuUI/Materials/Menu_Button.uasset'
[2018.12.09-21.25.57:557][714]LogSavePackage: Moving '../../../../../../Users/Cindy Chiu/Documents/GitHub/PhaserRange/Holodeck2/Saved/Main_Menu_M9B4702644ECEFBDE46738D83BEC766BF.tmp' to '../../../../../../Users/Cindy Chiu/Documents/GitHub/PhaserRange/Holodeck2/Content/MainMenu/MainMenuUI/Materials/Main_Menu_M.uasset'
[2018.12.09-21.25.57:583][714]LogSavePackage: Moving '../../../../../../Users/Cindy Chiu/Documents/GitHub/PhaserRange/Holodeck2/Saved/Credits_ButtonAAC18BDC4CABF99AE09F23BF4706D968.tmp' to '../../../../../../Users/Cindy Chiu/Documents/GitHub/PhaserRange/Holodeck2/Content/MainMenu/MainMenuUI/Materials/Credits_Button.uasset'
[2018.12.09-21.25.57:604][714]LogSavePackage: Moving '../../../../../../Users/Cindy Chiu/Documents/GitHub/PhaserRange/Holodeck2/Saved/Blank_ButtonA4804AA04EABC10453DC3B9C09E17C75.tmp' to '../../../../../../Users/Cindy Chiu/Documents/GitHub/PhaserRange/Holodeck2/Content/MainMenu/MainMenuUI/Materials/Blank_Button.uasset'
[2018.12.09-21.25.57:620][714]LogSavePackage: Moving '../../../../../../Users/Cindy Chiu/Documents/GitHub/PhaserRange/Holodeck2/Saved/MainMenuWidget5CA3F96F468FBE895B02D1B66CD28D96.tmp' to '../../../../../../Users/Cindy Chiu/Documents/GitHub/PhaserRange/Holodeck2/Content/MainMenu/MainMenuUI/MainMenuWidget.uasset'
[2018.12.09-21.25.57:751][714]LogSavePackage: Moving '../../../../../../Users/Cindy Chiu/Documents/GitHub/PhaserRange/Holodeck2/Saved/Menu7560AD8F48F5742BFD557385E9DD1768.tmp' to '../../../../../../Users/Cindy Chiu/Documents/GitHub/PhaserRange/Holodeck2/Content/MainMenu/MainMenuUI/Menu.umap'
[2018.12.09-21.25.57:759][714]LogFileHelpers: Saving map 'Menu' took 0.133
[2018.12.09-21.26.09:780][361]LogSavePackage: Moving '../../../../../../Users/Cindy Chiu/Documents/GitHub/PhaserRange/Holodeck2/Saved/Range320EE6304A4A92B253D3C8A2764A9BC0.tmp' to '../../../../../../Users/Cindy Chiu/Documents/GitHub/PhaserRange/Holodeck2/Content/Holodeck/Level/Range.umap'
[2018.12.09-21.26.13:258][558]LogSlate: Window 'Holodeck2 - Unreal Editor' being destroyed
[2018.12.09-21.26.13:258][558]LogWindowsTextInputMethodSystem: Display: IME system now deactivated.
[2018.12.09-21.26.13:463][559]Cmd: QUIT_EDITOR
[2018.12.09-21.26.13:514][559]LogExit: Preparing to exit.
[2018.12.09-21.26.14:224][559]LogExit: Editor shut down
[2018.12.09-21.26.14:224][559]LogExit: Transaction tracking system shut down
[2018.12.09-21.26.14:951][559]LogExit: Object subsystem successfully closed.
[2018.12.09-21.26.14:974][559]LogShaderCompilers: Display: Shaders left to compile 0
[2018.12.09-21.26.14:976][559]LogD3D11RHI: Shutdown
[2018.12.09-21.26.14:976][559]LogD3D11RHI: CleanupD3DDevice
[2018.12.09-21.26.14:977][559]LogD3D11RHI: ~FD3D11DynamicRHI
[2018.12.09-21.26.15:005][559]LogModuleManager: Shutting down and abandoning module HierarchicalLODUtilities (616)
[2018.12.09-21.26.15:005][559]LogModuleManager: Shutting down and abandoning module HierarchicalLODOutliner (614)
[2018.12.09-21.26.15:005][559]LogModuleManager: Shutting down and abandoning module AddContentDialog (612)
[2018.12.09-21.26.15:013][559]LogModuleManager: Shutting down and abandoning module WidgetCarousel (611)
[2018.12.09-21.26.15:013][559]LogModuleManager: Shutting down and abandoning module EditorWidgets (608)
[2018.12.09-21.26.15:013][559]LogModuleManager: Shutting down and abandoning module CollectionManager (606)
[2018.12.09-21.26.15:013][559]LogModuleManager: Shutting down and abandoning module SceneOutliner (604)
[2018.12.09-21.26.15:013][559]LogModuleManager: Shutting down and abandoning module StatsViewer (602)
[2018.12.09-21.26.15:013][559]LogModuleManager: Shutting down and abandoning module FoliageEdit (600)
[2018.12.09-21.26.15:013][559]LogModuleManager: Shutting down and abandoning module LandscapeEditor (598)
[2018.12.09-21.26.15:014][559]LogModuleManager: Shutting down and abandoning module MeshPaintMode (596)
[2018.12.09-21.26.15:014][559]LogModuleManager: Shutting down and abandoning module SceneDepthPickerMode (594)
[2018.12.09-21.26.15:014][559]LogModuleManager: Shutting down and abandoning module ActorPickerMode (592)
[2018.12.09-21.26.15:014][559]LogModuleManager: Shutting down and abandoning module GeometryMode (590)
[2018.12.09-21.26.15:014][559]LogModuleManager: Shutting down and abandoning module TextureAlignMode (588)
[2018.12.09-21.26.15:014][559]LogModuleManager: Shutting down and abandoning module BspMode (586)
[2018.12.09-21.26.15:014][559]LogModuleManager: Shutting down and abandoning module PIEPreviewDeviceProfileSelector (584)
[2018.12.09-21.26.15:014][559]LogModuleManager: Shutting down and abandoning module SequenceRecorderSections (582)
[2018.12.09-21.26.15:014][559]LogModuleManager: Shutting down and abandoning module AutomationWorker (580)
[2018.12.09-21.26.15:014][559]LogModuleManager: Shutting down and abandoning module AudioCaptureEditor (578)
[2018.12.09-21.26.15:014][559]LogModuleManager: Shutting down and abandoning module SequenceRecorder (577)
[2018.12.09-21.26.15:014][559]LogModuleManager: Shutting down and abandoning module MatineeToLevelSequence (574)
[2018.12.09-21.26.15:014][559]LogModuleManager: Shutting down and abandoning module LevelSequenceEditor (572)
[2018.12.09-21.26.15:014][559]LogModuleManager: Shutting down and abandoning module PlacementMode (571)
[2018.12.09-21.26.15:014][559]LogModuleManager: Shutting down and abandoning module MaterialEditor (570)
[2018.12.09-21.26.15:015][559]LogModuleManager: Shutting down and abandoning module WmfMediaFactory (566)
[2018.12.09-21.26.15:015][559]LogModuleManager: Shutting down and abandoning module WmfMediaEditor (564)
[2018.12.09-21.26.15:015][559]LogModuleManager: Shutting down and abandoning module MediaPlayerEditor (562)
[2018.12.09-21.26.15:015][559]LogModuleManager: Shutting down and abandoning module OpenExrWrapper (560)
[2018.12.09-21.26.15:015][559]LogModuleManager: Shutting down and abandoning module ImgMediaFactory (558)
[2018.12.09-21.26.15:015][559]LogModuleManager: Shutting down and abandoning module ImgMediaEditor (556)
[2018.12.09-21.26.15:015][559]LogModuleManager: Shutting down and abandoning module AvfMediaFactory (554)
[2018.12.09-21.26.15:015][559]LogModuleManager: Shutting down and abandoning module AvfMediaEditor (552)
[2018.12.09-21.26.15:016][559]LogModuleManager: Shutting down and abandoning module AndroidMediaFactory (550)
[2018.12.09-21.26.15:016][559]LogModuleManager: Shutting down and abandoning module AndroidMediaEditor (548)
[2018.12.09-21.26.15:016][559]LogModuleManager: Shutting down and abandoning module MagicLeapCameraPreviewFactory (546)
[2018.12.09-21.26.15:016][559]LogModuleManager: Shutting down and abandoning module MagicLeapMediaFactory (544)
[2018.12.09-21.26.15:016][559]LogModuleManager: Shutting down and abandoning module MagicLeapMediaEditor (542)
[2018.12.09-21.26.15:016][559]LogModuleManager: Shutting down and abandoning module CharacterAI (540)
[2018.12.09-21.26.15:016][559]LogModuleManager: Shutting down and abandoning module SmartSnapping (538)
[2018.12.09-21.26.15:016][559]LogModuleManager: Shutting down and abandoning module SessionServices (536)
[2018.12.09-21.26.15:016][559]LogModuleManager: Shutting down and abandoning module ViewportSnapping (534)
[2018.12.09-21.26.15:016][559]LogModuleManager: Shutting down and abandoning module ViewportInteraction (532)
[2018.12.09-21.26.15:016][559]LogModuleManager: Shutting down and abandoning module ClothPainter (530)
[2018.12.09-21.26.15:016][559]LogModuleManager: Shutting down and abandoning module SkeletalMeshEditor (529)
[2018.12.09-21.26.15:017][559]LogModuleManager: Shutting down and abandoning module LogVisualizer (526)
[2018.12.09-21.26.15:017][559]LogModuleManager: Shutting down and abandoning module IntroTutorials (524)
[2018.12.09-21.26.15:018][559]LogModuleManager: Shutting down and abandoning module GameProjectGeneration (523)
[2018.12.09-21.26.15:018][559]LogModuleManager: Shutting down and abandoning module LuminPlatformEditor (520)
[2018.12.09-21.26.15:018][559]LogModuleManager: Shutting down and abandoning module IOSPlatformEditor (518)
[2018.12.09-21.26.15:018][559]LogModuleManager: Shutting down and abandoning module HTML5PlatformEditor (516)
[2018.12.09-21.26.15:018][559]LogModuleManager: Shutting down and abandoning module AndroidPlatformEditor (514)
[2018.12.09-21.26.15:018][559]LogModuleManager: Shutting down and abandoning module AndroidDeviceDetection (513)
[2018.12.09-21.26.15:377][559]LogModuleManager: Shutting down and abandoning module WindowsPlatformEditor (510)
[2018.12.09-21.26.15:377][559]LogModuleManager: Shutting down and abandoning module LuminRuntimeSettings (508)
[2018.12.09-21.26.15:377][559]LogModuleManager: Shutting down and abandoning module IOSRuntimeSettings (506)
[2018.12.09-21.26.15:377][559]LogModuleManager: Shutting down and abandoning module AndroidRuntimeSettings (504)
[2018.12.09-21.26.15:377][559]LogModuleManager: Shutting down and abandoning module InputBindingEditor (502)
[2018.12.09-21.26.15:380][559]LogModuleManager: Shutting down and abandoning module MergeActors (500)
[2018.12.09-21.26.15:380][559]LogModuleManager: Shutting down and abandoning module LocalizationDashboard (498)
[2018.12.09-21.26.15:380][559]LogModuleManager: Shutting down and abandoning module LocalizationService (497)
[2018.12.09-21.26.15:381][559]LogModuleManager: Shutting down and abandoning module HardwareTargeting (494)
[2018.12.09-21.26.15:381][559]LogModuleManager: Shutting down and abandoning module DeviceProfileEditor (492)
[2018.12.09-21.26.15:381][559]LogModuleManager: Shutting down and abandoning module UndoHistory (490)
[2018.12.09-21.26.15:381][559]LogModuleManager: Shutting down and abandoning module XmlParser (488)
[2018.12.09-21.26.15:381][559]LogModuleManager: Shutting down and abandoning module Blutility (486)
[2018.12.09-21.26.15:381][559]LogModuleManager: Shutting down and abandoning module ProjectSettingsViewer (484)
[2018.12.09-21.26.15:381][559]LogModuleManager: Shutting down and abandoning module ProjectTargetPlatformEditor (483)
[2018.12.09-21.26.15:381][559]LogModuleManager: Shutting down and abandoning module EditorSettingsViewer (480)
[2018.12.09-21.26.15:381][559]LogModuleManager: Shutting down and abandoning module SettingsEditor (478)
[2018.12.09-21.26.15:381][559]LogModuleManager: Shutting down and abandoning module ProjectLauncher (476)
[2018.12.09-21.26.15:381][559]LogModuleManager: Shutting down and abandoning module SessionFrontend (474)
[2018.12.09-21.26.15:381][559]LogModuleManager: Shutting down and abandoning module ProfilerClient (472)
[2018.12.09-21.26.15:381][559]LogModuleManager: Shutting down and abandoning module DeviceManager (470)
[2018.12.09-21.26.15:381][559]LogModuleManager: Shutting down and abandoning module TargetDeviceServices (469)
[2018.12.09-21.26.15:436][559]LogModuleManager: Shutting down and abandoning module AutomationController (466)
[2018.12.09-21.26.15:436][559]LogModuleManager: Shutting down and abandoning module AutomationWindow (464)
[2018.12.09-21.26.15:436][559]LogModuleManager: Shutting down and abandoning module Layers (462)
[2018.12.09-21.26.15:438][559]LogModuleManager: Shutting down and abandoning module ComponentVisualizers (460)
[2018.12.09-21.26.15:438][559]LogModuleManager: Shutting down and abandoning module DetailCustomizations (458)
[2018.12.09-21.26.15:438][559]LogModuleManager: Shutting down and abandoning module PackagesDialog (456)
[2018.12.09-21.26.15:438][559]LogModuleManager: Shutting down and abandoning module Persona (454)
[2018.12.09-21.26.15:438][559]LogModuleManager: Shutting down and abandoning module AdvancedPreviewScene (453)
[2018.12.09-21.26.15:438][559]LogModuleManager: Shutting down and abandoning module AnimGraph (451)
[2018.12.09-21.26.15:439][559]LogModuleManager: Shutting down and abandoning module Kismet (448)
[2018.12.09-21.26.15:439][559]LogModuleManager: Shutting down and abandoning module GraphEditor (446)
[2018.12.09-21.26.15:439][559]LogModuleManager: Shutting down and abandoning module ClassViewer (444)
[2018.12.09-21.26.15:439][559]LogModuleManager: Shutting down and abandoning module Toolbox (442)
[2018.12.09-21.26.15:439][559]LogModuleManager: Shutting down and abandoning module DesktopPlatform (441)
[2018.12.09-21.26.15:439][559]LogModuleManager: Shutting down and abandoning module ModuleUI (438)
[2018.12.09-21.26.15:440][559]LogModuleManager: Shutting down and abandoning module MovieSceneTools (436)
[2018.12.09-21.26.15:440][559]LogModuleManager: Shutting down and abandoning module OutputLog (434)
[2018.12.09-21.26.15:440][559]LogModuleManager: Shutting down and abandoning module GammaUI (432)
[2018.12.09-21.26.15:440][559]LogModuleManager: Shutting down and abandoning module Documentation (430)
[2018.12.09-21.26.15:440][559]LogModuleManager: Shutting down and abandoning module MovieSceneTracks (428)
[2018.12.09-21.26.15:440][559]LogModuleManager: Shutting down and abandoning module MovieScene (426)
[2018.12.09-21.26.15:440][559]LogModuleManager: Shutting down and abandoning module StreamingPauseRendering (424)
[2018.12.09-21.26.15:440][559]LogModuleManager: Shutting down and abandoning module LauncherPlatform (422)
[2018.12.09-21.26.15:440][559]LogModuleManager: Shutting down and abandoning module AnalyticsET (420)
[2018.12.09-21.26.15:440][559]LogModuleManager: Shutting down and abandoning module PortalServices (418)
[2018.12.09-21.26.15:440][559]LogModuleManager: Shutting down and abandoning module PortalRpc (416)
[2018.12.09-21.26.15:440][559]LogModuleManager: Shutting down and abandoning module MessagingRpc (414)
[2018.12.09-21.26.15:440][559]LogModuleManager: Shutting down and abandoning module AIModule (412)
[2018.12.09-21.26.15:440][559]LogModuleManager: Shutting down and abandoning module GameplayDebugger (411)
[2018.12.09-21.26.15:440][559]LogModuleManager: Shutting down and abandoning module AITestSuite (409)
[2018.12.09-21.26.15:440][559]LogModuleManager: Shutting down and abandoning module NavigationSystem (407)
[2018.12.09-21.26.15:440][559]LogModuleManager: Shutting down and abandoning module ProfilerService (404)
[2018.12.09-21.26.15:540][559]LogModuleManager: Shutting down and abandoning module TaskGraph (402)
[2018.12.09-21.26.15:540][559]LogModuleManager: Shutting down and abandoning module VRExpansionPlugin (400)
[2018.12.09-21.26.15:543][559]LogModuleManager: Shutting down and abandoning module SteamVRController (398)
[2018.12.09-21.26.15:543][559]LogModuleManager: Shutting down and abandoning module ProceduralMeshComponentEditor (396)
[2018.12.09-21.26.15:543][559]LogModuleManager: Shutting down and abandoning module ProceduralMeshComponent (394)
[2018.12.09-21.26.15:543][559]LogModuleManager: Shutting down and abandoning module OculusInput (392)
[2018.12.09-21.26.15:543][559]LogModuleManager: Shutting down and abandoning module MobilePatchingUtils (390)
[2018.12.09-21.26.15:543][559]LogModuleManager: Shutting down and abandoning module EditableMesh (388)
[2018.12.09-21.26.15:543][559]LogModuleManager: Shutting down and abandoning module CustomMeshComponent (386)
[2018.12.09-21.26.15:543][559]LogModuleManager: Shutting down and abandoning module CableComponent (384)
[2018.12.09-21.26.15:543][559]LogModuleManager: Shutting down and abandoning module AudioCapture (382)
[2018.12.09-21.26.15:543][559]LogModuleManager: Shutting down and abandoning module ArchVisCharacter (380)
[2018.12.09-21.26.15:543][559]LogModuleManager: Shutting down and abandoning module AndroidPermission (378)
[2018.12.09-21.26.15:543][559]LogModuleManager: Shutting down and abandoning module NUTUnrealEngine4 (376)
[2018.12.09-21.26.15:543][559]LogModuleManager: Shutting down and abandoning module NetcodeUnitTest (374)
[2018.12.09-21.26.15:543][559]LogModuleManager: Shutting down and abandoning module MediaCompositingEditor (372)
[2018.12.09-21.26.15:543][559]LogModuleManager: Shutting down and abandoning module MediaCompositing (370)
[2018.12.09-21.26.15:543][559]LogModuleManager: Shutting down and abandoning module LinearTimecode (368)
[2018.12.09-21.26.15:543][559]LogModuleManager: Shutting down and abandoning module ImgMedia (366)
[2018.12.09-21.26.15:547][559]LogModuleManager: Shutting down and abandoning module HTML5Networking (364)
[2018.12.09-21.26.15:547][559]LogModuleManager: Shutting down and abandoning module GeometryCacheTracks (362)
[2018.12.09-21.26.15:547][559]LogModuleManager: Shutting down and abandoning module GeometryCacheSequencer (360)
[2018.12.09-21.26.15:547][559]LogModuleManager: Shutting down and abandoning module BackChannel (358)
[2018.12.09-21.26.15:547][559]LogModuleManager: Shutting down and abandoning module AppleVision (356)
[2018.12.09-21.26.15:547][559]LogModuleManager: Shutting down and abandoning module AppleImageUtils (354)
[2018.12.09-21.26.15:547][559]LogModuleManager: Shutting down and abandoning module AlembicImporter (352)
[2018.12.09-21.26.15:547][559]LogModuleManager: Shutting down and abandoning module AlembicLibrary (351)
[2018.12.09-21.26.15:547][559]LogModuleManager: Shutting down and abandoning module GeometryCache (350)
[2018.12.09-21.26.15:547][559]LogModuleManager: Shutting down and abandoning module GeometryCacheEd (349)
[2018.12.09-21.26.15:547][559]LogModuleManager: Shutting down and abandoning module DatasmithContentEditor (344)
[2018.12.09-21.26.15:547][559]LogModuleManager: Shutting down and abandoning module DatasmithContent (342)
[2018.12.09-21.26.15:547][559]LogModuleManager: Shutting down and abandoning module SpeedTreeImporter (340)
[2018.12.09-21.26.15:548][559]LogModuleManager: Shutting down and abandoning module PluginBrowser (338)
[2018.12.09-21.26.15:548][559]LogModuleManager: Shutting down and abandoning module MobileLauncherProfileWizard (336)
[2018.12.09-21.26.15:548][559]LogModuleManager: Shutting down and abandoning module PolygonModeling (334)
[2018.12.09-21.26.15:548][559]LogModuleManager: Shutting down and abandoning module MeshEditor (332)
[2018.12.09-21.26.15:548][559]LogModuleManager: Shutting down and abandoning module CryptoKeysOpenSSL (330)
[2018.12.09-21.26.15:548][559]LogModuleManager: Shutting down and abandoning module CryptoKeys (328)
[2018.12.09-21.26.15:548][559]LogModuleManager: Shutting down and abandoning module VisualStudioSourceCodeAccess (326)
[2018.12.09-21.26.15:548][559]LogModuleManager: Shutting down and abandoning module VisualStudioCodeSourceCodeAccess (324)
[2018.12.09-21.26.15:548][559]LogModuleManager: Shutting down and abandoning module UObjectPlugin (322)
[2018.12.09-21.26.15:548][559]LogModuleManager: Shutting down and abandoning module SubversionSourceControl (320)
[2018.12.09-21.26.15:548][559]LogModuleManager: Shutting down and abandoning module PerforceSourceControl (318)
[2018.12.09-21.26.15:549][559]LogModuleManager: Shutting down and abandoning module GitSourceControl (316)
[2018.12.09-21.26.15:549][559]LogModuleManager: Shutting down and abandoning module SourceControl (315)
[2018.12.09-21.26.15:549][559]LogModuleManager: Shutting down and abandoning module CLionSourceCodeAccess (312)
[2018.12.09-21.26.15:549][559]LogModuleManager: Shutting down and abandoning module LightPropagationVolumeEditor (310)
[2018.12.09-21.26.15:549][559]LogModuleManager: Shutting down and abandoning module PaperTiledImporter (308)
[2018.12.09-21.26.15:549][559]LogModuleManager: Shutting down and abandoning module PaperSpriteSheetImporter (306)
[2018.12.09-21.26.15:549][559]LogModuleManager: Shutting down and abandoning module Paper2DEditor (304)
[2018.12.09-21.26.15:549][559]LogModuleManager: Shutting down and abandoning module MeshPaint (303)
[2018.12.09-21.26.15:549][559]LogModuleManager: Shutting down and abandoning module Holodeck2 (300)
[2018.12.09-21.26.15:549][559]LogModuleManager: Shutting down and abandoning module RuntimePhysXCooking (298)
[2018.12.09-21.26.15:549][559]LogModuleManager: Shutting down and abandoning module PhysXVehiclesEditor (296)
[2018.12.09-21.26.15:549][559]LogModuleManager: Shutting down and abandoning module PhysXVehicles (294)
[2018.12.09-21.26.15:549][559]LogModuleManager: Shutting down and abandoning module OculusEditor (292)
[2018.12.09-21.26.15:549][559]LogModuleManager: Shutting down and abandoning module LocationServicesBPLibrary (290)
[2018.12.09-21.26.15:549][559]LogModuleManager: Shutting down and abandoning module ImmediatePhysicsEditor (288)
[2018.12.09-21.26.15:549][559]LogModuleManager: Shutting down and abandoning module ImmediatePhysics (286)
[2018.12.09-21.26.15:549][559]LogModuleManager: Shutting down and abandoning module ActorSequence (284)
[2018.12.09-21.26.15:549][559]LogModuleManager: Shutting down and abandoning module UdpMessaging (282)
[2018.12.09-21.26.15:650][559]LogModuleManager: Shutting down and abandoning module TcpMessaging (280)
[2018.12.09-21.26.15:750][559]LogModuleManager: Shutting down and abandoning module MagicLeapAudio (278)
[2018.12.09-21.26.15:750][559]LogModuleManager: Shutting down and abandoning module GameplayTagsEditor (276)
[2018.12.09-21.26.15:752][559]LogModuleManager: Shutting down and abandoning module FacialAnimationEditor (274)
[2018.12.09-21.26.15:752][559]LogModuleManager: Shutting down and abandoning module FacialAnimation (272)
[2018.12.09-21.26.15:752][559]LogModuleManager: Shutting down and abandoning module DataValidation (270)
[2018.12.09-21.26.15:752][559]LogModuleManager: Shutting down and abandoning module AssetManagerEditor (268)
[2018.12.09-21.26.15:753][559]LogModuleManager: Shutting down and abandoning module LevelEditor (267)
[2018.12.09-21.26.15:753][559]LogModuleManager: Shutting down and abandoning module PixelInspectorModule (266)
[2018.12.09-21.26.15:754][559]LogModuleManager: Shutting down and abandoning module CommonMenuExtensions (264)
[2018.12.09-21.26.15:754][559]LogModuleManager: Shutting down and abandoning module MainFrame (262)
[2018.12.09-21.26.15:754][559]LogModuleManager: Shutting down and abandoning module HotReload (261)
[2018.12.09-21.26.15:754][559]LogModuleManager: Shutting down and abandoning module ContentBrowser (257)
[2018.12.09-21.26.15:755][559]LogModuleManager: Shutting down and abandoning module TreeMap (255)
[2018.12.09-21.26.15:755][559]LogModuleManager: Shutting down and abandoning module LightPropagationVolumeRuntime (252)
[2018.12.09-21.26.15:755][559]LogModuleManager: Shutting down and abandoning module AISupportModule (250)
[2018.12.09-21.26.15:755][559]LogModuleManager: Shutting down and abandoning module Paper2D (248)
[2018.12.09-21.26.15:755][559]LogModuleManager: Shutting down and abandoning module WindowsMoviePlayer (246)
[2018.12.09-21.26.15:755][559]LogModuleManager: Shutting down and abandoning module WmfMedia (244)
[2018.12.09-21.26.15:756][559]LogModuleManager: Shutting down and abandoning module Media (243)
[2018.12.09-21.26.15:762][559]LogModuleManager: Shutting down and abandoning module PacketHandler (240)
[2018.12.09-21.26.15:762][559]LogModuleManager: Shutting down and abandoning module ClothingSystemEditor (238)
[2018.12.09-21.26.15:762][559]LogModuleManager: Shutting down and abandoning module ClothingSystemRuntime (236)
[2018.12.09-21.26.15:762][559]LogModuleManager: Shutting down and abandoning module MediaAssets (234)
[2018.12.09-21.26.15:762][559]LogModuleManager: Shutting down and abandoning module Overlay (232)
[2018.12.09-21.26.15:762][559]LogModuleManager: Shutting down and abandoning module OverlayEditor (231)
[2018.12.09-21.26.15:762][559]LogModuleManager: Shutting down and abandoning module VREditor (228)
[2018.12.09-21.26.15:763][559]LogModuleManager: Shutting down and abandoning module StringTableEditor (226)
[2018.12.09-21.26.15:763][559]LogModuleManager: Shutting down and abandoning module GameplayTasksEditor (224)
[2018.12.09-21.26.15:763][559]LogModuleManager: Shutting down and abandoning module BehaviorTreeEditor (222)
[2018.12.09-21.26.15:763][559]LogModuleManager: Shutting down and abandoning module FunctionalTesting (220)
[2018.12.09-21.26.15:763][559]LogModuleManager: Shutting down and abandoning module CollisionAnalyzer (218)
[2018.12.09-21.26.15:763][559]LogModuleManager: Shutting down and abandoning module WorkspaceMenuStructure (217)
[2018.12.09-21.26.15:763][559]LogModuleManager: Shutting down and abandoning module UMG (214)
[2018.12.09-21.26.15:763][559]LogModuleManager: Shutting down and abandoning module UMGEditor (213)
[2018.12.09-21.26.15:763][559]LogModuleManager: Shutting down and abandoning module Sequencer (212)
[2018.12.09-21.26.15:763][559]LogModuleManager: Shutting down and abandoning module MessageLog (209)
[2018.12.09-21.26.15:764][559]LogModuleManager: Shutting down and abandoning module SlateReflector (204)
[2018.12.09-21.26.15:764][559]LogModuleManager: Shutting down and abandoning module Slate (202)
[2018.12.09-21.26.15:764][559]LogModuleManager: Shutting down and abandoning module EditorStyle (200)
[2018.12.09-21.26.15:765][559]LogModuleManager: Shutting down and abandoning module MRMesh (198)
[2018.12.09-21.26.15:765][559]LogModuleManager: Shutting down and abandoning module SourceCodeAccess (196)
[2018.12.09-21.26.15:765][559]LogModuleManager: Shutting down and abandoning module HeadMountedDisplay (194)
[2018.12.09-21.26.15:765][559]LogModuleManager: Shutting down and abandoning module XAudio2 (192)
[2018.12.09-21.26.15:765][559]LogModuleManager: Shutting down and abandoning module Networking (190)
[2018.12.09-21.26.15:765][559]LogModuleManager: Shutting down and abandoning module Core (188)
[2018.12.09-21.26.15:765][559]LogModuleManager: Shutting down and abandoning module LevelSequence (186)
[2018.12.09-21.26.15:765][559]LogModuleManager: Shutting down and abandoning module KismetCompiler (184)
[2018.12.09-21.26.15:765][559]LogModuleManager: Shutting down and abandoning module MeshUtilities (182)
[2018.12.09-21.26.15:765][559]LogModuleManager: Shutting down and abandoning module MeshMergeUtilities (181)
[2018.12.09-21.26.15:765][559]LogModuleManager: Shutting down and abandoning module MeshReductionInterface (180)
[2018.12.09-21.26.15:765][559]LogModuleManager: Shutting down and abandoning module SimplygonSwarm (179)
[2018.12.09-21.26.15:765][559]LogModuleManager: Shutting down and abandoning module ProxyLODMeshReduction (177)
[2018.12.09-21.26.15:766][559]LogModuleManager: Shutting down and abandoning module SimplygonMeshReduction (175)
[2018.12.09-21.26.15:766][559]LogModuleManager: Shutting down and abandoning module QuadricMeshReduction (173)
[2018.12.09-21.26.15:766][559]LogModuleManager: Shutting down and abandoning module MaterialBaking (169)
[2018.12.09-21.26.15:766][559]LogModuleManager: Shutting down and abandoning module DirectoryWatcher (165)
[2018.12.09-21.26.15:766][559]LogModuleManager: Shutting down and abandoning module DerivedDataCache (162)
[2018.12.09-21.26.15:822][559]LogDerivedDataCache: Shutdown
[2018.12.09-21.26.15:822][559]LogModuleManager: Shutting down and abandoning module XGEController (160)
[2018.12.09-21.26.15:822][559]LogXGEController: Cleaning working directory: C:/Users/Cindy Chiu/AppData/Local/Temp/UnrealXGEWorkingDir/
[2018.12.09-21.26.15:822][559]LogModuleManager: Shutting down and abandoning module TargetPlatform (158)
[2018.12.09-21.26.15:822][559]LogModuleManager: Shutting down and abandoning module VulkanShaderFormat (157)
[2018.12.09-21.26.15:822][559]LogModuleManager: Shutting down and abandoning module ShaderFormatVectorVM (155)
[2018.12.09-21.26.15:822][559]LogModuleManager: Shutting down and abandoning module ShaderFormatOpenGL (153)
[2018.12.09-21.26.15:823][559]LogModuleManager: Shutting down and abandoning module ShaderFormatD3D (151)
[2018.12.09-21.26.15:823][559]LogModuleManager: Shutting down and abandoning module MetalShaderFormat (149)
[2018.12.09-21.26.15:823][559]LogModuleManager: Shutting down and abandoning module TextureFormatUncompressed (147)
[2018.12.09-21.26.15:823][559]LogModuleManager: Shutting down and abandoning module TextureFormatPVR (145)
[2018.12.09-21.26.15:823][559]LogModuleManager: Shutting down and abandoning module TextureFormatDXT (143)
[2018.12.09-21.26.15:823][559]LogModuleManager: Shutting down and abandoning module TextureFormatIntelISPCTexComp (141)
[2018.12.09-21.26.15:823][559]LogModuleManager: Shutting down and abandoning module TextureFormatASTC (139)
[2018.12.09-21.26.15:823][559]LogModuleManager: Shutting down and abandoning module ImageWrapper (138)
[2018.12.09-21.26.15:823][559]LogModuleManager: Shutting down and abandoning module TextureFormatAndroid (135)
[2018.12.09-21.26.15:823][559]LogModuleManager: Shutting down and abandoning module AudioFormatOpus (133)
[2018.12.09-21.26.15:823][559]LogModuleManager: Shutting down and abandoning module AudioFormatOgg (131)
[2018.12.09-21.26.15:823][559]LogModuleManager: Shutting down and abandoning module AudioFormatADPCM (129)
[2018.12.09-21.26.15:823][559]LogModuleManager: Shutting down and abandoning module LuminTargetPlatform (127)
[2018.12.09-21.26.15:823][559]LogModuleManager: Shutting down and abandoning module LinuxTargetPlatform (125)
[2018.12.09-21.26.15:823][559]LogModuleManager: Shutting down and abandoning module LinuxServerTargetPlatform (123)
[2018.12.09-21.26.15:823][559]LogModuleManager: Shutting down and abandoning module LinuxNoEditorTargetPlatform (121)
[2018.12.09-21.26.15:823][559]LogModuleManager: Shutting down and abandoning module LinuxClientTargetPlatform (119)
[2018.12.09-21.26.15:823][559]LogModuleManager: Shutting down and abandoning module TVOSTargetPlatform (117)
[2018.12.09-21.26.15:824][559]LogModuleManager: Shutting down and abandoning module Messaging (115)
[2018.12.09-21.26.15:824][559]LogModuleManager: Shutting down and abandoning module IOSTargetPlatform (113)
[2018.12.09-21.26.15:825][559]LogModuleManager: Shutting down and abandoning module HTML5TargetPlatform (111)
[2018.12.09-21.26.15:825][559]LogModuleManager: Shutting down and abandoning module AndroidTargetPlatform (109)
[2018.12.09-21.26.15:830][559]LogModuleManager: Shutting down and abandoning module WindowsTargetPlatform (107)
[2018.12.09-21.26.15:830][559]LogModuleManager: Shutting down and abandoning module WindowsServerTargetPlatform (105)
[2018.12.09-21.26.15:830][559]LogModuleManager: Shutting down and abandoning module WindowsNoEditorTargetPlatform (103)
[2018.12.09-21.26.15:830][559]LogModuleManager: Shutting down and abandoning module WindowsClientTargetPlatform (101)
[2018.12.09-21.26.15:830][559]LogModuleManager: Shutting down and abandoning module MacTargetPlatform (99)
[2018.12.09-21.26.15:830][559]LogModuleManager: Shutting down and abandoning module MacServerTargetPlatform (97)
[2018.12.09-21.26.15:831][559]LogModuleManager: Shutting down and abandoning module MacNoEditorTargetPlatform (95)
[2018.12.09-21.26.15:831][559]LogModuleManager: Shutting down and abandoning module MacClientTargetPlatform (93)
[2018.12.09-21.26.15:831][559]LogModuleManager: Shutting down and abandoning module AllDesktopTargetPlatform (91)
[2018.12.09-21.26.15:831][559]LogModuleManager: Shutting down and abandoning module InputCore (88)
[2018.12.09-21.26.15:831][559]LogModuleManager: Shutting down and abandoning module Settings (86)
[2018.12.09-21.26.15:831][559]LogModuleManager: Shutting down and abandoning module PhysXCooking (84)
[2018.12.09-21.26.15:831][559]LogModuleManager: Shutting down and abandoning module SteamVR (82)
[2018.12.09-21.26.15:831][559]LogModuleManager: Shutting down and abandoning module OculusHMD (80)
[2018.12.09-21.26.15:831][559]LogModuleManager: Shutting down and abandoning module ExampleDeviceProfileSelector (78)
[2018.12.09-21.26.15:831][559]LogModuleManager: Shutting down and abandoning module LauncherChunkInstaller (76)
[2018.12.09-21.26.15:831][559]LogModuleManager: Shutting down and abandoning module OnlineBlueprintSupport (74)
[2018.12.09-21.26.15:831][559]LogModuleManager: Shutting down and abandoning module OnlineSubsystem (70)
[2018.12.09-21.26.15:831][559]LogModuleManager: Shutting down and abandoning module XMPP (65)
[2018.12.09-21.26.15:832][559]LogModuleManager: Shutting down and abandoning module WebSockets (64)
[2018.12.09-21.26.15:856][559]LogModuleManager: Shutting down and abandoning module HTTP (61)
[2018.12.09-21.26.15:856][559]LogHttp: Display: Http module shutting down, but needs to wait on 1 outstanding Http requests:
[2018.12.09-21.26.15:856][559]LogHttp: Display: 	verb=[POST] url=[https://datarouter.ol.epicgames.com/datarouter/api/v1/public/data?SessionID=%7B58208100-4394-8192-3F2C-6091DDB40E5B%7D&AppID=UEEditor.Rocket.Release&AppVersion=4.20.3-4369336%2B%2B%2BUE4%2BRelease-4.20&UserID=442ad2b344cac435d24318a2d6847fdb%7C86b6ae209afd4afba3857a84ef1c03f5%7C89054d2f-0aac-49bd-82c0-049f9a8bca74&AppEnvironment=datacollector-binary&UploadType=eteventstream] status=Processing
[2018.12.09-21.26.15:881][559]LogModuleManager: Shutting down and abandoning module SSL (60)
[2018.12.09-21.26.15:882][559]LogModuleManager: Shutting down and abandoning module MagicLeapEmulator (56)
[2018.12.09-21.26.15:882][559]LogModuleManager: Shutting down and abandoning module MagicLeapPrivileges (54)
[2018.12.09-21.26.15:882][559]LogModuleManager: Shutting down and abandoning module MagicLeapIdentity (52)
[2018.12.09-21.26.15:882][559]LogModuleManager: Shutting down and abandoning module MagicLeapHelperVulkan (50)
[2018.12.09-21.26.15:882][559]LogModuleManager: Shutting down and abandoning module MagicLeapHelperOpenGL (48)
[2018.12.09-21.26.15:882][559]LogModuleManager: Shutting down and abandoning module MagicLeapSecureStorage (46)
[2018.12.09-21.26.15:882][559]LogModuleManager: Shutting down and abandoning module MagicLeapGestures (44)
[2018.12.09-21.26.15:882][559]LogModuleManager: Shutting down and abandoning module MagicLeapEyeTracker (42)
[2018.12.09-21.26.15:882][559]LogModuleManager: Shutting down and abandoning module MagicLeapController (40)
[2018.12.09-21.26.15:882][559]LogSlate: Slate User Destroyed.  User Index 0, Is Virtual User: 0
[2018.12.09-21.26.15:882][559]LogModuleManager: Shutting down and abandoning module MagicLeap (38)
[2018.12.09-21.26.15:882][559]LogModuleManager: Shutting down and abandoning module AnimationModifiers (36)
[2018.12.09-21.26.15:883][559]LogModuleManager: Shutting down and abandoning module PropertyEditor (35)
[2018.12.09-21.26.15:883][559]LogModuleManager: Shutting down and abandoning module AudioEditor (32)
[2018.12.09-21.26.15:883][559]LogModuleManager: Shutting down and abandoning module TextureCompressor (30)
[2018.12.09-21.26.15:883][559]LogModuleManager: Shutting down and abandoning module ShaderCore (28)
[2018.12.09-21.26.15:883][559]LogModuleManager: Shutting down and abandoning module Landscape (26)
[2018.12.09-21.26.15:883][559]LogModuleManager: Shutting down and abandoning module SlateRHIRenderer (24)
[2018.12.09-21.26.15:883][559]LogModuleManager: Shutting down and abandoning module OpenGLDrv (22)
[2018.12.09-21.26.15:884][559]LogModuleManager: Shutting down and abandoning module D3D11RHI (20)
[2018.12.09-21.26.15:884][559]LogModuleManager: Shutting down and abandoning module AnimGraphRuntime (18)
[2018.12.09-21.26.15:884][559]LogModuleManager: Shutting down and abandoning module Renderer (16)
[2018.12.09-21.26.15:884][559]LogModuleManager: Shutting down and abandoning module Engine (14)
[2018.12.09-21.26.15:884][559]LogModuleManager: Shutting down and abandoning module CoreUObject (12)
[2018.12.09-21.26.15:884][559]LogModuleManager: Shutting down and abandoning module NetworkFile (10)
[2018.12.09-21.26.15:884][559]LogModuleManager: Shutting down and abandoning module CookedIterativeFile (8)
[2018.12.09-21.26.15:884][559]LogModuleManager: Shutting down and abandoning module StreamingFile (6)
[2018.12.09-21.26.15:884][559]LogModuleManager: Shutting down and abandoning module SandboxFile (4)
[2018.12.09-21.26.15:884][559]LogModuleManager: Shutting down and abandoning module PakFile (2)
[2018.12.09-21.26.15:892][559]LogExit: Exiting.
[2018.12.09-21.26.15:913][559]Log file closed, 12/09/18 13:26:15
