Log file open, 09/28/18 13:45:04
LogWindows: Failed to load 'aqProf.dll' (GetLastError=126)
LogWindows: File 'aqProf.dll' does not exist
LogWindows: Failed to load 'VtuneApi.dll' (GetLastError=126)
LogWindows: File 'VtuneApi.dll' does not exist
LogWindows: Failed to load 'VtuneApi32e.dll' (GetLastError=126)
LogWindows: File 'VtuneApi32e.dll' does not exist
LogInit: Display: Running engine for game: Holodeck2
LogPlatformFile: Not using cached read wrapper
LogTaskGraph: Started task graph with 5 named threads and 35 total threads with 3 sets of task threads.
LogStats: Stats thread started at 0.400979
LogD3D11RHI: Loaded GFSDK_Aftermath_Lib.x64.dll
LogICUInternationalization: Display: ICU TimeZone Detection - Raw Offset: -8:00, Platform Override: ''
LogPluginManager: Mounting plugin Paper2D
LogPluginManager: Mounting plugin AISupport
LogPluginManager: Mounting plugin LightPropagationVolume
LogPluginManager: Mounting plugin CLionSourceCodeAccess
LogPluginManager: Mounting plugin CodeLiteSourceCodeAccess
LogPluginManager: Mounting plugin GitSourceControl
LogPluginManager: Mounting plugin KDevelopSourceCodeAccess
LogPluginManager: Mounting plugin NullSourceCodeAccess
LogPluginManager: Mounting plugin PerforceSourceControl
LogPluginManager: Mounting plugin SubversionSourceControl
LogPluginManager: Mounting plugin UObjectPlugin
LogPluginManager: Mounting plugin VisualStudioCodeSourceCodeAccess
LogPluginManager: Mounting plugin VisualStudioSourceCodeAccess
LogPluginManager: Mounting plugin XCodeSourceCodeAccess
LogPluginManager: Mounting plugin AssetManagerEditor
LogPluginManager: Mounting plugin CryptoKeys
LogPluginManager: Mounting plugin DataValidation
LogPluginManager: Mounting plugin FacialAnimation
LogPluginManager: Mounting plugin GameplayTagsEditor
LogPluginManager: Mounting plugin MacGraphicsSwitching
LogPluginManager: Mounting plugin MeshEditor
LogPluginManager: Mounting plugin MobileLauncherProfileWizard
LogPluginManager: Mounting plugin PluginBrowser
LogPluginManager: Mounting plugin SpeedTreeImporter
LogPluginManager: Mounting plugin DatasmithContent
LogPluginManager: Mounting plugin AlembicImporter
LogPluginManager: Mounting plugin AppleImageUtils
LogPluginManager: Mounting plugin AppleVision
LogPluginManager: Mounting plugin BackChannel
LogPluginManager: Mounting plugin CharacterAI
LogPluginManager: Mounting plugin GeometryCache
LogPluginManager: Mounting plugin HTML5Networking
LogPluginManager: Mounting plugin ProxyLODPlugin
LogPluginManager: Mounting plugin MagicLeap
LogPluginManager: Mounting plugin MagicLeapEmulator
LogPluginManager: Mounting plugin MagicLeapMedia
LogPluginManager: Mounting plugin AndroidMedia
LogPluginManager: Mounting plugin AvfMedia
LogPluginManager: Mounting plugin ImgMedia
LogPluginManager: Mounting plugin LinearTimecode
LogPluginManager: Mounting plugin MediaCompositing
LogPluginManager: Mounting plugin MediaPlayerEditor
LogPluginManager: Mounting plugin WmfMedia
LogPluginManager: Mounting plugin TcpMessaging
LogPluginManager: Mounting plugin UdpMessaging
LogPluginManager: Mounting plugin ActorSequence
LogPluginManager: Mounting plugin LevelSequenceEditor
LogPluginManager: Mounting plugin MatineeToLevelSequence
LogPluginManager: Mounting plugin NetcodeUnitTest
LogPluginManager: Mounting plugin NUTUnrealEngine4
LogPluginManager: Mounting plugin OnlineSubsystemGooglePlay
LogPluginManager: Mounting plugin OnlineSubsystemIOS
LogPluginManager: Mounting plugin OnlineSubsystem
LogPluginManager: Mounting plugin OnlineSubsystemNull
LogPluginManager: Mounting plugin OnlineSubsystemUtils
LogPluginManager: Mounting plugin LauncherChunkInstaller
LogPluginManager: Mounting plugin AndroidDeviceProfileSelector
LogPluginManager: Mounting plugin AndroidMoviePlayer
LogPluginManager: Mounting plugin AndroidPermission
LogPluginManager: Mounting plugin AppleMoviePlayer
LogPluginManager: Mounting plugin ArchVisCharacter
LogPluginManager: Mounting plugin AudioCapture
LogPluginManager: Mounting plugin CableComponent
LogPluginManager: Mounting plugin CustomMeshComponent
LogPluginManager: Mounting plugin EditableMesh
LogPluginManager: Mounting plugin ExampleDeviceProfileSelector
LogPluginManager: Mounting plugin GoogleCloudMessaging
LogPluginManager: Mounting plugin ImmediatePhysics
LogPluginManager: Mounting plugin IOSDeviceProfileSelector
LogPluginManager: Mounting plugin LinuxDeviceProfileSelector
LogPluginManager: Mounting plugin LocationServicesBPLibrary
LogPluginManager: Mounting plugin MobilePatchingUtils
LogPluginManager: Mounting plugin OculusVR
LogPluginManager: Plugin shader directory ../../../Engine/Plugins/Runtime/Oculus/OculusVR/Shaders found
LogPluginManager: Mapping shader source directory ../../../Engine/Plugins/Runtime/Oculus/OculusVR/Shaders to virtual directory /Plugin/OculusVR
LogPluginManager: Mounting plugin PhysXVehicles
LogPluginManager: Mounting plugin ProceduralMeshComponent
LogPluginManager: Mounting plugin RuntimePhysXCooking
LogPluginManager: Mounting plugin SteamVR
LogPluginManager: Mounting plugin WindowsMoviePlayer
LogPluginManager: Mounting plugin VRExpansionPlugin
LogStreaming: Display: Took  0.098s to configure plugins.
LogInit: Using libcurl 7.55.1-DEV
LogInit:  - built for x86_64-pc-win32
LogInit:  - supports SSL with OpenSSL/1.0.2h
LogInit:  - supports HTTP deflate (compression) using libz 1.2.8
LogInit:  - other features:
LogInit:      CURL_VERSION_SSL
LogInit:      CURL_VERSION_LIBZ
LogInit:      CURL_VERSION_IPV6
LogInit:      CURL_VERSION_ASYNCHDNS
LogInit:      CURL_VERSION_LARGEFILE
LogInit:      CURL_VERSION_IDN
LogInit:  CurlRequestOptions (configurable via config and command line):
LogInit:  - bVerifyPeer = false  - Libcurl will NOT verify peer certificate
LogInit:  - bUseHttpProxy = false  - Libcurl will NOT use HTTP proxy
LogInit:  - bDontReuseConnections = false  - Libcurl will reuse connections
LogInit:  - CertBundlePath = nullptr  - Libcurl will use whatever was configured at build time.
LogInit:  - MaxHostConnections = 16  - Libcurl will limit the number of connections to a host
LogInit:  - LocalHostAddr = Default
LogInit:  - BufferSize = 65536
LogInit: WinSock: version 1.1 (2.2), MaxSocks=32767, MaxUdp=65467
LogHMD: Failed initializing OVRPlugin 1.25.0
LogInit: Build: ++UE4+Release-4.20-CL-4369336
LogInit: Engine Version: 4.20.3-4369336+++UE4+Release-4.20
LogInit: Compatible Engine Version: 4.20.0-4212847+++UE4+Release-4.20
LogInit: Net CL: 4212847
LogInit: OS: Windows 10 (), CPU: Intel(R) Core(TM) i7-5930K CPU @ 3.50GHz, GPU: AMD Radeon (TM) R9 390 Series
LogInit: Compiled (64-bit): Sep 17 2018 12:26:19
LogInit: Compiled with Visual C++: 19.13.26129.00
LogInit: Build Configuration: Development
LogInit: Branch Name: ++UE4+Release-4.20
LogInit: Command Line:  
LogInit: Base Directory: E:/Unreal/UE_4.20/Engine/Binaries/Win64/
LogInit: Installed Engine Build: 1
LogDevObjectVersion: Number of dev versions registered: 20
LogDevObjectVersion:   Dev-Blueprints (B0D832E4-1F89-4F0D-ACCF-7EB736FD4AA2): 10
LogDevObjectVersion:   Dev-Build (E1C64328-A22C-4D53-A36C-8E866417BD8C): 0
LogDevObjectVersion:   Dev-Core (375EC13C-06E4-48FB-B500-84F0262A717E): 2
LogDevObjectVersion:   Dev-Editor (E4B068ED-F494-42E9-A231-DA0B2E46BB41): 24
LogDevObjectVersion:   Dev-Framework (CFFC743F-43B0-4480-9391-14DF171D2073): 34
LogDevObjectVersion:   Dev-Mobile (B02B49B5-BB20-44E9-A304-32B752E40360): 2
LogDevObjectVersion:   Dev-Networking (A4E4105C-59A1-49B5-A7C5-40C4547EDFEE): 0
LogDevObjectVersion:   Dev-Online (39C831C9-5AE6-47DC-9A44-9C173E1C8E7C): 0
LogDevObjectVersion:   Dev-Physics (78F01B33-EBEA-4F98-B9B4-84EACCB95AA2): 0
LogDevObjectVersion:   Dev-Platform (6631380F-2D4D-43E0-8009-CF276956A95A): 0
LogDevObjectVersion:   Dev-Rendering (12F88B9F-8875-4AFC-A67C-D90C383ABD29): 26
LogDevObjectVersion:   Dev-Sequencer (7B5AE74C-D270-4C10-A958-57980B212A5A): 9
LogDevObjectVersion:   Dev-VR (D7296918-1DD6-4BDD-9DE2-64A83CC13884): 2
LogDevObjectVersion:   Dev-LoadTimes (C2A15278-BFE7-4AFE-6C17-90FF531DF755): 1
LogDevObjectVersion:   Private-Geometry (6EACA3D4-40EC-4CC1-B786-8BED09428FC5): 3
LogDevObjectVersion:   Dev-AnimPhys (29E575DD-E0A3-4627-9D10-D276232CDCEA): 17
LogDevObjectVersion:   Dev-ReflectionCapture (6B266CEC-1EC7-4B8F-A30B-E4D90942FC07): 1
LogDevObjectVersion:   Dev-Automation (0DF73D61-A23F-47EA-B727-89E90C41499A): 1
LogDevObjectVersion:   FortniteMain (601D1886-AC64-4F84-AA16-D3DE0DEAC7D6): 12
LogDevObjectVersion:   Dev-Enterprise (9DFFBCD6-494F-0158-E221-12823C92A888): 1
LogStreaming: Display: Took  0.000s to delete old logs.
LogInit: Presizing for max 8388607 objects, including 0 objects not considered by GC, pre-allocating 0 bytes for permanent pool.
LogInit: Object subsystem initialized
[2018.09.28-20.45.05:619][  0]LogInit: Selected Device Profile: [Windows]
[2018.09.28-20.45.05:619][  0]LogInit: Applying CVar settings loaded from the selected device profile: [Windows]
[2018.09.28-20.45.05:630][  0]LogHAL: Display: Platform has ~ 16 GB [17070399488 / 17179869184 / 16], which maps to Larger [LargestMinGB=32, LargerMinGB=12, DefaultMinGB=8, SmallerMinGB=6, SmallestMinGB=0)
[2018.09.28-20.45.05:630][  0]LogInit: Setting Device Profile CVar: [[r.Vulkan.UseRealUBs:1]]
[2018.09.28-20.45.05:630][  0]LogInit: Going up to parent DeviceProfile []
[2018.09.28-20.45.05:631][  0]LogInit: Computer: CAPTAINARCHER
[2018.09.28-20.45.05:631][  0]LogInit: User: ENDER
[2018.09.28-20.45.05:631][  0]LogInit: CPU Page size=4096, Cores=6
[2018.09.28-20.45.05:631][  0]LogInit: High frequency timer resolution =3.417968 MHz
[2018.09.28-20.45.05:631][  0]LogMemory: Memory total: Physical=15.9GB (16GB approx)
[2018.09.28-20.45.05:631][  0]LogMemory: Platform Memory Stats for Windows
[2018.09.28-20.45.05:631][  0]LogMemory: Process Physical Memory: 104.82 MB used, 104.82 MB peak
[2018.09.28-20.45.05:631][  0]LogMemory: Process Virtual Memory: 97.34 MB used, 97.34 MB peak
[2018.09.28-20.45.05:631][  0]LogMemory: Physical Memory: 5875.11 MB used,  10404.49 MB free, 16279.60 MB total
[2018.09.28-20.45.05:631][  0]LogMemory: Virtual Memory: 4675.52 MB used,  10404.49 MB free, 134217728.00 MB total
[2018.09.28-20.45.05:644][  0]LogInit: Using OS detected language (en-US).
[2018.09.28-20.45.05:644][  0]LogInit: Using OS detected locale (en-US).
[2018.09.28-20.45.05:644][  0]LogTextLocalizationManager: No specific localization for 'en-US' exists, so the 'en' localization will be used.
[2018.09.28-20.45.05:974][  0]LogStreaming: Display: Took  0.330s to InitEngineTextLocalization.
[2018.09.28-20.45.05:974][  0]LogInit: Setting process to per monitor DPI aware
[2018.09.28-20.45.06:019][  0]LogSlate: New Slate User Created.  User Index 0, Is Virtual User: 0
[2018.09.28-20.45.06:019][  0]LogSlate: Slate User Registered.  User Index 0, Is Virtual User: 0
[2018.09.28-20.45.06:185][  0]LogHMD: Failed to initialize OpenVR with code 110
[2018.09.28-20.45.06:185][  0]LogD3D11RHI: D3D11 adapters:
[2018.09.28-20.45.06:217][  0]LogD3D11RHI:    0. 'AMD Radeon (TM) R9 390 Series' (Feature Level 11_0)
[2018.09.28-20.45.06:217][  0]LogD3D11RHI:       8168/0/8139 MB DedicatedVideo/DedicatedSystem/SharedSystem, Outputs:2, VendorId:0x1002
[2018.09.28-20.45.06:218][  0]LogD3D11RHI:    1. 'Microsoft Basic Render Driver' (Feature Level 11_0)
[2018.09.28-20.45.06:218][  0]LogD3D11RHI:       0/0/8139 MB DedicatedVideo/DedicatedSystem/SharedSystem, Outputs:0, VendorId:0x1414
[2018.09.28-20.45.06:218][  0]LogD3D11RHI: Chosen D3D11 Adapter: 0
[2018.09.28-20.45.06:223][  0]LogD3D11RHI: Creating new Direct3DDevice
[2018.09.28-20.45.06:223][  0]LogD3D11RHI:     GPU DeviceId: 0x67b1 (for the marketing name, search the web for "GPU Device Id")
[2018.09.28-20.45.06:223][  0]LogWindows: EnumDisplayDevices:
[2018.09.28-20.45.06:223][  0]LogWindows:    0. 'AMD Radeon (TM) R9 390 Series' (P:1 D:1)
[2018.09.28-20.45.06:223][  0]LogWindows:    1. 'AMD Radeon (TM) R9 390 Series' (P:0 D:1)
[2018.09.28-20.45.06:223][  0]LogWindows:    2. 'AMD Radeon (TM) R9 390 Series' (P:0 D:0)
[2018.09.28-20.45.06:224][  0]LogWindows:    3. 'AMD Radeon (TM) R9 390 Series' (P:0 D:0)
[2018.09.28-20.45.06:224][  0]LogWindows:    4. 'AMD Radeon (TM) R9 390 Series' (P:0 D:0)
[2018.09.28-20.45.06:224][  0]LogWindows:    5. 'AMD Radeon (TM) R9 390 Series' (P:0 D:0)
[2018.09.28-20.45.06:224][  0]LogWindows:    6. 'AMD Radeon (TM) R9 390 Series' (P:0 D:0)
[2018.09.28-20.45.06:225][  0]LogWindows:    7. 'AMD Radeon (TM) R9 390 Series' (P:0 D:0)
[2018.09.28-20.45.06:225][  0]LogWindows:    8. 'AMD Radeon (TM) R9 390 Series' (P:0 D:0)
[2018.09.28-20.45.06:225][  0]LogWindows:    9. 'AMD Radeon (TM) R9 390 Series' (P:0 D:0)
[2018.09.28-20.45.06:225][  0]LogWindows:    10. 'AMD Radeon (TM) R9 390 Series' (P:0 D:0)
[2018.09.28-20.45.06:225][  0]LogWindows:    11. 'AMD Radeon (TM) R9 390 Series' (P:0 D:0)
[2018.09.28-20.45.06:226][  0]LogWindows:    12. 'AMD Radeon (TM) R9 390 Series' (P:0 D:0)
[2018.09.28-20.45.06:226][  0]LogWindows:    13. 'AMD Radeon (TM) R9 390 Series' (P:0 D:0)
[2018.09.28-20.45.06:226][  0]LogWindows:    14. 'AMD Radeon (TM) R9 390 Series' (P:0 D:0)
[2018.09.28-20.45.06:226][  0]LogWindows:    15. 'AMD Radeon (TM) R9 390 Series' (P:0 D:0)
[2018.09.28-20.45.06:227][  0]LogWindows: DebugString: FoundDriverCount:16 
[2018.09.28-20.45.06:227][  0]LogD3D11RHI:     Adapter Name: AMD Radeon (TM) R9 390 Series
[2018.09.28-20.45.06:227][  0]LogD3D11RHI:   Driver Version: Adrenalin 18.5.2 (internal:24.20.11019.1004, unified:24.20.11019.1004)
[2018.09.28-20.45.06:227][  0]LogD3D11RHI:      Driver Date: 5-29-2018
[2018.09.28-20.45.06:227][  0]LogRHI: Texture pool is 5717 MB (70% of 8168 MB)
[2018.09.28-20.45.06:274][  0]LogD3D11RHI: Async texture creation enabled
[2018.09.28-20.45.06:285][  0]LogD3D11RHI: GPU Timing Frequency: 27.000000 (Debug: 2 1)
[2018.09.28-20.45.06:286][  0]LogShaderCompilers: Guid format shader working directory is 14 characters bigger than the processId version (D:/GitHub/PhaserRange/Holodeck2/Intermediate/Shaders/WorkingDirectory/10960/).
[2018.09.28-20.45.06:286][  0]LogShaderCompilers: Cleaned the shader compiler working directory 'C:/Users/ENDER/AppData/Local/Temp/UnrealShaderWorkingDir/7F69C5D4410A4425F0E6E6AF64C1A0DD/'.
[2018.09.28-20.45.06:526][  0]LogTemp: Display: Loaded TP AllDesktopTargetPlatform
[2018.09.28-20.45.06:537][  0]LogTemp: Display: Loaded TP MacClientTargetPlatform
[2018.09.28-20.45.06:548][  0]LogTemp: Display: Loaded TP MacNoEditorTargetPlatform
[2018.09.28-20.45.06:559][  0]LogTemp: Display: Loaded TP MacServerTargetPlatform
[2018.09.28-20.45.06:571][  0]LogTemp: Display: Loaded TP MacTargetPlatform
[2018.09.28-20.45.06:582][  0]LogTemp: Display: Loaded TP WindowsClientTargetPlatform
[2018.09.28-20.45.06:594][  0]LogTemp: Display: Loaded TP WindowsNoEditorTargetPlatform
[2018.09.28-20.45.06:604][  0]LogTemp: Display: Loaded TP WindowsServerTargetPlatform
[2018.09.28-20.45.06:610][  0]LogTemp: Display: Loaded TP WindowsTargetPlatform
[2018.09.28-20.45.06:675][  0]LogTemp: Display: Loaded TP AndroidTargetPlatform
[2018.09.28-20.45.06:675][  0]LogTemp: Display: Loaded TP AndroidTargetPlatform
[2018.09.28-20.45.06:675][  0]LogTemp: Display: Loaded TP AndroidTargetPlatform
[2018.09.28-20.45.06:675][  0]LogTemp: Display: Loaded TP AndroidTargetPlatform
[2018.09.28-20.45.06:675][  0]LogTemp: Display: Loaded TP AndroidTargetPlatform
[2018.09.28-20.45.06:675][  0]LogTemp: Display: Loaded TP AndroidTargetPlatform
[2018.09.28-20.45.06:675][  0]LogTemp: Display: Loaded TP AndroidTargetPlatform
[2018.09.28-20.45.06:675][  0]LogTemp: Display: Loaded TP AndroidTargetPlatform
[2018.09.28-20.45.06:675][  0]LogTemp: Display: Loaded TP AndroidTargetPlatform
[2018.09.28-20.45.06:675][  0]LogTemp: Display: Loaded TP AndroidTargetPlatform
[2018.09.28-20.45.06:675][  0]LogTemp: Display: Loaded TP AndroidTargetPlatform
[2018.09.28-20.45.06:675][  0]LogTemp: Display: Loaded TP AndroidTargetPlatform
[2018.09.28-20.45.06:675][  0]LogTemp: Display: Loaded TP AndroidTargetPlatform
[2018.09.28-20.45.06:675][  0]LogTemp: Display: Loaded TP AndroidTargetPlatform
[2018.09.28-20.45.06:675][  0]LogTemp: Display: Loaded TP AndroidTargetPlatform
[2018.09.28-20.45.06:675][  0]LogTemp: Display: Loaded TP AndroidTargetPlatform
[2018.09.28-20.45.06:675][  0]LogTemp: Display: Loaded TP AndroidTargetPlatform
[2018.09.28-20.45.06:675][  0]LogTemp: Display: Loaded TP AndroidTargetPlatform
[2018.09.28-20.45.06:676][  0]LogTemp: Display: Loaded TP HTML5TargetPlatform
[2018.09.28-20.45.06:733][  0]LogTemp: Display: Loaded TP IOSTargetPlatform
[2018.09.28-20.45.06:733][  0]LogTemp: Display: Loaded TP IOSTargetPlatform
[2018.09.28-20.45.06:754][  0]LogTemp: Display: Loaded TP TVOSTargetPlatform
[2018.09.28-20.45.06:754][  0]LogTemp: Display: Loaded TP TVOSTargetPlatform
[2018.09.28-20.45.06:765][  0]LogTemp: Display: Loaded TP LinuxClientTargetPlatform
[2018.09.28-20.45.06:776][  0]LogTemp: Display: Loaded TP LinuxNoEditorTargetPlatform
[2018.09.28-20.45.06:791][  0]LogTemp: Display: Loaded TP LinuxServerTargetPlatform
[2018.09.28-20.45.06:801][  0]LogTemp: Display: Loaded TP LinuxTargetPlatform
[2018.09.28-20.45.06:809][  0]LogTemp: Display: Loaded TP LuminTargetPlatform
[2018.09.28-20.45.06:809][  0]LogTargetPlatformManager: Display: Building Assets For Windows
[2018.09.28-20.45.06:852][  0]LogXGEController: Cleaning working directory: C:/Users/ENDER/AppData/Local/Temp/UnrealXGEWorkingDir/
[2018.09.28-20.45.06:852][  0]LogXGEController: Cannot use XGE Controller as Incredibuild is not installed on this machine.
[2018.09.28-20.45.06:852][  0]LogShaderCompilers: Cannot use XGE Shader Compiler as Incredibuild is not installed on this machine.
[2018.09.28-20.45.06:852][  0]LogShaderCompilers: Display: Using Local Shader Compiler.
[2018.09.28-20.45.07:476][  0]LogDerivedDataCache: Display: Max Cache Size: 512 MB
[2018.09.28-20.45.07:537][  0]LogDerivedDataCache: Loaded boot cache 0.06s 86MB C:/Users/ENDER/AppData/Local/UnrealEngine/4.20/DerivedDataCache/Boot.ddc.
[2018.09.28-20.45.07:538][  0]LogDerivedDataCache: Display: Loaded Boot cache: C:/Users/ENDER/AppData/Local/UnrealEngine/4.20/DerivedDataCache/Boot.ddc
[2018.09.28-20.45.07:538][  0]LogDerivedDataCache: FDerivedDataBackendGraph:  Pak pak cache file D:/GitHub/PhaserRange/Holodeck2/DerivedDataCache/DDC.ddp not found, will not use a pak cache.
[2018.09.28-20.45.07:538][  0]LogDerivedDataCache: Unable to find inner node Pak for hierarchical cache Hierarchy.
[2018.09.28-20.45.07:538][  0]LogDerivedDataCache: FDerivedDataBackendGraph:  CompressedPak pak cache file D:/GitHub/PhaserRange/Holodeck2/DerivedDataCache/Compressed.ddp not found, will not use a pak cache.
[2018.09.28-20.45.07:538][  0]LogDerivedDataCache: Unable to find inner node CompressedPak for hierarchical cache Hierarchy.
[2018.09.28-20.45.07:549][  0]LogDerivedDataCache: Display: Pak cache opened for reading ../../../Engine/DerivedDataCache/Compressed.ddp.
[2018.09.28-20.45.07:561][  0]LogDerivedDataCache: Using Local data cache path C:/Users/ENDER/AppData/Local/UnrealEngine/Common/DerivedDataCache: Writable
[2018.09.28-20.45.07:561][  0]LogDerivedDataCache: Shared data cache path not found in *engine.ini, will not use an Shared cache.
[2018.09.28-20.45.07:561][  0]LogDerivedDataCache: Unable to find inner node Shared for hierarchical cache Hierarchy.
[2018.09.28-20.45.07:578][  0]LogMaterial: Verifying Global Shaders for PCD3D_SM5
[2018.09.28-20.45.07:579][  0]LogSlate: Using FreeType 2.6.0
[2018.09.28-20.45.07:579][  0]LogSlate: SlateFontServices - WITH_FREETYPE: 1, WITH_HARFBUZZ: 1
[2018.09.28-20.45.07:643][  0]LogAssetRegistry: FAssetRegistry took 0.0256 seconds to start up
[2018.09.28-20.45.07:921][  0]LogInit: Selected Device Profile: [Windows]
[2018.09.28-20.45.08:036][  0]LogSimplygon: Simplygon DLL not present - disabling.
[2018.09.28-20.45.08:040][  0]LogMeshReduction: Using SimplygonSwarm for distributed automatic mesh merging
[2018.09.28-20.45.08:040][  0]LogMeshReduction: Using ProxyLODMeshReduction for automatic mesh merging
[2018.09.28-20.45.08:040][  0]LogMeshReduction: Using QuadricMeshReduction for automatic static mesh reduction
[2018.09.28-20.45.08:040][  0]LogMeshReduction: No automatic skeletal mesh reduction module available
[2018.09.28-20.45.08:069][  0]LogNetVersion: Holodeck2 1.0.0, NetCL: 4212847, EngineNetVer: 5, GameNetVer: 0 (Checksum: 3709674839)
[2018.09.28-20.45.08:499][  0]LogPackageLocalizationCache: Processed 11 localized package path(s) for 2 prioritized culture(s) in 0.078417 seconds
[2018.09.28-20.45.08:503][  0]LogUObjectArray: 38425 objects as part of root set at end of initial load.
[2018.09.28-20.45.08:503][  0]LogUObjectAllocator: 6690872 out of 0 bytes used by permanent object pool.
[2018.09.28-20.45.08:504][  0]LogUObjectArray: CloseDisregardForGC: 0/0 objects in disregard for GC pool
[2018.09.28-20.45.09:205][  0]LogTcpMessaging: Initializing TcpMessaging bridge
[2018.09.28-20.45.09:217][  0]LogUdpMessaging: Initializing bridge on interface 0.0.0.0:0 to multicast group 230.0.0.1:6666.
[2018.09.28-20.45.09:352][  0]SourceControl: Source control is disabled
[2018.09.28-20.45.09:352][  0]SourceControl: Source control is disabled
[2018.09.28-20.45.09:353][  0]SourceControl: Source control is disabled
[2018.09.28-20.45.09:354][  0]SourceControl: Source control is disabled
[2018.09.28-20.45.09:504][  0]LogAndroidPermission: UAndroidPermissionCallbackProxy::GetInstance
[2018.09.28-20.45.09:536][  0]LogOcInput: OculusInput pre-init called
[2018.09.28-20.45.09:627][  0]LogEngine: Initializing Engine...
[2018.09.28-20.45.09:627][  0]LogHMD: Failed to initialize OpenVR with code 110
[2018.09.28-20.45.09:628][  0]LogStats: UGameplayTagsManager::ConstructGameplayTagTree: ImportINI prefixes -  0.000 s
[2018.09.28-20.45.09:628][  0]LogStats: UGameplayTagsManager::ConstructGameplayTagTree: Construct from data asset -  0.000 s
[2018.09.28-20.45.09:629][  0]LogStats: UGameplayTagsManager::ConstructGameplayTagTree: ImportINI -  0.000 s
[2018.09.28-20.45.09:629][  0]LogStats: UGameplayTagsManager::ConstructGameplayTagTree: GameplayTagTreeChangedEvent.Broadcast -  0.000 s
[2018.09.28-20.45.09:812][  0]LogInit: Initializing FReadOnlyCVARCache
[2018.09.28-20.45.09:822][  0]LogAIModule: Creating AISystem for world Untitled
[2018.09.28-20.45.09:839][  0]LogInit: XAudio2 using 'Speakers (G533 Gaming Headset)' : 6 channels at 48 kHz using 16 bits per sample (channel mask 0x3f)
[2018.09.28-20.45.09:849][  0]LogInit: FAudioDevice initialized.
[2018.09.28-20.45.09:850][  0]LogNetVersion: Set ProjectVersion to 1.0.0.0. Version Checksum will be recalculated on next use.
[2018.09.28-20.45.09:922][  0]LogDerivedDataCache: Saved boot cache 0.07s 86MB C:/Users/ENDER/AppData/Local/UnrealEngine/4.20/DerivedDataCache/Boot.ddc.
[2018.09.28-20.45.09:937][  0]LogInit: Texture streaming: Enabled
[2018.09.28-20.45.09:950][  0]LogEngineSessionManager: EngineSessionManager initialized
[2018.09.28-20.45.09:963][  0]LogWindowsTextInputMethodSystem: Display: IME system now deactivated.
[2018.09.28-20.45.09:993][  0]LogInit: Transaction tracking system initialized
[2018.09.28-20.45.10:011][  0]BlueprintLog: New page: Editor Load
[2018.09.28-20.45.10:065][  0]LocalizationService: Localization service is disabled
[2018.09.28-20.45.10:119][  0]LogLinker: Warning: Can't find file '/Game/ThirdPersonBP/ThirdPersonOverview'
[2018.09.28-20.45.10:120][  0]LogLinker: Warning: Can't find file '/Game/ThirdPersonBP/ThirdPersonOverview'
[2018.09.28-20.45.10:120][  0]LogUObjectGlobals: Warning: Failed to find object 'Class /Game/ThirdPersonBP/ThirdPersonOverview.ThirdPersonOverview_C'
[2018.09.28-20.45.10:468][  0]LogCook: Display: Max memory allowance for cook 16384mb min free memory 0mb
[2018.09.28-20.45.10:468][  0]LogCook: Display: Mobile HDR setting 1
[2018.09.28-20.45.10:468][  0]LogGameplayTags: Display: UGameplayTagsManager::DoneAddingNativeTags. DelegateIsBound: 0
[2018.09.28-20.45.10:468][  0]LogStats: UGameplayTagsManager::ConstructGameplayTagTree: ImportINI prefixes -  0.000 s
[2018.09.28-20.45.10:468][  0]LogStats: UGameplayTagsManager::ConstructGameplayTagTree: Construct from data asset -  0.000 s
[2018.09.28-20.45.10:468][  0]LogStats: UGameplayTagsManager::ConstructGameplayTagTree: ImportINI -  0.000 s
[2018.09.28-20.45.10:468][  0]LogStats: UGameplayTagsManager::ConstructGameplayTagTree: GameplayTagTreeChangedEvent.Broadcast -  0.000 s
[2018.09.28-20.45.10:507][  0]LogFileCache: Scanning file cache for directory 'D:/GitHub/PhaserRange/Holodeck2/Content/' took 0.02s
[2018.09.28-20.45.10:563][  0]SourceControl: Source control is disabled
[2018.09.28-20.45.10:563][  0]Cmd: MAP LOAD FILE="D:/GitHub/PhaserRange/Holodeck2/Content/Holodeck/Level/Range.umap" TEMPLATE=0 SHOWPROGRESS=1 FEATURELEVEL=3
[2018.09.28-20.45.10:564][  0]LightingResults: New page: Lighting Build
[2018.09.28-20.45.10:565][  0]MapCheck: New page: Map Check
[2018.09.28-20.45.10:565][  0]LightingResults: New page: Lighting Build
[2018.09.28-20.45.10:990][  0]LogLinker: Warning: Can't find file '/Game/Holodeck/Level/Range_BuiltData'
[2018.09.28-20.45.10:991][  0]LogLinker: Warning: Can't find file for asset '/Game/Holodeck/Level/Range_BuiltData' while loading D:/GitHub/PhaserRange/Holodeck2/Content/Holodeck/Level/Range.umap.
[2018.09.28-20.45.10:991][  0]LoadErrors: Error: /Game/Holodeck/Level/Range : Can't find file for asset. /Game/Holodeck/Level/Range_BuiltData
[2018.09.28-20.45.11:001][  0]LogLinker: Warning: Can't find file '/Game/Holodeck/Level/Range_BuiltData'
[2018.09.28-20.45.11:001][  0]LogLinker: Warning: Can't find file for asset '/Game/Holodeck/Level/Range_BuiltData' while loading D:/GitHub/PhaserRange/Holodeck2/Content/Holodeck/Level/Range.umap.
[2018.09.28-20.45.11:001][  0]LoadErrors: Error: /Game/Holodeck/Level/Range : Can't find file for asset. /Game/Holodeck/Level/Range_BuiltData
[2018.09.28-20.45.11:040][  0]LogLinker: Warning: Can't find file '/Game/Holodeck/Level/Range_BuiltData'
[2018.09.28-20.45.11:041][  0]LoadErrors: Failed to load /Game/Holodeck/Level/Range_BuiltData.Range_BuiltData Referenced by PersistentLevel
[2018.09.28-20.45.11:041][  0]LogLinker: Warning: Can't find file for asset '/Game/Holodeck/Level/Range_BuiltData' while loading NULL.
[2018.09.28-20.45.11:041][  0]LoadErrors: Failed to load /Game/Holodeck/Level/Range_BuiltData.Range_BuiltData Referenced by PersistentLevel
[2018.09.28-20.45.11:290][  0]LogStaticMesh: Building static mesh PhaserRangeRing...
[2018.09.28-20.45.11:377][  0]LogStaticMesh: Built static mesh [0.09s] /Game/Holodeck/Assets/PhaserRangeRing.PhaserRangeRing
[2018.09.28-20.45.11:434][  0]LogStaticMesh: Building static mesh PhaserRangeFloor...
[2018.09.28-20.45.11:445][  0]LogStaticMesh: Built static mesh [0.01s] /Game/Holodeck/Assets/PhaserRangeFloor.PhaserRangeFloor
[2018.09.28-20.45.11:591][  0]LogStaticMesh: Building static mesh Phaser_TNG_Gen_2...
[2018.09.28-20.45.11:644][  0]LogStaticMesh: Built static mesh [0.05s] /Game/Holodeck/Assets/Phaser_TNG_Gen_2.Phaser_TNG_Gen_2
[2018.09.28-20.45.11:671][  0]LogAIModule: Creating AISystem for world Range
[2018.09.28-20.45.11:676][  0]LogEditorServer: Finished looking for orphan Actors (0.000 secs)
[2018.09.28-20.45.11:707][  0]Cmd: MAP CHECKDEP NOCLEARLOG
[2018.09.28-20.45.11:753][  0]MapCheck: Map check complete: 0 Error(s), 0 Warning(s), took 46.396ms to complete.
[2018.09.28-20.45.11:754][  0]LogFileHelpers: Loading map 'Range' took 1.190
[2018.09.28-20.45.12:336][  0]LogSlate: Updating window title bar state: overlay mode, drag disabled, window buttons hidden, title bar hidden
[2018.09.28-20.45.12:344][  0]LogSlate: Updating window title bar state: overlay mode, drag disabled, window buttons hidden, title bar hidden
[2018.09.28-20.45.12:351][  0]LogSlate: Updating window title bar state: overlay mode, drag disabled, window buttons hidden, title bar hidden
[2018.09.28-20.45.12:357][  0]LogSlate: Updating window title bar state: overlay mode, drag disabled, window buttons hidden, title bar hidden
[2018.09.28-20.45.12:386][  0]LogCollectionManager: Loaded 0 collections in 0.000913 seconds
[2018.09.28-20.45.12:505][  0]LogFileCache: Scanning file cache for directory 'D:/GitHub/PhaserRange/Holodeck2/Saved/Collections/' took 0.01s
[2018.09.28-20.45.12:505][  0]LogFileCache: Scanning file cache for directory 'D:/GitHub/PhaserRange/Holodeck2/Content/Developers/ENDER/Collections/' took 0.01s
[2018.09.28-20.45.12:505][  0]LogFileCache: Scanning file cache for directory 'D:/GitHub/PhaserRange/Holodeck2/Content/Collections/' took 0.01s
[2018.09.28-20.45.12:505][  0]LogCollectionManager: Rebuilt the GUID cache for 0 collections in 0.000000 seconds
[2018.09.28-20.45.12:516][  0]LogContentBrowser: Native class hierarchy populated in 0.0102 seconds. Added 2622 classes and 613 folders.
[2018.09.28-20.45.12:588][  0]LogContentBrowser: Native class hierarchy updated for 'WidgetCarousel' in 0.0004 seconds. Added 0 classes and 0 folders.
[2018.09.28-20.45.13:870][  0]LogContentBrowser: Native class hierarchy updated for 'AddContentDialog' in 0.0004 seconds. Added 0 classes and 0 folders.
[2018.09.28-20.45.14:410][  0]LogSlate: Took 0.000168 seconds to synchronously load lazily loaded font '../../../Engine/Content/Slate/Fonts/Roboto-Regular.ttf' (155K)
[2018.09.28-20.45.14:441][  0]LogSlate: Took 0.000188 seconds to synchronously load lazily loaded font '../../../Engine/Content/Slate/Fonts/Roboto-Bold.ttf' (160K)
[2018.09.28-20.45.14:482][  0]LogSlate: Took 0.011843 seconds to synchronously load lazily loaded font '../../../Engine/Content/Editor/Slate/Fonts/FontAwesome.ttf' (139K)
[2018.09.28-20.45.14:631][  0]LogRenderer: Reallocating scene render targets to support 1228x660 Format 26 NumSamples 1 (Frame:1).
[2018.09.28-20.45.14:897][  0]LogContentBrowser: Native class hierarchy updated for 'HierarchicalLODOutliner' in 0.0004 seconds. Added 0 classes and 0 folders.
[2018.09.28-20.45.14:897][  0]LogLoad: (Engine Initialization) Total time: 11.23 seconds
[2018.09.28-20.45.14:897][  0]LogLoad: (Engine Initialization) Total Blueprint compile time: 0.00 seconds
[2018.09.28-20.45.14:940][  0]LogContentStreaming: Texture pool size now 1000 MB
[2018.09.28-20.45.14:965][  1]LogAssetRegistry: Asset discovery search completed in 7.3436 seconds
[2018.09.28-20.45.14:966][  1]LogCollectionManager: Rebuilt the object cache for 0 collections in 0.000001 seconds (found 0 objects)
[2018.09.28-20.45.14:966][  1]LogCollectionManager: Fixed up redirectors for 0 collections in 0.000054 seconds (updated 0 objects)
[2018.09.28-20.45.20:112][600]LogSlate: FSceneViewport::OnFocusLost() reason 0
[2018.09.28-20.45.20:203][611]MapCheck: New page: Map Check
[2018.09.28-20.45.20:232][611]Cmd: MAP REBUILD ALLVISIBLE
[2018.09.28-20.45.20:232][611]LogEditorServer: Rebuildmap Clear paths rebuilt
[2018.09.28-20.45.20:337][611]LogMaterial: Display: Missing cached shader map for material FDebugViewModeMaterialProxy MI_CineMat_CameraBody, compiling. 
[2018.09.28-20.45.20:358][611]LogShaderCompilers: Display: Shaders left to compile 1
[2018.09.28-20.45.20:358][611]LogMaterial: Display: Missing cached shader map for material FDebugViewModeMaterialProxy MI_CineCam_ViewFinder, compiling. 
[2018.09.28-20.45.20:364][611]LogMaterial: Display: Missing cached shader map for material FDebugViewModeMaterialProxy BasicShapeMaterial, compiling. 
[2018.09.28-20.45.20:370][611]LogMaterial: Display: Missing cached shader map for material FDebugViewModeMaterialProxy MatineeCam_mat, compiling. 
[2018.09.28-20.45.22:451][611]LogShaderCompilers: Display: Shaders left to compile 3
[2018.09.28-20.45.22:451][611]LogShaderCompilers: Display: Shaders left to compile 2
[2018.09.28-20.45.22:451][611]LogShaderCompilers: Display: Shaders left to compile 1
[2018.09.28-20.45.22:451][611]TextureStreamingBuild: Display: Compiling optional shaders took 2.128 seconds.
[2018.09.28-20.45.22:486][611]LogLevel: Display: Export Material TexCoord Scales took 0.035 seconds.
[2018.09.28-20.45.22:508][611]TextureStreamingBuild: Display: Build Texture Streaming took 0.021 seconds.
[2018.09.28-20.45.22:556][611]LightingResults: New page: Lighting Build - Sep 28, 2018, 6:45:22 AM
[2018.09.28-20.45.22:713][611]LogSwarmInterface: [OpenConnection] Registering TCP channel ...
[2018.09.28-20.45.22:832][611]LogSwarmInterface: [OpenConnection] Connecting to agent ...
[2018.09.28-20.45.22:846][611]LogSwarmInterface: [TryOpenConnection] Testing the Agent
[2018.09.28-20.45.23:369][611]LogSwarmInterface: [TryOpenConnection] Opening Connection to Agent
[2018.09.28-20.45.23:369][611]LogSwarmInterface: [TryOpenConnection] Local Process ID is 10960
[2018.09.28-20.45.28:270][611]LogStaticLightingSystem: Warning: No importance volume found, so the scene bounding box was used.  You can optimize your scene's quality and lighting build times by adding importance volumes.
[2018.09.28-20.45.28:271][611]LogStaticLightingSystem: Running Lightmass w/ ImmediateImport mode ENABLED
[2018.09.28-20.45.28:271][611]LogStaticLightingSystem: Running Lightmass w/ ImmediateProcess mode ENABLED
[2018.09.28-20.45.28:271][611]LogStaticLightingSystem: Running Lightmass w/ Sorting mode ENABLED
[2018.09.28-20.45.28:271][611]LogStaticLightingSystem: Running Lightmass w/ Mapping paddings ENABLED
[2018.09.28-20.45.28:271][611]LogStaticLightingSystem: Running Lightmass w/ Mapping debug paddings DISABLED
[2018.09.28-20.45.28:472][611]Cmd: MAP CHECK DONTDISPLAYDIALOG
[2018.09.28-20.45.28:472][611]MapCheck: New page: Range - Sep 28, 2018, 6:45:28 AM
[2018.09.28-20.45.28:476][611]MapCheck: Error: WorldSettings Maps need lighting rebuilt 
[2018.09.28-20.45.28:556][611]MapCheck: Map check complete: 1 Error(s), 0 Warning(s), took 84.47ms to complete.
[2018.09.28-20.45.28:579][611]LogEditorBuildUtils: Build time 0:08
[2018.09.28-20.45.28:611][611]LogMaterial: Display: Missing cached shader map for material FLightmassMaterialRenderer MI_CineMat_CameraBody, compiling. 
[2018.09.28-20.45.28:639][611]LogMaterial: Display: Missing cached shader map for material FLightmassMaterialRenderer MI_CineMat_CameraBody, compiling. 
[2018.09.28-20.45.28:704][611]LogShaderCompilers: Display: Shaders left to compile 4
[2018.09.28-20.45.28:723][612]LogMaterial: Display: Missing cached shader map for material FLightmassMaterialRenderer MI_CineCam_ViewFinder, compiling. 
[2018.09.28-20.45.28:729][612]LogShaderCompilers: Display: Shaders left to compile 2
[2018.09.28-20.45.28:729][612]LogMaterial: Display: Missing cached shader map for material FLightmassMaterialRenderer MI_CineCam_ViewFinder, compiling. 
[2018.09.28-20.45.28:738][612]LogShaderCompilers: Display: Shaders left to compile 2
[2018.09.28-20.45.28:764][613]LogMaterial: Display: Missing cached shader map for material FLightmassMaterialRenderer BasicShapeMaterial, compiling. 
[2018.09.28-20.45.28:771][613]LogShaderCompilers: Display: Shaders left to compile 2
[2018.09.28-20.45.28:771][613]LogMaterial: Display: Missing cached shader map for material FLightmassMaterialRenderer BasicShapeMaterial, compiling. 
[2018.09.28-20.45.28:779][613]LogShaderCompilers: Display: Shaders left to compile 2
[2018.09.28-20.45.31:805][756]Job is a success!
[2018.09.28-20.45.31:899][757]LogSlate: Took 0.041416 seconds to synchronously load lazily loaded font '../../../Engine/Content/Slate/Fonts/Roboto-Light.ttf' (167K)
[2018.09.28-20.45.31:929][757]LogVolumetricLightmapImport: Imported Volumetric Lightmap in 0.012s
[2018.09.28-20.45.31:929][757]LogVolumetricLightmapImport:      Indirection Texture 16x16x16 = 0.0Mb
[2018.09.28-20.45.31:929][757]LogVolumetricLightmapImport:      BrickData 365x5x5 = 0.4Mb
[2018.09.28-20.45.31:929][757]LogVolumetricLightmapImport:      Bricks at Level
[2018.09.28-20.45.31:929][757]LogVolumetricLightmapImport:          0: 1.4% covering 100.0% of volume
[2018.09.28-20.45.31:929][757]LogVolumetricLightmapImport:          1: 21.9% covering 25.0% of volume
[2018.09.28-20.45.31:929][757]LogVolumetricLightmapImport:          2: 76.7% covering 1.4% of volume
[2018.09.28-20.45.31:931][757]LogMaterial: Warning: Material /Engine/EditorMaterials/Camera/CineMat.CineMat needed to have new flag set bUsedWithStaticLighting !
[2018.09.28-20.45.31:934][757]LogMaterial: Display: Missing cached shader map for material CineMat, compiling. 
[2018.09.28-20.45.31:999][757]LogMaterial: Warning: Material /Engine/EngineDebugMaterials/M_SimpleOpaque.M_SimpleOpaque needed to have new flag set bUsedWithStaticLighting !
[2018.09.28-20.45.32:001][757]LogMaterial: Display: Missing cached shader map for material M_SimpleOpaque, compiling. 
[2018.09.28-20.45.32:016][757]LogShaderCompilers: Display: Shaders left to compile 59
[2018.09.28-20.45.32:016][757]LogShaderCompilers: Display: Shaders left to compile 49
[2018.09.28-20.45.32:016][757]LogShaderCompilers: Display: Shaders left to compile 39
[2018.09.28-20.45.32:016][757]LogShaderCompilers: Display: Shaders left to compile 29
[2018.09.28-20.45.32:017][757]LogShaderCompilers: Display: Shaders left to compile 19
[2018.09.28-20.45.32:017][757]LogShaderCompilers: Display: Shaders left to compile 9
[2018.09.28-20.45.32:109][757]LogTexture: Display: Building textures: SkyOcclusion0_1 (AutoDXT, 256X128)
[2018.09.28-20.45.32:109][757]LogTexture: Display: Building textures: HQ_Lightmap0_1 (AutoDXT, 256X256)
[2018.09.28-20.45.32:109][757]LogTexture: Display: Building textures: LQ_Lightmap_0_1 (DXT1, 256X256)
[2018.09.28-20.45.32:109][757]LogShaderCompilers: Display: Shaders left to compile 31
[2018.09.28-20.45.32:109][757]LogShaderCompilers: Display: Shaders left to compile 21
[2018.09.28-20.45.32:109][757]LogTexture: Display: Building textures: ShadowMapTexture2D_0 (G8, 256X64)
[2018.09.28-20.45.32:148][757]Lightmass on CAPTAINARCHER: 1.77 sec total, 106 ms importing, 18 ms setup, 758 ms photons, 855 ms processing, 0 ms extra exporting [4/4 mappings]. Threads: 8.91 sec total, 611 ms processing.
[2018.09.28-20.45.32:191][757]LogStaticLightingSystem: Illumination: 9.60 sec (59 ms encoding lightmaps, 17 ms encoding shadowmaps)
[2018.09.28-20.45.32:192][757]LogStaticLightingSystem: Lightmap texture memory:  0.2 MB (0.2 MB streaming, 0.0 MB non-streaming), 2 textures
[2018.09.28-20.45.32:192][757]LogStaticLightingSystem: Shadowmap texture memory: 0.0 MB (0.0 MB streaming, 0.0 MB non-streaming), 1 textures
[2018.09.28-20.45.32:305][757]DumpUnbuiltLightIteractions
[2018.09.28-20.45.32:305][757]Lights with unbuilt interactions: 0
[2018.09.28-20.45.32:305][757]
[2018.09.28-20.45.32:305][757]Primitives with unbuilt interactions: 0
[2018.09.28-20.45.36:797][757]LogShaderCompilers: Display: Shaders left to compile 11
[2018.09.28-20.45.36:797][757]LogShaderCompilers: Display: Shaders left to compile 1
[2018.09.28-20.45.36:818][758]Cmd: MAP CHECK NOTIFYRESULTS
[2018.09.28-20.45.36:818][758]MapCheck: New page: Range - Sep 28, 2018, 6:45:36 AM
[2018.09.28-20.45.36:864][758]MapCheck: Map check complete: 0 Error(s), 0 Warning(s), took 45.701ms to complete.
[2018.09.28-20.55.20:041][768]Cmd: OBJ SAVEPACKAGE PACKAGE="/Game/Holodeck/Level/Range" FILE="D:/GitHub/PhaserRange/Holodeck2/Saved/Autosaves/Game/Holodeck/Level/Range_Auto1.umap" SILENT=true AUTOSAVING=true KEEPDIRTY=false
[2018.09.28-20.55.20:094][768]LogSavePackage: Moving 'D:/GitHub/PhaserRange/Holodeck2/Saved/Range_Auto1E0CF021242DF6B796923AF8A3848E79D.tmp' to 'D:/GitHub/PhaserRange/Holodeck2/Saved/Autosaves/Game/Holodeck/Level/Range_Auto1.umap'
[2018.09.28-20.55.20:121][768]LogFileHelpers: Editor autosave (incl. sublevels) for '/Game/Holodeck/Level/Range' took 0.130
[2018.09.28-20.55.20:121][768]LogFileHelpers: Editor autosave (incl. sublevels) for all levels took 0.130
[2018.09.28-20.55.20:123][768]OBJ SavePackage: Generating thumbnails for [1] asset(s) in package [/Engine/EditorMaterials/Camera/CineMat] ([1] browsable assets)...
[2018.09.28-20.55.20:175][768]OBJ SavePackage:     Rendered thumbnail for [Material /Engine/EditorMaterials/Camera/CineMat.CineMat]
[2018.09.28-20.55.20:175][768]OBJ SavePackage: Finished generating thumbnails for package [/Engine/EditorMaterials/Camera/CineMat]
[2018.09.28-20.55.20:175][768]Cmd: OBJ SAVEPACKAGE PACKAGE="/Engine/EditorMaterials/Camera/CineMat" FILE="D:/GitHub/PhaserRange/Holodeck2/Saved/Autosaves/Engine/EditorMaterials/Camera/CineMat_Auto1.uasset" SILENT=false AUTOSAVING=true
[2018.09.28-20.55.20:215][768]LogSavePackage: Moving 'D:/GitHub/PhaserRange/Holodeck2/Saved/CineMat_Auto111FCB2BB402490DF8064F39F51720EE8.tmp' to 'D:/GitHub/PhaserRange/Holodeck2/Saved/Autosaves/Engine/EditorMaterials/Camera/CineMat_Auto1.uasset'
[2018.09.28-20.55.20:217][768]OBJ SavePackage: Generating thumbnails for [1] asset(s) in package [/Engine/EditorMaterials/Camera/MI_CineMat_CameraBody] ([1] browsable assets)...
[2018.09.28-20.55.20:227][768]OBJ SavePackage:     Rendered thumbnail for [MaterialInstanceConstant /Engine/EditorMaterials/Camera/MI_CineMat_CameraBody.MI_CineMat_CameraBody]
[2018.09.28-20.55.20:227][768]OBJ SavePackage: Finished generating thumbnails for package [/Engine/EditorMaterials/Camera/MI_CineMat_CameraBody]
[2018.09.28-20.55.20:246][768]LogSavePackage: Moving 'D:/GitHub/PhaserRange/Holodeck2/Saved/MI_CineMat_CameraBody_Auto15EB5EC0845ACEC610378239C11FF6303.tmp' to 'D:/GitHub/PhaserRange/Holodeck2/Saved/Autosaves/Engine/EditorMaterials/Camera/MI_CineMat_CameraBody_Auto1.uasset'
[2018.09.28-20.55.20:248][768]OBJ SavePackage: Generating thumbnails for [1] asset(s) in package [/Engine/EngineDebugMaterials/M_SimpleOpaque] ([1] browsable assets)...
[2018.09.28-20.55.20:259][768]OBJ SavePackage:     Rendered thumbnail for [Material /Engine/EngineDebugMaterials/M_SimpleOpaque.M_SimpleOpaque]
[2018.09.28-20.55.20:259][768]OBJ SavePackage: Finished generating thumbnails for package [/Engine/EngineDebugMaterials/M_SimpleOpaque]
[2018.09.28-20.55.20:279][768]LogSavePackage: Moving 'D:/GitHub/PhaserRange/Holodeck2/Saved/M_SimpleOpaque_Auto184E8FB8141F59BA30ABFB2A8025EE9E3.tmp' to 'D:/GitHub/PhaserRange/Holodeck2/Saved/Autosaves/Engine/EngineDebugMaterials/M_SimpleOpaque_Auto1.uasset'
[2018.09.28-20.55.20:280][768]OBJ SavePackage: Generating thumbnails for [1] asset(s) in package [/Engine/EditorMeshes/Camera/MI_CineCam_ViewFinder] ([1] browsable assets)...
[2018.09.28-20.55.20:291][768]OBJ SavePackage:     Rendered thumbnail for [MaterialInstanceConstant /Engine/EditorMeshes/Camera/MI_CineCam_ViewFinder.MI_CineCam_ViewFinder]
[2018.09.28-20.55.20:291][768]OBJ SavePackage: Finished generating thumbnails for package [/Engine/EditorMeshes/Camera/MI_CineCam_ViewFinder]
[2018.09.28-20.55.20:309][768]LogSavePackage: Moving 'D:/GitHub/PhaserRange/Holodeck2/Saved/MI_CineCam_ViewFinder_Auto19F8354DE48CCE99D004251A8B41082DE.tmp' to 'D:/GitHub/PhaserRange/Holodeck2/Saved/Autosaves/Engine/EditorMeshes/Camera/MI_CineCam_ViewFinder_Auto1.uasset'
[2018.09.28-20.55.20:311][768]OBJ SavePackage: Generating thumbnails for [0] asset(s) in package [/Game/Holodeck/Level/Range_BuiltData] ([1] browsable assets)...
[2018.09.28-20.55.20:311][768]OBJ SavePackage: Finished generating thumbnails for package [/Game/Holodeck/Level/Range_BuiltData]
[2018.09.28-20.55.20:311][768]Cmd: OBJ SAVEPACKAGE PACKAGE="/Game/Holodeck/Level/Range_BuiltData" FILE="D:/GitHub/PhaserRange/Holodeck2/Saved/Autosaves/Game/Holodeck/Level/Range_BuiltData_Auto1.uasset" SILENT=false AUTOSAVING=true
[2018.09.28-20.55.20:319][768]LogSavePackage: Moving 'D:/GitHub/PhaserRange/Holodeck2/Saved/Range_BuiltData_Auto1DC4543C347430A24254E38BDD76EB08C.tmp' to 'D:/GitHub/PhaserRange/Holodeck2/Saved/Autosaves/Game/Holodeck/Level/Range_BuiltData_Auto1.uasset'
[2018.09.28-20.55.20:320][768]LogFileHelpers: Auto-saving content packages took 0.198
[2018.09.28-21.07.43:859][539]Cmd: OBJ SAVEPACKAGE PACKAGE="/Game/Holodeck/Level/Range" FILE="D:/GitHub/PhaserRange/Holodeck2/Content/Holodeck/Level/Range.umap" SILENT=true AUTOSAVING=false KEEPDIRTY=false
[2018.09.28-21.07.43:907][539]LogSavePackage: Moving 'D:/GitHub/PhaserRange/Holodeck2/Saved/Range03FF6AB241DF0FCEA1C7BB8E4D6F30D3.tmp' to 'D:/GitHub/PhaserRange/Holodeck2/Content/Holodeck/Level/Range.umap'
[2018.09.28-21.07.43:937][539]Cmd: OBJ SAVEPACKAGE PACKAGE="/Game/Holodeck/Level/Range_BuiltData" FILE="D:/GitHub/PhaserRange/Holodeck2/Content/Holodeck/Level/Range_BuiltData.uasset" SILENT=true
[2018.09.28-21.07.43:949][539]LogSavePackage: Moving 'D:/GitHub/PhaserRange/Holodeck2/Saved/Range_BuiltData54CE5A7B4D7A5D47E3C18AB484EF6BC1.tmp' to 'D:/GitHub/PhaserRange/Holodeck2/Content/Holodeck/Level/Range_BuiltData.uasset'
[2018.09.28-23.43.54:732][ 23]LogSlate: Window 'Pick Parent Class' being destroyed
[2018.09.28-23.44.00:413][690]LogAssetEditorManager: Opening Asset editor for Blueprint /Game/Holodeck/System/Spline.Spline
[2018.09.28-23.44.01:074][690]LogContentBrowser: Native class hierarchy updated for 'BlueprintGraph' in 0.0008 seconds. Added 116 classes and 0 folders.
[2018.09.28-23.44.02:420][691]LogRenderer: Reallocating scene render targets to support 1280x772 Format 26 NumSamples 1 (Frame:1).
[2018.09.28-23.44.04:896][976]LogSlate: Took 0.018774 seconds to synchronously load lazily loaded font '../../../Engine/Content/Slate/Fonts/Roboto-Italic.ttf' (157K)
[2018.09.28-23.44.05:277][ 21]LogSlate: FSceneViewport::OnFocusLost() reason 0
[2018.09.28-23.53.48:783][300]LogClass: Warning: In asset 'None', there is an enum property of type 'ESplineMeshAxis' with an invalid value of ''
[2018.09.28-23.53.48:806][300]LogSlate: FSceneViewport::OnFocusLost() reason 2
[2018.09.28-23.53.54:115][888]LogEditorTransaction: Undo Set Vector Property
[2018.09.28-23.53.56:173][131]LogSlate: FSceneViewport::OnFocusLost() reason 0
[2018.09.28-23.54.05:460][234]LogSlate: FSceneViewport::OnFocusLost() reason 2
[2018.09.28-23.54.16:036][481]LogSlate: FSceneViewport::OnFocusLost() reason 2
[2018.09.28-23.54.25:268][575]LogSlate: FSceneViewport::OnFocusLost() reason 2
[2018.09.28-23.54.28:653][967]LogMaterial: Warning: Material /Engine/EngineDebugMaterials/M_SimpleOpaque.M_SimpleOpaque needed to have new flag set bUsedWithSplineMeshes !
[2018.09.28-23.54.28:655][967]LogMaterial: Display: Missing cached shader map for material M_SimpleOpaque, compiling. 
[2018.09.28-23.54.28:682][967]LogShaderCompilers: Display: Shaders left to compile 59
[2018.09.28-23.54.28:682][967]LogShaderCompilers: Display: Shaders left to compile 49
[2018.09.28-23.54.28:682][967]LogShaderCompilers: Display: Shaders left to compile 39
[2018.09.28-23.54.28:682][967]LogShaderCompilers: Display: Shaders left to compile 29
[2018.09.28-23.54.28:682][967]LogShaderCompilers: Display: Shaders left to compile 19
[2018.09.28-23.54.28:682][967]LogShaderCompilers: Display: Shaders left to compile 9
[2018.09.28-23.54.32:559][414]LogSlate: FSceneViewport::OnFocusLost() reason 0
[2018.09.28-23.54.37:071][953]LogSlate: FSceneViewport::OnFocusLost() reason 0
[2018.09.28-23.54.40:683][382]LogClass: Warning: In asset 'None', there is an enum property of type 'ESplineMeshAxis' with an invalid value of ''
[2018.09.28-23.54.40:683][382]LogClass: Warning: In asset 'None', there is an enum property of type 'ESplineMeshAxis' with an invalid value of ''
[2018.09.28-23.54.45:583][966]LogSlate: FSceneViewport::OnFocusLost() reason 0
[2018.09.28-23.54.51:499][668]LogSlate: FSceneViewport::OnFocusLost() reason 0
[2018.09.28-23.54.57:803][404]LogSlate: FSceneViewport::OnFocusLost() reason 2
[2018.09.28-23.55.00:772][747]LogSlate: FSceneViewport::OnFocusLost() reason 2
[2018.09.28-23.55.12:399][111]LogSlate: FSceneViewport::OnFocusLost() reason 2
[2018.09.28-23.55.20:040][  8]LogSlate: FSceneViewport::OnFocusLost() reason 2
[2018.09.28-23.55.22:881][343]LogSlate: FSceneViewport::OnFocusLost() reason 0
[2018.09.28-23.55.43:621][817]LogSlate: FSceneViewport::OnFocusLost() reason 0
[2018.09.28-23.55.43:721][829]BlueprintLog: New page: Compile Spline
[2018.09.28-23.55.49:462][481]LogSlate: FSceneViewport::OnFocusLost() reason 2
[2018.09.28-23.56.21:442][309]LogSlate: FSceneViewport::OnFocusLost() reason 0
[2018.09.28-23.56.39:437][357]LogSlate: FSceneViewport::OnFocusLost() reason 0
[2018.09.28-23.56.39:443][357]LogSlate: Took 0.005154 seconds to synchronously load lazily loaded font '../../../Engine/Content/Slate/Fonts/Roboto-BoldCondensed.ttf' (158K)
[2018.09.28-23.57.34:264][842]LogFileHelpers: Editor autosave (incl. sublevels) for '/Game/Holodeck/Level/Range' took 0.027
[2018.09.28-23.57.34:266][842]OBJ SavePackage: Generating thumbnails for [0] asset(s) in package [/Engine/EngineDebugMaterials/M_SimpleOpaque] ([1] browsable assets)...
[2018.09.28-23.57.34:266][842]OBJ SavePackage: Finished generating thumbnails for package [/Engine/EngineDebugMaterials/M_SimpleOpaque]
[2018.09.28-23.57.34:278][842]LogSavePackage: Moving 'D:/GitHub/PhaserRange/Holodeck2/Saved/M_SimpleOpaque_Auto2A151BB8949EEAF2B21A711855CE2C39B.tmp' to 'D:/GitHub/PhaserRange/Holodeck2/Saved/Autosaves/Engine/EngineDebugMaterials/M_SimpleOpaque_Auto2.uasset'
[2018.09.28-23.57.34:279][842]OBJ SavePackage: Generating thumbnails for [0] asset(s) in package [/Game/Holodeck/System/Spline] ([1] browsable assets)...
[2018.09.28-23.57.34:279][842]OBJ SavePackage: Finished generating thumbnails for package [/Game/Holodeck/System/Spline]
[2018.09.28-23.57.34:279][842]Cmd: OBJ SAVEPACKAGE PACKAGE="/Game/Holodeck/System/Spline" FILE="D:/GitHub/PhaserRange/Holodeck2/Saved/Autosaves/Game/Holodeck/System/Spline_Auto2.uasset" SILENT=false AUTOSAVING=true
[2018.09.28-23.57.34:289][842]LogSavePackage: Moving 'D:/GitHub/PhaserRange/Holodeck2/Saved/Spline_Auto28F85AF1B4CB145A3BEDD9998E7E7600F.tmp' to 'D:/GitHub/PhaserRange/Holodeck2/Saved/Autosaves/Game/Holodeck/System/Spline_Auto2.uasset'
[2018.09.28-23.57.34:290][842]OBJ SavePackage: Generating thumbnails for [1] asset(s) in package [/Engine/EditorMeshes/Camera/MI_CineCam_Body] ([1] browsable assets)...
[2018.09.28-23.57.34:305][842]OBJ SavePackage:     Rendered thumbnail for [MaterialInstanceConstant /Engine/EditorMeshes/Camera/MI_CineCam_Body.MI_CineCam_Body]
[2018.09.28-23.57.34:305][842]OBJ SavePackage: Finished generating thumbnails for package [/Engine/EditorMeshes/Camera/MI_CineCam_Body]
[2018.09.28-23.57.34:323][842]LogSavePackage: Moving 'D:/GitHub/PhaserRange/Holodeck2/Saved/MI_CineCam_Body_Auto224BA28874A1CF8F410C2CC9944309CFB.tmp' to 'D:/GitHub/PhaserRange/Holodeck2/Saved/Autosaves/Engine/EditorMeshes/Camera/MI_CineCam_Body_Auto2.uasset'
[2018.09.28-23.57.34:324][842]LogFileHelpers: Auto-saving content packages took 0.059
[2018.09.29-00.07.34:252][550]LogFileHelpers: Editor autosave (incl. sublevels) for '/Game/Holodeck/Level/Range' took 0.029
[2018.09.29-00.07.34:253][550]OBJ SavePackage: Generating thumbnails for [0] asset(s) in package [/Game/Holodeck/System/Spline] ([1] browsable assets)...
[2018.09.29-00.07.34:254][550]OBJ SavePackage: Finished generating thumbnails for package [/Game/Holodeck/System/Spline]
[2018.09.29-00.07.34:254][550]Cmd: OBJ SAVEPACKAGE PACKAGE="/Game/Holodeck/System/Spline" FILE="D:/GitHub/PhaserRange/Holodeck2/Saved/Autosaves/Game/Holodeck/System/Spline_Auto3.uasset" SILENT=false AUTOSAVING=true
[2018.09.29-00.07.34:289][550]LogSavePackage: Moving 'D:/GitHub/PhaserRange/Holodeck2/Saved/Spline_Auto31B6A7DFB4688D9DBEEF9709D37900B5B.tmp' to 'D:/GitHub/PhaserRange/Holodeck2/Saved/Autosaves/Game/Holodeck/System/Spline_Auto3.uasset'
[2018.09.29-00.07.34:289][550]LogFileHelpers: Auto-saving content packages took 0.037
[2018.09.29-00.12.01:623][619]LogEditorTransaction: Undo Mouse Drag
[2018.09.29-00.12.27:135][672]BlueprintLog: New page: Compile Spline
[2018.09.29-00.12.27:856][733]Cmd: OBJ SAVEPACKAGE PACKAGE="/Game/Holodeck/System/Spline" FILE="D:/GitHub/PhaserRange/Holodeck2/Content/Holodeck/System/Spline.uasset" SILENT=true
[2018.09.29-00.12.27:883][733]LogSavePackage: Moving 'D:/GitHub/PhaserRange/Holodeck2/Saved/SplineEC83F6E649DDD7CFD19D44B9E234A425.tmp' to 'D:/GitHub/PhaserRange/Holodeck2/Content/Holodeck/System/Spline.uasset'
[2018.09.29-00.15.10:413][152]LogLinker: Can't find file '/Game/SushiShop/BluePrints/GameFunctions/Boat/BP_Boat'
[2018.09.29-00.15.10:413][152]LogLinker: Can't find file '/Game/SushiShop/BluePrints/GameFunctions/Boat/BP_Boat'
[2018.09.29-00.16.17:182][ 44]LogEditorTransaction: Undo Paste clipboard contents
[2018.09.29-00.16.17:422][ 68]LogEditorTransaction: Undo Rename Function
[2018.09.29-00.16.17:649][ 94]LogEditorTransaction: Undo Add New Function
[2018.09.29-00.17.05:387][740]LogSlate: Took 0.019782 seconds to synchronously load lazily loaded font '../../../Engine/Content/Slate/Fonts/Roboto-BoldCondensedItalic.ttf' (160K)
[2018.09.29-00.18.16:267][133]LogFileHelpers: Editor autosave (incl. sublevels) for '/Game/Holodeck/Level/Range' took 0.028
[2018.09.29-00.18.16:268][133]OBJ SavePackage: Generating thumbnails for [0] asset(s) in package [/Game/Holodeck/System/Spline] ([1] browsable assets)...
[2018.09.29-00.18.16:269][133]OBJ SavePackage: Finished generating thumbnails for package [/Game/Holodeck/System/Spline]
[2018.09.29-00.18.16:269][133]Cmd: OBJ SAVEPACKAGE PACKAGE="/Game/Holodeck/System/Spline" FILE="D:/GitHub/PhaserRange/Holodeck2/Saved/Autosaves/Game/Holodeck/System/Spline_Auto4.uasset" SILENT=false AUTOSAVING=true
[2018.09.29-00.18.16:294][133]LogSavePackage: Moving 'D:/GitHub/PhaserRange/Holodeck2/Saved/Spline_Auto46536CC7D469287989998B2888CDB9570.tmp' to 'D:/GitHub/PhaserRange/Holodeck2/Saved/Autosaves/Game/Holodeck/System/Spline_Auto4.uasset'
[2018.09.29-00.18.16:295][133]LogFileHelpers: Auto-saving content packages took 0.027
[2018.09.29-00.22.27:510][994]BlueprintLog: New page: Compile Spline
[2018.09.29-00.22.28:640][104]Cmd: OBJ SAVEPACKAGE PACKAGE="/Game/Holodeck/System/Spline" FILE="D:/GitHub/PhaserRange/Holodeck2/Content/Holodeck/System/Spline.uasset" SILENT=true
[2018.09.29-00.22.28:663][104]LogSavePackage: Moving 'D:/GitHub/PhaserRange/Holodeck2/Saved/SplineDA2B8D1349EFF0708A71F5A5839E13E4.tmp' to 'D:/GitHub/PhaserRange/Holodeck2/Content/Holodeck/System/Spline.uasset'
[2018.09.29-00.22.36:809][ 69]LogSlate: FSceneViewport::OnFocusLost() reason 0
[2018.09.29-00.22.59:718][800]LogEditorTransaction: Undo Modify Component(s)
[2018.09.29-00.23.19:715][166]LogEditorTransaction: Undo Modify Component(s)
[2018.09.29-00.23.19:956][191]LogEditorTransaction: Undo Modify Component(s)
[2018.09.29-00.23.28:376][186]LogSlate: FSceneViewport::OnFocusLost() reason 2
[2018.09.29-00.23.49:846][753]LogSlate: FSceneViewport::OnFocusLost() reason 0
[2018.09.29-00.28.16:484][795]LogFileHelpers: Editor autosave (incl. sublevels) for '/Game/Holodeck/Level/Range' took 0.037
[2018.09.29-00.28.16:486][795]OBJ SavePackage: Generating thumbnails for [0] asset(s) in package [/Game/Holodeck/System/Spline] ([1] browsable assets)...
[2018.09.29-00.28.16:486][795]OBJ SavePackage: Finished generating thumbnails for package [/Game/Holodeck/System/Spline]
[2018.09.29-00.28.16:486][795]Cmd: OBJ SAVEPACKAGE PACKAGE="/Game/Holodeck/System/Spline" FILE="D:/GitHub/PhaserRange/Holodeck2/Saved/Autosaves/Game/Holodeck/System/Spline_Auto5.uasset" SILENT=false AUTOSAVING=true
[2018.09.29-00.28.16:511][795]LogSavePackage: Moving 'D:/GitHub/PhaserRange/Holodeck2/Saved/Spline_Auto5EA4B22DE413DBC489B7A05B1939505FB.tmp' to 'D:/GitHub/PhaserRange/Holodeck2/Saved/Autosaves/Game/Holodeck/System/Spline_Auto5.uasset'
[2018.09.29-00.28.16:512][795]LogFileHelpers: Auto-saving content packages took 0.028
[2018.09.29-06.18.11:512][356]LogSlate: FSceneViewport::OnFocusLost() reason 0
[2018.09.29-06.18.11:587][365]BlueprintLog: New page: Compile Spline
[2018.09.29-06.18.12:278][423]Cmd: OBJ SAVEPACKAGE PACKAGE="/Game/Holodeck/System/Spline" FILE="D:/GitHub/PhaserRange/Holodeck2/Content/Holodeck/System/Spline.uasset" SILENT=true
[2018.09.29-06.18.12:316][423]LogSavePackage: Moving 'D:/GitHub/PhaserRange/Holodeck2/Saved/Spline45B202D44524728A070C16ADFC0CC6C3.tmp' to 'D:/GitHub/PhaserRange/Holodeck2/Content/Holodeck/System/Spline.uasset'
[2018.09.29-06.18.13:003][504]LogSlate: FSceneViewport::OnFocusLost() reason 0
[2018.09.29-06.18.13:771][593]Cmd: OBJ SAVEPACKAGE PACKAGE="/Game/Holodeck/Level/Range" FILE="D:/GitHub/PhaserRange/Holodeck2/Content/Holodeck/Level/Range.umap" SILENT=true AUTOSAVING=false KEEPDIRTY=false
[2018.09.29-06.18.13:829][593]LogSavePackage: Moving 'D:/GitHub/PhaserRange/Holodeck2/Saved/RangeC7CD87264EEF96C610E8A29C2B5F4169.tmp' to 'D:/GitHub/PhaserRange/Holodeck2/Content/Holodeck/Level/Range.umap'
[2018.09.29-06.18.13:857][593]Cmd: OBJ SAVEPACKAGE PACKAGE="/Game/Holodeck/Level/Range_BuiltData" FILE="D:/GitHub/PhaserRange/Holodeck2/Content/Holodeck/Level/Range_BuiltData.uasset" SILENT=true
[2018.09.29-06.18.13:877][593]LogSavePackage: Moving 'D:/GitHub/PhaserRange/Holodeck2/Saved/Range_BuiltData7286A892477C553AF554FAA550139C48.tmp' to 'D:/GitHub/PhaserRange/Holodeck2/Content/Holodeck/Level/Range_BuiltData.uasset'
[2018.09.29-06.18.14:519][667]LogSlate: Took 0.022500 seconds to synchronously load lazily loaded font '../../../Engine/Content/Slate/Fonts/DroidSansMono.ttf' (77K)
[2018.09.29-06.18.16:840][813]LogSlate: Window 'Save Content' being destroyed
[2018.09.29-06.18.16:870][813]Cmd: OBJ SAVEPACKAGE PACKAGE="/Engine/EditorMaterials/Camera/CineMat" FILE="../../../Engine/Content/EditorMaterials/Camera/CineMat.uasset" SILENT=true
[2018.09.29-06.18.16:888][813]LogSavePackage: Moving 'D:/GitHub/PhaserRange/Holodeck2/Saved/CineMatF36F05544D62DB0352E9928E07BD6B1D.tmp' to '../../../Engine/Content/EditorMaterials/Camera/CineMat.uasset'
[2018.09.29-06.18.16:920][813]Cmd: OBJ SAVEPACKAGE PACKAGE="/Engine/EditorMaterials/Camera/MI_CineMat_CameraBody" FILE="../../../Engine/Content/EditorMaterials/Camera/MI_CineMat_CameraBody.uasset" SILENT=true
[2018.09.29-06.18.16:935][813]LogSavePackage: Moving 'D:/GitHub/PhaserRange/Holodeck2/Saved/MI_CineMat_CameraBody39D1665249CADAE5BFEA06A314F87A19.tmp' to '../../../Engine/Content/EditorMaterials/Camera/MI_CineMat_CameraBody.uasset'
[2018.09.29-06.18.16:943][813]Cmd: OBJ SAVEPACKAGE PACKAGE="/Engine/EditorMeshes/Camera/MI_CineCam_Body" FILE="../../../Engine/Content/EditorMeshes/Camera/MI_CineCam_Body.uasset" SILENT=true
[2018.09.29-06.18.16:957][813]LogSavePackage: Moving 'D:/GitHub/PhaserRange/Holodeck2/Saved/MI_CineCam_Body57B72B2145A5E9AFC42F5DABCA215F13.tmp' to '../../../Engine/Content/EditorMeshes/Camera/MI_CineCam_Body.uasset'
[2018.09.29-06.18.16:966][813]Cmd: OBJ SAVEPACKAGE PACKAGE="/Engine/EditorMeshes/Camera/MI_CineCam_ViewFinder" FILE="../../../Engine/Content/EditorMeshes/Camera/MI_CineCam_ViewFinder.uasset" SILENT=true
[2018.09.29-06.18.16:981][813]LogSavePackage: Moving 'D:/GitHub/PhaserRange/Holodeck2/Saved/MI_CineCam_ViewFinder87CB26844568B770969C3BB192ECBC21.tmp' to '../../../Engine/Content/EditorMeshes/Camera/MI_CineCam_ViewFinder.uasset'
[2018.09.29-06.18.16:988][813]Cmd: OBJ SAVEPACKAGE PACKAGE="/Engine/EngineDebugMaterials/M_SimpleOpaque" FILE="../../../Engine/Content/EngineDebugMaterials/M_SimpleOpaque.uasset" SILENT=true
[2018.09.29-06.18.17:003][813]LogSavePackage: Moving 'D:/GitHub/PhaserRange/Holodeck2/Saved/M_SimpleOpaque3323722C44786798B0CA2F9CAF895951.tmp' to '../../../Engine/Content/EngineDebugMaterials/M_SimpleOpaque.uasset'
[2018.09.29-06.18.18:129][892]LogSlate: Window 'Holodeck2 - Unreal Editor' being destroyed
[2018.09.29-06.18.18:130][892]LogWindowsTextInputMethodSystem: Display: IME system now deactivated.
[2018.09.29-06.18.18:387][893]Cmd: QUIT_EDITOR
[2018.09.29-06.18.18:439][893]LogExit: Preparing to exit.
[2018.09.29-06.18.19:404][893]LogExit: Editor shut down
[2018.09.29-06.18.19:404][893]LogExit: Transaction tracking system shut down
[2018.09.29-06.18.20:123][893]LogExit: Object subsystem successfully closed.
[2018.09.29-06.18.20:151][893]LogShaderCompilers: Display: Shaders left to compile 0
[2018.09.29-06.18.20:156][893]LogD3D11RHI: Shutdown
[2018.09.29-06.18.20:156][893]LogD3D11RHI: CleanupD3DDevice
[2018.09.29-06.18.20:211][893]LogD3D11RHI: ~FD3D11DynamicRHI
[2018.09.29-06.18.20:228][893]LogModuleManager: Shutting down and abandoning module BlueprintGraph (620)
[2018.09.29-06.18.20:228][893]LogModuleManager: Shutting down and abandoning module HierarchicalLODUtilities (618)
[2018.09.29-06.18.20:228][893]LogModuleManager: Shutting down and abandoning module HierarchicalLODOutliner (616)
[2018.09.29-06.18.20:228][893]LogModuleManager: Shutting down and abandoning module AddContentDialog (614)
[2018.09.29-06.18.20:237][893]LogModuleManager: Shutting down and abandoning module WidgetCarousel (613)
[2018.09.29-06.18.20:237][893]LogModuleManager: Shutting down and abandoning module EditorWidgets (610)
[2018.09.29-06.18.20:237][893]LogModuleManager: Shutting down and abandoning module CollectionManager (608)
[2018.09.29-06.18.20:237][893]LogModuleManager: Shutting down and abandoning module SceneOutliner (606)
[2018.09.29-06.18.20:238][893]LogModuleManager: Shutting down and abandoning module MeshBuilder (604)
[2018.09.29-06.18.20:238][893]LogModuleManager: Shutting down and abandoning module StatsViewer (602)
[2018.09.29-06.18.20:238][893]LogModuleManager: Shutting down and abandoning module FoliageEdit (600)
[2018.09.29-06.18.20:238][893]LogModuleManager: Shutting down and abandoning module LandscapeEditor (598)
[2018.09.29-06.18.20:238][893]LogModuleManager: Shutting down and abandoning module MeshPaintMode (596)
[2018.09.29-06.18.20:238][893]LogModuleManager: Shutting down and abandoning module SceneDepthPickerMode (594)
[2018.09.29-06.18.20:238][893]LogModuleManager: Shutting down and abandoning module ActorPickerMode (592)
[2018.09.29-06.18.20:238][893]LogModuleManager: Shutting down and abandoning module GeometryMode (590)
[2018.09.29-06.18.20:238][893]LogModuleManager: Shutting down and abandoning module TextureAlignMode (588)
[2018.09.29-06.18.20:238][893]LogModuleManager: Shutting down and abandoning module BspMode (586)
[2018.09.29-06.18.20:238][893]LogModuleManager: Shutting down and abandoning module PIEPreviewDeviceProfileSelector (584)
[2018.09.29-06.18.20:238][893]LogModuleManager: Shutting down and abandoning module SequenceRecorderSections (582)
[2018.09.29-06.18.20:238][893]LogModuleManager: Shutting down and abandoning module AutomationWorker (580)
[2018.09.29-06.18.20:238][893]LogModuleManager: Shutting down and abandoning module AudioCaptureEditor (578)
[2018.09.29-06.18.20:238][893]LogModuleManager: Shutting down and abandoning module SequenceRecorder (577)
[2018.09.29-06.18.20:238][893]LogModuleManager: Shutting down and abandoning module MatineeToLevelSequence (574)
[2018.09.29-06.18.20:238][893]LogModuleManager: Shutting down and abandoning module LevelSequenceEditor (572)
[2018.09.29-06.18.20:238][893]LogModuleManager: Shutting down and abandoning module PlacementMode (571)
[2018.09.29-06.18.20:238][893]LogModuleManager: Shutting down and abandoning module MaterialEditor (570)
[2018.09.29-06.18.20:238][893]LogModuleManager: Shutting down and abandoning module WmfMediaFactory (566)
[2018.09.29-06.18.20:238][893]LogModuleManager: Shutting down and abandoning module WmfMediaEditor (564)
[2018.09.29-06.18.20:238][893]LogModuleManager: Shutting down and abandoning module MediaPlayerEditor (562)
[2018.09.29-06.18.20:238][893]LogModuleManager: Shutting down and abandoning module OpenExrWrapper (560)
[2018.09.29-06.18.20:238][893]LogModuleManager: Shutting down and abandoning module ImgMediaFactory (558)
[2018.09.29-06.18.20:238][893]LogModuleManager: Shutting down and abandoning module ImgMediaEditor (556)
[2018.09.29-06.18.20:238][893]LogModuleManager: Shutting down and abandoning module AvfMediaFactory (554)
[2018.09.29-06.18.20:238][893]LogModuleManager: Shutting down and abandoning module AvfMediaEditor (552)
[2018.09.29-06.18.20:238][893]LogModuleManager: Shutting down and abandoning module AndroidMediaFactory (550)
[2018.09.29-06.18.20:238][893]LogModuleManager: Shutting down and abandoning module AndroidMediaEditor (548)
[2018.09.29-06.18.20:238][893]LogModuleManager: Shutting down and abandoning module MagicLeapCameraPreviewFactory (546)
[2018.09.29-06.18.20:239][893]LogModuleManager: Shutting down and abandoning module MagicLeapMediaFactory (544)
[2018.09.29-06.18.20:239][893]LogModuleManager: Shutting down and abandoning module MagicLeapMediaEditor (542)
[2018.09.29-06.18.20:239][893]LogModuleManager: Shutting down and abandoning module CharacterAI (540)
[2018.09.29-06.18.20:239][893]LogModuleManager: Shutting down and abandoning module SmartSnapping (538)
[2018.09.29-06.18.20:239][893]LogModuleManager: Shutting down and abandoning module SessionServices (536)
[2018.09.29-06.18.20:239][893]LogModuleManager: Shutting down and abandoning module ViewportSnapping (534)
[2018.09.29-06.18.20:239][893]LogModuleManager: Shutting down and abandoning module ViewportInteraction (532)
[2018.09.29-06.18.20:239][893]LogModuleManager: Shutting down and abandoning module ClothPainter (530)
[2018.09.29-06.18.20:239][893]LogModuleManager: Shutting down and abandoning module SkeletalMeshEditor (529)
[2018.09.29-06.18.20:239][893]LogModuleManager: Shutting down and abandoning module LogVisualizer (526)
[2018.09.29-06.18.20:239][893]LogModuleManager: Shutting down and abandoning module IntroTutorials (524)
[2018.09.29-06.18.20:239][893]LogModuleManager: Shutting down and abandoning module GameProjectGeneration (523)
[2018.09.29-06.18.20:239][893]LogModuleManager: Shutting down and abandoning module LuminPlatformEditor (520)
[2018.09.29-06.18.20:239][893]LogModuleManager: Shutting down and abandoning module IOSPlatformEditor (518)
[2018.09.29-06.18.20:239][893]LogModuleManager: Shutting down and abandoning module HTML5PlatformEditor (516)
[2018.09.29-06.18.20:239][893]LogModuleManager: Shutting down and abandoning module AndroidPlatformEditor (514)
[2018.09.29-06.18.20:239][893]LogModuleManager: Shutting down and abandoning module AndroidDeviceDetection (513)
[2018.09.29-06.18.20:512][893]LogModuleManager: Shutting down and abandoning module WindowsPlatformEditor (510)
[2018.09.29-06.18.20:512][893]LogModuleManager: Shutting down and abandoning module LuminRuntimeSettings (508)
[2018.09.29-06.18.20:512][893]LogModuleManager: Shutting down and abandoning module IOSRuntimeSettings (506)
[2018.09.29-06.18.20:512][893]LogModuleManager: Shutting down and abandoning module AndroidRuntimeSettings (504)
[2018.09.29-06.18.20:512][893]LogModuleManager: Shutting down and abandoning module InputBindingEditor (502)
[2018.09.29-06.18.20:513][893]LogModuleManager: Shutting down and abandoning module MergeActors (500)
[2018.09.29-06.18.20:513][893]LogModuleManager: Shutting down and abandoning module LocalizationDashboard (498)
[2018.09.29-06.18.20:513][893]LogModuleManager: Shutting down and abandoning module LocalizationService (497)
[2018.09.29-06.18.20:513][893]LogModuleManager: Shutting down and abandoning module HardwareTargeting (494)
[2018.09.29-06.18.20:513][893]LogModuleManager: Shutting down and abandoning module DeviceProfileEditor (492)
[2018.09.29-06.18.20:513][893]LogModuleManager: Shutting down and abandoning module UndoHistory (490)
[2018.09.29-06.18.20:513][893]LogModuleManager: Shutting down and abandoning module XmlParser (488)
[2018.09.29-06.18.20:513][893]LogModuleManager: Shutting down and abandoning module Blutility (486)
[2018.09.29-06.18.20:513][893]LogModuleManager: Shutting down and abandoning module ProjectSettingsViewer (484)
[2018.09.29-06.18.20:513][893]LogModuleManager: Shutting down and abandoning module ProjectTargetPlatformEditor (483)
[2018.09.29-06.18.20:513][893]LogModuleManager: Shutting down and abandoning module EditorSettingsViewer (480)
[2018.09.29-06.18.20:513][893]LogModuleManager: Shutting down and abandoning module SettingsEditor (478)
[2018.09.29-06.18.20:513][893]LogModuleManager: Shutting down and abandoning module ProjectLauncher (476)
[2018.09.29-06.18.20:513][893]LogModuleManager: Shutting down and abandoning module SessionFrontend (474)
[2018.09.29-06.18.20:513][893]LogModuleManager: Shutting down and abandoning module ProfilerClient (472)
[2018.09.29-06.18.20:514][893]LogModuleManager: Shutting down and abandoning module DeviceManager (470)
[2018.09.29-06.18.20:514][893]LogModuleManager: Shutting down and abandoning module TargetDeviceServices (469)
[2018.09.29-06.18.20:569][893]LogModuleManager: Shutting down and abandoning module AutomationController (466)
[2018.09.29-06.18.20:569][893]LogModuleManager: Shutting down and abandoning module AutomationWindow (464)
[2018.09.29-06.18.20:569][893]LogModuleManager: Shutting down and abandoning module Layers (462)
[2018.09.29-06.18.20:569][893]LogModuleManager: Shutting down and abandoning module ComponentVisualizers (460)
[2018.09.29-06.18.20:569][893]LogModuleManager: Shutting down and abandoning module DetailCustomizations (458)
[2018.09.29-06.18.20:569][893]LogModuleManager: Shutting down and abandoning module PackagesDialog (456)
[2018.09.29-06.18.20:569][893]LogModuleManager: Shutting down and abandoning module Persona (454)
[2018.09.29-06.18.20:569][893]LogModuleManager: Shutting down and abandoning module AdvancedPreviewScene (453)
[2018.09.29-06.18.20:569][893]LogModuleManager: Shutting down and abandoning module AnimGraph (451)
[2018.09.29-06.18.20:569][893]LogModuleManager: Shutting down and abandoning module Kismet (448)
[2018.09.29-06.18.20:575][893]LogModuleManager: Shutting down and abandoning module GraphEditor (446)
[2018.09.29-06.18.20:576][893]LogModuleManager: Shutting down and abandoning module ClassViewer (444)
[2018.09.29-06.18.20:577][893]LogModuleManager: Shutting down and abandoning module Toolbox (442)
[2018.09.29-06.18.20:577][893]LogModuleManager: Shutting down and abandoning module DesktopPlatform (441)
[2018.09.29-06.18.20:577][893]LogModuleManager: Shutting down and abandoning module ModuleUI (438)
[2018.09.29-06.18.20:577][893]LogModuleManager: Shutting down and abandoning module MovieSceneTools (436)
[2018.09.29-06.18.20:577][893]LogModuleManager: Shutting down and abandoning module OutputLog (434)
[2018.09.29-06.18.20:577][893]LogModuleManager: Shutting down and abandoning module GammaUI (432)
[2018.09.29-06.18.20:577][893]LogModuleManager: Shutting down and abandoning module Documentation (430)
[2018.09.29-06.18.20:577][893]LogModuleManager: Shutting down and abandoning module MovieSceneTracks (428)
[2018.09.29-06.18.20:577][893]LogModuleManager: Shutting down and abandoning module MovieScene (426)
[2018.09.29-06.18.20:577][893]LogModuleManager: Shutting down and abandoning module StreamingPauseRendering (424)
[2018.09.29-06.18.20:577][893]LogModuleManager: Shutting down and abandoning module LauncherPlatform (422)
[2018.09.29-06.18.20:577][893]LogModuleManager: Shutting down and abandoning module AnalyticsET (420)
[2018.09.29-06.18.20:577][893]LogModuleManager: Shutting down and abandoning module PortalServices (418)
[2018.09.29-06.18.20:577][893]LogModuleManager: Shutting down and abandoning module PortalRpc (416)
[2018.09.29-06.18.20:577][893]LogModuleManager: Shutting down and abandoning module MessagingRpc (414)
[2018.09.29-06.18.20:577][893]LogModuleManager: Shutting down and abandoning module AIModule (412)
[2018.09.29-06.18.20:578][893]LogModuleManager: Shutting down and abandoning module GameplayDebugger (411)
[2018.09.29-06.18.20:578][893]LogModuleManager: Shutting down and abandoning module AITestSuite (409)
[2018.09.29-06.18.20:578][893]LogModuleManager: Shutting down and abandoning module NavigationSystem (407)
[2018.09.29-06.18.20:578][893]LogModuleManager: Shutting down and abandoning module ProfilerService (404)
[2018.09.29-06.18.20:581][893]LogModuleManager: Shutting down and abandoning module TaskGraph (402)
[2018.09.29-06.18.20:581][893]LogModuleManager: Shutting down and abandoning module VRExpansionPlugin (400)
[2018.09.29-06.18.20:581][893]LogModuleManager: Shutting down and abandoning module SteamVRController (398)
[2018.09.29-06.18.20:581][893]LogModuleManager: Shutting down and abandoning module ProceduralMeshComponentEditor (396)
[2018.09.29-06.18.20:581][893]LogModuleManager: Shutting down and abandoning module ProceduralMeshComponent (394)
[2018.09.29-06.18.20:581][893]LogModuleManager: Shutting down and abandoning module OculusInput (392)
[2018.09.29-06.18.20:581][893]LogModuleManager: Shutting down and abandoning module MobilePatchingUtils (390)
[2018.09.29-06.18.20:581][893]LogModuleManager: Shutting down and abandoning module EditableMesh (388)
[2018.09.29-06.18.20:581][893]LogModuleManager: Shutting down and abandoning module CustomMeshComponent (386)
[2018.09.29-06.18.20:581][893]LogModuleManager: Shutting down and abandoning module CableComponent (384)
[2018.09.29-06.18.20:581][893]LogModuleManager: Shutting down and abandoning module AudioCapture (382)
[2018.09.29-06.18.20:581][893]LogModuleManager: Shutting down and abandoning module ArchVisCharacter (380)
[2018.09.29-06.18.20:581][893]LogModuleManager: Shutting down and abandoning module AndroidPermission (378)
[2018.09.29-06.18.20:581][893]LogModuleManager: Shutting down and abandoning module NUTUnrealEngine4 (376)
[2018.09.29-06.18.20:581][893]LogModuleManager: Shutting down and abandoning module NetcodeUnitTest (374)
[2018.09.29-06.18.20:581][893]LogModuleManager: Shutting down and abandoning module MediaCompositingEditor (372)
[2018.09.29-06.18.20:581][893]LogModuleManager: Shutting down and abandoning module MediaCompositing (370)
[2018.09.29-06.18.20:581][893]LogModuleManager: Shutting down and abandoning module LinearTimecode (368)
[2018.09.29-06.18.20:581][893]LogModuleManager: Shutting down and abandoning module ImgMedia (366)
[2018.09.29-06.18.20:585][893]LogModuleManager: Shutting down and abandoning module HTML5Networking (364)
[2018.09.29-06.18.20:585][893]LogModuleManager: Shutting down and abandoning module GeometryCacheTracks (362)
[2018.09.29-06.18.20:585][893]LogModuleManager: Shutting down and abandoning module GeometryCacheSequencer (360)
[2018.09.29-06.18.20:585][893]LogModuleManager: Shutting down and abandoning module BackChannel (358)
[2018.09.29-06.18.20:585][893]LogModuleManager: Shutting down and abandoning module AppleVision (356)
[2018.09.29-06.18.20:585][893]LogModuleManager: Shutting down and abandoning module AppleImageUtils (354)
[2018.09.29-06.18.20:585][893]LogModuleManager: Shutting down and abandoning module AlembicImporter (352)
[2018.09.29-06.18.20:585][893]LogModuleManager: Shutting down and abandoning module AlembicLibrary (351)
[2018.09.29-06.18.20:585][893]LogModuleManager: Shutting down and abandoning module GeometryCache (350)
[2018.09.29-06.18.20:585][893]LogModuleManager: Shutting down and abandoning module GeometryCacheEd (349)
[2018.09.29-06.18.20:585][893]LogModuleManager: Shutting down and abandoning module DatasmithContentEditor (344)
[2018.09.29-06.18.20:585][893]LogModuleManager: Shutting down and abandoning module DatasmithContent (342)
[2018.09.29-06.18.20:586][893]LogModuleManager: Shutting down and abandoning module SpeedTreeImporter (340)
[2018.09.29-06.18.20:586][893]LogModuleManager: Shutting down and abandoning module PluginBrowser (338)
[2018.09.29-06.18.20:586][893]LogModuleManager: Shutting down and abandoning module MobileLauncherProfileWizard (336)
[2018.09.29-06.18.20:586][893]LogModuleManager: Shutting down and abandoning module PolygonModeling (334)
[2018.09.29-06.18.20:586][893]LogModuleManager: Shutting down and abandoning module MeshEditor (332)
[2018.09.29-06.18.20:586][893]LogModuleManager: Shutting down and abandoning module CryptoKeysOpenSSL (330)
[2018.09.29-06.18.20:586][893]LogModuleManager: Shutting down and abandoning module CryptoKeys (328)
[2018.09.29-06.18.20:586][893]LogModuleManager: Shutting down and abandoning module VisualStudioSourceCodeAccess (326)
[2018.09.29-06.18.20:586][893]LogModuleManager: Shutting down and abandoning module VisualStudioCodeSourceCodeAccess (324)
[2018.09.29-06.18.20:586][893]LogModuleManager: Shutting down and abandoning module UObjectPlugin (322)
[2018.09.29-06.18.20:586][893]LogModuleManager: Shutting down and abandoning module SubversionSourceControl (320)
[2018.09.29-06.18.20:586][893]LogModuleManager: Shutting down and abandoning module PerforceSourceControl (318)
[2018.09.29-06.18.20:586][893]LogModuleManager: Shutting down and abandoning module GitSourceControl (316)
[2018.09.29-06.18.20:586][893]LogModuleManager: Shutting down and abandoning module SourceControl (315)
[2018.09.29-06.18.20:586][893]LogModuleManager: Shutting down and abandoning module CLionSourceCodeAccess (312)
[2018.09.29-06.18.20:586][893]LogModuleManager: Shutting down and abandoning module LightPropagationVolumeEditor (310)
[2018.09.29-06.18.20:586][893]LogModuleManager: Shutting down and abandoning module PaperTiledImporter (308)
[2018.09.29-06.18.20:586][893]LogModuleManager: Shutting down and abandoning module PaperSpriteSheetImporter (306)
[2018.09.29-06.18.20:586][893]LogModuleManager: Shutting down and abandoning module Paper2DEditor (304)
[2018.09.29-06.18.20:586][893]LogModuleManager: Shutting down and abandoning module MeshPaint (303)
[2018.09.29-06.18.20:586][893]LogModuleManager: Shutting down and abandoning module Holodeck2 (300)
[2018.09.29-06.18.20:586][893]LogModuleManager: Shutting down and abandoning module RuntimePhysXCooking (298)
[2018.09.29-06.18.20:586][893]LogModuleManager: Shutting down and abandoning module PhysXVehiclesEditor (296)
[2018.09.29-06.18.20:586][893]LogModuleManager: Shutting down and abandoning module PhysXVehicles (294)
[2018.09.29-06.18.20:586][893]LogModuleManager: Shutting down and abandoning module OculusEditor (292)
[2018.09.29-06.18.20:587][893]LogModuleManager: Shutting down and abandoning module LocationServicesBPLibrary (290)
[2018.09.29-06.18.20:587][893]LogModuleManager: Shutting down and abandoning module ImmediatePhysicsEditor (288)
[2018.09.29-06.18.20:587][893]LogModuleManager: Shutting down and abandoning module ImmediatePhysics (286)
[2018.09.29-06.18.20:587][893]LogModuleManager: Shutting down and abandoning module ActorSequence (284)
[2018.09.29-06.18.20:587][893]LogModuleManager: Shutting down and abandoning module UdpMessaging (282)
[2018.09.29-06.18.20:687][893]LogModuleManager: Shutting down and abandoning module TcpMessaging (280)
[2018.09.29-06.18.20:788][893]LogModuleManager: Shutting down and abandoning module MagicLeapAudio (278)
[2018.09.29-06.18.20:788][893]LogModuleManager: Shutting down and abandoning module GameplayTagsEditor (276)
[2018.09.29-06.18.20:788][893]LogModuleManager: Shutting down and abandoning module FacialAnimationEditor (274)
[2018.09.29-06.18.20:788][893]LogModuleManager: Shutting down and abandoning module FacialAnimation (272)
[2018.09.29-06.18.20:788][893]LogModuleManager: Shutting down and abandoning module DataValidation (270)
[2018.09.29-06.18.20:788][893]LogModuleManager: Shutting down and abandoning module AssetManagerEditor (268)
[2018.09.29-06.18.20:788][893]LogModuleManager: Shutting down and abandoning module LevelEditor (267)
[2018.09.29-06.18.20:789][893]LogModuleManager: Shutting down and abandoning module PixelInspectorModule (266)
[2018.09.29-06.18.20:789][893]LogModuleManager: Shutting down and abandoning module CommonMenuExtensions (264)
[2018.09.29-06.18.20:790][893]LogModuleManager: Shutting down and abandoning module MainFrame (262)
[2018.09.29-06.18.20:790][893]LogModuleManager: Shutting down and abandoning module HotReload (261)
[2018.09.29-06.18.20:790][893]LogModuleManager: Shutting down and abandoning module ContentBrowser (257)
[2018.09.29-06.18.20:792][893]LogModuleManager: Shutting down and abandoning module TreeMap (255)
[2018.09.29-06.18.20:792][893]LogModuleManager: Shutting down and abandoning module LightPropagationVolumeRuntime (252)
[2018.09.29-06.18.20:792][893]LogModuleManager: Shutting down and abandoning module AISupportModule (250)
[2018.09.29-06.18.20:792][893]LogModuleManager: Shutting down and abandoning module Paper2D (248)
[2018.09.29-06.18.20:792][893]LogModuleManager: Shutting down and abandoning module WindowsMoviePlayer (246)
[2018.09.29-06.18.20:792][893]LogModuleManager: Shutting down and abandoning module WmfMedia (244)
[2018.09.29-06.18.20:794][893]LogModuleManager: Shutting down and abandoning module Media (243)
[2018.09.29-06.18.20:799][893]LogModuleManager: Shutting down and abandoning module PacketHandler (240)
[2018.09.29-06.18.20:799][893]LogModuleManager: Shutting down and abandoning module ClothingSystemEditor (238)
[2018.09.29-06.18.20:799][893]LogModuleManager: Shutting down and abandoning module ClothingSystemRuntime (236)
[2018.09.29-06.18.20:799][893]LogModuleManager: Shutting down and abandoning module MediaAssets (234)
[2018.09.29-06.18.20:799][893]LogModuleManager: Shutting down and abandoning module Overlay (232)
[2018.09.29-06.18.20:799][893]LogModuleManager: Shutting down and abandoning module OverlayEditor (231)
[2018.09.29-06.18.20:799][893]LogModuleManager: Shutting down and abandoning module VREditor (228)
[2018.09.29-06.18.20:799][893]LogModuleManager: Shutting down and abandoning module StringTableEditor (226)
[2018.09.29-06.18.20:799][893]LogModuleManager: Shutting down and abandoning module GameplayTasksEditor (224)
[2018.09.29-06.18.20:799][893]LogModuleManager: Shutting down and abandoning module BehaviorTreeEditor (222)
[2018.09.29-06.18.20:799][893]LogModuleManager: Shutting down and abandoning module FunctionalTesting (220)
[2018.09.29-06.18.20:799][893]LogModuleManager: Shutting down and abandoning module CollisionAnalyzer (218)
[2018.09.29-06.18.20:799][893]LogModuleManager: Shutting down and abandoning module WorkspaceMenuStructure (217)
[2018.09.29-06.18.20:799][893]LogModuleManager: Shutting down and abandoning module UMG (214)
[2018.09.29-06.18.20:799][893]LogModuleManager: Shutting down and abandoning module UMGEditor (213)
[2018.09.29-06.18.20:800][893]LogModuleManager: Shutting down and abandoning module Sequencer (212)
[2018.09.29-06.18.20:800][893]LogModuleManager: Shutting down and abandoning module MessageLog (209)
[2018.09.29-06.18.20:800][893]LogModuleManager: Shutting down and abandoning module SlateReflector (204)
[2018.09.29-06.18.20:800][893]LogModuleManager: Shutting down and abandoning module Slate (202)
[2018.09.29-06.18.20:800][893]LogModuleManager: Shutting down and abandoning module EditorStyle (200)
[2018.09.29-06.18.20:802][893]LogModuleManager: Shutting down and abandoning module MRMesh (198)
[2018.09.29-06.18.20:802][893]LogModuleManager: Shutting down and abandoning module SourceCodeAccess (196)
[2018.09.29-06.18.20:802][893]LogModuleManager: Shutting down and abandoning module HeadMountedDisplay (194)
[2018.09.29-06.18.20:802][893]LogModuleManager: Shutting down and abandoning module XAudio2 (192)
[2018.09.29-06.18.20:802][893]LogModuleManager: Shutting down and abandoning module Networking (190)
[2018.09.29-06.18.20:802][893]LogModuleManager: Shutting down and abandoning module Core (188)
[2018.09.29-06.18.20:802][893]LogModuleManager: Shutting down and abandoning module LevelSequence (186)
[2018.09.29-06.18.20:802][893]LogModuleManager: Shutting down and abandoning module KismetCompiler (184)
[2018.09.29-06.18.20:802][893]LogModuleManager: Shutting down and abandoning module MeshUtilities (182)
[2018.09.29-06.18.20:802][893]LogModuleManager: Shutting down and abandoning module MeshMergeUtilities (181)
[2018.09.29-06.18.20:802][893]LogModuleManager: Shutting down and abandoning module MeshReductionInterface (180)
[2018.09.29-06.18.20:802][893]LogModuleManager: Shutting down and abandoning module SimplygonSwarm (179)
[2018.09.29-06.18.20:803][893]LogModuleManager: Shutting down and abandoning module ProxyLODMeshReduction (177)
[2018.09.29-06.18.20:803][893]LogModuleManager: Shutting down and abandoning module SimplygonMeshReduction (175)
[2018.09.29-06.18.20:803][893]LogModuleManager: Shutting down and abandoning module QuadricMeshReduction (173)
[2018.09.29-06.18.20:803][893]LogModuleManager: Shutting down and abandoning module MaterialBaking (169)
[2018.09.29-06.18.20:803][893]LogModuleManager: Shutting down and abandoning module DirectoryWatcher (165)
[2018.09.29-06.18.20:803][893]LogModuleManager: Shutting down and abandoning module DerivedDataCache (162)
[2018.09.29-06.18.20:808][893]LogDerivedDataCache: Shutdown
[2018.09.29-06.18.20:808][893]LogModuleManager: Shutting down and abandoning module XGEController (160)
[2018.09.29-06.18.20:808][893]LogXGEController: Cleaning working directory: C:/Users/ENDER/AppData/Local/Temp/UnrealXGEWorkingDir/
[2018.09.29-06.18.20:808][893]LogModuleManager: Shutting down and abandoning module TargetPlatform (158)
[2018.09.29-06.18.20:809][893]LogModuleManager: Shutting down and abandoning module VulkanShaderFormat (157)
[2018.09.29-06.18.20:809][893]LogModuleManager: Shutting down and abandoning module ShaderFormatVectorVM (155)
[2018.09.29-06.18.20:809][893]LogModuleManager: Shutting down and abandoning module ShaderFormatOpenGL (153)
[2018.09.29-06.18.20:809][893]LogModuleManager: Shutting down and abandoning module ShaderFormatD3D (151)
[2018.09.29-06.18.20:809][893]LogModuleManager: Shutting down and abandoning module MetalShaderFormat (149)
[2018.09.29-06.18.20:809][893]LogModuleManager: Shutting down and abandoning module TextureFormatUncompressed (147)
[2018.09.29-06.18.20:809][893]LogModuleManager: Shutting down and abandoning module TextureFormatPVR (145)
[2018.09.29-06.18.20:809][893]LogModuleManager: Shutting down and abandoning module TextureFormatDXT (143)
[2018.09.29-06.18.20:809][893]LogModuleManager: Shutting down and abandoning module TextureFormatIntelISPCTexComp (141)
[2018.09.29-06.18.20:809][893]LogModuleManager: Shutting down and abandoning module TextureFormatASTC (139)
[2018.09.29-06.18.20:809][893]LogModuleManager: Shutting down and abandoning module ImageWrapper (138)
[2018.09.29-06.18.20:809][893]LogModuleManager: Shutting down and abandoning module TextureFormatAndroid (135)
[2018.09.29-06.18.20:809][893]LogModuleManager: Shutting down and abandoning module AudioFormatOpus (133)
[2018.09.29-06.18.20:809][893]LogModuleManager: Shutting down and abandoning module AudioFormatOgg (131)
[2018.09.29-06.18.20:809][893]LogModuleManager: Shutting down and abandoning module AudioFormatADPCM (129)
[2018.09.29-06.18.20:809][893]LogModuleManager: Shutting down and abandoning module LuminTargetPlatform (127)
[2018.09.29-06.18.20:809][893]LogModuleManager: Shutting down and abandoning module LinuxTargetPlatform (125)
[2018.09.29-06.18.20:809][893]LogModuleManager: Shutting down and abandoning module LinuxServerTargetPlatform (123)
[2018.09.29-06.18.20:810][893]LogModuleManager: Shutting down and abandoning module LinuxNoEditorTargetPlatform (121)
[2018.09.29-06.18.20:810][893]LogModuleManager: Shutting down and abandoning module LinuxClientTargetPlatform (119)
[2018.09.29-06.18.20:810][893]LogModuleManager: Shutting down and abandoning module TVOSTargetPlatform (117)
[2018.09.29-06.18.20:816][893]LogModuleManager: Shutting down and abandoning module Messaging (115)
[2018.09.29-06.18.20:816][893]LogModuleManager: Shutting down and abandoning module IOSTargetPlatform (113)
[2018.09.29-06.18.20:821][893]LogModuleManager: Shutting down and abandoning module HTML5TargetPlatform (111)
[2018.09.29-06.18.20:821][893]LogModuleManager: Shutting down and abandoning module AndroidTargetPlatform (109)
[2018.09.29-06.18.20:851][893]LogModuleManager: Shutting down and abandoning module WindowsTargetPlatform (107)
[2018.09.29-06.18.20:851][893]LogModuleManager: Shutting down and abandoning module WindowsServerTargetPlatform (105)
[2018.09.29-06.18.20:851][893]LogModuleManager: Shutting down and abandoning module WindowsNoEditorTargetPlatform (103)
[2018.09.29-06.18.20:851][893]LogModuleManager: Shutting down and abandoning module WindowsClientTargetPlatform (101)
[2018.09.29-06.18.20:851][893]LogModuleManager: Shutting down and abandoning module MacTargetPlatform (99)
[2018.09.29-06.18.20:852][893]LogModuleManager: Shutting down and abandoning module MacServerTargetPlatform (97)
[2018.09.29-06.18.20:852][893]LogModuleManager: Shutting down and abandoning module MacNoEditorTargetPlatform (95)
[2018.09.29-06.18.20:852][893]LogModuleManager: Shutting down and abandoning module MacClientTargetPlatform (93)
[2018.09.29-06.18.20:852][893]LogModuleManager: Shutting down and abandoning module AllDesktopTargetPlatform (91)
[2018.09.29-06.18.20:852][893]LogModuleManager: Shutting down and abandoning module InputCore (88)
[2018.09.29-06.18.20:852][893]LogModuleManager: Shutting down and abandoning module Settings (86)
[2018.09.29-06.18.20:852][893]LogModuleManager: Shutting down and abandoning module PhysXCooking (84)
[2018.09.29-06.18.20:852][893]LogModuleManager: Shutting down and abandoning module SteamVR (82)
[2018.09.29-06.18.20:852][893]LogModuleManager: Shutting down and abandoning module OculusHMD (80)
[2018.09.29-06.18.20:852][893]LogModuleManager: Shutting down and abandoning module ExampleDeviceProfileSelector (78)
[2018.09.29-06.18.20:852][893]LogModuleManager: Shutting down and abandoning module LauncherChunkInstaller (76)
[2018.09.29-06.18.20:852][893]LogModuleManager: Shutting down and abandoning module OnlineBlueprintSupport (74)
[2018.09.29-06.18.20:852][893]LogModuleManager: Shutting down and abandoning module OnlineSubsystem (70)
[2018.09.29-06.18.20:853][893]LogModuleManager: Shutting down and abandoning module XMPP (65)
[2018.09.29-06.18.20:853][893]LogModuleManager: Shutting down and abandoning module WebSockets (64)
[2018.09.29-06.18.20:864][893]LogModuleManager: Shutting down and abandoning module HTTP (61)
[2018.09.29-06.18.20:864][893]LogHttp: Display: Http module shutting down, but needs to wait on 1 outstanding Http requests:
[2018.09.29-06.18.20:864][893]LogHttp: Display: 	verb=[POST] url=[https://datarouter.ol.epicgames.com/datarouter/api/v1/public/data?SessionID=%7B88BC706F-4F07-D732-6097-76B4B1A320F3%7D&AppID=UEEditor.Rocket.Release&AppVersion=4.20.3-4369336%2B%2B%2BUE4%2BRelease-4.20&UserID=4bca228f499fd1a9a22355bcddc8d86e%7C86b6ae209afd4afba3857a84ef1c03f5%7C9cdf86c3-3899-4ad0-b18b-a7cf1e172978&AppEnvironment=datacollector-binary&UploadType=eteventstream] status=Processing
[2018.09.29-06.18.20:878][893]LogModuleManager: Shutting down and abandoning module SSL (60)
[2018.09.29-06.18.20:879][893]LogModuleManager: Shutting down and abandoning module MagicLeapEmulator (56)
[2018.09.29-06.18.20:879][893]LogModuleManager: Shutting down and abandoning module MagicLeapPrivileges (54)
[2018.09.29-06.18.20:879][893]LogModuleManager: Shutting down and abandoning module MagicLeapIdentity (52)
[2018.09.29-06.18.20:879][893]LogModuleManager: Shutting down and abandoning module MagicLeapHelperVulkan (50)
[2018.09.29-06.18.20:879][893]LogModuleManager: Shutting down and abandoning module MagicLeapHelperOpenGL (48)
[2018.09.29-06.18.20:879][893]LogModuleManager: Shutting down and abandoning module MagicLeapSecureStorage (46)
[2018.09.29-06.18.20:879][893]LogModuleManager: Shutting down and abandoning module MagicLeapGestures (44)
[2018.09.29-06.18.20:879][893]LogModuleManager: Shutting down and abandoning module MagicLeapEyeTracker (42)
[2018.09.29-06.18.20:879][893]LogModuleManager: Shutting down and abandoning module MagicLeapController (40)
[2018.09.29-06.18.20:893][893]LogSlate: Slate User Destroyed.  User Index 0, Is Virtual User: 0
[2018.09.29-06.18.20:893][893]LogModuleManager: Shutting down and abandoning module MagicLeap (38)
[2018.09.29-06.18.20:893][893]LogModuleManager: Shutting down and abandoning module AnimationModifiers (36)
[2018.09.29-06.18.20:893][893]LogModuleManager: Shutting down and abandoning module PropertyEditor (35)
[2018.09.29-06.18.20:893][893]LogModuleManager: Shutting down and abandoning module AudioEditor (32)
[2018.09.29-06.18.20:893][893]LogModuleManager: Shutting down and abandoning module TextureCompressor (30)
[2018.09.29-06.18.20:893][893]LogModuleManager: Shutting down and abandoning module ShaderCore (28)
[2018.09.29-06.18.20:893][893]LogModuleManager: Shutting down and abandoning module Landscape (26)
[2018.09.29-06.18.20:894][893]LogModuleManager: Shutting down and abandoning module SlateRHIRenderer (24)
[2018.09.29-06.18.20:894][893]LogModuleManager: Shutting down and abandoning module OpenGLDrv (22)
[2018.09.29-06.18.20:895][893]LogModuleManager: Shutting down and abandoning module D3D11RHI (20)
[2018.09.29-06.18.20:895][893]LogModuleManager: Shutting down and abandoning module AnimGraphRuntime (18)
[2018.09.29-06.18.20:895][893]LogModuleManager: Shutting down and abandoning module Renderer (16)
[2018.09.29-06.18.20:895][893]LogModuleManager: Shutting down and abandoning module Engine (14)
[2018.09.29-06.18.20:895][893]LogModuleManager: Shutting down and abandoning module CoreUObject (12)
[2018.09.29-06.18.20:895][893]LogModuleManager: Shutting down and abandoning module NetworkFile (10)
[2018.09.29-06.18.20:895][893]LogModuleManager: Shutting down and abandoning module CookedIterativeFile (8)
[2018.09.29-06.18.20:895][893]LogModuleManager: Shutting down and abandoning module StreamingFile (6)
[2018.09.29-06.18.20:895][893]LogModuleManager: Shutting down and abandoning module SandboxFile (4)
[2018.09.29-06.18.20:895][893]LogModuleManager: Shutting down and abandoning module PakFile (2)
[2018.09.29-06.18.20:904][893]LogExit: Exiting.
[2018.09.29-06.18.20:924][893]Log file closed, 09/28/18 23:18:20
