Log file open, 10/05/18 14:59:18
LogWindows: Failed to load 'aqProf.dll' (GetLastError=126)
LogWindows: File 'aqProf.dll' does not exist
LogWindows: Failed to load 'VtuneApi.dll' (GetLastError=126)
LogWindows: File 'VtuneApi.dll' does not exist
LogWindows: Failed to load 'VtuneApi32e.dll' (GetLastError=126)
LogWindows: File 'VtuneApi32e.dll' does not exist
LogInit: Display: Running engine for game: Holodeck2
LogPlatformFile: Not using cached read wrapper
LogTaskGraph: Started task graph with 5 named threads and 35 total threads with 3 sets of task threads.
LogStats: Stats thread started at 0.399691
LogD3D11RHI: Loaded GFSDK_Aftermath_Lib.x64.dll
LogICUInternationalization: Display: ICU TimeZone Detection - Raw Offset: -8:00, Platform Override: ''
LogPluginManager: Mounting plugin Paper2D
LogPluginManager: Mounting plugin AISupport
LogPluginManager: Mounting plugin LightPropagationVolume
LogPluginManager: Mounting plugin CLionSourceCodeAccess
LogPluginManager: Mounting plugin CodeLiteSourceCodeAccess
LogPluginManager: Mounting plugin GitSourceControl
LogPluginManager: Mounting plugin KDevelopSourceCodeAccess
LogPluginManager: Mounting plugin NullSourceCodeAccess
LogPluginManager: Mounting plugin PerforceSourceControl
LogPluginManager: Mounting plugin SubversionSourceControl
LogPluginManager: Mounting plugin UObjectPlugin
LogPluginManager: Mounting plugin VisualStudioCodeSourceCodeAccess
LogPluginManager: Mounting plugin VisualStudioSourceCodeAccess
LogPluginManager: Mounting plugin XCodeSourceCodeAccess
LogPluginManager: Mounting plugin AssetManagerEditor
LogPluginManager: Mounting plugin CryptoKeys
LogPluginManager: Mounting plugin DataValidation
LogPluginManager: Mounting plugin FacialAnimation
LogPluginManager: Mounting plugin GameplayTagsEditor
LogPluginManager: Mounting plugin MacGraphicsSwitching
LogPluginManager: Mounting plugin MeshEditor
LogPluginManager: Mounting plugin MobileLauncherProfileWizard
LogPluginManager: Mounting plugin PluginBrowser
LogPluginManager: Mounting plugin SpeedTreeImporter
LogPluginManager: Mounting plugin DatasmithContent
LogPluginManager: Mounting plugin AlembicImporter
LogPluginManager: Mounting plugin AppleImageUtils
LogPluginManager: Mounting plugin AppleVision
LogPluginManager: Mounting plugin BackChannel
LogPluginManager: Mounting plugin CharacterAI
LogPluginManager: Mounting plugin GeometryCache
LogPluginManager: Mounting plugin HTML5Networking
LogPluginManager: Mounting plugin ProxyLODPlugin
LogPluginManager: Mounting plugin MagicLeap
LogPluginManager: Mounting plugin MagicLeapEmulator
LogPluginManager: Mounting plugin MagicLeapMedia
LogPluginManager: Mounting plugin AndroidMedia
LogPluginManager: Mounting plugin AvfMedia
LogPluginManager: Mounting plugin ImgMedia
LogPluginManager: Mounting plugin LinearTimecode
LogPluginManager: Mounting plugin MediaCompositing
LogPluginManager: Mounting plugin MediaPlayerEditor
LogPluginManager: Mounting plugin WmfMedia
LogPluginManager: Mounting plugin TcpMessaging
LogPluginManager: Mounting plugin UdpMessaging
LogPluginManager: Mounting plugin ActorSequence
LogPluginManager: Mounting plugin LevelSequenceEditor
LogPluginManager: Mounting plugin MatineeToLevelSequence
LogPluginManager: Mounting plugin NetcodeUnitTest
LogPluginManager: Mounting plugin NUTUnrealEngine4
LogPluginManager: Mounting plugin OnlineSubsystemGooglePlay
LogPluginManager: Mounting plugin OnlineSubsystemIOS
LogPluginManager: Mounting plugin OnlineSubsystem
LogPluginManager: Mounting plugin OnlineSubsystemNull
LogPluginManager: Mounting plugin OnlineSubsystemUtils
LogPluginManager: Mounting plugin LauncherChunkInstaller
LogPluginManager: Mounting plugin AndroidDeviceProfileSelector
LogPluginManager: Mounting plugin AndroidMoviePlayer
LogPluginManager: Mounting plugin AndroidPermission
LogPluginManager: Mounting plugin AppleMoviePlayer
LogPluginManager: Mounting plugin ArchVisCharacter
LogPluginManager: Mounting plugin AudioCapture
LogPluginManager: Mounting plugin CableComponent
LogPluginManager: Mounting plugin CustomMeshComponent
LogPluginManager: Mounting plugin EditableMesh
LogPluginManager: Mounting plugin ExampleDeviceProfileSelector
LogPluginManager: Mounting plugin GoogleCloudMessaging
LogPluginManager: Mounting plugin ImmediatePhysics
LogPluginManager: Mounting plugin IOSDeviceProfileSelector
LogPluginManager: Mounting plugin LinuxDeviceProfileSelector
LogPluginManager: Mounting plugin LocationServicesBPLibrary
LogPluginManager: Mounting plugin MobilePatchingUtils
LogPluginManager: Mounting plugin OculusVR
LogPluginManager: Plugin shader directory ../../../Engine/Plugins/Runtime/Oculus/OculusVR/Shaders found
LogPluginManager: Mapping shader source directory ../../../Engine/Plugins/Runtime/Oculus/OculusVR/Shaders to virtual directory /Plugin/OculusVR
LogPluginManager: Mounting plugin PhysXVehicles
LogPluginManager: Mounting plugin ProceduralMeshComponent
LogPluginManager: Mounting plugin RuntimePhysXCooking
LogPluginManager: Mounting plugin SteamVR
LogPluginManager: Mounting plugin WindowsMoviePlayer
LogPluginManager: Mounting plugin VRExpansionPlugin
LogStreaming: Display: Took  0.088s to configure plugins.
LogInit: Using libcurl 7.55.1-DEV
LogInit:  - built for x86_64-pc-win32
LogInit:  - supports SSL with OpenSSL/1.0.2h
LogInit:  - supports HTTP deflate (compression) using libz 1.2.8
LogInit:  - other features:
LogInit:      CURL_VERSION_SSL
LogInit:      CURL_VERSION_LIBZ
LogInit:      CURL_VERSION_IPV6
LogInit:      CURL_VERSION_ASYNCHDNS
LogInit:      CURL_VERSION_LARGEFILE
LogInit:      CURL_VERSION_IDN
LogInit:  CurlRequestOptions (configurable via config and command line):
LogInit:  - bVerifyPeer = false  - Libcurl will NOT verify peer certificate
LogInit:  - bUseHttpProxy = false  - Libcurl will NOT use HTTP proxy
LogInit:  - bDontReuseConnections = false  - Libcurl will reuse connections
LogInit:  - CertBundlePath = nullptr  - Libcurl will use whatever was configured at build time.
LogInit:  - MaxHostConnections = 16  - Libcurl will limit the number of connections to a host
LogInit:  - LocalHostAddr = Default
LogInit:  - BufferSize = 65536
LogInit: WinSock: version 1.1 (2.2), MaxSocks=32767, MaxUdp=65467
LogHMD: Failed initializing OVRPlugin 1.25.0
LogInit: Build: ++UE4+Release-4.20-CL-4369336
LogInit: Engine Version: 4.20.3-4369336+++UE4+Release-4.20
LogInit: Compatible Engine Version: 4.20.0-4212847+++UE4+Release-4.20
LogInit: Net CL: 4212847
LogInit: OS: Windows 10 (), CPU: Intel(R) Core(TM) i7-5930K CPU @ 3.50GHz, GPU: AMD Radeon (TM) R9 390 Series
LogInit: Compiled (64-bit): Sep 17 2018 12:26:19
LogInit: Compiled with Visual C++: 19.13.26129.00
LogInit: Build Configuration: Development
LogInit: Branch Name: ++UE4+Release-4.20
LogInit: Command Line:  
LogInit: Base Directory: E:/Unreal/UE_4.20/Engine/Binaries/Win64/
LogInit: Installed Engine Build: 1
LogDevObjectVersion: Number of dev versions registered: 20
LogDevObjectVersion:   Dev-Blueprints (B0D832E4-1F89-4F0D-ACCF-7EB736FD4AA2): 10
LogDevObjectVersion:   Dev-Build (E1C64328-A22C-4D53-A36C-8E866417BD8C): 0
LogDevObjectVersion:   Dev-Core (375EC13C-06E4-48FB-B500-84F0262A717E): 2
LogDevObjectVersion:   Dev-Editor (E4B068ED-F494-42E9-A231-DA0B2E46BB41): 24
LogDevObjectVersion:   Dev-Framework (CFFC743F-43B0-4480-9391-14DF171D2073): 34
LogDevObjectVersion:   Dev-Mobile (B02B49B5-BB20-44E9-A304-32B752E40360): 2
LogDevObjectVersion:   Dev-Networking (A4E4105C-59A1-49B5-A7C5-40C4547EDFEE): 0
LogDevObjectVersion:   Dev-Online (39C831C9-5AE6-47DC-9A44-9C173E1C8E7C): 0
LogDevObjectVersion:   Dev-Physics (78F01B33-EBEA-4F98-B9B4-84EACCB95AA2): 0
LogDevObjectVersion:   Dev-Platform (6631380F-2D4D-43E0-8009-CF276956A95A): 0
LogDevObjectVersion:   Dev-Rendering (12F88B9F-8875-4AFC-A67C-D90C383ABD29): 26
LogDevObjectVersion:   Dev-Sequencer (7B5AE74C-D270-4C10-A958-57980B212A5A): 9
LogDevObjectVersion:   Dev-VR (D7296918-1DD6-4BDD-9DE2-64A83CC13884): 2
LogDevObjectVersion:   Dev-LoadTimes (C2A15278-BFE7-4AFE-6C17-90FF531DF755): 1
LogDevObjectVersion:   Private-Geometry (6EACA3D4-40EC-4CC1-B786-8BED09428FC5): 3
LogDevObjectVersion:   Dev-AnimPhys (29E575DD-E0A3-4627-9D10-D276232CDCEA): 17
LogDevObjectVersion:   Dev-ReflectionCapture (6B266CEC-1EC7-4B8F-A30B-E4D90942FC07): 1
LogDevObjectVersion:   Dev-Automation (0DF73D61-A23F-47EA-B727-89E90C41499A): 1
LogDevObjectVersion:   FortniteMain (601D1886-AC64-4F84-AA16-D3DE0DEAC7D6): 12
LogDevObjectVersion:   Dev-Enterprise (9DFFBCD6-494F-0158-E221-12823C92A888): 1
LogStreaming: Display: Took  0.000s to delete old logs.
LogInit: Presizing for max 8388607 objects, including 0 objects not considered by GC, pre-allocating 0 bytes for permanent pool.
LogInit: Object subsystem initialized
[2018.10.05-21.59.19:517][  0]LogInit: Selected Device Profile: [Windows]
[2018.10.05-21.59.19:517][  0]LogInit: Applying CVar settings loaded from the selected device profile: [Windows]
[2018.10.05-21.59.19:528][  0]LogHAL: Display: Platform has ~ 16 GB [17070399488 / 17179869184 / 16], which maps to Larger [LargestMinGB=32, LargerMinGB=12, DefaultMinGB=8, SmallerMinGB=6, SmallestMinGB=0)
[2018.10.05-21.59.19:529][  0]LogInit: Setting Device Profile CVar: [[r.Vulkan.UseRealUBs:1]]
[2018.10.05-21.59.19:529][  0]LogInit: Going up to parent DeviceProfile []
[2018.10.05-21.59.19:529][  0]LogInit: Computer: CAPTAINARCHER
[2018.10.05-21.59.19:529][  0]LogInit: User: ENDER
[2018.10.05-21.59.19:529][  0]LogInit: CPU Page size=4096, Cores=6
[2018.10.05-21.59.19:529][  0]LogInit: High frequency timer resolution =3.417967 MHz
[2018.10.05-21.59.19:529][  0]LogMemory: Memory total: Physical=15.9GB (16GB approx)
[2018.10.05-21.59.19:529][  0]LogMemory: Platform Memory Stats for Windows
[2018.10.05-21.59.19:529][  0]LogMemory: Process Physical Memory: 105.14 MB used, 105.14 MB peak
[2018.10.05-21.59.19:529][  0]LogMemory: Process Virtual Memory: 97.50 MB used, 97.50 MB peak
[2018.10.05-21.59.19:529][  0]LogMemory: Physical Memory: 5453.21 MB used,  10826.39 MB free, 16279.60 MB total
[2018.10.05-21.59.19:529][  0]LogMemory: Virtual Memory: 4675.52 MB used,  10826.39 MB free, 134217728.00 MB total
[2018.10.05-21.59.19:542][  0]LogInit: Using OS detected language (en-US).
[2018.10.05-21.59.19:542][  0]LogInit: Using OS detected locale (en-US).
[2018.10.05-21.59.19:542][  0]LogTextLocalizationManager: No specific localization for 'en-US' exists, so the 'en' localization will be used.
[2018.10.05-21.59.19:868][  0]LogStreaming: Display: Took  0.326s to InitEngineTextLocalization.
[2018.10.05-21.59.19:868][  0]LogInit: Setting process to per monitor DPI aware
[2018.10.05-21.59.19:914][  0]LogSlate: New Slate User Created.  User Index 0, Is Virtual User: 0
[2018.10.05-21.59.19:914][  0]LogSlate: Slate User Registered.  User Index 0, Is Virtual User: 0
[2018.10.05-21.59.20:085][  0]LogHMD: Failed to initialize OpenVR with code 110
[2018.10.05-21.59.20:085][  0]LogD3D11RHI: D3D11 adapters:
[2018.10.05-21.59.20:117][  0]LogD3D11RHI:    0. 'AMD Radeon (TM) R9 390 Series' (Feature Level 11_0)
[2018.10.05-21.59.20:117][  0]LogD3D11RHI:       8168/0/8139 MB DedicatedVideo/DedicatedSystem/SharedSystem, Outputs:2, VendorId:0x1002
[2018.10.05-21.59.20:119][  0]LogD3D11RHI:    1. 'Microsoft Basic Render Driver' (Feature Level 11_0)
[2018.10.05-21.59.20:119][  0]LogD3D11RHI:       0/0/8139 MB DedicatedVideo/DedicatedSystem/SharedSystem, Outputs:0, VendorId:0x1414
[2018.10.05-21.59.20:119][  0]LogD3D11RHI: Chosen D3D11 Adapter: 0
[2018.10.05-21.59.20:123][  0]LogD3D11RHI: Creating new Direct3DDevice
[2018.10.05-21.59.20:123][  0]LogD3D11RHI:     GPU DeviceId: 0x67b1 (for the marketing name, search the web for "GPU Device Id")
[2018.10.05-21.59.20:123][  0]LogWindows: EnumDisplayDevices:
[2018.10.05-21.59.20:123][  0]LogWindows:    0. 'AMD Radeon (TM) R9 390 Series' (P:1 D:1)
[2018.10.05-21.59.20:123][  0]LogWindows:    1. 'AMD Radeon (TM) R9 390 Series' (P:0 D:1)
[2018.10.05-21.59.20:123][  0]LogWindows:    2. 'AMD Radeon (TM) R9 390 Series' (P:0 D:0)
[2018.10.05-21.59.20:124][  0]LogWindows:    3. 'AMD Radeon (TM) R9 390 Series' (P:0 D:0)
[2018.10.05-21.59.20:124][  0]LogWindows:    4. 'AMD Radeon (TM) R9 390 Series' (P:0 D:0)
[2018.10.05-21.59.20:124][  0]LogWindows:    5. 'AMD Radeon (TM) R9 390 Series' (P:0 D:0)
[2018.10.05-21.59.20:124][  0]LogWindows:    6. 'AMD Radeon (TM) R9 390 Series' (P:0 D:0)
[2018.10.05-21.59.20:125][  0]LogWindows:    7. 'AMD Radeon (TM) R9 390 Series' (P:0 D:0)
[2018.10.05-21.59.20:125][  0]LogWindows:    8. 'AMD Radeon (TM) R9 390 Series' (P:0 D:0)
[2018.10.05-21.59.20:125][  0]LogWindows:    9. 'AMD Radeon (TM) R9 390 Series' (P:0 D:0)
[2018.10.05-21.59.20:125][  0]LogWindows:    10. 'AMD Radeon (TM) R9 390 Series' (P:0 D:0)
[2018.10.05-21.59.20:125][  0]LogWindows:    11. 'AMD Radeon (TM) R9 390 Series' (P:0 D:0)
[2018.10.05-21.59.20:126][  0]LogWindows:    12. 'AMD Radeon (TM) R9 390 Series' (P:0 D:0)
[2018.10.05-21.59.20:126][  0]LogWindows:    13. 'AMD Radeon (TM) R9 390 Series' (P:0 D:0)
[2018.10.05-21.59.20:126][  0]LogWindows:    14. 'AMD Radeon (TM) R9 390 Series' (P:0 D:0)
[2018.10.05-21.59.20:126][  0]LogWindows:    15. 'AMD Radeon (TM) R9 390 Series' (P:0 D:0)
[2018.10.05-21.59.20:127][  0]LogWindows: DebugString: FoundDriverCount:16 
[2018.10.05-21.59.20:127][  0]LogD3D11RHI:     Adapter Name: AMD Radeon (TM) R9 390 Series
[2018.10.05-21.59.20:127][  0]LogD3D11RHI:   Driver Version: Adrenalin 18.5.2 (internal:24.20.11019.1004, unified:24.20.11019.1004)
[2018.10.05-21.59.20:127][  0]LogD3D11RHI:      Driver Date: 5-29-2018
[2018.10.05-21.59.20:127][  0]LogRHI: Texture pool is 5717 MB (70% of 8168 MB)
[2018.10.05-21.59.20:173][  0]LogD3D11RHI: Async texture creation enabled
[2018.10.05-21.59.20:184][  0]LogD3D11RHI: GPU Timing Frequency: 27.000000 (Debug: 2 1)
[2018.10.05-21.59.20:185][  0]LogShaderCompilers: Guid format shader working directory is 14 characters bigger than the processId version (D:/GitHub/PhaserRange/Holodeck2/Intermediate/Shaders/WorkingDirectory/11556/).
[2018.10.05-21.59.20:185][  0]LogShaderCompilers: Cleaned the shader compiler working directory 'C:/Users/ENDER/AppData/Local/Temp/UnrealShaderWorkingDir/DDB553EA42658232657167B571168CC2/'.
[2018.10.05-21.59.20:382][  0]LogTemp: Display: Loaded TP AllDesktopTargetPlatform
[2018.10.05-21.59.20:394][  0]LogTemp: Display: Loaded TP MacClientTargetPlatform
[2018.10.05-21.59.20:405][  0]LogTemp: Display: Loaded TP MacNoEditorTargetPlatform
[2018.10.05-21.59.20:416][  0]LogTemp: Display: Loaded TP MacServerTargetPlatform
[2018.10.05-21.59.20:427][  0]LogTemp: Display: Loaded TP MacTargetPlatform
[2018.10.05-21.59.20:438][  0]LogTemp: Display: Loaded TP WindowsClientTargetPlatform
[2018.10.05-21.59.20:449][  0]LogTemp: Display: Loaded TP WindowsNoEditorTargetPlatform
[2018.10.05-21.59.20:460][  0]LogTemp: Display: Loaded TP WindowsServerTargetPlatform
[2018.10.05-21.59.20:465][  0]LogTemp: Display: Loaded TP WindowsTargetPlatform
[2018.10.05-21.59.20:532][  0]LogTemp: Display: Loaded TP AndroidTargetPlatform
[2018.10.05-21.59.20:532][  0]LogTemp: Display: Loaded TP AndroidTargetPlatform
[2018.10.05-21.59.20:532][  0]LogTemp: Display: Loaded TP AndroidTargetPlatform
[2018.10.05-21.59.20:532][  0]LogTemp: Display: Loaded TP AndroidTargetPlatform
[2018.10.05-21.59.20:532][  0]LogTemp: Display: Loaded TP AndroidTargetPlatform
[2018.10.05-21.59.20:532][  0]LogTemp: Display: Loaded TP AndroidTargetPlatform
[2018.10.05-21.59.20:532][  0]LogTemp: Display: Loaded TP AndroidTargetPlatform
[2018.10.05-21.59.20:532][  0]LogTemp: Display: Loaded TP AndroidTargetPlatform
[2018.10.05-21.59.20:532][  0]LogTemp: Display: Loaded TP AndroidTargetPlatform
[2018.10.05-21.59.20:532][  0]LogTemp: Display: Loaded TP AndroidTargetPlatform
[2018.10.05-21.59.20:532][  0]LogTemp: Display: Loaded TP AndroidTargetPlatform
[2018.10.05-21.59.20:532][  0]LogTemp: Display: Loaded TP AndroidTargetPlatform
[2018.10.05-21.59.20:532][  0]LogTemp: Display: Loaded TP AndroidTargetPlatform
[2018.10.05-21.59.20:532][  0]LogTemp: Display: Loaded TP AndroidTargetPlatform
[2018.10.05-21.59.20:532][  0]LogTemp: Display: Loaded TP AndroidTargetPlatform
[2018.10.05-21.59.20:532][  0]LogTemp: Display: Loaded TP AndroidTargetPlatform
[2018.10.05-21.59.20:532][  0]LogTemp: Display: Loaded TP AndroidTargetPlatform
[2018.10.05-21.59.20:532][  0]LogTemp: Display: Loaded TP AndroidTargetPlatform
[2018.10.05-21.59.20:533][  0]LogTemp: Display: Loaded TP HTML5TargetPlatform
[2018.10.05-21.59.20:589][  0]LogTemp: Display: Loaded TP IOSTargetPlatform
[2018.10.05-21.59.20:589][  0]LogTemp: Display: Loaded TP IOSTargetPlatform
[2018.10.05-21.59.20:608][  0]LogTemp: Display: Loaded TP TVOSTargetPlatform
[2018.10.05-21.59.20:609][  0]LogTemp: Display: Loaded TP TVOSTargetPlatform
[2018.10.05-21.59.20:619][  0]LogTemp: Display: Loaded TP LinuxClientTargetPlatform
[2018.10.05-21.59.20:630][  0]LogTemp: Display: Loaded TP LinuxNoEditorTargetPlatform
[2018.10.05-21.59.20:640][  0]LogTemp: Display: Loaded TP LinuxServerTargetPlatform
[2018.10.05-21.59.20:652][  0]LogTemp: Display: Loaded TP LinuxTargetPlatform
[2018.10.05-21.59.20:660][  0]LogTemp: Display: Loaded TP LuminTargetPlatform
[2018.10.05-21.59.20:660][  0]LogTargetPlatformManager: Display: Building Assets For Windows
[2018.10.05-21.59.20:699][  0]LogXGEController: Cleaning working directory: C:/Users/ENDER/AppData/Local/Temp/UnrealXGEWorkingDir/
[2018.10.05-21.59.20:699][  0]LogXGEController: Cannot use XGE Controller as Incredibuild is not installed on this machine.
[2018.10.05-21.59.20:699][  0]LogShaderCompilers: Cannot use XGE Shader Compiler as Incredibuild is not installed on this machine.
[2018.10.05-21.59.20:699][  0]LogShaderCompilers: Display: Using Local Shader Compiler.
[2018.10.05-21.59.21:299][  0]LogDerivedDataCache: Display: Max Cache Size: 512 MB
[2018.10.05-21.59.21:361][  0]LogDerivedDataCache: Loaded boot cache 0.06s 86MB C:/Users/ENDER/AppData/Local/UnrealEngine/4.20/DerivedDataCache/Boot.ddc.
[2018.10.05-21.59.21:361][  0]LogDerivedDataCache: Display: Loaded Boot cache: C:/Users/ENDER/AppData/Local/UnrealEngine/4.20/DerivedDataCache/Boot.ddc
[2018.10.05-21.59.21:361][  0]LogDerivedDataCache: FDerivedDataBackendGraph:  Pak pak cache file D:/GitHub/PhaserRange/Holodeck2/DerivedDataCache/DDC.ddp not found, will not use a pak cache.
[2018.10.05-21.59.21:361][  0]LogDerivedDataCache: Unable to find inner node Pak for hierarchical cache Hierarchy.
[2018.10.05-21.59.21:361][  0]LogDerivedDataCache: FDerivedDataBackendGraph:  CompressedPak pak cache file D:/GitHub/PhaserRange/Holodeck2/DerivedDataCache/Compressed.ddp not found, will not use a pak cache.
[2018.10.05-21.59.21:361][  0]LogDerivedDataCache: Unable to find inner node CompressedPak for hierarchical cache Hierarchy.
[2018.10.05-21.59.21:372][  0]LogDerivedDataCache: Display: Pak cache opened for reading ../../../Engine/DerivedDataCache/Compressed.ddp.
[2018.10.05-21.59.21:384][  0]LogDerivedDataCache: Using Local data cache path C:/Users/ENDER/AppData/Local/UnrealEngine/Common/DerivedDataCache: Writable
[2018.10.05-21.59.21:384][  0]LogDerivedDataCache: Shared data cache path not found in *engine.ini, will not use an Shared cache.
[2018.10.05-21.59.21:384][  0]LogDerivedDataCache: Unable to find inner node Shared for hierarchical cache Hierarchy.
[2018.10.05-21.59.21:400][  0]LogMaterial: Verifying Global Shaders for PCD3D_SM5
[2018.10.05-21.59.21:401][  0]LogSlate: Using FreeType 2.6.0
[2018.10.05-21.59.21:402][  0]LogSlate: SlateFontServices - WITH_FREETYPE: 1, WITH_HARFBUZZ: 1
[2018.10.05-21.59.21:467][  0]LogAssetRegistry: FAssetRegistry took 0.0260 seconds to start up
[2018.10.05-21.59.21:944][  0]LogInit: Selected Device Profile: [Windows]
[2018.10.05-21.59.24:666][  0]LogSimplygon: Simplygon DLL not present - disabling.
[2018.10.05-21.59.25:037][  0]LogMeshReduction: Using SimplygonSwarm for distributed automatic mesh merging
[2018.10.05-21.59.25:037][  0]LogMeshReduction: Using ProxyLODMeshReduction for automatic mesh merging
[2018.10.05-21.59.25:037][  0]LogMeshReduction: Using QuadricMeshReduction for automatic static mesh reduction
[2018.10.05-21.59.25:037][  0]LogMeshReduction: No automatic skeletal mesh reduction module available
[2018.10.05-21.59.26:086][  0]LogNetVersion: Holodeck2 1.0.0, NetCL: 4212847, EngineNetVer: 5, GameNetVer: 0 (Checksum: 3709674839)
[2018.10.05-21.59.32:707][  0]LogPackageLocalizationCache: Processed 11 localized package path(s) for 2 prioritized culture(s) in 0.128602 seconds
[2018.10.05-21.59.32:735][  0]LogUObjectArray: 38427 objects as part of root set at end of initial load.
[2018.10.05-21.59.32:735][  0]LogUObjectAllocator: 6691320 out of 0 bytes used by permanent object pool.
[2018.10.05-21.59.32:735][  0]LogUObjectArray: CloseDisregardForGC: 0/0 objects in disregard for GC pool
[2018.10.05-21.59.55:031][  0]LogTcpMessaging: Initializing TcpMessaging bridge
[2018.10.05-21.59.55:200][  0]LogUdpMessaging: Initializing bridge on interface 0.0.0.0:0 to multicast group 230.0.0.1:6666.
[2018.10.05-21.59.56:719][  0]SourceControl: Source control is disabled
[2018.10.05-21.59.56:732][  0]SourceControl: Source control is disabled
[2018.10.05-21.59.56:814][  0]SourceControl: Source control is disabled
[2018.10.05-21.59.56:981][  0]SourceControl: Source control is disabled
[2018.10.05-22.00.00:068][  0]LogAndroidPermission: UAndroidPermissionCallbackProxy::GetInstance
[2018.10.05-22.00.00:314][  0]LogOcInput: OculusInput pre-init called
[2018.10.05-22.00.01:378][  0]LogEngine: Initializing Engine...
[2018.10.05-22.00.01:421][  0]LogHMD: Failed to initialize OpenVR with code 110
[2018.10.05-22.00.01:479][  0]LogStats: UGameplayTagsManager::ConstructGameplayTagTree: ImportINI prefixes -  0.000 s
[2018.10.05-22.00.01:479][  0]LogStats: UGameplayTagsManager::ConstructGameplayTagTree: Construct from data asset -  0.000 s
[2018.10.05-22.00.01:479][  0]LogStats: UGameplayTagsManager::ConstructGameplayTagTree: ImportINI -  0.000 s
[2018.10.05-22.00.01:479][  0]LogStats: UGameplayTagsManager::ConstructGameplayTagTree: GameplayTagTreeChangedEvent.Broadcast -  0.000 s
[2018.10.05-22.00.01:823][  0]LogInit: Initializing FReadOnlyCVARCache
[2018.10.05-22.00.02:473][  0]LogAIModule: Creating AISystem for world Untitled
[2018.10.05-22.00.02:676][  0]LogInit: XAudio2 using 'Speakers (G533 Gaming Headset)' : 6 channels at 48 kHz using 16 bits per sample (channel mask 0x3f)
[2018.10.05-22.00.02:688][  0]LogInit: FAudioDevice initialized.
[2018.10.05-22.00.02:698][  0]LogNetVersion: Set ProjectVersion to 1.0.0.0. Version Checksum will be recalculated on next use.
[2018.10.05-22.00.02:776][  0]LogDerivedDataCache: Saved boot cache 0.08s 86MB C:/Users/ENDER/AppData/Local/UnrealEngine/4.20/DerivedDataCache/Boot.ddc.
[2018.10.05-22.00.02:784][  0]LogInit: Texture streaming: Enabled
[2018.10.05-22.00.03:043][  0]LogEngineSessionManager: EngineSessionManager initialized
[2018.10.05-22.00.03:174][  0]LogWindowsTextInputMethodSystem: Display: IME system now deactivated.
[2018.10.05-22.00.03:352][  0]LogInit: Transaction tracking system initialized
[2018.10.05-22.00.03:840][  0]BlueprintLog: New page: Editor Load
[2018.10.05-22.00.05:583][  0]LocalizationService: Localization service is disabled
[2018.10.05-22.00.06:333][  0]LogLinker: Warning: Can't find file '/Game/ThirdPersonBP/ThirdPersonOverview'
[2018.10.05-22.00.06:333][  0]LogLinker: Warning: Can't find file '/Game/ThirdPersonBP/ThirdPersonOverview'
[2018.10.05-22.00.06:334][  0]LogUObjectGlobals: Warning: Failed to find object 'Class /Game/ThirdPersonBP/ThirdPersonOverview.ThirdPersonOverview_C'
[2018.10.05-22.00.09:207][  0]LogFileCache: Scanning file cache for directory 'D:/GitHub/PhaserRange/Holodeck2/Content/' took 0.05s
[2018.10.05-22.00.09:207][  0]LogCook: Display: Max memory allowance for cook 16384mb min free memory 0mb
[2018.10.05-22.00.09:212][  0]LogCook: Display: Mobile HDR setting 1
[2018.10.05-22.00.09:328][  0]LogGameplayTags: Display: UGameplayTagsManager::DoneAddingNativeTags. DelegateIsBound: 0
[2018.10.05-22.00.09:335][  0]LogStats: UGameplayTagsManager::ConstructGameplayTagTree: ImportINI prefixes -  0.000 s
[2018.10.05-22.00.09:336][  0]LogStats: UGameplayTagsManager::ConstructGameplayTagTree: Construct from data asset -  0.000 s
[2018.10.05-22.00.09:336][  0]LogStats: UGameplayTagsManager::ConstructGameplayTagTree: ImportINI -  0.000 s
[2018.10.05-22.00.09:336][  0]LogStats: UGameplayTagsManager::ConstructGameplayTagTree: GameplayTagTreeChangedEvent.Broadcast -  0.000 s
[2018.10.05-22.00.11:708][  0]SourceControl: Source control is disabled
[2018.10.05-22.00.11:744][  0]Cmd: MAP LOAD FILE="D:/GitHub/PhaserRange/Holodeck2/Content/Holodeck/Level/Range.umap" TEMPLATE=0 SHOWPROGRESS=1 FEATURELEVEL=3
[2018.10.05-22.00.11:754][  0]LightingResults: New page: Lighting Build
[2018.10.05-22.00.12:467][  0]MapCheck: New page: Map Check
[2018.10.05-22.00.12:467][  0]LightingResults: New page: Lighting Build
[2018.10.05-22.00.15:592][  0]LogAIModule: Creating AISystem for world Range
[2018.10.05-22.00.16:511][  0]LogEditorServer: Finished looking for orphan Actors (0.008 secs)
[2018.10.05-22.00.16:764][  0]Cmd: MAP CHECKDEP NOCLEARLOG
[2018.10.05-22.00.16:820][  0]MapCheck: Map check complete: 0 Error(s), 0 Warning(s), took 55.559ms to complete.
[2018.10.05-22.00.16:820][  0]LogFileHelpers: Loading map 'Range' took 5.097
[2018.10.05-22.00.19:509][  0]LogSlate: Updating window title bar state: overlay mode, drag disabled, window buttons hidden, title bar hidden
[2018.10.05-22.00.19:541][  0]LogSlate: Updating window title bar state: overlay mode, drag disabled, window buttons hidden, title bar hidden
[2018.10.05-22.00.19:547][  0]LogSlate: Updating window title bar state: overlay mode, drag disabled, window buttons hidden, title bar hidden
[2018.10.05-22.00.19:554][  0]LogSlate: Updating window title bar state: overlay mode, drag disabled, window buttons hidden, title bar hidden
[2018.10.05-22.00.19:679][  0]LogCollectionManager: Loaded 0 collections in 0.001116 seconds
[2018.10.05-22.00.19:892][  0]LogFileCache: Scanning file cache for directory 'D:/GitHub/PhaserRange/Holodeck2/Saved/Collections/' took 0.01s
[2018.10.05-22.00.19:893][  0]LogFileCache: Scanning file cache for directory 'D:/GitHub/PhaserRange/Holodeck2/Content/Developers/ENDER/Collections/' took 0.01s
[2018.10.05-22.00.19:893][  0]LogFileCache: Scanning file cache for directory 'D:/GitHub/PhaserRange/Holodeck2/Content/Collections/' took 0.01s
[2018.10.05-22.00.19:893][  0]LogCollectionManager: Rebuilt the GUID cache for 0 collections in 0.000000 seconds
[2018.10.05-22.00.19:954][  0]LogContentBrowser: Native class hierarchy populated in 0.0477 seconds. Added 2622 classes and 613 folders.
[2018.10.05-22.00.20:164][  0]LogContentBrowser: Native class hierarchy updated for 'WidgetCarousel' in 0.0005 seconds. Added 0 classes and 0 folders.
[2018.10.05-22.00.21:307][  0]LogContentBrowser: Native class hierarchy updated for 'AddContentDialog' in 0.0004 seconds. Added 0 classes and 0 folders.
[2018.10.05-22.00.22:417][  0]LogSlate: Took 0.017426 seconds to synchronously load lazily loaded font '../../../Engine/Content/Slate/Fonts/Roboto-Regular.ttf' (155K)
[2018.10.05-22.00.22:511][  0]LogSlate: Took 0.042639 seconds to synchronously load lazily loaded font '../../../Engine/Content/Slate/Fonts/Roboto-Bold.ttf' (160K)
[2018.10.05-22.00.22:527][  0]LogSlate: Took 0.012749 seconds to synchronously load lazily loaded font '../../../Engine/Content/Editor/Slate/Fonts/FontAwesome.ttf' (139K)
[2018.10.05-22.00.23:038][  0]LogRenderer: Reallocating scene render targets to support 1228x660 Format 26 NumSamples 1 (Frame:1).
[2018.10.05-22.00.23:973][  0]LogContentBrowser: Native class hierarchy updated for 'HierarchicalLODOutliner' in 0.0004 seconds. Added 0 classes and 0 folders.
[2018.10.05-22.00.23:973][  0]LogLoad: (Engine Initialization) Total time: 66.39 seconds
[2018.10.05-22.00.23:973][  0]LogLoad: (Engine Initialization) Total Blueprint compile time: 0.00 seconds
[2018.10.05-22.00.24:566][  0]LogContentStreaming: Texture pool size now 1000 MB
[2018.10.05-22.00.25:667][  3]LogAssetRegistry: Asset discovery search completed in 64.2222 seconds
[2018.10.05-22.00.25:671][  3]LogCollectionManager: Rebuilt the object cache for 0 collections in 0.000000 seconds (found 0 objects)
[2018.10.05-22.00.25:671][  3]LogCollectionManager: Fixed up redirectors for 0 collections in 0.000106 seconds (updated 0 objects)
[2018.10.05-22.00.31:554][612]LogEditorViewport: Clicking on Actor (LMB): Phaser_TNG_Type_2_C (Phaser_TNG_Type_2)
[2018.10.05-22.00.31:769][612]Cmd: CAMERA ALIGN ACTIVEVIEWPORTONLY
[2018.10.05-22.00.34:877][942]LogSlate: FSceneViewport::OnFocusLost() reason 0
[2018.10.05-22.00.50:058][755]LogMaterial: Display: Missing cached shader map for material M_Radial_Gradient, compiling. 
[2018.10.05-22.00.50:355][755]LogShaderCompilers: Display: Shaders left to compile 35
[2018.10.05-22.00.50:355][755]LogShaderCompilers: Display: Shaders left to compile 25
[2018.10.05-22.00.50:355][755]LogShaderCompilers: Display: Shaders left to compile 15
[2018.10.05-22.00.50:355][755]LogShaderCompilers: Display: Shaders left to compile 5
[2018.10.05-22.00.50:430][755]LogSlate: Took 0.073577 seconds to synchronously load lazily loaded font '../../../Engine/Content/Slate/Fonts/Roboto-Light.ttf' (167K)
[2018.10.05-22.00.51:575][755]Cmd: OBJ SAVEPACKAGE PACKAGE="/Game/Particles/Particles/Spark2/Particles/P_Fire" FILE="D:/GitHub/PhaserRange/Holodeck2/Content/Particles/Particles/Spark2/Particles/P_Fire.uasset" SILENT=true
[2018.10.05-22.00.51:835][755]LogSavePackage: Moving 'D:/GitHub/PhaserRange/Holodeck2/Saved/P_Fire3A578FAD41CBEA8EDDB4B8B923D97876.tmp' to 'D:/GitHub/PhaserRange/Holodeck2/Content/Particles/Particles/Spark2/Particles/P_Fire.uasset'
[2018.10.05-22.00.54:792][755]LogSavePackage: Moving 'D:/GitHub/PhaserRange/Holodeck2/Saved/M_Radial_Gradient3BCB96A14625DD9F136D6D9B70539237.tmp' to 'D:/GitHub/PhaserRange/Holodeck2/Content/Particles/Particles/Spark2/Particles/Materials/M_Radial_Gradient.uasset'
[2018.10.05-22.01.18:081][461]Cmd: OBJ SAVEPACKAGE PACKAGE="/Game/Holodeck/System/Particles/P_Fire" FILE="D:/GitHub/PhaserRange/Holodeck2/Content/Holodeck/System/Particles/P_Fire.uasset" SILENT=true
[2018.10.05-22.01.18:101][461]LogSavePackage: Moving 'D:/GitHub/PhaserRange/Holodeck2/Saved/P_Fire7323E3934A0646D5F856CE944107227D.tmp' to 'D:/GitHub/PhaserRange/Holodeck2/Content/Holodeck/System/Particles/P_Fire.uasset'
[2018.10.05-22.01.18:143][461]LogSavePackage: Moving 'D:/GitHub/PhaserRange/Holodeck2/Saved/M_Radial_Gradient90F5F5A449180FBB8771ABAC3DA5408F.tmp' to 'D:/GitHub/PhaserRange/Holodeck2/Content/Holodeck/System/Particles/Materials/M_Radial_Gradient.uasset'
[2018.10.05-22.01.27:859][546]LogLinker: Warning: Can't find file '/Game/VirtualRealityBP/Maps/MotionControllerMap_BuiltData'
[2018.10.05-22.01.27:859][546]LogLinker: Warning: Can't find file for asset '/Game/VirtualRealityBP/Maps/MotionControllerMap_BuiltData' while loading D:/GitHub/PhaserRange/Holodeck2/Content/VirtualRealityBP/Maps/MotionControllerMap.umap.
[2018.10.05-22.01.27:859][546]LoadErrors: Error: /Game/VirtualRealityBP/Maps/MotionControllerMap : Can't find file for asset. /Game/VirtualRealityBP/Maps/MotionControllerMap_BuiltData
[2018.10.05-22.01.27:863][546]LogLinker: Warning: Can't find file '/Game/VirtualRealityBP/Maps/MotionControllerMap_BuiltData'
[2018.10.05-22.01.27:864][546]LogLinker: Warning: Can't find file for asset '/Game/VirtualRealityBP/Maps/MotionControllerMap_BuiltData' while loading D:/GitHub/PhaserRange/Holodeck2/Content/VirtualRealityBP/Maps/MotionControllerMap.umap.
[2018.10.05-22.01.27:865][546]LogLinker: Warning: Can't find file '/Game/VirtualRealityBP/Maps/MotionControllerMap_BuiltData'
[2018.10.05-22.01.27:865][546]LogLinker: Warning: Can't find file for asset '/Game/VirtualRealityBP/Maps/MotionControllerMap_BuiltData' while loading NULL.
[2018.10.05-22.01.27:865][546]LogLinker: Warning: Can't find file '/Game/VirtualRealityBP/Maps/MotionControllerMap_BuiltData'
[2018.10.05-22.01.27:865][546]LogLinker: Warning: Can't find file for asset '/Game/VirtualRealityBP/Maps/MotionControllerMap_BuiltData' while loading NULL.
[2018.10.05-22.01.27:910][546]LogLinker: Warning: Can't find file '/Game/VirtualRealityBP/Maps/MotionControllerMap_BuiltData'
[2018.10.05-22.01.27:911][546]LoadErrors: Failed to load /Game/VirtualRealityBP/Maps/MotionControllerMap_BuiltData.MotionControllerMap_BuiltData Referenced by PersistentLevel
[2018.10.05-22.01.27:911][546]LogLinker: Warning: Can't find file for asset '/Game/VirtualRealityBP/Maps/MotionControllerMap_BuiltData' while loading NULL.
[2018.10.05-22.01.28:200][546]LogAIModule: Creating AISystem for world MotionControllerMap
[2018.10.05-22.01.29:081][546]LogSavePackage: Moving 'D:/GitHub/PhaserRange/Holodeck2/Saved/MotionControllerMap21943B8A481BB196798875A2CD5780E5.tmp' to 'D:/GitHub/PhaserRange/Holodeck2/Content/VirtualRealityBP/Maps/MotionControllerMap.umap'
[2018.10.05-22.01.29:098][546]LogFileHelpers: Saving map 'MotionControllerMap' took 0.756
[2018.10.05-22.01.34:397][102]LogAssetEditorManager: Opening Asset editor for Blueprint /Game/Holodeck/GameObjects/BP_Weapon_Parent.BP_Weapon_Parent
[2018.10.05-22.01.35:253][102]LogContentBrowser: Native class hierarchy updated for 'BlueprintGraph' in 0.0008 seconds. Added 116 classes and 0 folders.
[2018.10.05-22.01.37:099][102]LogSlate: Took 0.024937 seconds to synchronously load lazily loaded font '../../../Engine/Content/Slate/Fonts/Roboto-BoldCondensed.ttf' (158K)
[2018.10.05-22.01.37:379][103]LogSlate: Took 0.020615 seconds to synchronously load lazily loaded font '../../../Engine/Content/Slate/Fonts/Roboto-Italic.ttf' (157K)
[2018.10.06-06.15.15:771][191]BlueprintLog: New page: Compile BP_Weapon_Parent
[2018.10.06-06.15.19:897][257]Cmd: OBJ SAVEPACKAGE PACKAGE="/Game/Holodeck/GameObjects/BP_Weapon_Parent" FILE="D:/GitHub/PhaserRange/Holodeck2/Content/Holodeck/GameObjects/BP_Weapon_Parent.uasset" SILENT=true
[2018.10.06-06.15.19:974][257]LogSavePackage: Moving 'D:/GitHub/PhaserRange/Holodeck2/Saved/BP_Weapon_ParentC1D38DC646777F76586A7296767C9014.tmp' to 'D:/GitHub/PhaserRange/Holodeck2/Content/Holodeck/GameObjects/BP_Weapon_Parent.uasset'
[2018.10.06-06.15.21:667][415]Cmd: OBJ SAVEPACKAGE PACKAGE="/Game/Holodeck/Level/Range" FILE="D:/GitHub/PhaserRange/Holodeck2/Content/Holodeck/Level/Range.umap" SILENT=true AUTOSAVING=false KEEPDIRTY=false
[2018.10.06-06.15.21:728][415]LogSavePackage: Moving 'D:/GitHub/PhaserRange/Holodeck2/Saved/Range2B61C8114B847DE612F2BA80C284F145.tmp' to 'D:/GitHub/PhaserRange/Holodeck2/Content/Holodeck/Level/Range.umap'
[2018.10.06-06.15.21:768][415]Cmd: OBJ SAVEPACKAGE PACKAGE="/Game/Holodeck/Level/Range_BuiltData" FILE="D:/GitHub/PhaserRange/Holodeck2/Content/Holodeck/Level/Range_BuiltData.uasset" SILENT=true
[2018.10.06-06.15.21:792][415]LogSavePackage: Moving 'D:/GitHub/PhaserRange/Holodeck2/Saved/Range_BuiltData364402164B373D797F6AE6BFC31EC9BD.tmp' to 'D:/GitHub/PhaserRange/Holodeck2/Content/Holodeck/Level/Range_BuiltData.uasset'
[2018.10.06-06.15.24:940][709]LogSlate: Window 'Holodeck2 - Unreal Editor' being destroyed
[2018.10.06-06.15.24:941][709]LogWindowsTextInputMethodSystem: Display: IME system now deactivated.
[2018.10.06-06.15.25:225][710]Cmd: QUIT_EDITOR
[2018.10.06-06.15.25:660][710]LogExit: Preparing to exit.
[2018.10.06-06.15.26:595][710]LogActorComponent: UnregisterComponent: (None.None) Not registered. Aborting.
[2018.10.06-06.15.26:939][710]LogExit: Editor shut down
[2018.10.06-06.15.26:940][710]LogExit: Transaction tracking system shut down
[2018.10.06-06.15.29:374][710]LogExit: Object subsystem successfully closed.
[2018.10.06-06.15.29:583][710]LogShaderCompilers: Display: Shaders left to compile 0
[2018.10.06-06.15.29:602][710]LogD3D11RHI: Shutdown
[2018.10.06-06.15.29:602][710]LogD3D11RHI: CleanupD3DDevice
[2018.10.06-06.15.29:637][710]LogD3D11RHI: ~FD3D11DynamicRHI
