  Performing full C++ include scan (building a new target)
  Using 'git status' to determine working set for adaptive non-unity build.
  Creating makefile for Holodeck2Editor (no existing makefile)
  Using Visual Studio 2017 14.15.26726 toolchain (D:\Visual Studio 2017\VC\Tools\MSVC\14.15.26726) and Windows 10.0.16299.0 SDK (C:\Program Files (x86)\Windows Kits\10).
  Parsing headers for Holodeck2Editor
    Running UnrealHeaderTool "D:\GitHub\PhaserRange\Holodeck2\Holodeck2.uproject" "D:\GitHub\PhaserRange\Holodeck2\Intermediate\Build\Win64\Holodeck2Editor\Development\Holodeck2Editor.uhtmanifest" -LogCmds="loginit warning, logexit warning, logdatabase error" -Unattended -WarningsAsErrors -installed
  Reflection code generated for Holodeck2Editor in 9.4940918 seconds
  Building 22 actions with 12 processes...
    [1/22] PCLaunch.rc
    [2/22] PCLaunch.rc
    [3/22] SharedPCH.UnrealEd.cpp
    [4/22] SharedPCH.Engine.cpp
    [5/22] Holodeck2.cpp
    [6/22] MyClass.cpp
    [7/22] UE4Editor-Holodeck2.lib
       Creating library D:\GitHub\PhaserRange\Holodeck2\Intermediate\Build\Win64\UE4Editor\Development\Holodeck2\UE4Editor-Holodeck2.lib and object D:\GitHub\PhaserRange\Holodeck2\Intermediate\Build\Win64\UE4Editor\Development\Holodeck2\UE4Editor-Holodeck2.exp
    [8/22] Module.VRExpansionPlugin.3_of_3.cpp
    [9/22] UE4Editor-Holodeck2.dll
       Creating library D:\GitHub\PhaserRange\Holodeck2\Intermediate\Build\Win64\UE4Editor\Development\Holodeck2\UE4Editor-Holodeck2.suppressed.lib and object D:\GitHub\PhaserRange\Holodeck2\Intermediate\Build\Win64\UE4Editor\Development\Holodeck2\UE4Editor-Holodeck2.suppressed.exp
    [10/22] Module.VRExpansionPlugin.gen.2_of_9.cpp
    [11/22] Module.VRExpansionPlugin.gen.3_of_9.cpp
    [12/22] Module.VRExpansionPlugin.gen.1_of_9.cpp
    [13/22] Module.VRExpansionPlugin.gen.8_of_9.cpp
    [14/22] Module.VRExpansionPlugin.gen.7_of_9.cpp
    [15/22] Module.VRExpansionPlugin.gen.6_of_9.cpp
    [16/22] Module.VRExpansionPlugin.gen.5_of_9.cpp
    [17/22] Module.VRExpansionPlugin.gen.4_of_9.cpp
    [18/22] Module.VRExpansionPlugin.gen.9_of_9.cpp
    [19/22] Module.VRExpansionPlugin.2_of_3.cpp
    [20/22] Module.VRExpansionPlugin.1_of_3.cpp
    [21/22] UE4Editor-VRExpansionPlugin.lib
       Creating library D:\GitHub\PhaserRange\Holodeck2\Plugins\VRExpansionPlugin\Intermediate\Build\Win64\UE4Editor\Development\VRExpansionPlugin\UE4Editor-VRExpansionPlugin.lib and object D:\GitHub\PhaserRange\Holodeck2\Plugins\VRExpansionPlugin\Intermediate\Build\Win64\UE4Editor\Development\VRExpansionPlugin\UE4Editor-VRExpansionPlugin.exp
    [22/22] UE4Editor-VRExpansionPlugin.dll
       Creating library D:\GitHub\PhaserRange\Holodeck2\Plugins\VRExpansionPlugin\Intermediate\Build\Win64\UE4Editor\Development\VRExpansionPlugin\UE4Editor-VRExpansionPlugin.suppressed.lib and object D:\GitHub\PhaserRange\Holodeck2\Plugins\VRExpansionPlugin\Intermediate\Build\Win64\UE4Editor\Development\VRExpansionPlugin\UE4Editor-VRExpansionPlugin.suppressed.exp
  Deploying Holodeck2Editor Win64 Development...
  Total build time: 97.55 seconds (Parallel executor: 46.92 seconds)
