Log file open, 09/24/18 18:59:16
LogWindows: Failed to load 'aqProf.dll' (GetLastError=126)
LogWindows: File 'aqProf.dll' does not exist
LogWindows: Failed to load 'VtuneApi.dll' (GetLastError=126)
LogWindows: File 'VtuneApi.dll' does not exist
LogWindows: Failed to load 'VtuneApi32e.dll' (GetLastError=126)
LogWindows: File 'VtuneApi32e.dll' does not exist
LogInit: Display: Running engine for game: Holodeck1
LogPlatformFile: Not using cached read wrapper
LogTaskGraph: Started task graph with 5 named threads and 35 total threads with 3 sets of task threads.
LogStats: Stats thread started at 0.402136
LogD3D11RHI: Loaded GFSDK_Aftermath_Lib.x64.dll
LogICUInternationalization: Display: ICU TimeZone Detection - Raw Offset: -8:00, Platform Override: ''
LogPluginManager: Mounting plugin Paper2D
LogPluginManager: Mounting plugin AISupport
LogPluginManager: Mounting plugin LightPropagationVolume
LogPluginManager: Mounting plugin CLionSourceCodeAccess
LogPluginManager: Mounting plugin CodeLiteSourceCodeAccess
LogPluginManager: Mounting plugin GitSourceControl
LogPluginManager: Mounting plugin KDevelopSourceCodeAccess
LogPluginManager: Mounting plugin NullSourceCodeAccess
LogPluginManager: Mounting plugin PerforceSourceControl
LogPluginManager: Mounting plugin SubversionSourceControl
LogPluginManager: Mounting plugin UObjectPlugin
LogPluginManager: Mounting plugin VisualStudioCodeSourceCodeAccess
LogPluginManager: Mounting plugin VisualStudioSourceCodeAccess
LogPluginManager: Mounting plugin XCodeSourceCodeAccess
LogPluginManager: Mounting plugin AssetManagerEditor
LogPluginManager: Mounting plugin CryptoKeys
LogPluginManager: Mounting plugin DataValidation
LogPluginManager: Mounting plugin FacialAnimation
LogPluginManager: Mounting plugin GameplayTagsEditor
LogPluginManager: Mounting plugin MacGraphicsSwitching
LogPluginManager: Mounting plugin MeshEditor
LogPluginManager: Mounting plugin MobileLauncherProfileWizard
LogPluginManager: Mounting plugin PluginBrowser
LogPluginManager: Mounting plugin SpeedTreeImporter
LogPluginManager: Mounting plugin DatasmithContent
LogPluginManager: Mounting plugin AlembicImporter
LogPluginManager: Mounting plugin AppleImageUtils
LogPluginManager: Mounting plugin AppleVision
LogPluginManager: Mounting plugin BackChannel
LogPluginManager: Mounting plugin BlueprintStats
LogPluginManager: Mounting plugin CharacterAI
LogPluginManager: Mounting plugin GeometryCache
LogPluginManager: Mounting plugin HTML5Networking
LogPluginManager: Mounting plugin ProxyLODPlugin
LogPluginManager: Mounting plugin MagicLeap
LogPluginManager: Mounting plugin MagicLeapEmulator
LogPluginManager: Mounting plugin MagicLeapMedia
LogPluginManager: Mounting plugin Substance
LogPluginManager: Mounting plugin AndroidMedia
LogPluginManager: Mounting plugin AvfMedia
LogPluginManager: Mounting plugin ImgMedia
LogPluginManager: Mounting plugin LinearTimecode
LogPluginManager: Mounting plugin MediaCompositing
LogPluginManager: Mounting plugin MediaPlayerEditor
LogPluginManager: Mounting plugin WmfMedia
LogPluginManager: Mounting plugin TcpMessaging
LogPluginManager: Mounting plugin UdpMessaging
LogPluginManager: Mounting plugin ActorSequence
LogPluginManager: Mounting plugin LevelSequenceEditor
LogPluginManager: Mounting plugin MatineeToLevelSequence
LogPluginManager: Mounting plugin NetcodeUnitTest
LogPluginManager: Mounting plugin NUTUnrealEngine4
LogPluginManager: Mounting plugin OnlineSubsystemGooglePlay
LogPluginManager: Mounting plugin OnlineSubsystemIOS
LogPluginManager: Mounting plugin OnlineSubsystem
LogPluginManager: Mounting plugin OnlineSubsystemNull
LogPluginManager: Mounting plugin OnlineSubsystemUtils
LogPluginManager: Mounting plugin LauncherChunkInstaller
LogPluginManager: Mounting plugin AndroidDeviceProfileSelector
LogPluginManager: Mounting plugin AndroidMoviePlayer
LogPluginManager: Mounting plugin AndroidPermission
LogPluginManager: Mounting plugin AppleMoviePlayer
LogPluginManager: Mounting plugin ArchVisCharacter
LogPluginManager: Mounting plugin AudioCapture
LogPluginManager: Mounting plugin CableComponent
LogPluginManager: Mounting plugin CustomMeshComponent
LogPluginManager: Mounting plugin EditableMesh
LogPluginManager: Mounting plugin ExampleDeviceProfileSelector
LogPluginManager: Mounting plugin GoogleCloudMessaging
LogPluginManager: Mounting plugin ImmediatePhysics
LogPluginManager: Mounting plugin IOSDeviceProfileSelector
LogPluginManager: Mounting plugin LinuxDeviceProfileSelector
LogPluginManager: Mounting plugin LocationServicesBPLibrary
LogPluginManager: Mounting plugin MobilePatchingUtils
LogPluginManager: Mounting plugin OculusAudio
LogPluginManager: Mounting plugin OculusVR
LogPluginManager: Plugin shader directory ../../../Engine/Plugins/Runtime/Oculus/OculusVR/Shaders found
LogPluginManager: Mapping shader source directory ../../../Engine/Plugins/Runtime/Oculus/OculusVR/Shaders to virtual directory /Plugin/OculusVR
LogPluginManager: Mounting plugin PhysXVehicles
LogPluginManager: Mounting plugin ProceduralMeshComponent
LogPluginManager: Mounting plugin RuntimePhysXCooking
LogPluginManager: Mounting plugin SteamVR
LogPluginManager: Mounting plugin WindowsMoviePlayer
LogPluginManager: Mounting plugin OpenVRExpansionPlugin
LogPluginManager: Mounting plugin VRExpansionPlugin
LogStreaming: Display: Took  0.095s to configure plugins.
LogInit: Using libcurl 7.55.1-DEV
LogInit:  - built for x86_64-pc-win32
LogInit:  - supports SSL with OpenSSL/1.0.2h
LogInit:  - supports HTTP deflate (compression) using libz 1.2.8
LogInit:  - other features:
LogInit:      CURL_VERSION_SSL
LogInit:      CURL_VERSION_LIBZ
LogInit:      CURL_VERSION_IPV6
LogInit:      CURL_VERSION_ASYNCHDNS
LogInit:      CURL_VERSION_LARGEFILE
LogInit:      CURL_VERSION_IDN
LogInit:  CurlRequestOptions (configurable via config and command line):
LogInit:  - bVerifyPeer = false  - Libcurl will NOT verify peer certificate
LogInit:  - bUseHttpProxy = false  - Libcurl will NOT use HTTP proxy
LogInit:  - bDontReuseConnections = false  - Libcurl will reuse connections
LogInit:  - CertBundlePath = nullptr  - Libcurl will use whatever was configured at build time.
LogInit:  - MaxHostConnections = 16  - Libcurl will limit the number of connections to a host
LogInit:  - LocalHostAddr = Default
LogInit:  - BufferSize = 65536
LogInit: WinSock: version 1.1 (2.2), MaxSocks=32767, MaxUdp=65467
LogHMD: Failed initializing OVRPlugin 1.25.0
LogInit: Build: ++UE4+Release-4.20-CL-4302132
LogInit: Engine Version: 4.20.2-4302132+++UE4+Release-4.20
LogInit: Compatible Engine Version: 4.20.0-4212847+++UE4+Release-4.20
LogInit: Net CL: 4212847
LogInit: OS: Windows 10 (), CPU: Intel(R) Core(TM) i7-5930K CPU @ 3.50GHz, GPU: AMD Radeon (TM) R9 390 Series
LogInit: Compiled (64-bit): Aug 21 2018 02:06:06
LogInit: Compiled with Visual C++: 19.13.26129.00
LogInit: Build Configuration: Development
LogInit: Branch Name: ++UE4+Release-4.20
LogInit: Command Line:  
LogInit: Base Directory: E:/Unreal/UE_4.20/Engine/Binaries/Win64/
LogInit: Installed Engine Build: 1
LogDevObjectVersion: Number of dev versions registered: 20
LogDevObjectVersion:   Dev-Blueprints (B0D832E4-1F89-4F0D-ACCF-7EB736FD4AA2): 10
LogDevObjectVersion:   Dev-Build (E1C64328-A22C-4D53-A36C-8E866417BD8C): 0
LogDevObjectVersion:   Dev-Core (375EC13C-06E4-48FB-B500-84F0262A717E): 2
LogDevObjectVersion:   Dev-Editor (E4B068ED-F494-42E9-A231-DA0B2E46BB41): 24
LogDevObjectVersion:   Dev-Framework (CFFC743F-43B0-4480-9391-14DF171D2073): 34
LogDevObjectVersion:   Dev-Mobile (B02B49B5-BB20-44E9-A304-32B752E40360): 2
LogDevObjectVersion:   Dev-Networking (A4E4105C-59A1-49B5-A7C5-40C4547EDFEE): 0
LogDevObjectVersion:   Dev-Online (39C831C9-5AE6-47DC-9A44-9C173E1C8E7C): 0
LogDevObjectVersion:   Dev-Physics (78F01B33-EBEA-4F98-B9B4-84EACCB95AA2): 0
LogDevObjectVersion:   Dev-Platform (6631380F-2D4D-43E0-8009-CF276956A95A): 0
LogDevObjectVersion:   Dev-Rendering (12F88B9F-8875-4AFC-A67C-D90C383ABD29): 26
LogDevObjectVersion:   Dev-Sequencer (7B5AE74C-D270-4C10-A958-57980B212A5A): 9
LogDevObjectVersion:   Dev-VR (D7296918-1DD6-4BDD-9DE2-64A83CC13884): 2
LogDevObjectVersion:   Dev-LoadTimes (C2A15278-BFE7-4AFE-6C17-90FF531DF755): 1
LogDevObjectVersion:   Private-Geometry (6EACA3D4-40EC-4CC1-B786-8BED09428FC5): 3
LogDevObjectVersion:   Dev-AnimPhys (29E575DD-E0A3-4627-9D10-D276232CDCEA): 17
LogDevObjectVersion:   Dev-ReflectionCapture (6B266CEC-1EC7-4B8F-A30B-E4D90942FC07): 1
LogDevObjectVersion:   Dev-Automation (0DF73D61-A23F-47EA-B727-89E90C41499A): 1
LogDevObjectVersion:   FortniteMain (601D1886-AC64-4F84-AA16-D3DE0DEAC7D6): 12
LogDevObjectVersion:   Dev-Enterprise (9DFFBCD6-494F-0158-E221-12823C92A888): 1
LogStreaming: Display: Took  0.000s to delete old logs.
LogInit: Presizing for max 8388607 objects, including 0 objects not considered by GC, pre-allocating 0 bytes for permanent pool.
LogInit: Object subsystem initialized
[2018.09.25-01.59.16:798][  0]LogInit: Selected Device Profile: [Windows]
[2018.09.25-01.59.16:798][  0]LogInit: Applying CVar settings loaded from the selected device profile: [Windows]
[2018.09.25-01.59.16:810][  0]LogHAL: Display: Platform has ~ 16 GB [17070399488 / 17179869184 / 16], which maps to Larger [LargestMinGB=32, LargerMinGB=12, DefaultMinGB=8, SmallerMinGB=6, SmallestMinGB=0)
[2018.09.25-01.59.16:810][  0]LogInit: Setting Device Profile CVar: [[r.Vulkan.UseRealUBs:1]]
[2018.09.25-01.59.16:810][  0]LogInit: Going up to parent DeviceProfile []
[2018.09.25-01.59.16:810][  0]LogInit: Computer: CAPTAINARCHER
[2018.09.25-01.59.16:810][  0]LogInit: User: ENDER
[2018.09.25-01.59.16:810][  0]LogInit: CPU Page size=4096, Cores=6
[2018.09.25-01.59.16:810][  0]LogInit: High frequency timer resolution =3.417968 MHz
[2018.09.25-01.59.16:810][  0]LogMemory: Memory total: Physical=15.9GB (16GB approx)
[2018.09.25-01.59.16:810][  0]LogMemory: Platform Memory Stats for Windows
[2018.09.25-01.59.16:810][  0]LogMemory: Process Physical Memory: 104.44 MB used, 104.44 MB peak
[2018.09.25-01.59.16:810][  0]LogMemory: Process Virtual Memory: 90.77 MB used, 90.77 MB peak
[2018.09.25-01.59.16:810][  0]LogMemory: Physical Memory: 5740.46 MB used,  10539.14 MB free, 16279.60 MB total
[2018.09.25-01.59.16:810][  0]LogMemory: Virtual Memory: 4670.91 MB used,  10539.14 MB free, 134217728.00 MB total
[2018.09.25-01.59.16:823][  0]LogInit: Using OS detected language (en-US).
[2018.09.25-01.59.16:823][  0]LogInit: Using OS detected locale (en-US).
[2018.09.25-01.59.16:824][  0]LogTextLocalizationManager: No specific localization for 'en-US' exists, so the 'en' localization will be used.
[2018.09.25-01.59.17:150][  0]LogStreaming: Display: Took  0.327s to InitEngineTextLocalization.
[2018.09.25-01.59.17:151][  0]LogInit: Setting process to per monitor DPI aware
[2018.09.25-01.59.17:193][  0]LogSlate: New Slate User Created.  User Index 0, Is Virtual User: 0
[2018.09.25-01.59.17:194][  0]LogSlate: Slate User Registered.  User Index 0, Is Virtual User: 0
[2018.09.25-01.59.17:358][  0]LogHMD: Failed to initialize OpenVR with code 110
[2018.09.25-01.59.17:358][  0]LogD3D11RHI: D3D11 adapters:
[2018.09.25-01.59.17:390][  0]LogD3D11RHI:    0. 'AMD Radeon (TM) R9 390 Series' (Feature Level 11_0)
[2018.09.25-01.59.17:390][  0]LogD3D11RHI:       8168/0/8139 MB DedicatedVideo/DedicatedSystem/SharedSystem, Outputs:2, VendorId:0x1002
[2018.09.25-01.59.17:391][  0]LogD3D11RHI:    1. 'Microsoft Basic Render Driver' (Feature Level 11_0)
[2018.09.25-01.59.17:391][  0]LogD3D11RHI:       0/0/8139 MB DedicatedVideo/DedicatedSystem/SharedSystem, Outputs:0, VendorId:0x1414
[2018.09.25-01.59.17:391][  0]LogD3D11RHI: Chosen D3D11 Adapter: 0
[2018.09.25-01.59.17:396][  0]LogD3D11RHI: Creating new Direct3DDevice
[2018.09.25-01.59.17:396][  0]LogD3D11RHI:     GPU DeviceId: 0x67b1 (for the marketing name, search the web for "GPU Device Id")
[2018.09.25-01.59.17:396][  0]LogWindows: EnumDisplayDevices:
[2018.09.25-01.59.17:396][  0]LogWindows:    0. 'AMD Radeon (TM) R9 390 Series' (P:1 D:1)
[2018.09.25-01.59.17:396][  0]LogWindows:    1. 'AMD Radeon (TM) R9 390 Series' (P:0 D:1)
[2018.09.25-01.59.17:397][  0]LogWindows:    2. 'AMD Radeon (TM) R9 390 Series' (P:0 D:0)
[2018.09.25-01.59.17:397][  0]LogWindows:    3. 'AMD Radeon (TM) R9 390 Series' (P:0 D:0)
[2018.09.25-01.59.17:397][  0]LogWindows:    4. 'AMD Radeon (TM) R9 390 Series' (P:0 D:0)
[2018.09.25-01.59.17:397][  0]LogWindows:    5. 'AMD Radeon (TM) R9 390 Series' (P:0 D:0)
[2018.09.25-01.59.17:397][  0]LogWindows:    6. 'AMD Radeon (TM) R9 390 Series' (P:0 D:0)
[2018.09.25-01.59.17:398][  0]LogWindows:    7. 'AMD Radeon (TM) R9 390 Series' (P:0 D:0)
[2018.09.25-01.59.17:398][  0]LogWindows:    8. 'AMD Radeon (TM) R9 390 Series' (P:0 D:0)
[2018.09.25-01.59.17:398][  0]LogWindows:    9. 'AMD Radeon (TM) R9 390 Series' (P:0 D:0)
[2018.09.25-01.59.17:398][  0]LogWindows:    10. 'AMD Radeon (TM) R9 390 Series' (P:0 D:0)
[2018.09.25-01.59.17:399][  0]LogWindows:    11. 'AMD Radeon (TM) R9 390 Series' (P:0 D:0)
[2018.09.25-01.59.17:399][  0]LogWindows:    12. 'AMD Radeon (TM) R9 390 Series' (P:0 D:0)
[2018.09.25-01.59.17:399][  0]LogWindows:    13. 'AMD Radeon (TM) R9 390 Series' (P:0 D:0)
[2018.09.25-01.59.17:399][  0]LogWindows:    14. 'AMD Radeon (TM) R9 390 Series' (P:0 D:0)
[2018.09.25-01.59.17:399][  0]LogWindows:    15. 'AMD Radeon (TM) R9 390 Series' (P:0 D:0)
[2018.09.25-01.59.17:400][  0]LogWindows: DebugString: FoundDriverCount:16 
[2018.09.25-01.59.17:400][  0]LogD3D11RHI:     Adapter Name: AMD Radeon (TM) R9 390 Series
[2018.09.25-01.59.17:400][  0]LogD3D11RHI:   Driver Version: Adrenalin 18.5.2 (internal:24.20.11019.1004, unified:24.20.11019.1004)
[2018.09.25-01.59.17:400][  0]LogD3D11RHI:      Driver Date: 5-29-2018
[2018.09.25-01.59.17:400][  0]LogRHI: Texture pool is 5717 MB (70% of 8168 MB)
[2018.09.25-01.59.17:447][  0]LogD3D11RHI: Async texture creation enabled
[2018.09.25-01.59.17:458][  0]LogD3D11RHI: GPU Timing Frequency: 27.000000 (Debug: 2 1)
[2018.09.25-01.59.17:459][  0]LogShaderCompilers: Guid format shader working directory is 15 characters bigger than the processId version (D:/GitHub/PhaserRange/Holodeck1/Intermediate/Shaders/WorkingDirectory/7436/).
[2018.09.25-01.59.17:459][  0]LogShaderCompilers: Cleaned the shader compiler working directory 'C:/Users/ENDER/AppData/Local/Temp/UnrealShaderWorkingDir/C33AED684FFD9787540F37BC1F156F23/'.
[2018.09.25-01.59.17:676][  0]LogTemp: Display: Loaded TP AllDesktopTargetPlatform
[2018.09.25-01.59.17:687][  0]LogTemp: Display: Loaded TP MacClientTargetPlatform
[2018.09.25-01.59.17:698][  0]LogTemp: Display: Loaded TP MacNoEditorTargetPlatform
[2018.09.25-01.59.17:708][  0]LogTemp: Display: Loaded TP MacServerTargetPlatform
[2018.09.25-01.59.17:720][  0]LogTemp: Display: Loaded TP MacTargetPlatform
[2018.09.25-01.59.17:731][  0]LogTemp: Display: Loaded TP WindowsClientTargetPlatform
[2018.09.25-01.59.17:742][  0]LogTemp: Display: Loaded TP WindowsNoEditorTargetPlatform
[2018.09.25-01.59.17:753][  0]LogTemp: Display: Loaded TP WindowsServerTargetPlatform
[2018.09.25-01.59.17:757][  0]LogTemp: Display: Loaded TP WindowsTargetPlatform
[2018.09.25-01.59.17:823][  0]LogTemp: Display: Loaded TP AndroidTargetPlatform
[2018.09.25-01.59.17:823][  0]LogTemp: Display: Loaded TP AndroidTargetPlatform
[2018.09.25-01.59.17:823][  0]LogTemp: Display: Loaded TP AndroidTargetPlatform
[2018.09.25-01.59.17:823][  0]LogTemp: Display: Loaded TP AndroidTargetPlatform
[2018.09.25-01.59.17:823][  0]LogTemp: Display: Loaded TP AndroidTargetPlatform
[2018.09.25-01.59.17:823][  0]LogTemp: Display: Loaded TP AndroidTargetPlatform
[2018.09.25-01.59.17:823][  0]LogTemp: Display: Loaded TP AndroidTargetPlatform
[2018.09.25-01.59.17:823][  0]LogTemp: Display: Loaded TP AndroidTargetPlatform
[2018.09.25-01.59.17:823][  0]LogTemp: Display: Loaded TP AndroidTargetPlatform
[2018.09.25-01.59.17:823][  0]LogTemp: Display: Loaded TP AndroidTargetPlatform
[2018.09.25-01.59.17:823][  0]LogTemp: Display: Loaded TP AndroidTargetPlatform
[2018.09.25-01.59.17:823][  0]LogTemp: Display: Loaded TP AndroidTargetPlatform
[2018.09.25-01.59.17:823][  0]LogTemp: Display: Loaded TP AndroidTargetPlatform
[2018.09.25-01.59.17:823][  0]LogTemp: Display: Loaded TP AndroidTargetPlatform
[2018.09.25-01.59.17:823][  0]LogTemp: Display: Loaded TP AndroidTargetPlatform
[2018.09.25-01.59.17:823][  0]LogTemp: Display: Loaded TP AndroidTargetPlatform
[2018.09.25-01.59.17:823][  0]LogTemp: Display: Loaded TP AndroidTargetPlatform
[2018.09.25-01.59.17:823][  0]LogTemp: Display: Loaded TP AndroidTargetPlatform
[2018.09.25-01.59.17:824][  0]LogTemp: Display: Loaded TP HTML5TargetPlatform
[2018.09.25-01.59.17:879][  0]LogTemp: Display: Loaded TP IOSTargetPlatform
[2018.09.25-01.59.17:879][  0]LogTemp: Display: Loaded TP IOSTargetPlatform
[2018.09.25-01.59.17:899][  0]LogTemp: Display: Loaded TP TVOSTargetPlatform
[2018.09.25-01.59.17:899][  0]LogTemp: Display: Loaded TP TVOSTargetPlatform
[2018.09.25-01.59.17:910][  0]LogTemp: Display: Loaded TP LinuxClientTargetPlatform
[2018.09.25-01.59.17:920][  0]LogTemp: Display: Loaded TP LinuxNoEditorTargetPlatform
[2018.09.25-01.59.17:930][  0]LogTemp: Display: Loaded TP LinuxServerTargetPlatform
[2018.09.25-01.59.17:941][  0]LogTemp: Display: Loaded TP LinuxTargetPlatform
[2018.09.25-01.59.17:948][  0]LogTemp: Display: Loaded TP LuminTargetPlatform
[2018.09.25-01.59.17:948][  0]LogTargetPlatformManager: Display: Building Assets For Windows
[2018.09.25-01.59.17:988][  0]LogXGEController: Cleaning working directory: C:/Users/ENDER/AppData/Local/Temp/UnrealXGEWorkingDir/
[2018.09.25-01.59.17:988][  0]LogXGEController: Cannot use XGE Controller as Incredibuild is not installed on this machine.
[2018.09.25-01.59.17:988][  0]LogShaderCompilers: Cannot use XGE Shader Compiler as Incredibuild is not installed on this machine.
[2018.09.25-01.59.17:988][  0]LogShaderCompilers: Display: Using Local Shader Compiler.
[2018.09.25-01.59.18:594][  0]LogDerivedDataCache: Display: Max Cache Size: 512 MB
[2018.09.25-01.59.18:658][  0]LogDerivedDataCache: Loaded boot cache 0.06s 86MB C:/Users/ENDER/AppData/Local/UnrealEngine/4.20/DerivedDataCache/Boot.ddc.
[2018.09.25-01.59.18:658][  0]LogDerivedDataCache: Display: Loaded Boot cache: C:/Users/ENDER/AppData/Local/UnrealEngine/4.20/DerivedDataCache/Boot.ddc
[2018.09.25-01.59.18:658][  0]LogDerivedDataCache: FDerivedDataBackendGraph:  Pak pak cache file D:/GitHub/PhaserRange/Holodeck1/DerivedDataCache/DDC.ddp not found, will not use a pak cache.
[2018.09.25-01.59.18:658][  0]LogDerivedDataCache: Unable to find inner node Pak for hierarchical cache Hierarchy.
[2018.09.25-01.59.18:658][  0]LogDerivedDataCache: FDerivedDataBackendGraph:  CompressedPak pak cache file D:/GitHub/PhaserRange/Holodeck1/DerivedDataCache/Compressed.ddp not found, will not use a pak cache.
[2018.09.25-01.59.18:658][  0]LogDerivedDataCache: Unable to find inner node CompressedPak for hierarchical cache Hierarchy.
[2018.09.25-01.59.18:669][  0]LogDerivedDataCache: Display: Pak cache opened for reading ../../../Engine/DerivedDataCache/Compressed.ddp.
[2018.09.25-01.59.18:681][  0]LogDerivedDataCache: Using Local data cache path C:/Users/ENDER/AppData/Local/UnrealEngine/Common/DerivedDataCache: Writable
[2018.09.25-01.59.18:681][  0]LogDerivedDataCache: Shared data cache path not found in *engine.ini, will not use an Shared cache.
[2018.09.25-01.59.18:681][  0]LogDerivedDataCache: Unable to find inner node Shared for hierarchical cache Hierarchy.
[2018.09.25-01.59.18:699][  0]LogMaterial: Verifying Global Shaders for PCD3D_SM5
[2018.09.25-01.59.18:701][  0]LogSlate: Using FreeType 2.6.0
[2018.09.25-01.59.18:701][  0]LogSlate: SlateFontServices - WITH_FREETYPE: 1, WITH_HARFBUZZ: 1
[2018.09.25-01.59.18:766][  0]LogAssetRegistry: FAssetRegistry took 0.0250 seconds to start up
[2018.09.25-01.59.19:031][  0]LogInit: Selected Device Profile: [Windows]
[2018.09.25-01.59.19:138][  0]LogSimplygon: Simplygon DLL not present - disabling.
[2018.09.25-01.59.19:141][  0]LogMeshReduction: Using SimplygonSwarm for distributed automatic mesh merging
[2018.09.25-01.59.19:141][  0]LogMeshReduction: Using ProxyLODMeshReduction for automatic mesh merging
[2018.09.25-01.59.19:141][  0]LogMeshReduction: Using QuadricMeshReduction for automatic static mesh reduction
[2018.09.25-01.59.19:141][  0]LogMeshReduction: No automatic skeletal mesh reduction module available
[2018.09.25-01.59.19:168][  0]LogNetVersion: Holodeck1 1.0.0, NetCL: 4212847, EngineNetVer: 5, GameNetVer: 0 (Checksum: 2082658556)
[2018.09.25-01.59.19:585][  0]LogPackageLocalizationCache: Processed 11 localized package path(s) for 2 prioritized culture(s) in 0.079794 seconds
[2018.09.25-01.59.19:589][  0]LogUObjectArray: 38458 objects as part of root set at end of initial load.
[2018.09.25-01.59.19:589][  0]LogUObjectAllocator: 6696832 out of 0 bytes used by permanent object pool.
[2018.09.25-01.59.19:589][  0]LogUObjectArray: CloseDisregardForGC: 0/0 objects in disregard for GC pool
[2018.09.25-01.59.20:276][  0]LogSubstanceCoreModule: Substance [CPU] Engine Loaded, Max Texture Size = 2048
[2018.09.25-01.59.20:278][  0]LogTcpMessaging: Initializing TcpMessaging bridge
[2018.09.25-01.59.20:292][  0]LogUdpMessaging: Initializing bridge on interface 0.0.0.0:0 to multicast group 230.0.0.1:6666.
[2018.09.25-01.59.20:389][  0]LogModuleManager: Warning: ModuleManager: Unable to load module 'Holodeck1' because the file 'D:/GitHub/PhaserRange/Holodeck1/Binaries/Win64/UE4Editor-Holodeck1-34.dll' was not found.
[2018.09.25-01.59.20:398][  0]LogWindowsTextInputMethodSystem: Display: IME system now deactivated.
[2018.09.25-01.59.23:409][  0]LogWindowsTextInputMethodSystem: Display: IME system now deactivated.
[2018.09.25-01.59.23:411][  0]LogWindowsTextInputMethodSystem: Display: IME system now deactivated.
[2018.09.25-01.59.23:418][  0]LogSlate: Slate User Destroyed.  User Index 0, Is Virtual User: 0
[2018.09.25-01.59.23:418][  0]LogExit: Preparing to exit.
[2018.09.25-01.59.24:514][  0]LogExit: Object subsystem successfully closed.
[2018.09.25-01.59.24:530][  0]LogShaderCompilers: Display: Shaders left to compile 0
[2018.09.25-01.59.24:531][  0]LogD3D11RHI: Shutdown
[2018.09.25-01.59.24:531][  0]LogD3D11RHI: CleanupD3DDevice
[2018.09.25-01.59.24:552][  0]LogD3D11RHI: ~FD3D11DynamicRHI
[2018.09.25-01.59.24:556][  0]LogModuleManager: Shutting down and abandoning module RuntimePhysXCooking (302)
[2018.09.25-01.59.24:556][  0]LogModuleManager: Shutting down and abandoning module PhysXVehiclesEditor (300)
[2018.09.25-01.59.24:556][  0]LogModuleManager: Shutting down and abandoning module PhysXVehicles (298)
[2018.09.25-01.59.24:557][  0]LogModuleManager: Shutting down and abandoning module OculusEditor (296)
[2018.09.25-01.59.24:557][  0]LogModuleManager: Shutting down and abandoning module LocationServicesBPLibrary (294)
[2018.09.25-01.59.24:557][  0]LogModuleManager: Shutting down and abandoning module ImmediatePhysicsEditor (292)
[2018.09.25-01.59.24:557][  0]LogModuleManager: Shutting down and abandoning module ImmediatePhysics (290)
[2018.09.25-01.59.24:557][  0]LogModuleManager: Shutting down and abandoning module ActorSequence (288)
[2018.09.25-01.59.24:557][  0]LogModuleManager: Shutting down and abandoning module UdpMessaging (286)
[2018.09.25-01.59.24:658][  0]LogModuleManager: Shutting down and abandoning module TcpMessaging (284)
[2018.09.25-01.59.25:282][  0]LogModuleManager: Shutting down and abandoning module SubstanceCore (282)
[2018.09.25-01.59.25:282][  0]LogModuleManager: Shutting down and abandoning module MagicLeapAudio (280)
[2018.09.25-01.59.25:282][  0]LogModuleManager: Shutting down and abandoning module GameplayTagsEditor (278)
[2018.09.25-01.59.25:282][  0]LogModuleManager: Shutting down and abandoning module FacialAnimationEditor (276)
[2018.09.25-01.59.25:282][  0]LogModuleManager: Shutting down and abandoning module FacialAnimation (274)
[2018.09.25-01.59.25:282][  0]LogModuleManager: Shutting down and abandoning module DataValidation (272)
[2018.09.25-01.59.25:282][  0]LogModuleManager: Shutting down and abandoning module AssetManagerEditor (270)
[2018.09.25-01.59.25:282][  0]LogModuleManager: Shutting down and abandoning module LevelEditor (269)
[2018.09.25-01.59.25:282][  0]LogModuleManager: Shutting down and abandoning module PixelInspectorModule (268)
[2018.09.25-01.59.25:282][  0]LogModuleManager: Shutting down and abandoning module CommonMenuExtensions (266)
[2018.09.25-01.59.25:282][  0]LogModuleManager: Shutting down and abandoning module MainFrame (264)
[2018.09.25-01.59.25:282][  0]LogModuleManager: Shutting down and abandoning module HotReload (263)
[2018.09.25-01.59.25:282][  0]LogModuleManager: Shutting down and abandoning module ContentBrowser (259)
[2018.09.25-01.59.25:282][  0]LogModuleManager: Shutting down and abandoning module TreeMap (257)
[2018.09.25-01.59.25:282][  0]LogModuleManager: Shutting down and abandoning module LightPropagationVolumeRuntime (254)
[2018.09.25-01.59.25:282][  0]LogModuleManager: Shutting down and abandoning module AISupportModule (252)
[2018.09.25-01.59.25:282][  0]LogModuleManager: Shutting down and abandoning module Paper2D (250)
[2018.09.25-01.59.25:282][  0]LogModuleManager: Shutting down and abandoning module WindowsMoviePlayer (248)
[2018.09.25-01.59.25:282][  0]LogModuleManager: Shutting down and abandoning module WmfMedia (246)
[2018.09.25-01.59.25:285][  0]LogModuleManager: Shutting down and abandoning module Media (245)
[2018.09.25-01.59.25:291][  0]LogModuleManager: Shutting down and abandoning module PacketHandler (242)
[2018.09.25-01.59.25:291][  0]LogModuleManager: Shutting down and abandoning module ClothingSystemEditor (240)
[2018.09.25-01.59.25:291][  0]LogModuleManager: Shutting down and abandoning module ClothingSystemRuntime (238)
[2018.09.25-01.59.25:291][  0]LogModuleManager: Shutting down and abandoning module MediaAssets (236)
[2018.09.25-01.59.25:291][  0]LogModuleManager: Shutting down and abandoning module Overlay (234)
[2018.09.25-01.59.25:291][  0]LogModuleManager: Shutting down and abandoning module OverlayEditor (233)
[2018.09.25-01.59.25:291][  0]LogModuleManager: Shutting down and abandoning module VREditor (230)
[2018.09.25-01.59.25:291][  0]LogModuleManager: Shutting down and abandoning module StringTableEditor (228)
[2018.09.25-01.59.25:291][  0]LogModuleManager: Shutting down and abandoning module GameplayTasksEditor (226)
[2018.09.25-01.59.25:291][  0]LogModuleManager: Shutting down and abandoning module BehaviorTreeEditor (224)
[2018.09.25-01.59.25:291][  0]LogModuleManager: Shutting down and abandoning module FunctionalTesting (222)
[2018.09.25-01.59.25:291][  0]LogModuleManager: Shutting down and abandoning module CollisionAnalyzer (220)
[2018.09.25-01.59.25:291][  0]LogModuleManager: Shutting down and abandoning module WorkspaceMenuStructure (219)
[2018.09.25-01.59.25:291][  0]LogModuleManager: Shutting down and abandoning module UMG (216)
[2018.09.25-01.59.25:291][  0]LogModuleManager: Shutting down and abandoning module UMGEditor (215)
[2018.09.25-01.59.25:291][  0]LogModuleManager: Shutting down and abandoning module Sequencer (214)
[2018.09.25-01.59.25:291][  0]LogModuleManager: Shutting down and abandoning module MessageLog (211)
[2018.09.25-01.59.25:291][  0]LogModuleManager: Shutting down and abandoning module SlateReflector (206)
[2018.09.25-01.59.25:291][  0]LogModuleManager: Shutting down and abandoning module Slate (204)
[2018.09.25-01.59.25:291][  0]LogModuleManager: Shutting down and abandoning module EditorStyle (202)
[2018.09.25-01.59.25:293][  0]LogModuleManager: Shutting down and abandoning module MRMesh (200)
[2018.09.25-01.59.25:293][  0]LogModuleManager: Shutting down and abandoning module SourceCodeAccess (198)
[2018.09.25-01.59.25:293][  0]LogModuleManager: Shutting down and abandoning module HeadMountedDisplay (196)
[2018.09.25-01.59.25:293][  0]LogModuleManager: Shutting down and abandoning module XAudio2 (194)
[2018.09.25-01.59.25:293][  0]LogModuleManager: Shutting down and abandoning module Networking (192)
[2018.09.25-01.59.25:293][  0]LogModuleManager: Shutting down and abandoning module Core (190)
[2018.09.25-01.59.25:293][  0]LogModuleManager: Shutting down and abandoning module LevelSequence (188)
[2018.09.25-01.59.25:293][  0]LogModuleManager: Shutting down and abandoning module KismetCompiler (186)
[2018.09.25-01.59.25:293][  0]LogModuleManager: Shutting down and abandoning module MeshUtilities (184)
[2018.09.25-01.59.25:293][  0]LogModuleManager: Shutting down and abandoning module MeshMergeUtilities (183)
[2018.09.25-01.59.25:293][  0]LogModuleManager: Shutting down and abandoning module MeshReductionInterface (182)
[2018.09.25-01.59.25:293][  0]LogModuleManager: Shutting down and abandoning module SimplygonSwarm (181)
[2018.09.25-01.59.25:293][  0]LogModuleManager: Shutting down and abandoning module ProxyLODMeshReduction (179)
[2018.09.25-01.59.25:293][  0]LogModuleManager: Shutting down and abandoning module SimplygonMeshReduction (177)
[2018.09.25-01.59.25:293][  0]LogModuleManager: Shutting down and abandoning module QuadricMeshReduction (175)
[2018.09.25-01.59.25:293][  0]LogModuleManager: Shutting down and abandoning module MaterialBaking (171)
[2018.09.25-01.59.25:293][  0]LogModuleManager: Shutting down and abandoning module DirectoryWatcher (167)
[2018.09.25-01.59.25:293][  0]LogModuleManager: Shutting down and abandoning module DerivedDataCache (164)
[2018.09.25-01.59.25:681][  0]LogDerivedDataCache: Shutdown
[2018.09.25-01.59.25:681][  0]LogModuleManager: Shutting down and abandoning module XGEController (162)
[2018.09.25-01.59.25:681][  0]LogXGEController: Cleaning working directory: C:/Users/ENDER/AppData/Local/Temp/UnrealXGEWorkingDir/
[2018.09.25-01.59.25:681][  0]LogModuleManager: Shutting down and abandoning module TargetPlatform (160)
[2018.09.25-01.59.25:681][  0]LogModuleManager: Shutting down and abandoning module VulkanShaderFormat (159)
[2018.09.25-01.59.25:681][  0]LogModuleManager: Shutting down and abandoning module ShaderFormatVectorVM (157)
[2018.09.25-01.59.25:681][  0]LogModuleManager: Shutting down and abandoning module ShaderFormatOpenGL (155)
[2018.09.25-01.59.25:681][  0]LogModuleManager: Shutting down and abandoning module ShaderFormatD3D (153)
[2018.09.25-01.59.25:681][  0]LogModuleManager: Shutting down and abandoning module MetalShaderFormat (151)
[2018.09.25-01.59.25:681][  0]LogModuleManager: Shutting down and abandoning module TextureFormatUncompressed (149)
[2018.09.25-01.59.25:681][  0]LogModuleManager: Shutting down and abandoning module TextureFormatPVR (147)
[2018.09.25-01.59.25:681][  0]LogModuleManager: Shutting down and abandoning module TextureFormatDXT (145)
[2018.09.25-01.59.25:681][  0]LogModuleManager: Shutting down and abandoning module TextureFormatIntelISPCTexComp (143)
[2018.09.25-01.59.25:681][  0]LogModuleManager: Shutting down and abandoning module TextureFormatASTC (141)
[2018.09.25-01.59.25:681][  0]LogModuleManager: Shutting down and abandoning module ImageWrapper (140)
[2018.09.25-01.59.25:681][  0]LogModuleManager: Shutting down and abandoning module TextureFormatAndroid (137)
[2018.09.25-01.59.25:681][  0]LogModuleManager: Shutting down and abandoning module AudioFormatOpus (135)
[2018.09.25-01.59.25:681][  0]LogModuleManager: Shutting down and abandoning module AudioFormatOgg (133)
[2018.09.25-01.59.25:681][  0]LogModuleManager: Shutting down and abandoning module AudioFormatADPCM (131)
[2018.09.25-01.59.25:681][  0]LogModuleManager: Shutting down and abandoning module LuminTargetPlatform (129)
[2018.09.25-01.59.25:681][  0]LogModuleManager: Shutting down and abandoning module LinuxTargetPlatform (127)
[2018.09.25-01.59.25:681][  0]LogModuleManager: Shutting down and abandoning module LinuxServerTargetPlatform (125)
[2018.09.25-01.59.25:681][  0]LogModuleManager: Shutting down and abandoning module LinuxNoEditorTargetPlatform (123)
[2018.09.25-01.59.25:681][  0]LogModuleManager: Shutting down and abandoning module LinuxClientTargetPlatform (121)
[2018.09.25-01.59.25:681][  0]LogModuleManager: Shutting down and abandoning module TVOSTargetPlatform (119)
[2018.09.25-01.59.25:682][  0]LogModuleManager: Shutting down and abandoning module Messaging (117)
[2018.09.25-01.59.25:682][  0]LogModuleManager: Shutting down and abandoning module IOSTargetPlatform (115)
[2018.09.25-01.59.25:683][  0]LogModuleManager: Shutting down and abandoning module HTML5TargetPlatform (113)
[2018.09.25-01.59.25:683][  0]LogModuleManager: Shutting down and abandoning module AndroidTargetPlatform (111)
[2018.09.25-01.59.25:689][  0]LogModuleManager: Shutting down and abandoning module WindowsTargetPlatform (109)
[2018.09.25-01.59.25:689][  0]LogModuleManager: Shutting down and abandoning module WindowsServerTargetPlatform (107)
[2018.09.25-01.59.25:689][  0]LogModuleManager: Shutting down and abandoning module WindowsNoEditorTargetPlatform (105)
[2018.09.25-01.59.25:689][  0]LogModuleManager: Shutting down and abandoning module WindowsClientTargetPlatform (103)
[2018.09.25-01.59.25:689][  0]LogModuleManager: Shutting down and abandoning module MacTargetPlatform (101)
[2018.09.25-01.59.25:689][  0]LogModuleManager: Shutting down and abandoning module MacServerTargetPlatform (99)
[2018.09.25-01.59.25:689][  0]LogModuleManager: Shutting down and abandoning module MacNoEditorTargetPlatform (97)
[2018.09.25-01.59.25:689][  0]LogModuleManager: Shutting down and abandoning module MacClientTargetPlatform (95)
[2018.09.25-01.59.25:689][  0]LogModuleManager: Shutting down and abandoning module AllDesktopTargetPlatform (93)
[2018.09.25-01.59.25:689][  0]LogModuleManager: Shutting down and abandoning module InputCore (90)
[2018.09.25-01.59.25:689][  0]LogModuleManager: Shutting down and abandoning module Settings (88)
[2018.09.25-01.59.25:689][  0]LogModuleManager: Shutting down and abandoning module PhysXCooking (86)
[2018.09.25-01.59.25:689][  0]LogModuleManager: Shutting down and abandoning module SteamVR (84)
[2018.09.25-01.59.25:689][  0]LogModuleManager: Shutting down and abandoning module OculusHMD (82)
[2018.09.25-01.59.25:689][  0]LogModuleManager: Shutting down and abandoning module OculusAudio (80)
[2018.09.25-01.59.25:689][  0]LogModuleManager: Shutting down and abandoning module ExampleDeviceProfileSelector (78)
[2018.09.25-01.59.25:689][  0]LogModuleManager: Shutting down and abandoning module LauncherChunkInstaller (76)
[2018.09.25-01.59.25:689][  0]LogModuleManager: Shutting down and abandoning module OnlineBlueprintSupport (74)
[2018.09.25-01.59.25:690][  0]LogModuleManager: Shutting down and abandoning module OnlineSubsystem (70)
[2018.09.25-01.59.25:690][  0]LogModuleManager: Shutting down and abandoning module XMPP (65)
[2018.09.25-01.59.25:690][  0]LogModuleManager: Shutting down and abandoning module WebSockets (64)
[2018.09.25-01.59.25:726][  0]LogModuleManager: Shutting down and abandoning module HTTP (61)
[2018.09.25-01.59.25:747][  0]LogModuleManager: Shutting down and abandoning module SSL (60)
[2018.09.25-01.59.25:748][  0]LogModuleManager: Shutting down and abandoning module MagicLeapEmulator (56)
[2018.09.25-01.59.25:748][  0]LogModuleManager: Shutting down and abandoning module MagicLeapPrivileges (54)
[2018.09.25-01.59.25:748][  0]LogModuleManager: Shutting down and abandoning module MagicLeapIdentity (52)
[2018.09.25-01.59.25:748][  0]LogModuleManager: Shutting down and abandoning module MagicLeapHelperVulkan (50)
[2018.09.25-01.59.25:748][  0]LogModuleManager: Shutting down and abandoning module MagicLeapHelperOpenGL (48)
[2018.09.25-01.59.25:748][  0]LogModuleManager: Shutting down and abandoning module MagicLeapSecureStorage (46)
[2018.09.25-01.59.25:748][  0]LogModuleManager: Shutting down and abandoning module MagicLeapGestures (44)
[2018.09.25-01.59.25:748][  0]LogModuleManager: Shutting down and abandoning module MagicLeapEyeTracker (42)
[2018.09.25-01.59.25:748][  0]LogModuleManager: Shutting down and abandoning module MagicLeapController (40)
[2018.09.25-01.59.25:748][  0]LogModuleManager: Shutting down and abandoning module MagicLeap (38)
[2018.09.25-01.59.25:748][  0]LogModuleManager: Shutting down and abandoning module AnimationModifiers (36)
[2018.09.25-01.59.25:748][  0]LogModuleManager: Shutting down and abandoning module PropertyEditor (35)
[2018.09.25-01.59.25:749][  0]LogModuleManager: Shutting down and abandoning module AudioEditor (32)
[2018.09.25-01.59.25:749][  0]LogModuleManager: Shutting down and abandoning module TextureCompressor (30)
[2018.09.25-01.59.25:749][  0]LogModuleManager: Shutting down and abandoning module ShaderCore (28)
[2018.09.25-01.59.25:749][  0]LogModuleManager: Shutting down and abandoning module Landscape (26)
[2018.09.25-01.59.25:749][  0]LogModuleManager: Shutting down and abandoning module SlateRHIRenderer (24)
[2018.09.25-01.59.25:749][  0]LogModuleManager: Shutting down and abandoning module OpenGLDrv (22)
[2018.09.25-01.59.25:749][  0]LogModuleManager: Shutting down and abandoning module D3D11RHI (20)
[2018.09.25-01.59.25:749][  0]LogModuleManager: Shutting down and abandoning module AnimGraphRuntime (18)
[2018.09.25-01.59.25:749][  0]LogModuleManager: Shutting down and abandoning module Renderer (16)
[2018.09.25-01.59.25:749][  0]LogModuleManager: Shutting down and abandoning module Engine (14)
[2018.09.25-01.59.25:749][  0]LogModuleManager: Shutting down and abandoning module CoreUObject (12)
[2018.09.25-01.59.25:749][  0]LogModuleManager: Shutting down and abandoning module NetworkFile (10)
[2018.09.25-01.59.25:749][  0]LogModuleManager: Shutting down and abandoning module CookedIterativeFile (8)
[2018.09.25-01.59.25:749][  0]LogModuleManager: Shutting down and abandoning module StreamingFile (6)
[2018.09.25-01.59.25:749][  0]LogModuleManager: Shutting down and abandoning module SandboxFile (4)
[2018.09.25-01.59.25:749][  0]LogModuleManager: Shutting down and abandoning module PakFile (2)
[2018.09.25-01.59.25:755][  0]LogExit: Exiting.
[2018.09.25-01.59.25:762][  0]Log file closed, 09/24/18 18:59:25
