Log file open, 09/24/18 21:22:24
LogWindows: Failed to load 'aqProf.dll' (GetLastError=126)
LogWindows: File 'aqProf.dll' does not exist
LogWindows: Failed to load 'VtuneApi.dll' (GetLastError=126)
LogWindows: File 'VtuneApi.dll' does not exist
LogWindows: Failed to load 'VtuneApi32e.dll' (GetLastError=126)
LogWindows: File 'VtuneApi32e.dll' does not exist
LogInit: Display: Running engine for game: Holodeck1
LogPlatformFile: Not using cached read wrapper
LogTaskGraph: Started task graph with 5 named threads and 35 total threads with 3 sets of task threads.
LogStats: Stats thread started at 0.401444
LogD3D11RHI: Loaded GFSDK_Aftermath_Lib.x64.dll
LogICUInternationalization: Display: ICU TimeZone Detection - Raw Offset: -8:00, Platform Override: ''
LogPluginManager: Mounting plugin Paper2D
LogPluginManager: Mounting plugin AISupport
LogPluginManager: Mounting plugin LightPropagationVolume
LogPluginManager: Mounting plugin CLionSourceCodeAccess
LogPluginManager: Mounting plugin CodeLiteSourceCodeAccess
LogPluginManager: Mounting plugin GitSourceControl
LogPluginManager: Mounting plugin KDevelopSourceCodeAccess
LogPluginManager: Mounting plugin NullSourceCodeAccess
LogPluginManager: Mounting plugin PerforceSourceControl
LogPluginManager: Mounting plugin SubversionSourceControl
LogPluginManager: Mounting plugin UObjectPlugin
LogPluginManager: Mounting plugin VisualStudioCodeSourceCodeAccess
LogPluginManager: Mounting plugin VisualStudioSourceCodeAccess
LogPluginManager: Mounting plugin XCodeSourceCodeAccess
LogPluginManager: Mounting plugin AssetManagerEditor
LogPluginManager: Mounting plugin CryptoKeys
LogPluginManager: Mounting plugin DataValidation
LogPluginManager: Mounting plugin FacialAnimation
LogPluginManager: Mounting plugin GameplayTagsEditor
LogPluginManager: Mounting plugin MacGraphicsSwitching
LogPluginManager: Mounting plugin MeshEditor
LogPluginManager: Mounting plugin MobileLauncherProfileWizard
LogPluginManager: Mounting plugin PluginBrowser
LogPluginManager: Mounting plugin SpeedTreeImporter
LogPluginManager: Mounting plugin DatasmithContent
LogPluginManager: Mounting plugin AlembicImporter
LogPluginManager: Mounting plugin AppleImageUtils
LogPluginManager: Mounting plugin AppleVision
LogPluginManager: Mounting plugin BackChannel
LogPluginManager: Mounting plugin BlueprintStats
LogPluginManager: Mounting plugin CharacterAI
LogPluginManager: Mounting plugin GeometryCache
LogPluginManager: Mounting plugin HTML5Networking
LogPluginManager: Mounting plugin ProxyLODPlugin
LogPluginManager: Mounting plugin MagicLeap
LogPluginManager: Mounting plugin MagicLeapEmulator
LogPluginManager: Mounting plugin MagicLeapMedia
LogPluginManager: Mounting plugin Substance
LogPluginManager: Mounting plugin AndroidMedia
LogPluginManager: Mounting plugin AvfMedia
LogPluginManager: Mounting plugin ImgMedia
LogPluginManager: Mounting plugin LinearTimecode
LogPluginManager: Mounting plugin MediaCompositing
LogPluginManager: Mounting plugin MediaPlayerEditor
LogPluginManager: Mounting plugin WmfMedia
LogPluginManager: Mounting plugin TcpMessaging
LogPluginManager: Mounting plugin UdpMessaging
LogPluginManager: Mounting plugin ActorSequence
LogPluginManager: Mounting plugin LevelSequenceEditor
LogPluginManager: Mounting plugin MatineeToLevelSequence
LogPluginManager: Mounting plugin NetcodeUnitTest
LogPluginManager: Mounting plugin NUTUnrealEngine4
LogPluginManager: Mounting plugin OnlineSubsystemGooglePlay
LogPluginManager: Mounting plugin OnlineSubsystemIOS
LogPluginManager: Mounting plugin OnlineSubsystem
LogPluginManager: Mounting plugin OnlineSubsystemNull
LogPluginManager: Mounting plugin OnlineSubsystemUtils
LogPluginManager: Mounting plugin LauncherChunkInstaller
LogPluginManager: Mounting plugin AndroidDeviceProfileSelector
LogPluginManager: Mounting plugin AndroidMoviePlayer
LogPluginManager: Mounting plugin AndroidPermission
LogPluginManager: Mounting plugin AppleMoviePlayer
LogPluginManager: Mounting plugin ArchVisCharacter
LogPluginManager: Mounting plugin AudioCapture
LogPluginManager: Mounting plugin CableComponent
LogPluginManager: Mounting plugin CustomMeshComponent
LogPluginManager: Mounting plugin EditableMesh
LogPluginManager: Mounting plugin ExampleDeviceProfileSelector
LogPluginManager: Mounting plugin GoogleCloudMessaging
LogPluginManager: Mounting plugin ImmediatePhysics
LogPluginManager: Mounting plugin IOSDeviceProfileSelector
LogPluginManager: Mounting plugin LinuxDeviceProfileSelector
LogPluginManager: Mounting plugin LocationServicesBPLibrary
LogPluginManager: Mounting plugin MobilePatchingUtils
LogPluginManager: Mounting plugin OculusAudio
LogPluginManager: Mounting plugin OculusVR
LogPluginManager: Plugin shader directory ../../../Engine/Plugins/Runtime/Oculus/OculusVR/Shaders found
LogPluginManager: Mapping shader source directory ../../../Engine/Plugins/Runtime/Oculus/OculusVR/Shaders to virtual directory /Plugin/OculusVR
LogPluginManager: Mounting plugin PhysXVehicles
LogPluginManager: Mounting plugin ProceduralMeshComponent
LogPluginManager: Mounting plugin RuntimePhysXCooking
LogPluginManager: Mounting plugin SteamVR
LogPluginManager: Mounting plugin WindowsMoviePlayer
LogPluginManager: Mounting plugin OpenVRExpansionPlugin
LogPluginManager: Mounting plugin VRExpansionPlugin
LogStreaming: Display: Took  0.092s to configure plugins.
LogInit: Using libcurl 7.55.1-DEV
LogInit:  - built for x86_64-pc-win32
LogInit:  - supports SSL with OpenSSL/1.0.2h
LogInit:  - supports HTTP deflate (compression) using libz 1.2.8
LogInit:  - other features:
LogInit:      CURL_VERSION_SSL
LogInit:      CURL_VERSION_LIBZ
LogInit:      CURL_VERSION_IPV6
LogInit:      CURL_VERSION_ASYNCHDNS
LogInit:      CURL_VERSION_LARGEFILE
LogInit:      CURL_VERSION_IDN
LogInit:  CurlRequestOptions (configurable via config and command line):
LogInit:  - bVerifyPeer = false  - Libcurl will NOT verify peer certificate
LogInit:  - bUseHttpProxy = false  - Libcurl will NOT use HTTP proxy
LogInit:  - bDontReuseConnections = false  - Libcurl will reuse connections
LogInit:  - CertBundlePath = nullptr  - Libcurl will use whatever was configured at build time.
LogInit:  - MaxHostConnections = 16  - Libcurl will limit the number of connections to a host
LogInit:  - LocalHostAddr = Default
LogInit:  - BufferSize = 65536
LogInit: WinSock: version 1.1 (2.2), MaxSocks=32767, MaxUdp=65467
LogHMD: Failed initializing OVRPlugin 1.25.0
LogInit: Build: ++UE4+Release-4.20-CL-4369336
LogInit: Engine Version: 4.20.3-4369336+++UE4+Release-4.20
LogInit: Compatible Engine Version: 4.20.0-4212847+++UE4+Release-4.20
LogInit: Net CL: 4212847
LogInit: OS: Windows 10 (), CPU: Intel(R) Core(TM) i7-5930K CPU @ 3.50GHz, GPU: AMD Radeon (TM) R9 390 Series
LogInit: Compiled (64-bit): Sep 17 2018 12:26:19
LogInit: Compiled with Visual C++: 19.13.26129.00
LogInit: Build Configuration: Development
LogInit: Branch Name: ++UE4+Release-4.20
LogInit: Command Line: 
LogInit: Base Directory: E:/Unreal/UE_4.20/Engine/Binaries/Win64/
LogInit: Installed Engine Build: 1
LogDevObjectVersion: Number of dev versions registered: 20
LogDevObjectVersion:   Dev-Blueprints (B0D832E4-1F89-4F0D-ACCF-7EB736FD4AA2): 10
LogDevObjectVersion:   Dev-Build (E1C64328-A22C-4D53-A36C-8E866417BD8C): 0
LogDevObjectVersion:   Dev-Core (375EC13C-06E4-48FB-B500-84F0262A717E): 2
LogDevObjectVersion:   Dev-Editor (E4B068ED-F494-42E9-A231-DA0B2E46BB41): 24
LogDevObjectVersion:   Dev-Framework (CFFC743F-43B0-4480-9391-14DF171D2073): 34
LogDevObjectVersion:   Dev-Mobile (B02B49B5-BB20-44E9-A304-32B752E40360): 2
LogDevObjectVersion:   Dev-Networking (A4E4105C-59A1-49B5-A7C5-40C4547EDFEE): 0
LogDevObjectVersion:   Dev-Online (39C831C9-5AE6-47DC-9A44-9C173E1C8E7C): 0
LogDevObjectVersion:   Dev-Physics (78F01B33-EBEA-4F98-B9B4-84EACCB95AA2): 0
LogDevObjectVersion:   Dev-Platform (6631380F-2D4D-43E0-8009-CF276956A95A): 0
LogDevObjectVersion:   Dev-Rendering (12F88B9F-8875-4AFC-A67C-D90C383ABD29): 26
LogDevObjectVersion:   Dev-Sequencer (7B5AE74C-D270-4C10-A958-57980B212A5A): 9
LogDevObjectVersion:   Dev-VR (D7296918-1DD6-4BDD-9DE2-64A83CC13884): 2
LogDevObjectVersion:   Dev-LoadTimes (C2A15278-BFE7-4AFE-6C17-90FF531DF755): 1
LogDevObjectVersion:   Private-Geometry (6EACA3D4-40EC-4CC1-B786-8BED09428FC5): 3
LogDevObjectVersion:   Dev-AnimPhys (29E575DD-E0A3-4627-9D10-D276232CDCEA): 17
LogDevObjectVersion:   Dev-ReflectionCapture (6B266CEC-1EC7-4B8F-A30B-E4D90942FC07): 1
LogDevObjectVersion:   Dev-Automation (0DF73D61-A23F-47EA-B727-89E90C41499A): 1
LogDevObjectVersion:   FortniteMain (601D1886-AC64-4F84-AA16-D3DE0DEAC7D6): 12
LogDevObjectVersion:   Dev-Enterprise (9DFFBCD6-494F-0158-E221-12823C92A888): 1
LogStreaming: Display: Took  0.001s to delete old logs.
LogInit: Presizing for max 8388607 objects, including 0 objects not considered by GC, pre-allocating 0 bytes for permanent pool.
LogInit: Object subsystem initialized
[2018.09.25-04.22.25:293][  0]LogInit: Selected Device Profile: [Windows]
[2018.09.25-04.22.25:293][  0]LogInit: Applying CVar settings loaded from the selected device profile: [Windows]
[2018.09.25-04.22.25:304][  0]LogHAL: Display: Platform has ~ 16 GB [17070399488 / 17179869184 / 16], which maps to Larger [LargestMinGB=32, LargerMinGB=12, DefaultMinGB=8, SmallerMinGB=6, SmallestMinGB=0)
[2018.09.25-04.22.25:304][  0]LogInit: Setting Device Profile CVar: [[r.Vulkan.UseRealUBs:1]]
[2018.09.25-04.22.25:304][  0]LogInit: Going up to parent DeviceProfile []
[2018.09.25-04.22.25:304][  0]LogInit: Computer: CAPTAINARCHER
[2018.09.25-04.22.25:304][  0]LogInit: User: ENDER
[2018.09.25-04.22.25:304][  0]LogInit: CPU Page size=4096, Cores=6
[2018.09.25-04.22.25:304][  0]LogInit: High frequency timer resolution =3.417968 MHz
[2018.09.25-04.22.25:305][  0]LogMemory: Memory total: Physical=15.9GB (16GB approx)
[2018.09.25-04.22.25:305][  0]LogMemory: Platform Memory Stats for Windows
[2018.09.25-04.22.25:305][  0]LogMemory: Process Physical Memory: 105.43 MB used, 105.43 MB peak
[2018.09.25-04.22.25:305][  0]LogMemory: Process Virtual Memory: 98.82 MB used, 98.82 MB peak
[2018.09.25-04.22.25:305][  0]LogMemory: Physical Memory: 5917.95 MB used,  10361.65 MB free, 16279.60 MB total
[2018.09.25-04.22.25:305][  0]LogMemory: Virtual Memory: 4678.91 MB used,  10361.65 MB free, 134217728.00 MB total
[2018.09.25-04.22.25:317][  0]LogInit: Using OS detected language (en-US).
[2018.09.25-04.22.25:317][  0]LogInit: Using OS detected locale (en-US).
[2018.09.25-04.22.25:318][  0]LogTextLocalizationManager: No specific localization for 'en-US' exists, so the 'en' localization will be used.
[2018.09.25-04.22.25:653][  0]LogStreaming: Display: Took  0.336s to InitEngineTextLocalization.
[2018.09.25-04.22.25:653][  0]LogInit: Setting process to per monitor DPI aware
[2018.09.25-04.22.25:695][  0]LogSlate: New Slate User Created.  User Index 0, Is Virtual User: 0
[2018.09.25-04.22.25:695][  0]LogSlate: Slate User Registered.  User Index 0, Is Virtual User: 0
[2018.09.25-04.22.25:870][  0]LogHMD: Failed to initialize OpenVR with code 110
[2018.09.25-04.22.25:870][  0]LogD3D11RHI: D3D11 adapters:
[2018.09.25-04.22.25:902][  0]LogD3D11RHI:    0. 'AMD Radeon (TM) R9 390 Series' (Feature Level 11_0)
[2018.09.25-04.22.25:902][  0]LogD3D11RHI:       8168/0/8139 MB DedicatedVideo/DedicatedSystem/SharedSystem, Outputs:2, VendorId:0x1002
[2018.09.25-04.22.25:904][  0]LogD3D11RHI:    1. 'Microsoft Basic Render Driver' (Feature Level 11_0)
[2018.09.25-04.22.25:904][  0]LogD3D11RHI:       0/0/8139 MB DedicatedVideo/DedicatedSystem/SharedSystem, Outputs:0, VendorId:0x1414
[2018.09.25-04.22.25:904][  0]LogD3D11RHI: Chosen D3D11 Adapter: 0
[2018.09.25-04.22.25:908][  0]LogD3D11RHI: Creating new Direct3DDevice
[2018.09.25-04.22.25:909][  0]LogD3D11RHI:     GPU DeviceId: 0x67b1 (for the marketing name, search the web for "GPU Device Id")
[2018.09.25-04.22.25:909][  0]LogWindows: EnumDisplayDevices:
[2018.09.25-04.22.25:909][  0]LogWindows:    0. 'AMD Radeon (TM) R9 390 Series' (P:1 D:1)
[2018.09.25-04.22.25:909][  0]LogWindows:    1. 'AMD Radeon (TM) R9 390 Series' (P:0 D:1)
[2018.09.25-04.22.25:909][  0]LogWindows:    2. 'AMD Radeon (TM) R9 390 Series' (P:0 D:0)
[2018.09.25-04.22.25:909][  0]LogWindows:    3. 'AMD Radeon (TM) R9 390 Series' (P:0 D:0)
[2018.09.25-04.22.25:910][  0]LogWindows:    4. 'AMD Radeon (TM) R9 390 Series' (P:0 D:0)
[2018.09.25-04.22.25:910][  0]LogWindows:    5. 'AMD Radeon (TM) R9 390 Series' (P:0 D:0)
[2018.09.25-04.22.25:910][  0]LogWindows:    6. 'AMD Radeon (TM) R9 390 Series' (P:0 D:0)
[2018.09.25-04.22.25:910][  0]LogWindows:    7. 'AMD Radeon (TM) R9 390 Series' (P:0 D:0)
[2018.09.25-04.22.25:911][  0]LogWindows:    8. 'AMD Radeon (TM) R9 390 Series' (P:0 D:0)
[2018.09.25-04.22.25:911][  0]LogWindows:    9. 'AMD Radeon (TM) R9 390 Series' (P:0 D:0)
[2018.09.25-04.22.25:911][  0]LogWindows:    10. 'AMD Radeon (TM) R9 390 Series' (P:0 D:0)
[2018.09.25-04.22.25:911][  0]LogWindows:    11. 'AMD Radeon (TM) R9 390 Series' (P:0 D:0)
[2018.09.25-04.22.25:912][  0]LogWindows:    12. 'AMD Radeon (TM) R9 390 Series' (P:0 D:0)
[2018.09.25-04.22.25:912][  0]LogWindows:    13. 'AMD Radeon (TM) R9 390 Series' (P:0 D:0)
[2018.09.25-04.22.25:912][  0]LogWindows:    14. 'AMD Radeon (TM) R9 390 Series' (P:0 D:0)
[2018.09.25-04.22.25:912][  0]LogWindows:    15. 'AMD Radeon (TM) R9 390 Series' (P:0 D:0)
[2018.09.25-04.22.25:912][  0]LogWindows: DebugString: FoundDriverCount:16 
[2018.09.25-04.22.25:913][  0]LogD3D11RHI:     Adapter Name: AMD Radeon (TM) R9 390 Series
[2018.09.25-04.22.25:913][  0]LogD3D11RHI:   Driver Version: Adrenalin 18.5.2 (internal:24.20.11019.1004, unified:24.20.11019.1004)
[2018.09.25-04.22.25:913][  0]LogD3D11RHI:      Driver Date: 5-29-2018
[2018.09.25-04.22.25:913][  0]LogRHI: Texture pool is 5717 MB (70% of 8168 MB)
[2018.09.25-04.22.25:959][  0]LogD3D11RHI: Async texture creation enabled
[2018.09.25-04.22.25:970][  0]LogD3D11RHI: GPU Timing Frequency: 27.000000 (Debug: 2 1)
[2018.09.25-04.22.25:971][  0]LogShaderCompilers: Guid format shader working directory is 15 characters bigger than the processId version (D:/GitHub/PhaserRange/Holodeck1/Intermediate/Shaders/WorkingDirectory/8588/).
[2018.09.25-04.22.25:971][  0]LogShaderCompilers: Cleaned the shader compiler working directory 'C:/Users/ENDER/AppData/Local/Temp/UnrealShaderWorkingDir/BF713AAE419F917AB9173491704D9016/'.
[2018.09.25-04.22.26:177][  0]LogTemp: Display: Loaded TP AllDesktopTargetPlatform
[2018.09.25-04.22.26:188][  0]LogTemp: Display: Loaded TP MacClientTargetPlatform
[2018.09.25-04.22.26:199][  0]LogTemp: Display: Loaded TP MacNoEditorTargetPlatform
[2018.09.25-04.22.26:210][  0]LogTemp: Display: Loaded TP MacServerTargetPlatform
[2018.09.25-04.22.26:222][  0]LogTemp: Display: Loaded TP MacTargetPlatform
[2018.09.25-04.22.26:233][  0]LogTemp: Display: Loaded TP WindowsClientTargetPlatform
[2018.09.25-04.22.26:244][  0]LogTemp: Display: Loaded TP WindowsNoEditorTargetPlatform
[2018.09.25-04.22.26:255][  0]LogTemp: Display: Loaded TP WindowsServerTargetPlatform
[2018.09.25-04.22.26:260][  0]LogTemp: Display: Loaded TP WindowsTargetPlatform
[2018.09.25-04.22.26:329][  0]LogTemp: Display: Loaded TP AndroidTargetPlatform
[2018.09.25-04.22.26:329][  0]LogTemp: Display: Loaded TP AndroidTargetPlatform
[2018.09.25-04.22.26:329][  0]LogTemp: Display: Loaded TP AndroidTargetPlatform
[2018.09.25-04.22.26:329][  0]LogTemp: Display: Loaded TP AndroidTargetPlatform
[2018.09.25-04.22.26:329][  0]LogTemp: Display: Loaded TP AndroidTargetPlatform
[2018.09.25-04.22.26:329][  0]LogTemp: Display: Loaded TP AndroidTargetPlatform
[2018.09.25-04.22.26:329][  0]LogTemp: Display: Loaded TP AndroidTargetPlatform
[2018.09.25-04.22.26:329][  0]LogTemp: Display: Loaded TP AndroidTargetPlatform
[2018.09.25-04.22.26:329][  0]LogTemp: Display: Loaded TP AndroidTargetPlatform
[2018.09.25-04.22.26:329][  0]LogTemp: Display: Loaded TP AndroidTargetPlatform
[2018.09.25-04.22.26:329][  0]LogTemp: Display: Loaded TP AndroidTargetPlatform
[2018.09.25-04.22.26:329][  0]LogTemp: Display: Loaded TP AndroidTargetPlatform
[2018.09.25-04.22.26:329][  0]LogTemp: Display: Loaded TP AndroidTargetPlatform
[2018.09.25-04.22.26:329][  0]LogTemp: Display: Loaded TP AndroidTargetPlatform
[2018.09.25-04.22.26:329][  0]LogTemp: Display: Loaded TP AndroidTargetPlatform
[2018.09.25-04.22.26:329][  0]LogTemp: Display: Loaded TP AndroidTargetPlatform
[2018.09.25-04.22.26:329][  0]LogTemp: Display: Loaded TP AndroidTargetPlatform
[2018.09.25-04.22.26:329][  0]LogTemp: Display: Loaded TP AndroidTargetPlatform
[2018.09.25-04.22.26:330][  0]LogTemp: Display: Loaded TP HTML5TargetPlatform
[2018.09.25-04.22.26:385][  0]LogTemp: Display: Loaded TP IOSTargetPlatform
[2018.09.25-04.22.26:385][  0]LogTemp: Display: Loaded TP IOSTargetPlatform
[2018.09.25-04.22.26:405][  0]LogTemp: Display: Loaded TP TVOSTargetPlatform
[2018.09.25-04.22.26:405][  0]LogTemp: Display: Loaded TP TVOSTargetPlatform
[2018.09.25-04.22.26:416][  0]LogTemp: Display: Loaded TP LinuxClientTargetPlatform
[2018.09.25-04.22.26:426][  0]LogTemp: Display: Loaded TP LinuxNoEditorTargetPlatform
[2018.09.25-04.22.26:437][  0]LogTemp: Display: Loaded TP LinuxServerTargetPlatform
[2018.09.25-04.22.26:448][  0]LogTemp: Display: Loaded TP LinuxTargetPlatform
[2018.09.25-04.22.26:456][  0]LogTemp: Display: Loaded TP LuminTargetPlatform
[2018.09.25-04.22.26:456][  0]LogTargetPlatformManager: Display: Building Assets For Windows
[2018.09.25-04.22.26:496][  0]LogXGEController: Cleaning working directory: C:/Users/ENDER/AppData/Local/Temp/UnrealXGEWorkingDir/
[2018.09.25-04.22.26:496][  0]LogXGEController: Cannot use XGE Controller as Incredibuild is not installed on this machine.
[2018.09.25-04.22.26:496][  0]LogShaderCompilers: Cannot use XGE Shader Compiler as Incredibuild is not installed on this machine.
[2018.09.25-04.22.26:496][  0]LogShaderCompilers: Display: Using Local Shader Compiler.
[2018.09.25-04.22.27:107][  0]LogDerivedDataCache: Display: Max Cache Size: 512 MB
[2018.09.25-04.22.27:169][  0]LogDerivedDataCache: Loaded boot cache 0.06s 86MB C:/Users/ENDER/AppData/Local/UnrealEngine/4.20/DerivedDataCache/Boot.ddc.
[2018.09.25-04.22.27:169][  0]LogDerivedDataCache: Display: Loaded Boot cache: C:/Users/ENDER/AppData/Local/UnrealEngine/4.20/DerivedDataCache/Boot.ddc
[2018.09.25-04.22.27:169][  0]LogDerivedDataCache: FDerivedDataBackendGraph:  Pak pak cache file D:/GitHub/PhaserRange/Holodeck1/DerivedDataCache/DDC.ddp not found, will not use a pak cache.
[2018.09.25-04.22.27:169][  0]LogDerivedDataCache: Unable to find inner node Pak for hierarchical cache Hierarchy.
[2018.09.25-04.22.27:169][  0]LogDerivedDataCache: FDerivedDataBackendGraph:  CompressedPak pak cache file D:/GitHub/PhaserRange/Holodeck1/DerivedDataCache/Compressed.ddp not found, will not use a pak cache.
[2018.09.25-04.22.27:169][  0]LogDerivedDataCache: Unable to find inner node CompressedPak for hierarchical cache Hierarchy.
[2018.09.25-04.22.27:180][  0]LogDerivedDataCache: Display: Pak cache opened for reading ../../../Engine/DerivedDataCache/Compressed.ddp.
[2018.09.25-04.22.27:192][  0]LogDerivedDataCache: Using Local data cache path C:/Users/ENDER/AppData/Local/UnrealEngine/Common/DerivedDataCache: Writable
[2018.09.25-04.22.27:192][  0]LogDerivedDataCache: Shared data cache path not found in *engine.ini, will not use an Shared cache.
[2018.09.25-04.22.27:192][  0]LogDerivedDataCache: Unable to find inner node Shared for hierarchical cache Hierarchy.
[2018.09.25-04.22.27:208][  0]LogMaterial: Verifying Global Shaders for PCD3D_SM5
[2018.09.25-04.22.27:209][  0]LogSlate: Using FreeType 2.6.0
[2018.09.25-04.22.27:210][  0]LogSlate: SlateFontServices - WITH_FREETYPE: 1, WITH_HARFBUZZ: 1
[2018.09.25-04.22.27:274][  0]LogAssetRegistry: FAssetRegistry took 0.0257 seconds to start up
[2018.09.25-04.22.27:551][  0]LogInit: Selected Device Profile: [Windows]
[2018.09.25-04.22.27:588][  0]LogSimplygon: Simplygon DLL not present - disabling.
[2018.09.25-04.22.27:590][  0]LogMeshReduction: Using SimplygonSwarm for distributed automatic mesh merging
[2018.09.25-04.22.27:590][  0]LogMeshReduction: Using ProxyLODMeshReduction for automatic mesh merging
[2018.09.25-04.22.27:590][  0]LogMeshReduction: Using QuadricMeshReduction for automatic static mesh reduction
[2018.09.25-04.22.27:590][  0]LogMeshReduction: No automatic skeletal mesh reduction module available
[2018.09.25-04.22.27:695][  0]LogNetVersion: Holodeck1 1.0.0, NetCL: 4212847, EngineNetVer: 5, GameNetVer: 0 (Checksum: 2082658556)
[2018.09.25-04.22.28:121][  0]LogPackageLocalizationCache: Processed 11 localized package path(s) for 2 prioritized culture(s) in 0.082163 seconds
[2018.09.25-04.22.28:128][  0]LogUObjectArray: 38458 objects as part of root set at end of initial load.
[2018.09.25-04.22.28:128][  0]LogUObjectAllocator: 6696840 out of 0 bytes used by permanent object pool.
[2018.09.25-04.22.28:128][  0]LogUObjectArray: CloseDisregardForGC: 0/0 objects in disregard for GC pool
[2018.09.25-04.22.28:816][  0]LogSubstanceCoreModule: Substance [CPU] Engine Loaded, Max Texture Size = 2048
[2018.09.25-04.22.28:819][  0]LogTcpMessaging: Initializing TcpMessaging bridge
[2018.09.25-04.22.28:832][  0]LogUdpMessaging: Initializing bridge on interface 0.0.0.0:0 to multicast group 230.0.0.1:6666.
[2018.09.25-04.22.28:956][  0]SourceControl: Source control is disabled
[2018.09.25-04.22.28:956][  0]SourceControl: Source control is disabled
[2018.09.25-04.22.28:957][  0]SourceControl: Source control is disabled
[2018.09.25-04.22.28:958][  0]SourceControl: Source control is disabled
[2018.09.25-04.22.29:104][  0]LogAndroidPermission: UAndroidPermissionCallbackProxy::GetInstance
[2018.09.25-04.22.29:144][  0]LogOcInput: OculusInput pre-init called
[2018.09.25-04.22.29:278][  0]LogEngine: Initializing Engine...
[2018.09.25-04.22.29:279][  0]LogHMD: Failed to initialize OpenVR with code 110
[2018.09.25-04.22.29:280][  0]LogStats: UGameplayTagsManager::ConstructGameplayTagTree: ImportINI prefixes -  0.000 s
[2018.09.25-04.22.29:280][  0]LogStats: UGameplayTagsManager::ConstructGameplayTagTree: Construct from data asset -  0.000 s
[2018.09.25-04.22.29:280][  0]LogStats: UGameplayTagsManager::ConstructGameplayTagTree: ImportINI -  0.000 s
[2018.09.25-04.22.29:280][  0]LogStats: UGameplayTagsManager::ConstructGameplayTagTree: GameplayTagTreeChangedEvent.Broadcast -  0.000 s
[2018.09.25-04.22.29:467][  0]LogInit: Initializing FReadOnlyCVARCache
[2018.09.25-04.22.29:475][  0]LogAIModule: Creating AISystem for world Untitled
[2018.09.25-04.22.29:493][  0]LogInit: XAudio2 using 'Speakers (G533 Gaming Headset)' : 6 channels at 48 kHz using 16 bits per sample (channel mask 0x3f)
[2018.09.25-04.22.29:503][  0]LogInit: FAudioDevice initialized.
[2018.09.25-04.22.29:503][  0]LogNetVersion: Set ProjectVersion to 1.0.0.0. Version Checksum will be recalculated on next use.
[2018.09.25-04.22.29:581][  0]LogDerivedDataCache: Saved boot cache 0.08s 86MB C:/Users/ENDER/AppData/Local/UnrealEngine/4.20/DerivedDataCache/Boot.ddc.
[2018.09.25-04.22.29:594][  0]LogInit: Texture streaming: Enabled
[2018.09.25-04.22.29:608][  0]LogEngineSessionManager: EngineSessionManager initialized
[2018.09.25-04.22.29:629][  0]LogEngineSessionManager: EngineSessionManager sent abnormal shutdown report. Type=Crashed, SessionId={13083E82-44C7-324C-AB52-45871ECE8F5C}
[2018.09.25-04.22.29:640][  0]LogWindowsTextInputMethodSystem: Display: IME system now deactivated.
[2018.09.25-04.22.29:672][  0]LogInit: Transaction tracking system initialized
[2018.09.25-04.22.29:688][  0]BlueprintLog: New page: Editor Load
[2018.09.25-04.22.29:740][  0]LocalizationService: Localization service is disabled
[2018.09.25-04.22.29:947][  0]LogCook: Display: Max memory allowance for cook 16384mb min free memory 0mb
[2018.09.25-04.22.29:947][  0]LogCook: Display: Mobile HDR setting 1
[2018.09.25-04.22.29:947][  0]LogGameplayTags: Display: UGameplayTagsManager::DoneAddingNativeTags. DelegateIsBound: 0
[2018.09.25-04.22.29:947][  0]LogStats: UGameplayTagsManager::ConstructGameplayTagTree: ImportINI prefixes -  0.000 s
[2018.09.25-04.22.29:947][  0]LogStats: UGameplayTagsManager::ConstructGameplayTagTree: Construct from data asset -  0.000 s
[2018.09.25-04.22.29:947][  0]LogStats: UGameplayTagsManager::ConstructGameplayTagTree: ImportINI -  0.000 s
[2018.09.25-04.22.29:947][  0]LogStats: UGameplayTagsManager::ConstructGameplayTagTree: GameplayTagTreeChangedEvent.Broadcast -  0.000 s
[2018.09.25-04.22.30:036][  0]LogFileCache: Scanning file cache for directory 'D:/GitHub/PhaserRange/Holodeck1/Content/' took 0.01s
[2018.09.25-04.22.30:036][  0]SourceControl: Source control is disabled
[2018.09.25-04.22.30:037][  0]Cmd: MAP LOAD FILE="D:/GitHub/PhaserRange/Holodeck1/Content/Levels/Holodeck.umap" TEMPLATE=0 SHOWPROGRESS=1 FEATURELEVEL=3
[2018.09.25-04.22.30:037][  0]LightingResults: New page: Lighting Build
[2018.09.25-04.22.30:039][  0]MapCheck: New page: Map Check
[2018.09.25-04.22.30:039][  0]LightingResults: New page: Lighting Build
[2018.09.25-04.22.30:388][  0]LogAIModule: Creating AISystem for world Holodeck
[2018.09.25-04.22.30:394][  0]LogEditorServer: Finished looking for orphan Actors (0.000 secs)
[2018.09.25-04.22.30:422][  0]Cmd: MAP CHECKDEP NOCLEARLOG
[2018.09.25-04.22.30:488][  0]MapCheck: Map check complete: 0 Error(s), 0 Warning(s), took 66.287ms to complete.
[2018.09.25-04.22.30:488][  0]LogFileHelpers: Loading map 'Holodeck' took 0.452
[2018.09.25-04.22.30:664][  0]LogSlate: Updating window title bar state: overlay mode, drag disabled, window buttons hidden, title bar hidden
[2018.09.25-04.22.30:677][  0]LogSlate: Updating window title bar state: overlay mode, drag disabled, window buttons hidden, title bar hidden
[2018.09.25-04.22.30:687][  0]LogSlate: Updating window title bar state: overlay mode, drag disabled, window buttons hidden, title bar hidden
[2018.09.25-04.22.30:697][  0]LogSlate: Updating window title bar state: overlay mode, drag disabled, window buttons hidden, title bar hidden
[2018.09.25-04.22.30:704][  0]LogCollectionManager: Loaded 0 collections in 0.001749 seconds
[2018.09.25-04.22.30:766][  0]LogFileCache: Scanning file cache for directory 'D:/GitHub/PhaserRange/Holodeck1/Saved/Collections/' took 0.01s
[2018.09.25-04.22.30:766][  0]LogFileCache: Scanning file cache for directory 'D:/GitHub/PhaserRange/Holodeck1/Content/Developers/ENDER/Collections/' took 0.01s
[2018.09.25-04.22.30:766][  0]LogFileCache: Scanning file cache for directory 'D:/GitHub/PhaserRange/Holodeck1/Content/Collections/' took 0.01s
[2018.09.25-04.22.30:766][  0]LogCollectionManager: Rebuilt the GUID cache for 0 collections in 0.000000 seconds
[2018.09.25-04.22.30:776][  0]LogContentBrowser: Native class hierarchy populated in 0.0099 seconds. Added 2643 classes and 628 folders.
[2018.09.25-04.22.30:781][  0]LogContentBrowser: Native class hierarchy updated for 'WidgetCarousel' in 0.0004 seconds. Added 0 classes and 0 folders.
[2018.09.25-04.22.30:815][  0]LogContentBrowser: Native class hierarchy updated for 'AddContentDialog' in 0.0004 seconds. Added 0 classes and 0 folders.
[2018.09.25-04.22.30:880][  0]LogSlate: Took 0.000181 seconds to synchronously load lazily loaded font '../../../Engine/Content/Slate/Fonts/Roboto-Regular.ttf' (155K)
[2018.09.25-04.22.30:884][  0]LogSlate: Took 0.000153 seconds to synchronously load lazily loaded font '../../../Engine/Content/Slate/Fonts/Roboto-Bold.ttf' (160K)
[2018.09.25-04.22.30:886][  0]LogSlate: Took 0.000154 seconds to synchronously load lazily loaded font '../../../Engine/Content/Editor/Slate/Fonts/FontAwesome.ttf' (139K)
[2018.09.25-04.22.30:934][  0]LogRenderer: Reallocating scene render targets to support 1228x572 Format 26 NumSamples 1 (Frame:1).
[2018.09.25-04.22.31:062][  0]LogContentBrowser: Native class hierarchy updated for 'HierarchicalLODOutliner' in 0.0006 seconds. Added 0 classes and 0 folders.
[2018.09.25-04.22.31:062][  0]LogLoad: (Engine Initialization) Total time: 7.70 seconds
[2018.09.25-04.22.31:062][  0]LogLoad: (Engine Initialization) Total Blueprint compile time: 0.00 seconds
[2018.09.25-04.22.31:094][  0]LogContentStreaming: Texture pool size now 1000 MB
[2018.09.25-04.22.31:130][  1]LogSubstanceLiveLink: Warning: Unable to send data along socket, closing connection
[2018.09.25-04.22.31:146][  1]LogAssetRegistry: Asset discovery search completed in 3.8942 seconds
[2018.09.25-04.22.31:147][  1]LogCollectionManager: Rebuilt the object cache for 0 collections in 0.000000 seconds (found 0 objects)
[2018.09.25-04.22.31:147][  1]LogCollectionManager: Fixed up redirectors for 0 collections in 0.000051 seconds (updated 0 objects)
[2018.09.25-04.22.32:107][ 98]LogSlate: Took 0.000205 seconds to synchronously load lazily loaded font '../../../Engine/Content/Slate/Fonts/Roboto-Light.ttf' (167K)
[2018.09.25-04.22.32:521][148]LogSlate: FSceneViewport::OnFocusLost() reason 0
[2018.09.25-04.22.35:240][467]LogAssetEditorManager: Opening Asset editor for Blueprint /Game/System/Player/Blueprints/Player.Player
[2018.09.25-04.22.35:678][467]LogContentBrowser: Native class hierarchy updated for 'BlueprintGraph' in 0.0007 seconds. Added 116 classes and 0 folders.
[2018.09.25-04.22.36:487][467]LogSlate: Took 0.000171 seconds to synchronously load lazily loaded font '../../../Engine/Content/Slate/Fonts/Roboto-BoldCondensed.ttf' (158K)
[2018.09.25-04.22.36:639][468]LogSlate: Took 0.000173 seconds to synchronously load lazily loaded font '../../../Engine/Content/Slate/Fonts/Roboto-Italic.ttf' (157K)
[2018.09.25-04.22.49:907][986]LogTemp: Repeating last play command: Simulate
[2018.09.25-04.22.49:920][986]LogPlayLevel: PlayLevel: No blueprints needed recompiling
[2018.09.25-04.22.49:932][986]PIE: New page: SIE session: Holodeck (Sep 24, 2018, 2:22:49 PM)
[2018.09.25-04.22.49:932][986]LogPlayLevel: Creating play world package: /Game/Levels/UEDPIE_0_Holodeck
[2018.09.25-04.22.49:933][986]LogPlayLevel: PIE: StaticDuplicateObject took: (0.001169s)
[2018.09.25-04.22.49:934][986]LogAIModule: Creating AISystem for world Holodeck
[2018.09.25-04.22.49:934][986]LogPlayLevel: PIE: World Init took: (0.000751s)
[2018.09.25-04.22.49:934][986]LogPlayLevel: PIE: Created PIE world by copying editor world from /Game/Levels/Holodeck.Holodeck to /Game/Levels/UEDPIE_0_Holodeck.Holodeck (0.002052s)
[2018.09.25-04.22.49:975][986]LogInit: XAudio2 using 'Speakers (G533 Gaming Headset)' : 6 channels at 48 kHz using 16 bits per sample (channel mask 0x3f)
[2018.09.25-04.22.49:983][986]LogInit: FAudioDevice initialized.
[2018.09.25-04.22.50:032][986]LogLoad: Game class is 'VRGameMode_C'
[2018.09.25-04.22.50:033][986]LogWorld: Bringing World /Game/Levels/UEDPIE_0_Holodeck.Holodeck up for play (max tick rate 0) at 2018.09.24-21.22.50
[2018.09.25-04.22.50:033][986]LogWorld: Bringing up level for play took: 0.000658
[2018.09.25-04.22.50:045][986]LogGameMode: FindPlayerStart: PATHS NOT DEFINED or NO PLAYERSTART with positive rating
[2018.09.25-04.22.50:049][986]LogContentBrowser: Native class hierarchy updated for 'MovieSceneCapture' in 0.0004 seconds. Added 10 classes and 0 folders.
[2018.09.25-04.22.50:052][986]PIE: Play in editor start time for /Game/Levels/UEDPIE_0_Holodeck -0.009
[2018.09.25-04.22.51:592][154]LogEditorViewport: Clicking on Actor (LMB): BP_MotionController_C (BP_MotionController)
[2018.09.25-04.22.52:080][208]Cmd: CAMERA ALIGN ACTIVEVIEWPORTONLY
[2018.09.25-04.22.55:872][654]LogSlate: FSceneViewport::OnFocusLost() reason 0
[2018.09.25-04.22.56:055][657]LogSlate: Window 'Holodeck1 - Unreal Editor' being destroyed
[2018.09.25-04.22.56:055][657]LogWindowsTextInputMethodSystem: Display: IME system now deactivated.
[2018.09.25-04.22.56:103][657]LogSlate: Updating window title bar state: overlay mode, drag disabled, window buttons hidden, title bar hidden
[2018.09.25-04.22.56:135][657]LogPlayLevel: Display: Shutting down PIE online subsystems
[2018.09.25-04.22.56:166][657]LogSlate: Updating window title bar state: overlay mode, drag disabled, window buttons hidden, title bar hidden
[2018.09.25-04.22.56:290][658]Cmd: QUIT_EDITOR
[2018.09.25-04.22.57:249][658]LogExit: Preparing to exit.
[2018.09.25-04.22.57:892][658]LogExit: Editor shut down
[2018.09.25-04.22.57:893][658]LogExit: Transaction tracking system shut down
[2018.09.25-04.22.58:163][658]LogExit: Object subsystem successfully closed.
[2018.09.25-04.22.58:179][658]LogShaderCompilers: Display: Shaders left to compile 0
[2018.09.25-04.22.58:182][658]LogD3D11RHI: Shutdown
[2018.09.25-04.22.58:182][658]LogD3D11RHI: CleanupD3DDevice
[2018.09.25-04.22.58:183][658]LogD3D11RHI: ~FD3D11DynamicRHI
[2018.09.25-04.22.58:249][658]LogModuleManager: Shutting down and abandoning module MovieSceneCapture (636)
[2018.09.25-04.22.58:249][658]LogModuleManager: Shutting down and abandoning module Voice (634)
[2018.09.25-04.22.58:263][658]LogModuleManager: Shutting down and abandoning module BlueprintGraph (632)
[2018.09.25-04.22.58:263][658]LogModuleManager: Shutting down and abandoning module HierarchicalLODOutliner (630)
[2018.09.25-04.22.58:263][658]LogModuleManager: Shutting down and abandoning module AddContentDialog (628)
[2018.09.25-04.22.58:264][658]LogModuleManager: Shutting down and abandoning module WidgetCarousel (627)
[2018.09.25-04.22.58:264][658]LogModuleManager: Shutting down and abandoning module EditorWidgets (624)
[2018.09.25-04.22.58:264][658]LogModuleManager: Shutting down and abandoning module CollectionManager (622)
[2018.09.25-04.22.58:264][658]LogModuleManager: Shutting down and abandoning module SceneOutliner (620)
[2018.09.25-04.22.58:264][658]LogModuleManager: Shutting down and abandoning module StatsViewer (618)
[2018.09.25-04.22.58:264][658]LogModuleManager: Shutting down and abandoning module FoliageEdit (616)
[2018.09.25-04.22.58:264][658]LogModuleManager: Shutting down and abandoning module LandscapeEditor (614)
[2018.09.25-04.22.58:264][658]LogModuleManager: Shutting down and abandoning module MeshPaintMode (612)
[2018.09.25-04.22.58:264][658]LogModuleManager: Shutting down and abandoning module SceneDepthPickerMode (610)
[2018.09.25-04.22.58:264][658]LogModuleManager: Shutting down and abandoning module ActorPickerMode (608)
[2018.09.25-04.22.58:264][658]LogModuleManager: Shutting down and abandoning module GeometryMode (606)
[2018.09.25-04.22.58:264][658]LogModuleManager: Shutting down and abandoning module TextureAlignMode (604)
[2018.09.25-04.22.58:264][658]LogModuleManager: Shutting down and abandoning module BspMode (602)
[2018.09.25-04.22.58:264][658]LogModuleManager: Shutting down and abandoning module PIEPreviewDeviceProfileSelector (600)
[2018.09.25-04.22.58:264][658]LogModuleManager: Shutting down and abandoning module SequenceRecorderSections (598)
[2018.09.25-04.22.58:264][658]LogModuleManager: Shutting down and abandoning module AutomationWorker (596)
[2018.09.25-04.22.58:264][658]LogModuleManager: Shutting down and abandoning module OculusAudioEditor (594)
[2018.09.25-04.22.58:264][658]LogModuleManager: Shutting down and abandoning module AudioCaptureEditor (592)
[2018.09.25-04.22.58:264][658]LogModuleManager: Shutting down and abandoning module SequenceRecorder (591)
[2018.09.25-04.22.58:264][658]LogModuleManager: Shutting down and abandoning module MatineeToLevelSequence (588)
[2018.09.25-04.22.58:264][658]LogModuleManager: Shutting down and abandoning module LevelSequenceEditor (586)
[2018.09.25-04.22.58:264][658]LogModuleManager: Shutting down and abandoning module PlacementMode (585)
[2018.09.25-04.22.58:264][658]LogModuleManager: Shutting down and abandoning module MaterialEditor (584)
[2018.09.25-04.22.58:265][658]LogModuleManager: Shutting down and abandoning module WmfMediaFactory (580)
[2018.09.25-04.22.58:265][658]LogModuleManager: Shutting down and abandoning module WmfMediaEditor (578)
[2018.09.25-04.22.58:265][658]LogModuleManager: Shutting down and abandoning module MediaPlayerEditor (576)
[2018.09.25-04.22.58:265][658]LogModuleManager: Shutting down and abandoning module OpenExrWrapper (574)
[2018.09.25-04.22.58:265][658]LogModuleManager: Shutting down and abandoning module ImgMediaFactory (572)
[2018.09.25-04.22.58:265][658]LogModuleManager: Shutting down and abandoning module ImgMediaEditor (570)
[2018.09.25-04.22.58:265][658]LogModuleManager: Shutting down and abandoning module AvfMediaFactory (568)
[2018.09.25-04.22.58:265][658]LogModuleManager: Shutting down and abandoning module AvfMediaEditor (566)
[2018.09.25-04.22.58:265][658]LogModuleManager: Shutting down and abandoning module AndroidMediaFactory (564)
[2018.09.25-04.22.58:265][658]LogModuleManager: Shutting down and abandoning module AndroidMediaEditor (562)
[2018.09.25-04.22.58:265][658]LogModuleManager: Shutting down and abandoning module MagicLeapCameraPreviewFactory (560)
[2018.09.25-04.22.58:265][658]LogModuleManager: Shutting down and abandoning module MagicLeapMediaFactory (558)
[2018.09.25-04.22.58:265][658]LogModuleManager: Shutting down and abandoning module MagicLeapMediaEditor (556)
[2018.09.25-04.22.58:265][658]LogModuleManager: Shutting down and abandoning module CharacterAI (554)
[2018.09.25-04.22.58:265][658]LogModuleManager: Shutting down and abandoning module SmartSnapping (552)
[2018.09.25-04.22.58:265][658]LogModuleManager: Shutting down and abandoning module SessionServices (550)
[2018.09.25-04.22.58:265][658]LogModuleManager: Shutting down and abandoning module ViewportSnapping (548)
[2018.09.25-04.22.58:265][658]LogModuleManager: Shutting down and abandoning module ViewportInteraction (546)
[2018.09.25-04.22.58:265][658]LogModuleManager: Shutting down and abandoning module ClothPainter (544)
[2018.09.25-04.22.58:265][658]LogModuleManager: Shutting down and abandoning module SkeletalMeshEditor (543)
[2018.09.25-04.22.58:265][658]LogModuleManager: Shutting down and abandoning module LogVisualizer (540)
[2018.09.25-04.22.58:265][658]LogModuleManager: Shutting down and abandoning module IntroTutorials (538)
[2018.09.25-04.22.58:265][658]LogModuleManager: Shutting down and abandoning module GameProjectGeneration (537)
[2018.09.25-04.22.58:265][658]LogModuleManager: Shutting down and abandoning module LuminPlatformEditor (534)
[2018.09.25-04.22.58:265][658]LogModuleManager: Shutting down and abandoning module IOSPlatformEditor (532)
[2018.09.25-04.22.58:265][658]LogModuleManager: Shutting down and abandoning module HTML5PlatformEditor (530)
[2018.09.25-04.22.58:265][658]LogModuleManager: Shutting down and abandoning module AndroidPlatformEditor (528)
[2018.09.25-04.22.58:265][658]LogModuleManager: Shutting down and abandoning module AndroidDeviceDetection (527)
[2018.09.25-04.22.58:793][658]LogModuleManager: Shutting down and abandoning module WindowsPlatformEditor (524)
[2018.09.25-04.22.58:793][658]LogModuleManager: Shutting down and abandoning module LuminRuntimeSettings (522)
[2018.09.25-04.22.58:793][658]LogModuleManager: Shutting down and abandoning module IOSRuntimeSettings (520)
[2018.09.25-04.22.58:793][658]LogModuleManager: Shutting down and abandoning module AndroidRuntimeSettings (518)
[2018.09.25-04.22.58:793][658]LogModuleManager: Shutting down and abandoning module InputBindingEditor (516)
[2018.09.25-04.22.58:793][658]LogModuleManager: Shutting down and abandoning module MergeActors (514)
[2018.09.25-04.22.58:793][658]LogModuleManager: Shutting down and abandoning module LocalizationDashboard (512)
[2018.09.25-04.22.58:793][658]LogModuleManager: Shutting down and abandoning module LocalizationService (511)
[2018.09.25-04.22.58:793][658]LogModuleManager: Shutting down and abandoning module HardwareTargeting (508)
[2018.09.25-04.22.58:793][658]LogModuleManager: Shutting down and abandoning module DeviceProfileEditor (506)
[2018.09.25-04.22.58:793][658]LogModuleManager: Shutting down and abandoning module UndoHistory (504)
[2018.09.25-04.22.58:793][658]LogModuleManager: Shutting down and abandoning module XmlParser (502)
[2018.09.25-04.22.58:793][658]LogModuleManager: Shutting down and abandoning module Blutility (500)
[2018.09.25-04.22.58:793][658]LogModuleManager: Shutting down and abandoning module ProjectSettingsViewer (498)
[2018.09.25-04.22.58:793][658]LogModuleManager: Shutting down and abandoning module ProjectTargetPlatformEditor (497)
[2018.09.25-04.22.58:793][658]LogModuleManager: Shutting down and abandoning module EditorSettingsViewer (494)
[2018.09.25-04.22.58:793][658]LogModuleManager: Shutting down and abandoning module SettingsEditor (492)
[2018.09.25-04.22.58:793][658]LogModuleManager: Shutting down and abandoning module ProjectLauncher (490)
[2018.09.25-04.22.58:793][658]LogModuleManager: Shutting down and abandoning module SessionFrontend (488)
[2018.09.25-04.22.58:794][658]LogModuleManager: Shutting down and abandoning module ProfilerClient (486)
[2018.09.25-04.22.58:794][658]LogModuleManager: Shutting down and abandoning module DeviceManager (484)
[2018.09.25-04.22.58:794][658]LogModuleManager: Shutting down and abandoning module TargetDeviceServices (483)
[2018.09.25-04.22.58:849][658]LogModuleManager: Shutting down and abandoning module AutomationController (480)
[2018.09.25-04.22.58:849][658]LogModuleManager: Shutting down and abandoning module AutomationWindow (478)
[2018.09.25-04.22.58:849][658]LogModuleManager: Shutting down and abandoning module Layers (476)
[2018.09.25-04.22.58:849][658]LogModuleManager: Shutting down and abandoning module ComponentVisualizers (474)
[2018.09.25-04.22.58:849][658]LogModuleManager: Shutting down and abandoning module DetailCustomizations (472)
[2018.09.25-04.22.58:849][658]LogModuleManager: Shutting down and abandoning module PackagesDialog (470)
[2018.09.25-04.22.58:849][658]LogModuleManager: Shutting down and abandoning module Persona (468)
[2018.09.25-04.22.58:849][658]LogModuleManager: Shutting down and abandoning module AdvancedPreviewScene (467)
[2018.09.25-04.22.58:849][658]LogModuleManager: Shutting down and abandoning module AnimGraph (465)
[2018.09.25-04.22.58:849][658]LogModuleManager: Shutting down and abandoning module Kismet (462)
[2018.09.25-04.22.58:853][658]LogModuleManager: Shutting down and abandoning module GraphEditor (460)
[2018.09.25-04.22.58:853][658]LogModuleManager: Shutting down and abandoning module ClassViewer (458)
[2018.09.25-04.22.58:853][658]LogModuleManager: Shutting down and abandoning module Toolbox (456)
[2018.09.25-04.22.58:853][658]LogModuleManager: Shutting down and abandoning module DesktopPlatform (455)
[2018.09.25-04.22.58:853][658]LogModuleManager: Shutting down and abandoning module ModuleUI (452)
[2018.09.25-04.22.58:853][658]LogModuleManager: Shutting down and abandoning module MovieSceneTools (450)
[2018.09.25-04.22.58:853][658]LogModuleManager: Shutting down and abandoning module OutputLog (448)
[2018.09.25-04.22.58:853][658]LogModuleManager: Shutting down and abandoning module GammaUI (446)
[2018.09.25-04.22.58:853][658]LogModuleManager: Shutting down and abandoning module Documentation (444)
[2018.09.25-04.22.58:854][658]LogModuleManager: Shutting down and abandoning module MovieSceneTracks (442)
[2018.09.25-04.22.58:854][658]LogModuleManager: Shutting down and abandoning module MovieScene (440)
[2018.09.25-04.22.58:854][658]LogModuleManager: Shutting down and abandoning module StreamingPauseRendering (438)
[2018.09.25-04.22.58:854][658]LogModuleManager: Shutting down and abandoning module LauncherPlatform (436)
[2018.09.25-04.22.58:854][658]LogModuleManager: Shutting down and abandoning module AnalyticsET (434)
[2018.09.25-04.22.58:854][658]LogModuleManager: Shutting down and abandoning module PortalServices (432)
[2018.09.25-04.22.58:854][658]LogModuleManager: Shutting down and abandoning module PortalRpc (430)
[2018.09.25-04.22.58:854][658]LogModuleManager: Shutting down and abandoning module MessagingRpc (428)
[2018.09.25-04.22.58:854][658]LogModuleManager: Shutting down and abandoning module AIModule (426)
[2018.09.25-04.22.58:854][658]LogModuleManager: Shutting down and abandoning module GameplayDebugger (425)
[2018.09.25-04.22.58:854][658]LogModuleManager: Shutting down and abandoning module AITestSuite (423)
[2018.09.25-04.22.58:854][658]LogModuleManager: Shutting down and abandoning module NavigationSystem (421)
[2018.09.25-04.22.58:854][658]LogModuleManager: Shutting down and abandoning module ProfilerService (418)
[2018.09.25-04.22.59:062][658]LogModuleManager: Shutting down and abandoning module TaskGraph (416)
[2018.09.25-04.22.59:062][658]LogModuleManager: Shutting down and abandoning module SubstanceLiveLink (414)
[2018.09.25-04.22.59:072][658]LogModuleManager: Shutting down and abandoning module SubstanceSource (412)
[2018.09.25-04.22.59:101][658]LogModuleManager: Shutting down and abandoning module SubstanceEditor (410)
[2018.09.25-04.22.59:102][658]LogModuleManager: Shutting down and abandoning module VRExpansionPlugin (408)
[2018.09.25-04.22.59:102][658]LogModuleManager: Shutting down and abandoning module OpenVRExpansionPlugin (406)
[2018.09.25-04.22.59:102][658]LogModuleManager: Shutting down and abandoning module SteamVRController (404)
[2018.09.25-04.22.59:102][658]LogModuleManager: Shutting down and abandoning module ProceduralMeshComponentEditor (402)
[2018.09.25-04.22.59:102][658]LogModuleManager: Shutting down and abandoning module ProceduralMeshComponent (400)
[2018.09.25-04.22.59:102][658]LogModuleManager: Shutting down and abandoning module OculusInput (398)
[2018.09.25-04.22.59:102][658]LogModuleManager: Shutting down and abandoning module MobilePatchingUtils (396)
[2018.09.25-04.22.59:102][658]LogModuleManager: Shutting down and abandoning module EditableMesh (394)
[2018.09.25-04.22.59:102][658]LogModuleManager: Shutting down and abandoning module CustomMeshComponent (392)
[2018.09.25-04.22.59:102][658]LogModuleManager: Shutting down and abandoning module CableComponent (390)
[2018.09.25-04.22.59:102][658]LogModuleManager: Shutting down and abandoning module AudioCapture (388)
[2018.09.25-04.22.59:102][658]LogModuleManager: Shutting down and abandoning module ArchVisCharacter (386)
[2018.09.25-04.22.59:102][658]LogModuleManager: Shutting down and abandoning module AndroidPermission (384)
[2018.09.25-04.22.59:102][658]LogModuleManager: Shutting down and abandoning module NUTUnrealEngine4 (382)
[2018.09.25-04.22.59:102][658]LogModuleManager: Shutting down and abandoning module NetcodeUnitTest (380)
[2018.09.25-04.22.59:102][658]LogModuleManager: Shutting down and abandoning module MediaCompositingEditor (378)
[2018.09.25-04.22.59:102][658]LogModuleManager: Shutting down and abandoning module MediaCompositing (376)
[2018.09.25-04.22.59:102][658]LogModuleManager: Shutting down and abandoning module LinearTimecode (374)
[2018.09.25-04.22.59:102][658]LogModuleManager: Shutting down and abandoning module ImgMedia (372)
[2018.09.25-04.22.59:105][658]LogModuleManager: Shutting down and abandoning module HTML5Networking (370)
[2018.09.25-04.22.59:105][658]LogModuleManager: Shutting down and abandoning module GeometryCacheTracks (368)
[2018.09.25-04.22.59:105][658]LogModuleManager: Shutting down and abandoning module GeometryCacheSequencer (366)
[2018.09.25-04.22.59:105][658]LogModuleManager: Shutting down and abandoning module BlueprintStats (364)
[2018.09.25-04.22.59:105][658]LogModuleManager: Shutting down and abandoning module BackChannel (362)
[2018.09.25-04.22.59:105][658]LogModuleManager: Shutting down and abandoning module AppleVision (360)
[2018.09.25-04.22.59:105][658]LogModuleManager: Shutting down and abandoning module AppleImageUtils (358)
[2018.09.25-04.22.59:105][658]LogModuleManager: Shutting down and abandoning module AlembicImporter (356)
[2018.09.25-04.22.59:105][658]LogModuleManager: Shutting down and abandoning module AlembicLibrary (355)
[2018.09.25-04.22.59:105][658]LogModuleManager: Shutting down and abandoning module GeometryCache (354)
[2018.09.25-04.22.59:105][658]LogModuleManager: Shutting down and abandoning module GeometryCacheEd (353)
[2018.09.25-04.22.59:105][658]LogModuleManager: Shutting down and abandoning module DatasmithContentEditor (348)
[2018.09.25-04.22.59:105][658]LogModuleManager: Shutting down and abandoning module DatasmithContent (346)
[2018.09.25-04.22.59:105][658]LogModuleManager: Shutting down and abandoning module SpeedTreeImporter (344)
[2018.09.25-04.22.59:105][658]LogModuleManager: Shutting down and abandoning module PluginBrowser (342)
[2018.09.25-04.22.59:105][658]LogModuleManager: Shutting down and abandoning module MobileLauncherProfileWizard (340)
[2018.09.25-04.22.59:105][658]LogModuleManager: Shutting down and abandoning module PolygonModeling (338)
[2018.09.25-04.22.59:105][658]LogModuleManager: Shutting down and abandoning module MeshEditor (336)
[2018.09.25-04.22.59:106][658]LogModuleManager: Shutting down and abandoning module CryptoKeysOpenSSL (334)
[2018.09.25-04.22.59:106][658]LogModuleManager: Shutting down and abandoning module CryptoKeys (332)
[2018.09.25-04.22.59:106][658]LogModuleManager: Shutting down and abandoning module VisualStudioSourceCodeAccess (330)
[2018.09.25-04.22.59:106][658]LogModuleManager: Shutting down and abandoning module VisualStudioCodeSourceCodeAccess (328)
[2018.09.25-04.22.59:106][658]LogModuleManager: Shutting down and abandoning module UObjectPlugin (326)
[2018.09.25-04.22.59:106][658]LogModuleManager: Shutting down and abandoning module SubversionSourceControl (324)
[2018.09.25-04.22.59:106][658]LogModuleManager: Shutting down and abandoning module PerforceSourceControl (322)
[2018.09.25-04.22.59:106][658]LogModuleManager: Shutting down and abandoning module GitSourceControl (320)
[2018.09.25-04.22.59:106][658]LogModuleManager: Shutting down and abandoning module SourceControl (319)
[2018.09.25-04.22.59:106][658]LogModuleManager: Shutting down and abandoning module CLionSourceCodeAccess (316)
[2018.09.25-04.22.59:106][658]LogModuleManager: Shutting down and abandoning module LightPropagationVolumeEditor (314)
[2018.09.25-04.22.59:106][658]LogModuleManager: Shutting down and abandoning module PaperTiledImporter (312)
[2018.09.25-04.22.59:106][658]LogModuleManager: Shutting down and abandoning module PaperSpriteSheetImporter (310)
[2018.09.25-04.22.59:106][658]LogModuleManager: Shutting down and abandoning module Paper2DEditor (308)
[2018.09.25-04.22.59:106][658]LogModuleManager: Shutting down and abandoning module MeshPaint (307)
[2018.09.25-04.22.59:106][658]LogModuleManager: Shutting down and abandoning module Holodeck1 (304)
[2018.09.25-04.22.59:106][658]LogModuleManager: Shutting down and abandoning module RuntimePhysXCooking (302)
[2018.09.25-04.22.59:106][658]LogModuleManager: Shutting down and abandoning module PhysXVehiclesEditor (300)
[2018.09.25-04.22.59:106][658]LogModuleManager: Shutting down and abandoning module PhysXVehicles (298)
[2018.09.25-04.22.59:106][658]LogModuleManager: Shutting down and abandoning module OculusEditor (296)
[2018.09.25-04.22.59:106][658]LogModuleManager: Shutting down and abandoning module LocationServicesBPLibrary (294)
[2018.09.25-04.22.59:106][658]LogModuleManager: Shutting down and abandoning module ImmediatePhysicsEditor (292)
[2018.09.25-04.22.59:106][658]LogModuleManager: Shutting down and abandoning module ImmediatePhysics (290)
[2018.09.25-04.22.59:106][658]LogModuleManager: Shutting down and abandoning module ActorSequence (288)
[2018.09.25-04.22.59:106][658]LogModuleManager: Shutting down and abandoning module UdpMessaging (286)
[2018.09.25-04.22.59:207][658]LogModuleManager: Shutting down and abandoning module TcpMessaging (284)
[2018.09.25-04.22.59:308][658]LogModuleManager: Shutting down and abandoning module SubstanceCore (282)
[2018.09.25-04.22.59:308][658]LogModuleManager: Shutting down and abandoning module MagicLeapAudio (280)
[2018.09.25-04.22.59:308][658]LogModuleManager: Shutting down and abandoning module GameplayTagsEditor (278)
[2018.09.25-04.22.59:308][658]LogModuleManager: Shutting down and abandoning module FacialAnimationEditor (276)
[2018.09.25-04.22.59:308][658]LogModuleManager: Shutting down and abandoning module FacialAnimation (274)
[2018.09.25-04.22.59:308][658]LogModuleManager: Shutting down and abandoning module DataValidation (272)
[2018.09.25-04.22.59:308][658]LogModuleManager: Shutting down and abandoning module AssetManagerEditor (270)
[2018.09.25-04.22.59:308][658]LogModuleManager: Shutting down and abandoning module LevelEditor (269)
[2018.09.25-04.22.59:309][658]LogModuleManager: Shutting down and abandoning module PixelInspectorModule (268)
[2018.09.25-04.22.59:309][658]LogModuleManager: Shutting down and abandoning module CommonMenuExtensions (266)
[2018.09.25-04.22.59:309][658]LogModuleManager: Shutting down and abandoning module MainFrame (264)
[2018.09.25-04.22.59:309][658]LogModuleManager: Shutting down and abandoning module HotReload (263)
[2018.09.25-04.22.59:310][658]LogModuleManager: Shutting down and abandoning module ContentBrowser (259)
[2018.09.25-04.22.59:310][658]LogModuleManager: Shutting down and abandoning module TreeMap (257)
[2018.09.25-04.22.59:310][658]LogModuleManager: Shutting down and abandoning module LightPropagationVolumeRuntime (254)
[2018.09.25-04.22.59:310][658]LogModuleManager: Shutting down and abandoning module AISupportModule (252)
[2018.09.25-04.22.59:310][658]LogModuleManager: Shutting down and abandoning module Paper2D (250)
[2018.09.25-04.22.59:310][658]LogModuleManager: Shutting down and abandoning module WindowsMoviePlayer (248)
[2018.09.25-04.22.59:310][658]LogModuleManager: Shutting down and abandoning module WmfMedia (246)
[2018.09.25-04.22.59:312][658]LogModuleManager: Shutting down and abandoning module Media (245)
[2018.09.25-04.22.59:318][658]LogModuleManager: Shutting down and abandoning module PacketHandler (242)
[2018.09.25-04.22.59:318][658]LogModuleManager: Shutting down and abandoning module ClothingSystemEditor (240)
[2018.09.25-04.22.59:318][658]LogModuleManager: Shutting down and abandoning module ClothingSystemRuntime (238)
[2018.09.25-04.22.59:318][658]LogModuleManager: Shutting down and abandoning module MediaAssets (236)
[2018.09.25-04.22.59:318][658]LogModuleManager: Shutting down and abandoning module Overlay (234)
[2018.09.25-04.22.59:318][658]LogModuleManager: Shutting down and abandoning module OverlayEditor (233)
[2018.09.25-04.22.59:318][658]LogModuleManager: Shutting down and abandoning module VREditor (230)
[2018.09.25-04.22.59:318][658]LogModuleManager: Shutting down and abandoning module StringTableEditor (228)
[2018.09.25-04.22.59:318][658]LogModuleManager: Shutting down and abandoning module GameplayTasksEditor (226)
[2018.09.25-04.22.59:318][658]LogModuleManager: Shutting down and abandoning module BehaviorTreeEditor (224)
[2018.09.25-04.22.59:318][658]LogModuleManager: Shutting down and abandoning module FunctionalTesting (222)
[2018.09.25-04.22.59:319][658]LogModuleManager: Shutting down and abandoning module CollisionAnalyzer (220)
[2018.09.25-04.22.59:319][658]LogModuleManager: Shutting down and abandoning module WorkspaceMenuStructure (219)
[2018.09.25-04.22.59:319][658]LogModuleManager: Shutting down and abandoning module UMG (216)
[2018.09.25-04.22.59:319][658]LogModuleManager: Shutting down and abandoning module UMGEditor (215)
[2018.09.25-04.22.59:319][658]LogModuleManager: Shutting down and abandoning module Sequencer (214)
[2018.09.25-04.22.59:319][658]LogModuleManager: Shutting down and abandoning module MessageLog (211)
[2018.09.25-04.22.59:319][658]LogModuleManager: Shutting down and abandoning module SlateReflector (206)
[2018.09.25-04.22.59:319][658]LogModuleManager: Shutting down and abandoning module Slate (204)
[2018.09.25-04.22.59:319][658]LogModuleManager: Shutting down and abandoning module EditorStyle (202)
[2018.09.25-04.22.59:320][658]LogModuleManager: Shutting down and abandoning module MRMesh (200)
[2018.09.25-04.22.59:320][658]LogModuleManager: Shutting down and abandoning module SourceCodeAccess (198)
[2018.09.25-04.22.59:320][658]LogModuleManager: Shutting down and abandoning module HeadMountedDisplay (196)
[2018.09.25-04.22.59:320][658]LogModuleManager: Shutting down and abandoning module XAudio2 (194)
[2018.09.25-04.22.59:320][658]LogModuleManager: Shutting down and abandoning module Networking (192)
[2018.09.25-04.22.59:320][658]LogModuleManager: Shutting down and abandoning module Core (190)
[2018.09.25-04.22.59:320][658]LogModuleManager: Shutting down and abandoning module LevelSequence (188)
[2018.09.25-04.22.59:320][658]LogModuleManager: Shutting down and abandoning module KismetCompiler (186)
[2018.09.25-04.22.59:320][658]LogModuleManager: Shutting down and abandoning module MeshUtilities (184)
[2018.09.25-04.22.59:320][658]LogModuleManager: Shutting down and abandoning module MeshMergeUtilities (183)
[2018.09.25-04.22.59:320][658]LogModuleManager: Shutting down and abandoning module MeshReductionInterface (182)
[2018.09.25-04.22.59:320][658]LogModuleManager: Shutting down and abandoning module SimplygonSwarm (181)
[2018.09.25-04.22.59:320][658]LogModuleManager: Shutting down and abandoning module ProxyLODMeshReduction (179)
[2018.09.25-04.22.59:320][658]LogModuleManager: Shutting down and abandoning module SimplygonMeshReduction (177)
[2018.09.25-04.22.59:320][658]LogModuleManager: Shutting down and abandoning module QuadricMeshReduction (175)
[2018.09.25-04.22.59:320][658]LogModuleManager: Shutting down and abandoning module MaterialBaking (171)
[2018.09.25-04.22.59:320][658]LogModuleManager: Shutting down and abandoning module DirectoryWatcher (167)
[2018.09.25-04.22.59:320][658]LogModuleManager: Shutting down and abandoning module DerivedDataCache (164)
[2018.09.25-04.22.59:727][658]LogDerivedDataCache: Shutdown
[2018.09.25-04.22.59:727][658]LogModuleManager: Shutting down and abandoning module XGEController (162)
[2018.09.25-04.22.59:728][658]LogXGEController: Cleaning working directory: C:/Users/ENDER/AppData/Local/Temp/UnrealXGEWorkingDir/
[2018.09.25-04.22.59:728][658]LogModuleManager: Shutting down and abandoning module TargetPlatform (160)
[2018.09.25-04.22.59:728][658]LogModuleManager: Shutting down and abandoning module VulkanShaderFormat (159)
[2018.09.25-04.22.59:728][658]LogModuleManager: Shutting down and abandoning module ShaderFormatVectorVM (157)
[2018.09.25-04.22.59:728][658]LogModuleManager: Shutting down and abandoning module ShaderFormatOpenGL (155)
[2018.09.25-04.22.59:728][658]LogModuleManager: Shutting down and abandoning module ShaderFormatD3D (153)
[2018.09.25-04.22.59:728][658]LogModuleManager: Shutting down and abandoning module MetalShaderFormat (151)
[2018.09.25-04.22.59:728][658]LogModuleManager: Shutting down and abandoning module TextureFormatUncompressed (149)
[2018.09.25-04.22.59:728][658]LogModuleManager: Shutting down and abandoning module TextureFormatPVR (147)
[2018.09.25-04.22.59:728][658]LogModuleManager: Shutting down and abandoning module TextureFormatDXT (145)
[2018.09.25-04.22.59:728][658]LogModuleManager: Shutting down and abandoning module TextureFormatIntelISPCTexComp (143)
[2018.09.25-04.22.59:728][658]LogModuleManager: Shutting down and abandoning module TextureFormatASTC (141)
[2018.09.25-04.22.59:728][658]LogModuleManager: Shutting down and abandoning module ImageWrapper (140)
[2018.09.25-04.22.59:728][658]LogModuleManager: Shutting down and abandoning module TextureFormatAndroid (137)
[2018.09.25-04.22.59:728][658]LogModuleManager: Shutting down and abandoning module AudioFormatOpus (135)
[2018.09.25-04.22.59:728][658]LogModuleManager: Shutting down and abandoning module AudioFormatOgg (133)
[2018.09.25-04.22.59:728][658]LogModuleManager: Shutting down and abandoning module AudioFormatADPCM (131)
[2018.09.25-04.22.59:728][658]LogModuleManager: Shutting down and abandoning module LuminTargetPlatform (129)
[2018.09.25-04.22.59:728][658]LogModuleManager: Shutting down and abandoning module LinuxTargetPlatform (127)
[2018.09.25-04.22.59:728][658]LogModuleManager: Shutting down and abandoning module LinuxServerTargetPlatform (125)
[2018.09.25-04.22.59:728][658]LogModuleManager: Shutting down and abandoning module LinuxNoEditorTargetPlatform (123)
[2018.09.25-04.22.59:728][658]LogModuleManager: Shutting down and abandoning module LinuxClientTargetPlatform (121)
[2018.09.25-04.22.59:728][658]LogModuleManager: Shutting down and abandoning module TVOSTargetPlatform (119)
[2018.09.25-04.22.59:729][658]LogModuleManager: Shutting down and abandoning module Messaging (117)
[2018.09.25-04.22.59:729][658]LogModuleManager: Shutting down and abandoning module IOSTargetPlatform (115)
[2018.09.25-04.22.59:729][658]LogModuleManager: Shutting down and abandoning module HTML5TargetPlatform (113)
[2018.09.25-04.22.59:729][658]LogModuleManager: Shutting down and abandoning module AndroidTargetPlatform (111)
[2018.09.25-04.22.59:735][658]LogModuleManager: Shutting down and abandoning module WindowsTargetPlatform (109)
[2018.09.25-04.22.59:735][658]LogModuleManager: Shutting down and abandoning module WindowsServerTargetPlatform (107)
[2018.09.25-04.22.59:735][658]LogModuleManager: Shutting down and abandoning module WindowsNoEditorTargetPlatform (105)
[2018.09.25-04.22.59:735][658]LogModuleManager: Shutting down and abandoning module WindowsClientTargetPlatform (103)
[2018.09.25-04.22.59:735][658]LogModuleManager: Shutting down and abandoning module MacTargetPlatform (101)
[2018.09.25-04.22.59:735][658]LogModuleManager: Shutting down and abandoning module MacServerTargetPlatform (99)
[2018.09.25-04.22.59:735][658]LogModuleManager: Shutting down and abandoning module MacNoEditorTargetPlatform (97)
[2018.09.25-04.22.59:735][658]LogModuleManager: Shutting down and abandoning module MacClientTargetPlatform (95)
[2018.09.25-04.22.59:735][658]LogModuleManager: Shutting down and abandoning module AllDesktopTargetPlatform (93)
[2018.09.25-04.22.59:735][658]LogModuleManager: Shutting down and abandoning module InputCore (90)
[2018.09.25-04.22.59:735][658]LogModuleManager: Shutting down and abandoning module Settings (88)
[2018.09.25-04.22.59:735][658]LogModuleManager: Shutting down and abandoning module PhysXCooking (86)
[2018.09.25-04.22.59:735][658]LogModuleManager: Shutting down and abandoning module SteamVR (84)
[2018.09.25-04.22.59:736][658]LogModuleManager: Shutting down and abandoning module OculusHMD (82)
[2018.09.25-04.22.59:736][658]LogModuleManager: Shutting down and abandoning module OculusAudio (80)
[2018.09.25-04.22.59:736][658]LogModuleManager: Shutting down and abandoning module ExampleDeviceProfileSelector (78)
[2018.09.25-04.22.59:736][658]LogModuleManager: Shutting down and abandoning module LauncherChunkInstaller (76)
[2018.09.25-04.22.59:736][658]LogModuleManager: Shutting down and abandoning module OnlineBlueprintSupport (74)
[2018.09.25-04.22.59:736][658]LogModuleManager: Shutting down and abandoning module OnlineSubsystem (70)
[2018.09.25-04.22.59:736][658]LogModuleManager: Shutting down and abandoning module XMPP (65)
[2018.09.25-04.22.59:736][658]LogModuleManager: Shutting down and abandoning module WebSockets (64)
[2018.09.25-04.22.59:752][658]LogModuleManager: Shutting down and abandoning module HTTP (61)
[2018.09.25-04.22.59:752][658]LogHttp: Display: Http module shutting down, but needs to wait on 1 outstanding Http requests:
[2018.09.25-04.22.59:752][658]LogHttp: Display: 	verb=[POST] url=[https://datarouter.ol.epicgames.com/datarouter/api/v1/public/data?SessionID=%7B8C8B4394-4C53-788E-825D-5BB736D32CD1%7D&AppID=UEEditor.Rocket.Release&AppVersion=4.20.3-4369336%2B%2B%2BUE4%2BRelease-4.20&UserID=4bca228f499fd1a9a22355bcddc8d86e%7C86b6ae209afd4afba3857a84ef1c03f5%7C9cdf86c3-3899-4ad0-b18b-a7cf1e172978&AppEnvironment=datacollector-binary&UploadType=eteventstream] status=Processing
[2018.09.25-04.22.59:769][658]LogModuleManager: Shutting down and abandoning module SSL (60)
[2018.09.25-04.22.59:770][658]LogModuleManager: Shutting down and abandoning module MagicLeapEmulator (56)
[2018.09.25-04.22.59:770][658]LogModuleManager: Shutting down and abandoning module MagicLeapPrivileges (54)
[2018.09.25-04.22.59:770][658]LogModuleManager: Shutting down and abandoning module MagicLeapIdentity (52)
[2018.09.25-04.22.59:770][658]LogModuleManager: Shutting down and abandoning module MagicLeapHelperVulkan (50)
[2018.09.25-04.22.59:770][658]LogModuleManager: Shutting down and abandoning module MagicLeapHelperOpenGL (48)
[2018.09.25-04.22.59:770][658]LogModuleManager: Shutting down and abandoning module MagicLeapSecureStorage (46)
[2018.09.25-04.22.59:770][658]LogModuleManager: Shutting down and abandoning module MagicLeapGestures (44)
[2018.09.25-04.22.59:770][658]LogModuleManager: Shutting down and abandoning module MagicLeapEyeTracker (42)
[2018.09.25-04.22.59:770][658]LogModuleManager: Shutting down and abandoning module MagicLeapController (40)
[2018.09.25-04.22.59:770][658]LogSlate: Slate User Destroyed.  User Index 0, Is Virtual User: 0
[2018.09.25-04.22.59:770][658]LogModuleManager: Shutting down and abandoning module MagicLeap (38)
[2018.09.25-04.22.59:770][658]LogModuleManager: Shutting down and abandoning module AnimationModifiers (36)
[2018.09.25-04.22.59:770][658]LogModuleManager: Shutting down and abandoning module PropertyEditor (35)
[2018.09.25-04.22.59:770][658]LogModuleManager: Shutting down and abandoning module AudioEditor (32)
[2018.09.25-04.22.59:770][658]LogModuleManager: Shutting down and abandoning module TextureCompressor (30)
[2018.09.25-04.22.59:770][658]LogModuleManager: Shutting down and abandoning module ShaderCore (28)
[2018.09.25-04.22.59:770][658]LogModuleManager: Shutting down and abandoning module Landscape (26)
[2018.09.25-04.22.59:770][658]LogModuleManager: Shutting down and abandoning module SlateRHIRenderer (24)
[2018.09.25-04.22.59:771][658]LogModuleManager: Shutting down and abandoning module OpenGLDrv (22)
[2018.09.25-04.22.59:771][658]LogModuleManager: Shutting down and abandoning module D3D11RHI (20)
[2018.09.25-04.22.59:771][658]LogModuleManager: Shutting down and abandoning module AnimGraphRuntime (18)
[2018.09.25-04.22.59:771][658]LogModuleManager: Shutting down and abandoning module Renderer (16)
[2018.09.25-04.22.59:771][658]LogModuleManager: Shutting down and abandoning module Engine (14)
[2018.09.25-04.22.59:771][658]LogModuleManager: Shutting down and abandoning module CoreUObject (12)
[2018.09.25-04.22.59:771][658]LogModuleManager: Shutting down and abandoning module NetworkFile (10)
[2018.09.25-04.22.59:771][658]LogModuleManager: Shutting down and abandoning module CookedIterativeFile (8)
[2018.09.25-04.22.59:771][658]LogModuleManager: Shutting down and abandoning module StreamingFile (6)
[2018.09.25-04.22.59:771][658]LogModuleManager: Shutting down and abandoning module SandboxFile (4)
[2018.09.25-04.22.59:771][658]LogModuleManager: Shutting down and abandoning module PakFile (2)
[2018.09.25-04.22.59:778][658]LogExit: Exiting.
[2018.09.25-04.22.59:801][658]Log file closed, 09/24/18 21:22:59
