Log file open, 09/14/18 17:10:44
LogWindows: Failed to load 'aqProf.dll' (GetLastError=126)
LogWindows: File 'aqProf.dll' does not exist
LogWindows: Failed to load 'VtuneApi.dll' (GetLastError=126)
LogWindows: File 'VtuneApi.dll' does not exist
LogWindows: Failed to load 'VtuneApi32e.dll' (GetLastError=126)
LogWindows: File 'VtuneApi32e.dll' does not exist
LogInit: Display: Running engine for game: Holodeck1
LogPlatformFile: Not using cached read wrapper
LogTaskGraph: Started task graph with 5 named threads and 35 total threads with 3 sets of task threads.
LogStats: Stats thread started at 3.456289
LogD3D11RHI: Loaded GFSDK_Aftermath_Lib.x64.dll
LogICUInternationalization: Display: ICU TimeZone Detection - Raw Offset: -8:00, Platform Override: ''
LogPluginManager: Mounting plugin Paper2D
LogPluginManager: Mounting plugin AISupport
LogPluginManager: Mounting plugin LightPropagationVolume
LogPluginManager: Mounting plugin CLionSourceCodeAccess
LogPluginManager: Mounting plugin CodeLiteSourceCodeAccess
LogPluginManager: Mounting plugin GitSourceControl
LogPluginManager: Mounting plugin KDevelopSourceCodeAccess
LogPluginManager: Mounting plugin NullSourceCodeAccess
LogPluginManager: Mounting plugin PerforceSourceControl
LogPluginManager: Mounting plugin SubversionSourceControl
LogPluginManager: Mounting plugin UObjectPlugin
LogPluginManager: Mounting plugin VisualStudioCodeSourceCodeAccess
LogPluginManager: Mounting plugin VisualStudioSourceCodeAccess
LogPluginManager: Mounting plugin XCodeSourceCodeAccess
LogPluginManager: Mounting plugin AssetManagerEditor
LogPluginManager: Mounting plugin CryptoKeys
LogPluginManager: Mounting plugin DataValidation
LogPluginManager: Mounting plugin FacialAnimation
LogPluginManager: Mounting plugin GameplayTagsEditor
LogPluginManager: Mounting plugin MacGraphicsSwitching
LogPluginManager: Mounting plugin MeshEditor
LogPluginManager: Mounting plugin MobileLauncherProfileWizard
LogPluginManager: Mounting plugin PluginBrowser
LogPluginManager: Mounting plugin SpeedTreeImporter
LogPluginManager: Mounting plugin DatasmithContent
LogPluginManager: Mounting plugin AlembicImporter
LogPluginManager: Mounting plugin AppleImageUtils
LogPluginManager: Mounting plugin AppleVision
LogPluginManager: Mounting plugin BackChannel
LogPluginManager: Mounting plugin CharacterAI
LogPluginManager: Mounting plugin GeometryCache
LogPluginManager: Mounting plugin HTML5Networking
LogPluginManager: Mounting plugin ProxyLODPlugin
LogPluginManager: Mounting plugin MagicLeap
LogPluginManager: Mounting plugin MagicLeapEmulator
LogPluginManager: Mounting plugin MagicLeapMedia
LogPluginManager: Mounting plugin AndroidMedia
LogPluginManager: Mounting plugin AvfMedia
LogPluginManager: Mounting plugin ImgMedia
LogPluginManager: Mounting plugin LinearTimecode
LogPluginManager: Mounting plugin MediaCompositing
LogPluginManager: Mounting plugin MediaPlayerEditor
LogPluginManager: Mounting plugin WmfMedia
LogPluginManager: Mounting plugin TcpMessaging
LogPluginManager: Mounting plugin UdpMessaging
LogPluginManager: Mounting plugin ActorSequence
LogPluginManager: Mounting plugin LevelSequenceEditor
LogPluginManager: Mounting plugin MatineeToLevelSequence
LogPluginManager: Mounting plugin NetcodeUnitTest
LogPluginManager: Mounting plugin NUTUnrealEngine4
LogPluginManager: Mounting plugin OnlineSubsystemGooglePlay
LogPluginManager: Mounting plugin OnlineSubsystemIOS
LogPluginManager: Mounting plugin OnlineSubsystem
LogPluginManager: Mounting plugin OnlineSubsystemNull
LogPluginManager: Mounting plugin OnlineSubsystemUtils
LogPluginManager: Mounting plugin LauncherChunkInstaller
LogPluginManager: Mounting plugin AndroidDeviceProfileSelector
LogPluginManager: Mounting plugin AndroidMoviePlayer
LogPluginManager: Mounting plugin AndroidPermission
LogPluginManager: Mounting plugin AppleMoviePlayer
LogPluginManager: Mounting plugin ArchVisCharacter
LogPluginManager: Mounting plugin AudioCapture
LogPluginManager: Mounting plugin CableComponent
LogPluginManager: Mounting plugin CustomMeshComponent
LogPluginManager: Mounting plugin EditableMesh
LogPluginManager: Mounting plugin ExampleDeviceProfileSelector
LogPluginManager: Mounting plugin GoogleCloudMessaging
LogPluginManager: Mounting plugin ImmediatePhysics
LogPluginManager: Mounting plugin IOSDeviceProfileSelector
LogPluginManager: Mounting plugin LinuxDeviceProfileSelector
LogPluginManager: Mounting plugin LocationServicesBPLibrary
LogPluginManager: Mounting plugin MobilePatchingUtils
LogPluginManager: Mounting plugin OculusVR
LogPluginManager: Plugin shader directory ../../../Engine/Plugins/Runtime/Oculus/OculusVR/Shaders found
LogPluginManager: Mapping shader source directory ../../../Engine/Plugins/Runtime/Oculus/OculusVR/Shaders to virtual directory /Plugin/OculusVR
LogPluginManager: Mounting plugin PhysXVehicles
LogPluginManager: Mounting plugin ProceduralMeshComponent
LogPluginManager: Mounting plugin RuntimePhysXCooking
LogPluginManager: Mounting plugin SteamVR
LogPluginManager: Mounting plugin WindowsMoviePlayer
LogStreaming: Display: Took  0.226s to configure plugins.
LogInit: Using libcurl 7.55.1-DEV
LogInit:  - built for x86_64-pc-win32
LogInit:  - supports SSL with OpenSSL/1.0.2h
LogInit:  - supports HTTP deflate (compression) using libz 1.2.8
LogInit:  - other features:
LogInit:      CURL_VERSION_SSL
LogInit:      CURL_VERSION_LIBZ
LogInit:      CURL_VERSION_IPV6
LogInit:      CURL_VERSION_ASYNCHDNS
LogInit:      CURL_VERSION_LARGEFILE
LogInit:      CURL_VERSION_IDN
LogInit:  CurlRequestOptions (configurable via config and command line):
LogInit:  - bVerifyPeer = false  - Libcurl will NOT verify peer certificate
LogInit:  - bUseHttpProxy = false  - Libcurl will NOT use HTTP proxy
LogInit:  - bDontReuseConnections = false  - Libcurl will reuse connections
LogInit:  - CertBundlePath = nullptr  - Libcurl will use whatever was configured at build time.
LogInit:  - MaxHostConnections = 16  - Libcurl will limit the number of connections to a host
LogInit:  - LocalHostAddr = Default
LogInit:  - BufferSize = 65536
LogInit: WinSock: version 1.1 (2.2), MaxSocks=32767, MaxUdp=65467
LogHMD: Failed initializing OVRPlugin 1.25.0
LogInit: Build: ++UE4+Release-4.20-CL-4302132
LogInit: Engine Version: 4.20.2-4302132+++UE4+Release-4.20
LogInit: Compatible Engine Version: 4.20.0-4212847+++UE4+Release-4.20
LogInit: Net CL: 4212847
LogInit: OS: Windows 10 (), CPU: Intel(R) Core(TM) i7-5930K CPU @ 3.50GHz, GPU: AMD Radeon (TM) R9 390 Series
LogInit: Compiled (64-bit): Aug 21 2018 02:06:06
LogInit: Compiled with Visual C++: 19.13.26129.00
LogInit: Build Configuration: Development
LogInit: Branch Name: ++UE4+Release-4.20
LogInit: Command Line:  
LogInit: Base Directory: E:/Unreal/UE_4.20/Engine/Binaries/Win64/
LogInit: Installed Engine Build: 1
LogDevObjectVersion: Number of dev versions registered: 20
LogDevObjectVersion:   Dev-Blueprints (B0D832E4-1F89-4F0D-ACCF-7EB736FD4AA2): 10
LogDevObjectVersion:   Dev-Build (E1C64328-A22C-4D53-A36C-8E866417BD8C): 0
LogDevObjectVersion:   Dev-Core (375EC13C-06E4-48FB-B500-84F0262A717E): 2
LogDevObjectVersion:   Dev-Editor (E4B068ED-F494-42E9-A231-DA0B2E46BB41): 24
LogDevObjectVersion:   Dev-Framework (CFFC743F-43B0-4480-9391-14DF171D2073): 34
LogDevObjectVersion:   Dev-Mobile (B02B49B5-BB20-44E9-A304-32B752E40360): 2
LogDevObjectVersion:   Dev-Networking (A4E4105C-59A1-49B5-A7C5-40C4547EDFEE): 0
LogDevObjectVersion:   Dev-Online (39C831C9-5AE6-47DC-9A44-9C173E1C8E7C): 0
LogDevObjectVersion:   Dev-Physics (78F01B33-EBEA-4F98-B9B4-84EACCB95AA2): 0
LogDevObjectVersion:   Dev-Platform (6631380F-2D4D-43E0-8009-CF276956A95A): 0
LogDevObjectVersion:   Dev-Rendering (12F88B9F-8875-4AFC-A67C-D90C383ABD29): 26
LogDevObjectVersion:   Dev-Sequencer (7B5AE74C-D270-4C10-A958-57980B212A5A): 9
LogDevObjectVersion:   Dev-VR (D7296918-1DD6-4BDD-9DE2-64A83CC13884): 2
LogDevObjectVersion:   Dev-LoadTimes (C2A15278-BFE7-4AFE-6C17-90FF531DF755): 1
LogDevObjectVersion:   Private-Geometry (6EACA3D4-40EC-4CC1-B786-8BED09428FC5): 3
LogDevObjectVersion:   Dev-AnimPhys (29E575DD-E0A3-4627-9D10-D276232CDCEA): 17
LogDevObjectVersion:   Dev-ReflectionCapture (6B266CEC-1EC7-4B8F-A30B-E4D90942FC07): 1
LogDevObjectVersion:   Dev-Automation (0DF73D61-A23F-47EA-B727-89E90C41499A): 1
LogDevObjectVersion:   FortniteMain (601D1886-AC64-4F84-AA16-D3DE0DEAC7D6): 12
LogDevObjectVersion:   Dev-Enterprise (9DFFBCD6-494F-0158-E221-12823C92A888): 1
LogStreaming: Display: Took  0.000s to delete old logs.
LogInit: Presizing for max 8388607 objects, including 0 objects not considered by GC, pre-allocating 0 bytes for permanent pool.
LogInit: Object subsystem initialized
[2018.09.15-00.10.47:310][  0]LogInit: Selected Device Profile: [Windows]
[2018.09.15-00.10.47:310][  0]LogInit: Applying CVar settings loaded from the selected device profile: [Windows]
[2018.09.15-00.10.47:339][  0]LogHAL: Display: Platform has ~ 16 GB [17070399488 / 17179869184 / 16], which maps to Larger [LargestMinGB=32, LargerMinGB=12, DefaultMinGB=8, SmallerMinGB=6, SmallestMinGB=0)
[2018.09.15-00.10.47:350][  0]LogInit: Setting Device Profile CVar: [[r.Vulkan.UseRealUBs:1]]
[2018.09.15-00.10.47:350][  0]LogInit: Going up to parent DeviceProfile []
[2018.09.15-00.10.47:406][  0]LogInit: Computer: CAPTAINARCHER
[2018.09.15-00.10.47:406][  0]LogInit: User: ENDER
[2018.09.15-00.10.47:406][  0]LogInit: CPU Page size=4096, Cores=6
[2018.09.15-00.10.47:406][  0]LogInit: High frequency timer resolution =3.417968 MHz
[2018.09.15-00.10.47:407][  0]LogMemory: Memory total: Physical=15.9GB (16GB approx)
[2018.09.15-00.10.47:407][  0]LogMemory: Platform Memory Stats for Windows
[2018.09.15-00.10.47:407][  0]LogMemory: Process Physical Memory: 103.58 MB used, 103.58 MB peak
[2018.09.15-00.10.47:407][  0]LogMemory: Process Virtual Memory: 89.41 MB used, 89.41 MB peak
[2018.09.15-00.10.47:407][  0]LogMemory: Physical Memory: 4953.84 MB used,  11325.76 MB free, 16279.60 MB total
[2018.09.15-00.10.47:407][  0]LogMemory: Virtual Memory: 4667.52 MB used,  11325.76 MB free, 134217728.00 MB total
[2018.09.15-00.10.47:910][  0]LogInit: Using OS detected language (en-US).
[2018.09.15-00.10.47:910][  0]LogInit: Using OS detected locale (en-US).
[2018.09.15-00.10.47:965][  0]LogTextLocalizationManager: No specific localization for 'en-US' exists, so the 'en' localization will be used.
[2018.09.15-00.10.48:691][  0]LogStreaming: Display: Took  0.760s to InitEngineTextLocalization.
[2018.09.15-00.10.48:707][  0]LogInit: Setting process to per monitor DPI aware
[2018.09.15-00.10.49:474][  0]LogSlate: New Slate User Created.  User Index 0, Is Virtual User: 0
[2018.09.15-00.10.49:474][  0]LogSlate: Slate User Registered.  User Index 0, Is Virtual User: 0
[2018.09.15-00.10.51:453][  0]LogHMD: Failed to initialize OpenVR with code 110
[2018.09.15-00.10.51:453][  0]LogD3D11RHI: D3D11 adapters:
[2018.09.15-00.10.51:494][  0]LogD3D11RHI:    0. 'AMD Radeon (TM) R9 390 Series' (Feature Level 11_0)
[2018.09.15-00.10.51:494][  0]LogD3D11RHI:       8168/0/8139 MB DedicatedVideo/DedicatedSystem/SharedSystem, Outputs:2, VendorId:0x1002
[2018.09.15-00.10.51:495][  0]LogD3D11RHI:    1. 'Microsoft Basic Render Driver' (Feature Level 11_0)
[2018.09.15-00.10.51:495][  0]LogD3D11RHI:       0/0/8139 MB DedicatedVideo/DedicatedSystem/SharedSystem, Outputs:0, VendorId:0x1414
[2018.09.15-00.10.51:495][  0]LogD3D11RHI: Chosen D3D11 Adapter: 0
[2018.09.15-00.10.51:501][  0]LogD3D11RHI: Creating new Direct3DDevice
[2018.09.15-00.10.51:501][  0]LogD3D11RHI:     GPU DeviceId: 0x67b1 (for the marketing name, search the web for "GPU Device Id")
[2018.09.15-00.10.51:519][  0]LogWindows: EnumDisplayDevices:
[2018.09.15-00.10.51:519][  0]LogWindows:    0. 'AMD Radeon (TM) R9 390 Series' (P:1 D:1)
[2018.09.15-00.10.51:519][  0]LogWindows:    1. 'AMD Radeon (TM) R9 390 Series' (P:0 D:1)
[2018.09.15-00.10.51:519][  0]LogWindows:    2. 'AMD Radeon (TM) R9 390 Series' (P:0 D:0)
[2018.09.15-00.10.51:520][  0]LogWindows:    3. 'AMD Radeon (TM) R9 390 Series' (P:0 D:0)
[2018.09.15-00.10.51:520][  0]LogWindows:    4. 'AMD Radeon (TM) R9 390 Series' (P:0 D:0)
[2018.09.15-00.10.51:520][  0]LogWindows:    5. 'AMD Radeon (TM) R9 390 Series' (P:0 D:0)
[2018.09.15-00.10.51:520][  0]LogWindows:    6. 'AMD Radeon (TM) R9 390 Series' (P:0 D:0)
[2018.09.15-00.10.51:520][  0]LogWindows:    7. 'AMD Radeon (TM) R9 390 Series' (P:0 D:0)
[2018.09.15-00.10.51:521][  0]LogWindows:    8. 'AMD Radeon (TM) R9 390 Series' (P:0 D:0)
[2018.09.15-00.10.51:521][  0]LogWindows:    9. 'AMD Radeon (TM) R9 390 Series' (P:0 D:0)
[2018.09.15-00.10.51:521][  0]LogWindows:    10. 'AMD Radeon (TM) R9 390 Series' (P:0 D:0)
[2018.09.15-00.10.51:521][  0]LogWindows:    11. 'AMD Radeon (TM) R9 390 Series' (P:0 D:0)
[2018.09.15-00.10.51:521][  0]LogWindows:    12. 'AMD Radeon (TM) R9 390 Series' (P:0 D:0)
[2018.09.15-00.10.51:522][  0]LogWindows:    13. 'AMD Radeon (TM) R9 390 Series' (P:0 D:0)
[2018.09.15-00.10.51:522][  0]LogWindows:    14. 'AMD Radeon (TM) R9 390 Series' (P:0 D:0)
[2018.09.15-00.10.51:522][  0]LogWindows:    15. 'AMD Radeon (TM) R9 390 Series' (P:0 D:0)
[2018.09.15-00.10.51:522][  0]LogWindows: DebugString: FoundDriverCount:16 
[2018.09.15-00.10.51:522][  0]LogD3D11RHI:     Adapter Name: AMD Radeon (TM) R9 390 Series
[2018.09.15-00.10.51:522][  0]LogD3D11RHI:   Driver Version: Adrenalin 18.5.2 (internal:24.20.11019.1004, unified:24.20.11019.1004)
[2018.09.15-00.10.51:522][  0]LogD3D11RHI:      Driver Date: 5-29-2018
[2018.09.15-00.10.51:522][  0]LogRHI: Texture pool is 5717 MB (70% of 8168 MB)
[2018.09.15-00.10.51:574][  0]LogD3D11RHI: Async texture creation enabled
[2018.09.15-00.10.51:839][  0]LogD3D11RHI: GPU Timing Frequency: 27.000000 (Debug: 2 1)
[2018.09.15-00.10.51:859][  0]LogShaderCompilers: Guid format shader working directory is 14 characters bigger than the processId version (D:/GitHub/PhaserRange/Holodeck1/Intermediate/Shaders/WorkingDirectory/10260/).
[2018.09.15-00.10.51:859][  0]LogShaderCompilers: Cleaned the shader compiler working directory 'C:/Users/ENDER/AppData/Local/Temp/UnrealShaderWorkingDir/011010EE428EA1AFFDB885A7AC93B982/'.
[2018.09.15-00.10.52:496][  0]LogTemp: Display: Loaded TP AllDesktopTargetPlatform
[2018.09.15-00.10.52:550][  0]LogTemp: Display: Loaded TP MacClientTargetPlatform
[2018.09.15-00.10.52:578][  0]LogTemp: Display: Loaded TP MacNoEditorTargetPlatform
[2018.09.15-00.10.52:604][  0]LogTemp: Display: Loaded TP MacServerTargetPlatform
[2018.09.15-00.10.52:651][  0]LogTemp: Display: Loaded TP MacTargetPlatform
[2018.09.15-00.10.52:696][  0]LogTemp: Display: Loaded TP WindowsClientTargetPlatform
[2018.09.15-00.10.52:716][  0]LogTemp: Display: Loaded TP WindowsNoEditorTargetPlatform
[2018.09.15-00.10.52:754][  0]LogTemp: Display: Loaded TP WindowsServerTargetPlatform
[2018.09.15-00.10.52:768][  0]LogTemp: Display: Loaded TP WindowsTargetPlatform
[2018.09.15-00.10.52:907][  0]LogTemp: Display: Loaded TP AndroidTargetPlatform
[2018.09.15-00.10.52:907][  0]LogTemp: Display: Loaded TP AndroidTargetPlatform
[2018.09.15-00.10.52:907][  0]LogTemp: Display: Loaded TP AndroidTargetPlatform
[2018.09.15-00.10.52:907][  0]LogTemp: Display: Loaded TP AndroidTargetPlatform
[2018.09.15-00.10.52:907][  0]LogTemp: Display: Loaded TP AndroidTargetPlatform
[2018.09.15-00.10.52:907][  0]LogTemp: Display: Loaded TP AndroidTargetPlatform
[2018.09.15-00.10.52:907][  0]LogTemp: Display: Loaded TP AndroidTargetPlatform
[2018.09.15-00.10.52:907][  0]LogTemp: Display: Loaded TP AndroidTargetPlatform
[2018.09.15-00.10.52:907][  0]LogTemp: Display: Loaded TP AndroidTargetPlatform
[2018.09.15-00.10.52:907][  0]LogTemp: Display: Loaded TP AndroidTargetPlatform
[2018.09.15-00.10.52:907][  0]LogTemp: Display: Loaded TP AndroidTargetPlatform
[2018.09.15-00.10.52:907][  0]LogTemp: Display: Loaded TP AndroidTargetPlatform
[2018.09.15-00.10.52:907][  0]LogTemp: Display: Loaded TP AndroidTargetPlatform
[2018.09.15-00.10.52:907][  0]LogTemp: Display: Loaded TP AndroidTargetPlatform
[2018.09.15-00.10.52:907][  0]LogTemp: Display: Loaded TP AndroidTargetPlatform
[2018.09.15-00.10.52:907][  0]LogTemp: Display: Loaded TP AndroidTargetPlatform
[2018.09.15-00.10.52:907][  0]LogTemp: Display: Loaded TP AndroidTargetPlatform
[2018.09.15-00.10.52:907][  0]LogTemp: Display: Loaded TP AndroidTargetPlatform
[2018.09.15-00.10.52:935][  0]LogTemp: Display: Loaded TP HTML5TargetPlatform
[2018.09.15-00.10.53:075][  0]LogTemp: Display: Loaded TP IOSTargetPlatform
[2018.09.15-00.10.53:075][  0]LogTemp: Display: Loaded TP IOSTargetPlatform
[2018.09.15-00.10.53:109][  0]LogTemp: Display: Loaded TP TVOSTargetPlatform
[2018.09.15-00.10.53:109][  0]LogTemp: Display: Loaded TP TVOSTargetPlatform
[2018.09.15-00.10.53:142][  0]LogTemp: Display: Loaded TP LinuxClientTargetPlatform
[2018.09.15-00.10.53:168][  0]LogTemp: Display: Loaded TP LinuxNoEditorTargetPlatform
[2018.09.15-00.10.53:206][  0]LogTemp: Display: Loaded TP LinuxServerTargetPlatform
[2018.09.15-00.10.53:236][  0]LogTemp: Display: Loaded TP LinuxTargetPlatform
[2018.09.15-00.10.53:271][  0]LogTemp: Display: Loaded TP LuminTargetPlatform
[2018.09.15-00.10.53:271][  0]LogTargetPlatformManager: Display: Building Assets For Windows
[2018.09.15-00.10.53:960][  0]LogXGEController: Cleaning working directory: C:/Users/ENDER/AppData/Local/Temp/UnrealXGEWorkingDir/
[2018.09.15-00.10.53:960][  0]LogXGEController: Cannot use XGE Controller as Incredibuild is not installed on this machine.
[2018.09.15-00.10.53:960][  0]LogShaderCompilers: Cannot use XGE Shader Compiler as Incredibuild is not installed on this machine.
[2018.09.15-00.10.53:960][  0]LogShaderCompilers: Display: Using Local Shader Compiler.
[2018.09.15-00.10.56:386][  0]LogDerivedDataCache: Display: Max Cache Size: 512 MB
[2018.09.15-00.10.57:040][  0]LogDerivedDataCache: Loaded boot cache 0.65s 93MB C:/Users/ENDER/AppData/Local/UnrealEngine/4.20/DerivedDataCache/Boot.ddc.
[2018.09.15-00.10.57:040][  0]LogDerivedDataCache: Display: Loaded Boot cache: C:/Users/ENDER/AppData/Local/UnrealEngine/4.20/DerivedDataCache/Boot.ddc
[2018.09.15-00.10.57:040][  0]LogDerivedDataCache: FDerivedDataBackendGraph:  Pak pak cache file D:/GitHub/PhaserRange/Holodeck1/DerivedDataCache/DDC.ddp not found, will not use a pak cache.
[2018.09.15-00.10.57:040][  0]LogDerivedDataCache: Unable to find inner node Pak for hierarchical cache Hierarchy.
[2018.09.15-00.10.57:040][  0]LogDerivedDataCache: FDerivedDataBackendGraph:  CompressedPak pak cache file D:/GitHub/PhaserRange/Holodeck1/DerivedDataCache/Compressed.ddp not found, will not use a pak cache.
[2018.09.15-00.10.57:040][  0]LogDerivedDataCache: Unable to find inner node CompressedPak for hierarchical cache Hierarchy.
[2018.09.15-00.10.57:121][  0]LogDerivedDataCache: Display: Pak cache opened for reading ../../../Engine/DerivedDataCache/Compressed.ddp.
[2018.09.15-00.10.57:134][  0]LogDerivedDataCache: Using Local data cache path C:/Users/ENDER/AppData/Local/UnrealEngine/Common/DerivedDataCache: Writable
[2018.09.15-00.10.57:134][  0]LogDerivedDataCache: Shared data cache path not found in *engine.ini, will not use an Shared cache.
[2018.09.15-00.10.57:134][  0]LogDerivedDataCache: Unable to find inner node Shared for hierarchical cache Hierarchy.
[2018.09.15-00.10.57:191][  0]LogMaterial: Verifying Global Shaders for PCD3D_SM5
[2018.09.15-00.10.57:277][  0]LogSlate: Using FreeType 2.6.0
[2018.09.15-00.10.57:363][  0]LogSlate: SlateFontServices - WITH_FREETYPE: 1, WITH_HARFBUZZ: 1
[2018.09.15-00.10.57:980][  0]LogAssetRegistry: FAssetRegistry took 0.0284 seconds to start up
[2018.09.15-00.11.02:156][  0]LogInit: Selected Device Profile: [Windows]
[2018.09.15-00.11.03:780][  0]LogSimplygon: Simplygon DLL not present - disabling.
[2018.09.15-00.11.03:918][  0]LogMeshReduction: Using SimplygonSwarm for distributed automatic mesh merging
[2018.09.15-00.11.03:918][  0]LogMeshReduction: Using ProxyLODMeshReduction for automatic mesh merging
[2018.09.15-00.11.03:930][  0]LogMeshReduction: Using QuadricMeshReduction for automatic static mesh reduction
[2018.09.15-00.11.03:930][  0]LogMeshReduction: No automatic skeletal mesh reduction module available
[2018.09.15-00.11.04:293][  0]LogNetVersion: Holodeck1 1.0.0, NetCL: 4212847, EngineNetVer: 5, GameNetVer: 0 (Checksum: 2082658556)
[2018.09.15-00.11.08:611][  0]LogPackageLocalizationCache: Processed 11 localized package path(s) for 2 prioritized culture(s) in 0.112019 seconds
[2018.09.15-00.11.08:639][  0]LogUObjectArray: 38425 objects as part of root set at end of initial load.
[2018.09.15-00.11.08:639][  0]LogUObjectAllocator: 6690872 out of 0 bytes used by permanent object pool.
[2018.09.15-00.11.08:639][  0]LogUObjectArray: CloseDisregardForGC: 0/0 objects in disregard for GC pool
[2018.09.15-00.11.18:078][  0]LogTcpMessaging: Initializing TcpMessaging bridge
[2018.09.15-00.11.18:128][  0]LogUdpMessaging: Initializing bridge on interface 0.0.0.0:0 to multicast group 230.0.0.1:6666.
[2018.09.15-00.11.19:309][  0]SourceControl: Source control is disabled
[2018.09.15-00.11.19:317][  0]SourceControl: Source control is disabled
[2018.09.15-00.11.19:383][  0]SourceControl: Source control is disabled
[2018.09.15-00.11.19:417][  0]SourceControl: Source control is disabled
[2018.09.15-00.11.20:679][  0]LogAndroidPermission: UAndroidPermissionCallbackProxy::GetInstance
[2018.09.15-00.11.20:890][  0]LogOcInput: OculusInput pre-init called
[2018.09.15-00.11.21:573][  0]LogEngine: Initializing Engine...
[2018.09.15-00.11.21:602][  0]LogHMD: Failed to initialize OpenVR with code 110
[2018.09.15-00.11.21:622][  0]LogStats: UGameplayTagsManager::ConstructGameplayTagTree: ImportINI prefixes -  0.015 s
[2018.09.15-00.11.21:622][  0]LogStats: UGameplayTagsManager::ConstructGameplayTagTree: Construct from data asset -  0.000 s
[2018.09.15-00.11.21:622][  0]LogStats: UGameplayTagsManager::ConstructGameplayTagTree: ImportINI -  0.000 s
[2018.09.15-00.11.21:623][  0]LogStats: UGameplayTagsManager::ConstructGameplayTagTree: GameplayTagTreeChangedEvent.Broadcast -  0.000 s
[2018.09.15-00.11.22:468][  0]LogInit: Initializing FReadOnlyCVARCache
[2018.09.15-00.11.22:786][  0]LogAIModule: Creating AISystem for world Untitled
[2018.09.15-00.11.22:907][  0]LogInit: XAudio2 using 'Speakers (G533 Gaming Headset)' : 6 channels at 48 kHz using 16 bits per sample (channel mask 0x3f)
[2018.09.15-00.11.22:942][  0]LogInit: FAudioDevice initialized.
[2018.09.15-00.11.22:942][  0]LogNetVersion: Set ProjectVersion to 1.0.0.0. Version Checksum will be recalculated on next use.
[2018.09.15-00.11.23:018][  0]LogDerivedDataCache: Saved boot cache 0.08s 86MB C:/Users/ENDER/AppData/Local/UnrealEngine/4.20/DerivedDataCache/Boot.ddc.
[2018.09.15-00.11.23:026][  0]LogInit: Texture streaming: Enabled
[2018.09.15-00.11.23:168][  0]LogEngineSessionManager: EngineSessionManager initialized
[2018.09.15-00.11.23:249][  0]LogInit: Transaction tracking system initialized
[2018.09.15-00.11.23:600][  0]BlueprintLog: New page: Editor Load
[2018.09.15-00.11.24:719][  0]LocalizationService: Localization service is disabled
[2018.09.15-00.11.28:017][  0]LogFileCache: Scanning file cache for directory 'D:/GitHub/PhaserRange/Holodeck1/Content/' took 0.02s
[2018.09.15-00.11.28:017][  0]LogCook: Display: Max memory allowance for cook 16384mb min free memory 0mb
[2018.09.15-00.11.28:017][  0]LogCook: Display: Mobile HDR setting 1
[2018.09.15-00.11.28:031][  0]LogGameplayTags: Display: UGameplayTagsManager::DoneAddingNativeTags. DelegateIsBound: 0
[2018.09.15-00.11.28:031][  0]LogStats: UGameplayTagsManager::ConstructGameplayTagTree: ImportINI prefixes -  0.000 s
[2018.09.15-00.11.28:031][  0]LogStats: UGameplayTagsManager::ConstructGameplayTagTree: Construct from data asset -  0.000 s
[2018.09.15-00.11.28:031][  0]LogStats: UGameplayTagsManager::ConstructGameplayTagTree: ImportINI -  0.000 s
[2018.09.15-00.11.28:031][  0]LogStats: UGameplayTagsManager::ConstructGameplayTagTree: GameplayTagTreeChangedEvent.Broadcast -  0.000 s
[2018.09.15-00.11.29:647][  0]SourceControl: Source control is disabled
[2018.09.15-00.11.29:671][  0]Cmd: MAP LOAD FILE="D:/GitHub/PhaserRange/Holodeck1/Content/VirtualRealityBP/Maps/StartupMap.umap" TEMPLATE=0 SHOWPROGRESS=1 FEATURELEVEL=3
[2018.09.15-00.11.29:671][  0]LogEditorServer: Warning: Can't find file 'D:/GitHub/PhaserRange/Holodeck1/Content/VirtualRealityBP/Maps/StartupMap.umap'
[2018.09.15-00.11.29:671][  0]Cmd: MAP CHECKDEP NOCLEARLOG
[2018.09.15-00.11.29:737][  0]MapCheck: Map check complete: 0 Error(s), 0 Warning(s), took 65.772ms to complete.
[2018.09.15-00.11.29:737][  0]LogFileHelpers: Loading map 'StartupMap' took 0.083
[2018.09.15-00.11.31:232][  0]LogSlate: Updating window title bar state: overlay mode, drag disabled, window buttons hidden, title bar hidden
[2018.09.15-00.11.31:248][  0]LogSlate: Updating window title bar state: overlay mode, drag disabled, window buttons hidden, title bar hidden
[2018.09.15-00.11.31:254][  0]LogSlate: Updating window title bar state: overlay mode, drag disabled, window buttons hidden, title bar hidden
[2018.09.15-00.11.31:261][  0]LogSlate: Updating window title bar state: overlay mode, drag disabled, window buttons hidden, title bar hidden
[2018.09.15-00.11.31:319][  0]LogCollectionManager: Loaded 0 collections in 0.001343 seconds
[2018.09.15-00.11.31:421][  0]LogFileCache: Scanning file cache for directory 'D:/GitHub/PhaserRange/Holodeck1/Saved/Collections/' took 0.01s
[2018.09.15-00.11.31:421][  0]LogFileCache: Scanning file cache for directory 'D:/GitHub/PhaserRange/Holodeck1/Content/Developers/ENDER/Collections/' took 0.01s
[2018.09.15-00.11.31:421][  0]LogFileCache: Scanning file cache for directory 'D:/GitHub/PhaserRange/Holodeck1/Content/Collections/' took 0.01s
[2018.09.15-00.11.31:421][  0]LogCollectionManager: Rebuilt the GUID cache for 0 collections in 0.000000 seconds
[2018.09.15-00.11.31:429][  0]LogContentBrowser: Native class hierarchy populated in 0.0084 seconds. Added 2573 classes and 605 folders.
[2018.09.15-00.11.31:490][  0]LogContentBrowser: Native class hierarchy updated for 'WidgetCarousel' in 0.0003 seconds. Added 0 classes and 0 folders.
[2018.09.15-00.11.32:662][  0]LogContentBrowser: Native class hierarchy updated for 'AddContentDialog' in 0.0003 seconds. Added 0 classes and 0 folders.
[2018.09.15-00.11.33:332][  0]LogSlate: Took 0.016849 seconds to synchronously load lazily loaded font '../../../Engine/Content/Slate/Fonts/Roboto-Regular.ttf' (155K)
[2018.09.15-00.11.33:417][  0]LogSlate: Took 0.042313 seconds to synchronously load lazily loaded font '../../../Engine/Content/Slate/Fonts/Roboto-Bold.ttf' (160K)
[2018.09.15-00.11.33:457][  0]LogSlate: Took 0.013598 seconds to synchronously load lazily loaded font '../../../Engine/Content/Editor/Slate/Fonts/FontAwesome.ttf' (139K)
[2018.09.15-00.11.33:680][  0]LogRenderer: Reallocating scene render targets to support 1228x720 Format 26 NumSamples 1 (Frame:1).
[2018.09.15-00.11.34:202][  0]LogContentBrowser: Native class hierarchy updated for 'HierarchicalLODOutliner' in 0.0003 seconds. Added 0 classes and 0 folders.
[2018.09.15-00.11.34:202][  0]LogLoad: (Engine Initialization) Total time: 63.36 seconds
[2018.09.15-00.11.34:202][  0]LogLoad: (Engine Initialization) Total Blueprint compile time: 0.00 seconds
[2018.09.15-00.11.34:335][  0]LogContentStreaming: Texture pool size now 1000 MB
[2018.09.15-00.11.34:508][  1]LogAssetRegistry: Asset discovery search completed in 36.5513 seconds
[2018.09.15-00.11.34:518][  1]LogCollectionManager: Rebuilt the object cache for 0 collections in 0.000000 seconds (found 0 objects)
[2018.09.15-00.11.34:518][  1]LogCollectionManager: Fixed up redirectors for 0 collections in 0.007532 seconds (updated 0 objects)
[2018.09.15-00.11.36:837][  8]LogSlate: FSceneViewport::OnFocusLost() reason 0
[2018.09.15-00.11.41:507][548]LogSlate: Took 0.043909 seconds to synchronously load lazily loaded font '../../../Engine/Content/Slate/Fonts/Roboto-Light.ttf' (167K)
[2018.09.15-00.11.41:579][548]LogAIModule: Creating AISystem for world Holodeck
[2018.09.15-00.11.41:721][548]LogAssetEditorManager: Opening Asset editor for World /Game/Levels/Holodeck.Holodeck
[2018.09.15-00.11.41:868][548]Cmd: MAP LOAD FILE="D:/GitHub/PhaserRange/Holodeck1/Content/Levels/Holodeck.umap" TEMPLATE=0 SHOWPROGRESS=1 FEATURELEVEL=3
[2018.09.15-00.11.41:869][548]LightingResults: New page: Lighting Build
[2018.09.15-00.11.41:882][548]LogContentBrowser: Native class hierarchy updated for 'StatsViewer' in 0.0003 seconds. Added 5 classes and 0 folders.
[2018.09.15-00.11.41:883][548]LoadErrors: New page: Loading map: Holodeck.umap
[2018.09.15-00.11.41:923][548]MapCheck: New page: Map Check
[2018.09.15-00.11.41:923][548]LightingResults: New page: Lighting Build
[2018.09.15-00.11.42:256][548]LogEditorServer: Finished looking for orphan Actors (0.000 secs)
[2018.09.15-00.11.42:337][548]Cmd: MAP CHECKDEP NOCLEARLOG
[2018.09.15-00.11.42:375][548]MapCheck: Map check complete: 0 Error(s), 0 Warning(s), took 37.87ms to complete.
[2018.09.15-00.11.42:375][548]LogFileHelpers: Loading map 'Holodeck' took 0.515
[2018.09.15-00.14.47:926][891]LogTemp: Executing iPhonePackager certificates Engine -bundlename com.YourCompany.Holodeck1
[2018.09.15-00.14.47:926][891]LogTemp: CWD: E:\Unreal\UE_4.20\Engine\Binaries\DotNET\IOS
[2018.09.15-00.14.47:926][891]LogTemp: Initial Dir: E:\Unreal\UE_4.20
[2018.09.15-00.14.47:926][891]LogTemp: Env CWD: E:\Unreal\UE_4.20\Engine\Binaries\DotNET\IOS
[2018.09.15-00.14.47:926][891]LogTemp: BranchPath = CAPTAINARCHER/E/Unreal/UE_4.20/Engine/Binaries --- GameBranchPath = CAPTAINARCHER/E/Unreal/UE_4.20/Engine/Binaries
[2018.09.15-00.14.47:926][891]LogTemp: IPP ERROR: Could not find provision directory 'C:\Users\ENDER\AppData\Local/Apple Computer/MobileDevice/Provisioning Profiles/'.
[2018.09.15-00.14.47:926][891]LogSlate: Only BGRA pngs, bmps or icos are supported in by External Image Picker
[2018.09.15-00.15.12:592][770]LogSlate: Window 'Project Settings' being destroyed
[2018.09.15-00.59.34:415][804]LogSlate: FSceneViewport::OnFocusLost() reason 0
[2018.09.15-01.03.19:126][898]Cmd: OBJ SAVEPACKAGE PACKAGE="/Game/Levels/Holodeck" FILE="D:/GitHub/PhaserRange/Holodeck1/Content/Levels/Holodeck.umap" SILENT=true AUTOSAVING=false KEEPDIRTY=false
[2018.09.15-01.03.19:212][898]LogSavePackage: Moving 'D:/GitHub/PhaserRange/Holodeck1/Saved/Holodeck44CCB98A4210E08126906592EDE79EE7.tmp' to 'D:/GitHub/PhaserRange/Holodeck1/Content/Levels/Holodeck.umap'
[2018.09.15-01.03.19:248][898]Cmd: OBJ SAVEPACKAGE PACKAGE="/Game/Levels/Holodeck_BuiltData" FILE="D:/GitHub/PhaserRange/Holodeck1/Content/Levels/Holodeck_BuiltData.uasset" SILENT=true
[2018.09.15-01.03.19:287][898]LogSavePackage: Moving 'D:/GitHub/PhaserRange/Holodeck1/Saved/Holodeck_BuiltData6672401D4086959CBF561C8DAC5FB934.tmp' to 'D:/GitHub/PhaserRange/Holodeck1/Content/Levels/Holodeck_BuiltData.uasset'
[2018.09.15-01.05.08:259][526]Cmd: OBJ SAVEPACKAGE PACKAGE="/Game/Levels/Holodeck" FILE="D:/GitHub/PhaserRange/Holodeck1/Content/Levels/Holodeck.umap" SILENT=true AUTOSAVING=false KEEPDIRTY=false
[2018.09.15-01.05.08:294][526]LogSavePackage: Moving 'D:/GitHub/PhaserRange/Holodeck1/Saved/HolodeckE24A425E4B6E22307343C68A2E3FB590.tmp' to 'D:/GitHub/PhaserRange/Holodeck1/Content/Levels/Holodeck.umap'
[2018.09.15-01.05.08:318][526]Cmd: OBJ SAVEPACKAGE PACKAGE="/Game/Levels/Holodeck_BuiltData" FILE="D:/GitHub/PhaserRange/Holodeck1/Content/Levels/Holodeck_BuiltData.uasset" SILENT=true
[2018.09.15-01.05.08:331][526]LogSavePackage: Moving 'D:/GitHub/PhaserRange/Holodeck1/Saved/Holodeck_BuiltDataF36E859042FF1F26EC0A88AD30B001FF.tmp' to 'D:/GitHub/PhaserRange/Holodeck1/Content/Levels/Holodeck_BuiltData.uasset'
[2018.09.15-01.05.22:556][198]LogSlate: Window 'Holodeck1 - Unreal Editor' being destroyed
[2018.09.15-01.05.22:556][198]LogWindowsTextInputMethodSystem: Display: IME system now deactivated.
[2018.09.15-01.05.22:814][199]Cmd: QUIT_EDITOR
[2018.09.15-01.05.22:988][199]LogExit: Preparing to exit.
[2018.09.15-01.05.24:246][199]LogActorComponent: UnregisterComponent: (None.None) Not registered. Aborting.
[2018.09.15-01.05.24:246][199]LogActorComponent: UnregisterComponent: (None.None) Not registered. Aborting.
[2018.09.15-01.05.24:246][199]LogActorComponent: UnregisterComponent: (None.None) Not registered. Aborting.
[2018.09.15-01.05.24:246][199]LogActorComponent: UnregisterComponent: (None.None) Not registered. Aborting.
[2018.09.15-01.05.24:246][199]LogActorComponent: UnregisterComponent: (None.None) Not registered. Aborting.
[2018.09.15-01.05.24:246][199]LogActorComponent: UnregisterComponent: (None.None) Not registered. Aborting.
[2018.09.15-01.05.24:246][199]LogActorComponent: UnregisterComponent: (None.None) Not registered. Aborting.
[2018.09.15-01.05.24:411][199]LogExit: Editor shut down
[2018.09.15-01.05.24:411][199]LogExit: Transaction tracking system shut down
[2018.09.15-01.05.25:495][199]LogExit: Object subsystem successfully closed.
[2018.09.15-01.05.25:611][199]LogShaderCompilers: Display: Shaders left to compile 0
[2018.09.15-01.05.25:625][199]LogD3D11RHI: Shutdown
[2018.09.15-01.05.25:625][199]LogD3D11RHI: CleanupD3DDevice
[2018.09.15-01.05.25:627][199]LogD3D11RHI: ~FD3D11DynamicRHI
[2018.09.15-01.05.26:234][199]LogModuleManager: Shutting down and abandoning module ExternalImagePicker (612)
[2018.09.15-01.05.26:234][199]LogModuleManager: Shutting down and abandoning module StatsViewer (610)
[2018.09.15-01.05.26:234][199]LogModuleManager: Shutting down and abandoning module HierarchicalLODOutliner (608)
[2018.09.15-01.05.26:234][199]LogModuleManager: Shutting down and abandoning module AddContentDialog (606)
[2018.09.15-01.05.26:238][199]LogModuleManager: Shutting down and abandoning module WidgetCarousel (605)
[2018.09.15-01.05.26:238][199]LogModuleManager: Shutting down and abandoning module EditorWidgets (602)
[2018.09.15-01.05.26:238][199]LogModuleManager: Shutting down and abandoning module CollectionManager (600)
[2018.09.15-01.05.26:246][199]LogModuleManager: Shutting down and abandoning module SceneOutliner (598)
[2018.09.15-01.05.26:246][199]LogModuleManager: Shutting down and abandoning module FoliageEdit (596)
[2018.09.15-01.05.26:246][199]LogModuleManager: Shutting down and abandoning module LandscapeEditor (594)
[2018.09.15-01.05.26:282][199]LogModuleManager: Shutting down and abandoning module MeshPaintMode (592)
[2018.09.15-01.05.26:282][199]LogModuleManager: Shutting down and abandoning module SceneDepthPickerMode (590)
[2018.09.15-01.05.26:282][199]LogModuleManager: Shutting down and abandoning module ActorPickerMode (588)
[2018.09.15-01.05.26:282][199]LogModuleManager: Shutting down and abandoning module GeometryMode (586)
[2018.09.15-01.05.26:282][199]LogModuleManager: Shutting down and abandoning module TextureAlignMode (584)
[2018.09.15-01.05.26:282][199]LogModuleManager: Shutting down and abandoning module BspMode (582)
[2018.09.15-01.05.26:282][199]LogModuleManager: Shutting down and abandoning module PIEPreviewDeviceProfileSelector (580)
[2018.09.15-01.05.26:282][199]LogModuleManager: Shutting down and abandoning module SequenceRecorderSections (578)
[2018.09.15-01.05.26:290][199]LogModuleManager: Shutting down and abandoning module AutomationWorker (576)
[2018.09.15-01.05.26:290][199]LogModuleManager: Shutting down and abandoning module AudioCaptureEditor (574)
[2018.09.15-01.05.26:290][199]LogModuleManager: Shutting down and abandoning module SequenceRecorder (573)
[2018.09.15-01.05.26:290][199]LogModuleManager: Shutting down and abandoning module MatineeToLevelSequence (570)
[2018.09.15-01.05.26:303][199]LogModuleManager: Shutting down and abandoning module LevelSequenceEditor (568)
[2018.09.15-01.05.26:311][199]LogModuleManager: Shutting down and abandoning module PlacementMode (567)
[2018.09.15-01.05.26:311][199]LogModuleManager: Shutting down and abandoning module MaterialEditor (566)
[2018.09.15-01.05.26:336][199]LogModuleManager: Shutting down and abandoning module WmfMediaFactory (562)
[2018.09.15-01.05.26:336][199]LogModuleManager: Shutting down and abandoning module WmfMediaEditor (560)
[2018.09.15-01.05.26:336][199]LogModuleManager: Shutting down and abandoning module MediaPlayerEditor (558)
[2018.09.15-01.05.26:336][199]LogModuleManager: Shutting down and abandoning module OpenExrWrapper (556)
[2018.09.15-01.05.26:336][199]LogModuleManager: Shutting down and abandoning module ImgMediaFactory (554)
[2018.09.15-01.05.26:336][199]LogModuleManager: Shutting down and abandoning module ImgMediaEditor (552)
[2018.09.15-01.05.26:336][199]LogModuleManager: Shutting down and abandoning module AvfMediaFactory (550)
[2018.09.15-01.05.26:336][199]LogModuleManager: Shutting down and abandoning module AvfMediaEditor (548)
[2018.09.15-01.05.26:336][199]LogModuleManager: Shutting down and abandoning module AndroidMediaFactory (546)
[2018.09.15-01.05.26:336][199]LogModuleManager: Shutting down and abandoning module AndroidMediaEditor (544)
[2018.09.15-01.05.26:336][199]LogModuleManager: Shutting down and abandoning module MagicLeapCameraPreviewFactory (542)
[2018.09.15-01.05.26:336][199]LogModuleManager: Shutting down and abandoning module MagicLeapMediaFactory (540)
[2018.09.15-01.05.26:336][199]LogModuleManager: Shutting down and abandoning module MagicLeapMediaEditor (538)
[2018.09.15-01.05.26:336][199]LogModuleManager: Shutting down and abandoning module CharacterAI (536)
[2018.09.15-01.05.26:336][199]LogModuleManager: Shutting down and abandoning module SmartSnapping (534)
[2018.09.15-01.05.26:336][199]LogModuleManager: Shutting down and abandoning module SessionServices (532)
[2018.09.15-01.05.26:336][199]LogModuleManager: Shutting down and abandoning module ViewportSnapping (530)
[2018.09.15-01.05.26:336][199]LogModuleManager: Shutting down and abandoning module ViewportInteraction (528)
[2018.09.15-01.05.26:337][199]LogModuleManager: Shutting down and abandoning module ClothPainter (526)
[2018.09.15-01.05.26:373][199]LogModuleManager: Shutting down and abandoning module SkeletalMeshEditor (525)
[2018.09.15-01.05.26:399][199]LogModuleManager: Shutting down and abandoning module LogVisualizer (522)
[2018.09.15-01.05.26:399][199]LogModuleManager: Shutting down and abandoning module IntroTutorials (520)
[2018.09.15-01.05.26:400][199]LogModuleManager: Shutting down and abandoning module GameProjectGeneration (519)
[2018.09.15-01.05.26:403][199]LogModuleManager: Shutting down and abandoning module LuminPlatformEditor (516)
[2018.09.15-01.05.26:403][199]LogModuleManager: Shutting down and abandoning module IOSPlatformEditor (514)
[2018.09.15-01.05.26:403][199]LogModuleManager: Shutting down and abandoning module HTML5PlatformEditor (512)
[2018.09.15-01.05.26:403][199]LogModuleManager: Shutting down and abandoning module AndroidPlatformEditor (510)
[2018.09.15-01.05.26:403][199]LogModuleManager: Shutting down and abandoning module AndroidDeviceDetection (509)
[2018.09.15-01.05.27:156][199]LogModuleManager: Shutting down and abandoning module WindowsPlatformEditor (506)
[2018.09.15-01.05.27:156][199]LogModuleManager: Shutting down and abandoning module LuminRuntimeSettings (504)
[2018.09.15-01.05.27:156][199]LogModuleManager: Shutting down and abandoning module IOSRuntimeSettings (502)
[2018.09.15-01.05.27:156][199]LogModuleManager: Shutting down and abandoning module AndroidRuntimeSettings (500)
[2018.09.15-01.05.27:156][199]LogModuleManager: Shutting down and abandoning module InputBindingEditor (498)
[2018.09.15-01.05.27:156][199]LogModuleManager: Shutting down and abandoning module MergeActors (496)
[2018.09.15-01.05.27:156][199]LogModuleManager: Shutting down and abandoning module LocalizationDashboard (494)
[2018.09.15-01.05.27:156][199]LogModuleManager: Shutting down and abandoning module LocalizationService (493)
[2018.09.15-01.05.27:156][199]LogModuleManager: Shutting down and abandoning module HardwareTargeting (490)
[2018.09.15-01.05.27:156][199]LogModuleManager: Shutting down and abandoning module DeviceProfileEditor (488)
[2018.09.15-01.05.27:156][199]LogModuleManager: Shutting down and abandoning module UndoHistory (486)
[2018.09.15-01.05.27:156][199]LogModuleManager: Shutting down and abandoning module XmlParser (484)
[2018.09.15-01.05.27:156][199]LogModuleManager: Shutting down and abandoning module Blutility (482)
[2018.09.15-01.05.27:156][199]LogModuleManager: Shutting down and abandoning module ProjectSettingsViewer (480)
[2018.09.15-01.05.27:156][199]LogModuleManager: Shutting down and abandoning module ProjectTargetPlatformEditor (479)
[2018.09.15-01.05.27:157][199]LogModuleManager: Shutting down and abandoning module EditorSettingsViewer (476)
[2018.09.15-01.05.27:157][199]LogModuleManager: Shutting down and abandoning module SettingsEditor (474)
[2018.09.15-01.05.27:175][199]LogModuleManager: Shutting down and abandoning module ProjectLauncher (472)
[2018.09.15-01.05.27:195][199]LogModuleManager: Shutting down and abandoning module SessionFrontend (470)
[2018.09.15-01.05.27:195][199]LogModuleManager: Shutting down and abandoning module ProfilerClient (468)
[2018.09.15-01.05.27:202][199]LogModuleManager: Shutting down and abandoning module DeviceManager (466)
[2018.09.15-01.05.27:202][199]LogModuleManager: Shutting down and abandoning module TargetDeviceServices (465)
[2018.09.15-01.05.27:257][199]LogModuleManager: Shutting down and abandoning module AutomationController (462)
[2018.09.15-01.05.27:257][199]LogModuleManager: Shutting down and abandoning module AutomationWindow (460)
[2018.09.15-01.05.27:271][199]LogModuleManager: Shutting down and abandoning module Layers (458)
[2018.09.15-01.05.27:296][199]LogModuleManager: Shutting down and abandoning module ComponentVisualizers (456)
[2018.09.15-01.05.27:296][199]LogModuleManager: Shutting down and abandoning module DetailCustomizations (454)
[2018.09.15-01.05.27:296][199]LogModuleManager: Shutting down and abandoning module PackagesDialog (452)
[2018.09.15-01.05.27:296][199]LogModuleManager: Shutting down and abandoning module Persona (450)
[2018.09.15-01.05.27:305][199]LogModuleManager: Shutting down and abandoning module AdvancedPreviewScene (449)
[2018.09.15-01.05.27:305][199]LogModuleManager: Shutting down and abandoning module AnimGraph (447)
[2018.09.15-01.05.27:305][199]LogModuleManager: Shutting down and abandoning module Kismet (444)
[2018.09.15-01.05.27:323][199]LogModuleManager: Shutting down and abandoning module GraphEditor (442)
[2018.09.15-01.05.27:343][199]LogModuleManager: Shutting down and abandoning module ClassViewer (440)
[2018.09.15-01.05.27:345][199]LogModuleManager: Shutting down and abandoning module Toolbox (438)
[2018.09.15-01.05.27:345][199]LogModuleManager: Shutting down and abandoning module ModuleUI (436)
[2018.09.15-01.05.27:357][199]LogModuleManager: Shutting down and abandoning module MovieSceneTools (434)
[2018.09.15-01.05.27:357][199]LogModuleManager: Shutting down and abandoning module OutputLog (432)
[2018.09.15-01.05.27:357][199]LogModuleManager: Shutting down and abandoning module GammaUI (430)
[2018.09.15-01.05.27:368][199]LogModuleManager: Shutting down and abandoning module Documentation (428)
[2018.09.15-01.05.27:368][199]LogModuleManager: Shutting down and abandoning module MovieSceneTracks (426)
[2018.09.15-01.05.27:368][199]LogModuleManager: Shutting down and abandoning module MovieScene (424)
[2018.09.15-01.05.27:368][199]LogModuleManager: Shutting down and abandoning module StreamingPauseRendering (422)
[2018.09.15-01.05.27:382][199]LogModuleManager: Shutting down and abandoning module LauncherPlatform (420)
[2018.09.15-01.05.27:382][199]LogModuleManager: Shutting down and abandoning module AnalyticsET (418)
[2018.09.15-01.05.27:382][199]LogModuleManager: Shutting down and abandoning module PortalServices (416)
[2018.09.15-01.05.27:382][199]LogModuleManager: Shutting down and abandoning module PortalRpc (414)
[2018.09.15-01.05.27:382][199]LogModuleManager: Shutting down and abandoning module MessagingRpc (412)
[2018.09.15-01.05.27:382][199]LogModuleManager: Shutting down and abandoning module AIModule (410)
[2018.09.15-01.05.27:382][199]LogModuleManager: Shutting down and abandoning module GameplayDebugger (409)
[2018.09.15-01.05.27:382][199]LogModuleManager: Shutting down and abandoning module AITestSuite (407)
[2018.09.15-01.05.27:382][199]LogModuleManager: Shutting down and abandoning module NavigationSystem (405)
[2018.09.15-01.05.27:383][199]LogModuleManager: Shutting down and abandoning module DesktopPlatform (402)
[2018.09.15-01.05.27:383][199]LogModuleManager: Shutting down and abandoning module ProfilerService (400)
[2018.09.15-01.05.27:398][199]LogModuleManager: Shutting down and abandoning module TaskGraph (398)
[2018.09.15-01.05.27:398][199]LogModuleManager: Shutting down and abandoning module SteamVRController (396)
[2018.09.15-01.05.27:398][199]LogModuleManager: Shutting down and abandoning module ProceduralMeshComponentEditor (394)
[2018.09.15-01.05.27:398][199]LogModuleManager: Shutting down and abandoning module ProceduralMeshComponent (392)
[2018.09.15-01.05.27:398][199]LogModuleManager: Shutting down and abandoning module OculusInput (390)
[2018.09.15-01.05.27:398][199]LogModuleManager: Shutting down and abandoning module MobilePatchingUtils (388)
[2018.09.15-01.05.27:398][199]LogModuleManager: Shutting down and abandoning module EditableMesh (386)
[2018.09.15-01.05.27:399][199]LogModuleManager: Shutting down and abandoning module CustomMeshComponent (384)
[2018.09.15-01.05.27:399][199]LogModuleManager: Shutting down and abandoning module CableComponent (382)
[2018.09.15-01.05.27:399][199]LogModuleManager: Shutting down and abandoning module AudioCapture (380)
[2018.09.15-01.05.27:399][199]LogModuleManager: Shutting down and abandoning module ArchVisCharacter (378)
[2018.09.15-01.05.27:399][199]LogModuleManager: Shutting down and abandoning module AndroidPermission (376)
[2018.09.15-01.05.27:399][199]LogModuleManager: Shutting down and abandoning module NUTUnrealEngine4 (374)
[2018.09.15-01.05.27:399][199]LogModuleManager: Shutting down and abandoning module NetcodeUnitTest (372)
[2018.09.15-01.05.27:412][199]LogModuleManager: Shutting down and abandoning module MediaCompositingEditor (370)
[2018.09.15-01.05.27:412][199]LogModuleManager: Shutting down and abandoning module MediaCompositing (368)
[2018.09.15-01.05.27:412][199]LogModuleManager: Shutting down and abandoning module LinearTimecode (366)
[2018.09.15-01.05.27:412][199]LogModuleManager: Shutting down and abandoning module ImgMedia (364)
[2018.09.15-01.05.27:423][199]LogModuleManager: Shutting down and abandoning module HTML5Networking (362)
[2018.09.15-01.05.27:423][199]LogModuleManager: Shutting down and abandoning module GeometryCacheTracks (360)
[2018.09.15-01.05.27:423][199]LogModuleManager: Shutting down and abandoning module GeometryCacheSequencer (358)
[2018.09.15-01.05.27:423][199]LogModuleManager: Shutting down and abandoning module BackChannel (356)
[2018.09.15-01.05.27:451][199]LogModuleManager: Shutting down and abandoning module AppleVision (354)
[2018.09.15-01.05.27:451][199]LogModuleManager: Shutting down and abandoning module AppleImageUtils (352)
[2018.09.15-01.05.27:451][199]LogModuleManager: Shutting down and abandoning module AlembicImporter (350)
[2018.09.15-01.05.27:451][199]LogModuleManager: Shutting down and abandoning module AlembicLibrary (349)
[2018.09.15-01.05.27:451][199]LogModuleManager: Shutting down and abandoning module GeometryCache (348)
[2018.09.15-01.05.27:451][199]LogModuleManager: Shutting down and abandoning module GeometryCacheEd (347)
[2018.09.15-01.05.27:451][199]LogModuleManager: Shutting down and abandoning module DatasmithContentEditor (342)
[2018.09.15-01.05.27:466][199]LogModuleManager: Shutting down and abandoning module DatasmithContent (340)
[2018.09.15-01.05.27:466][199]LogModuleManager: Shutting down and abandoning module SpeedTreeImporter (338)
[2018.09.15-01.05.27:466][199]LogModuleManager: Shutting down and abandoning module PluginBrowser (336)
[2018.09.15-01.05.27:468][199]LogModuleManager: Shutting down and abandoning module MobileLauncherProfileWizard (334)
[2018.09.15-01.05.27:472][199]LogModuleManager: Shutting down and abandoning module PolygonModeling (332)
[2018.09.15-01.05.27:472][199]LogModuleManager: Shutting down and abandoning module MeshEditor (330)
[2018.09.15-01.05.27:472][199]LogModuleManager: Shutting down and abandoning module CryptoKeysOpenSSL (328)
[2018.09.15-01.05.27:472][199]LogModuleManager: Shutting down and abandoning module CryptoKeys (326)
[2018.09.15-01.05.27:472][199]LogModuleManager: Shutting down and abandoning module VisualStudioSourceCodeAccess (324)
[2018.09.15-01.05.27:473][199]LogModuleManager: Shutting down and abandoning module VisualStudioCodeSourceCodeAccess (322)
[2018.09.15-01.05.27:473][199]LogModuleManager: Shutting down and abandoning module UObjectPlugin (320)
[2018.09.15-01.05.27:473][199]LogModuleManager: Shutting down and abandoning module SubversionSourceControl (318)
[2018.09.15-01.05.27:473][199]LogModuleManager: Shutting down and abandoning module PerforceSourceControl (316)
[2018.09.15-01.05.27:482][199]LogModuleManager: Shutting down and abandoning module GitSourceControl (314)
[2018.09.15-01.05.27:482][199]LogModuleManager: Shutting down and abandoning module SourceControl (313)
[2018.09.15-01.05.27:493][199]LogModuleManager: Shutting down and abandoning module CLionSourceCodeAccess (310)
[2018.09.15-01.05.27:493][199]LogModuleManager: Shutting down and abandoning module LightPropagationVolumeEditor (308)
[2018.09.15-01.05.27:493][199]LogModuleManager: Shutting down and abandoning module PaperTiledImporter (306)
[2018.09.15-01.05.27:493][199]LogModuleManager: Shutting down and abandoning module PaperSpriteSheetImporter (304)
[2018.09.15-01.05.27:493][199]LogModuleManager: Shutting down and abandoning module Paper2DEditor (302)
[2018.09.15-01.05.27:511][199]LogModuleManager: Shutting down and abandoning module MeshPaint (301)
[2018.09.15-01.05.27:511][199]LogModuleManager: Shutting down and abandoning module RuntimePhysXCooking (298)
[2018.09.15-01.05.27:511][199]LogModuleManager: Shutting down and abandoning module PhysXVehiclesEditor (296)
[2018.09.15-01.05.27:511][199]LogModuleManager: Shutting down and abandoning module PhysXVehicles (294)
[2018.09.15-01.05.27:511][199]LogModuleManager: Shutting down and abandoning module OculusEditor (292)
[2018.09.15-01.05.27:511][199]LogModuleManager: Shutting down and abandoning module LocationServicesBPLibrary (290)
[2018.09.15-01.05.27:511][199]LogModuleManager: Shutting down and abandoning module ImmediatePhysicsEditor (288)
[2018.09.15-01.05.27:511][199]LogModuleManager: Shutting down and abandoning module ImmediatePhysics (286)
[2018.09.15-01.05.27:511][199]LogModuleManager: Shutting down and abandoning module ActorSequence (284)
[2018.09.15-01.05.27:511][199]LogModuleManager: Shutting down and abandoning module UdpMessaging (282)
[2018.09.15-01.05.27:612][199]LogModuleManager: Shutting down and abandoning module TcpMessaging (280)
[2018.09.15-01.05.27:713][199]LogModuleManager: Shutting down and abandoning module MagicLeapAudio (278)
[2018.09.15-01.05.27:713][199]LogModuleManager: Shutting down and abandoning module GameplayTagsEditor (276)
[2018.09.15-01.05.27:713][199]LogModuleManager: Shutting down and abandoning module FacialAnimationEditor (274)
[2018.09.15-01.05.27:713][199]LogModuleManager: Shutting down and abandoning module FacialAnimation (272)
[2018.09.15-01.05.27:713][199]LogModuleManager: Shutting down and abandoning module DataValidation (270)
[2018.09.15-01.05.27:713][199]LogModuleManager: Shutting down and abandoning module AssetManagerEditor (268)
[2018.09.15-01.05.27:726][199]LogModuleManager: Shutting down and abandoning module LevelEditor (267)
[2018.09.15-01.05.27:727][199]LogModuleManager: Shutting down and abandoning module PixelInspectorModule (266)
[2018.09.15-01.05.27:741][199]LogModuleManager: Shutting down and abandoning module CommonMenuExtensions (264)
[2018.09.15-01.05.27:742][199]LogModuleManager: Shutting down and abandoning module MainFrame (262)
[2018.09.15-01.05.27:742][199]LogModuleManager: Shutting down and abandoning module HotReload (261)
[2018.09.15-01.05.27:750][199]LogModuleManager: Shutting down and abandoning module ContentBrowser (257)
[2018.09.15-01.05.27:751][199]LogModuleManager: Shutting down and abandoning module TreeMap (255)
[2018.09.15-01.05.27:751][199]LogModuleManager: Shutting down and abandoning module LightPropagationVolumeRuntime (252)
[2018.09.15-01.05.27:751][199]LogModuleManager: Shutting down and abandoning module AISupportModule (250)
[2018.09.15-01.05.27:751][199]LogModuleManager: Shutting down and abandoning module Paper2D (248)
[2018.09.15-01.05.27:751][199]LogModuleManager: Shutting down and abandoning module WindowsMoviePlayer (246)
[2018.09.15-01.05.27:773][199]LogModuleManager: Shutting down and abandoning module WmfMedia (244)
[2018.09.15-01.05.27:790][199]LogModuleManager: Shutting down and abandoning module Media (243)
[2018.09.15-01.05.27:796][199]LogModuleManager: Shutting down and abandoning module PacketHandler (240)
[2018.09.15-01.05.27:796][199]LogModuleManager: Shutting down and abandoning module ClothingSystemEditor (238)
[2018.09.15-01.05.27:796][199]LogModuleManager: Shutting down and abandoning module ClothingSystemRuntime (236)
[2018.09.15-01.05.27:813][199]LogModuleManager: Shutting down and abandoning module MediaAssets (234)
[2018.09.15-01.05.27:814][199]LogModuleManager: Shutting down and abandoning module Overlay (232)
[2018.09.15-01.05.27:814][199]LogModuleManager: Shutting down and abandoning module OverlayEditor (231)
[2018.09.15-01.05.27:814][199]LogModuleManager: Shutting down and abandoning module VREditor (228)
[2018.09.15-01.05.27:821][199]LogModuleManager: Shutting down and abandoning module StringTableEditor (226)
[2018.09.15-01.05.27:821][199]LogModuleManager: Shutting down and abandoning module GameplayTasksEditor (224)
[2018.09.15-01.05.27:821][199]LogModuleManager: Shutting down and abandoning module BehaviorTreeEditor (222)
[2018.09.15-01.05.27:834][199]LogModuleManager: Shutting down and abandoning module FunctionalTesting (220)
[2018.09.15-01.05.27:848][199]LogModuleManager: Shutting down and abandoning module CollisionAnalyzer (218)
[2018.09.15-01.05.27:848][199]LogModuleManager: Shutting down and abandoning module WorkspaceMenuStructure (217)
[2018.09.15-01.05.27:848][199]LogModuleManager: Shutting down and abandoning module UMG (214)
[2018.09.15-01.05.27:854][199]LogModuleManager: Shutting down and abandoning module UMGEditor (213)
[2018.09.15-01.05.27:864][199]LogModuleManager: Shutting down and abandoning module Sequencer (212)
[2018.09.15-01.05.27:881][199]LogModuleManager: Shutting down and abandoning module MessageLog (209)
[2018.09.15-01.05.27:881][199]LogModuleManager: Shutting down and abandoning module SlateReflector (204)
[2018.09.15-01.05.27:913][199]LogModuleManager: Shutting down and abandoning module Slate (202)
[2018.09.15-01.05.27:913][199]LogModuleManager: Shutting down and abandoning module EditorStyle (200)
[2018.09.15-01.05.27:915][199]LogModuleManager: Shutting down and abandoning module MRMesh (198)
[2018.09.15-01.05.27:932][199]LogModuleManager: Shutting down and abandoning module SourceCodeAccess (196)
[2018.09.15-01.05.27:932][199]LogModuleManager: Shutting down and abandoning module HeadMountedDisplay (194)
[2018.09.15-01.05.27:932][199]LogModuleManager: Shutting down and abandoning module XAudio2 (192)
[2018.09.15-01.05.27:932][199]LogModuleManager: Shutting down and abandoning module Networking (190)
[2018.09.15-01.05.27:932][199]LogModuleManager: Shutting down and abandoning module Core (188)
[2018.09.15-01.05.27:932][199]LogModuleManager: Shutting down and abandoning module LevelSequence (186)
[2018.09.15-01.05.27:932][199]LogModuleManager: Shutting down and abandoning module KismetCompiler (184)
[2018.09.15-01.05.27:932][199]LogModuleManager: Shutting down and abandoning module MeshUtilities (182)
[2018.09.15-01.05.27:952][199]LogModuleManager: Shutting down and abandoning module MeshMergeUtilities (181)
[2018.09.15-01.05.27:952][199]LogModuleManager: Shutting down and abandoning module MeshReductionInterface (180)
[2018.09.15-01.05.27:952][199]LogModuleManager: Shutting down and abandoning module SimplygonSwarm (179)
[2018.09.15-01.05.27:969][199]LogModuleManager: Shutting down and abandoning module ProxyLODMeshReduction (177)
[2018.09.15-01.05.27:994][199]LogModuleManager: Shutting down and abandoning module SimplygonMeshReduction (175)
[2018.09.15-01.05.27:994][199]LogModuleManager: Shutting down and abandoning module QuadricMeshReduction (173)
[2018.09.15-01.05.28:000][199]LogModuleManager: Shutting down and abandoning module MaterialBaking (169)
[2018.09.15-01.05.28:000][199]LogModuleManager: Shutting down and abandoning module DirectoryWatcher (165)
[2018.09.15-01.05.28:000][199]LogModuleManager: Shutting down and abandoning module DerivedDataCache (162)
[2018.09.15-01.05.28:066][199]LogDerivedDataCache: Shutdown
[2018.09.15-01.05.28:066][199]LogModuleManager: Shutting down and abandoning module XGEController (160)
[2018.09.15-01.05.28:066][199]LogXGEController: Cleaning working directory: C:/Users/ENDER/AppData/Local/Temp/UnrealXGEWorkingDir/
[2018.09.15-01.05.28:077][199]LogModuleManager: Shutting down and abandoning module TargetPlatform (158)
[2018.09.15-01.05.28:077][199]LogModuleManager: Shutting down and abandoning module VulkanShaderFormat (157)
[2018.09.15-01.05.28:077][199]LogModuleManager: Shutting down and abandoning module ShaderFormatVectorVM (155)
[2018.09.15-01.05.28:094][199]LogModuleManager: Shutting down and abandoning module ShaderFormatOpenGL (153)
[2018.09.15-01.05.28:096][199]LogModuleManager: Shutting down and abandoning module ShaderFormatD3D (151)
[2018.09.15-01.05.28:096][199]LogModuleManager: Shutting down and abandoning module MetalShaderFormat (149)
[2018.09.15-01.05.28:109][199]LogModuleManager: Shutting down and abandoning module TextureFormatUncompressed (147)
[2018.09.15-01.05.28:109][199]LogModuleManager: Shutting down and abandoning module TextureFormatPVR (145)
[2018.09.15-01.05.28:109][199]LogModuleManager: Shutting down and abandoning module TextureFormatDXT (143)
[2018.09.15-01.05.28:120][199]LogModuleManager: Shutting down and abandoning module TextureFormatIntelISPCTexComp (141)
[2018.09.15-01.05.28:121][199]LogModuleManager: Shutting down and abandoning module TextureFormatASTC (139)
[2018.09.15-01.05.28:121][199]LogModuleManager: Shutting down and abandoning module ImageWrapper (138)
[2018.09.15-01.05.28:121][199]LogModuleManager: Shutting down and abandoning module TextureFormatAndroid (135)
[2018.09.15-01.05.28:121][199]LogModuleManager: Shutting down and abandoning module AudioFormatOpus (133)
[2018.09.15-01.05.28:121][199]LogModuleManager: Shutting down and abandoning module AudioFormatOgg (131)
[2018.09.15-01.05.28:121][199]LogModuleManager: Shutting down and abandoning module AudioFormatADPCM (129)
[2018.09.15-01.05.28:121][199]LogModuleManager: Shutting down and abandoning module LuminTargetPlatform (127)
[2018.09.15-01.05.28:121][199]LogModuleManager: Shutting down and abandoning module LinuxTargetPlatform (125)
[2018.09.15-01.05.28:121][199]LogModuleManager: Shutting down and abandoning module LinuxServerTargetPlatform (123)
[2018.09.15-01.05.28:121][199]LogModuleManager: Shutting down and abandoning module LinuxNoEditorTargetPlatform (121)
[2018.09.15-01.05.28:126][199]LogModuleManager: Shutting down and abandoning module LinuxClientTargetPlatform (119)
[2018.09.15-01.05.28:134][199]LogModuleManager: Shutting down and abandoning module TVOSTargetPlatform (117)
[2018.09.15-01.05.28:135][199]LogModuleManager: Shutting down and abandoning module Messaging (115)
[2018.09.15-01.05.28:135][199]LogModuleManager: Shutting down and abandoning module IOSTargetPlatform (113)
[2018.09.15-01.05.28:136][199]LogModuleManager: Shutting down and abandoning module HTML5TargetPlatform (111)
[2018.09.15-01.05.28:136][199]LogModuleManager: Shutting down and abandoning module AndroidTargetPlatform (109)
[2018.09.15-01.05.28:146][199]LogModuleManager: Shutting down and abandoning module WindowsTargetPlatform (107)
[2018.09.15-01.05.28:146][199]LogModuleManager: Shutting down and abandoning module WindowsServerTargetPlatform (105)
[2018.09.15-01.05.28:146][199]LogModuleManager: Shutting down and abandoning module WindowsNoEditorTargetPlatform (103)
[2018.09.15-01.05.28:146][199]LogModuleManager: Shutting down and abandoning module WindowsClientTargetPlatform (101)
[2018.09.15-01.05.28:146][199]LogModuleManager: Shutting down and abandoning module MacTargetPlatform (99)
[2018.09.15-01.05.28:146][199]LogModuleManager: Shutting down and abandoning module MacServerTargetPlatform (97)
[2018.09.15-01.05.28:146][199]LogModuleManager: Shutting down and abandoning module MacNoEditorTargetPlatform (95)
[2018.09.15-01.05.28:146][199]LogModuleManager: Shutting down and abandoning module MacClientTargetPlatform (93)
[2018.09.15-01.05.28:146][199]LogModuleManager: Shutting down and abandoning module AllDesktopTargetPlatform (91)
[2018.09.15-01.05.28:146][199]LogModuleManager: Shutting down and abandoning module InputCore (88)
[2018.09.15-01.05.28:146][199]LogModuleManager: Shutting down and abandoning module Settings (86)
[2018.09.15-01.05.28:146][199]LogModuleManager: Shutting down and abandoning module PhysXCooking (84)
[2018.09.15-01.05.28:146][199]LogModuleManager: Shutting down and abandoning module SteamVR (82)
[2018.09.15-01.05.28:146][199]LogModuleManager: Shutting down and abandoning module OculusHMD (80)
[2018.09.15-01.05.28:146][199]LogModuleManager: Shutting down and abandoning module ExampleDeviceProfileSelector (78)
[2018.09.15-01.05.28:146][199]LogModuleManager: Shutting down and abandoning module LauncherChunkInstaller (76)
[2018.09.15-01.05.28:146][199]LogModuleManager: Shutting down and abandoning module OnlineBlueprintSupport (74)
[2018.09.15-01.05.28:146][199]LogModuleManager: Shutting down and abandoning module OnlineSubsystem (70)
[2018.09.15-01.05.28:160][199]LogModuleManager: Shutting down and abandoning module XMPP (65)
[2018.09.15-01.05.28:193][199]LogModuleManager: Shutting down and abandoning module WebSockets (64)
[2018.09.15-01.05.28:238][199]LogModuleManager: Shutting down and abandoning module HTTP (61)
[2018.09.15-01.05.28:238][199]LogHttp: Display: Http module shutting down, but needs to wait on 1 outstanding Http requests:
[2018.09.15-01.05.28:238][199]LogHttp: Display: 	verb=[POST] url=[https://datarouter.ol.epicgames.com/datarouter/api/v1/public/data?SessionID=%7B48DCE2D9-4BD5-0FF8-52EF-5AAFC6A189F0%7D&AppID=UEEditor.Rocket.Release&AppVersion=4.20.2-4302132%2B%2B%2BUE4%2BRelease-4.20&UserID=4bca228f499fd1a9a22355bcddc8d86e%7C86b6ae209afd4afba3857a84ef1c03f5%7C9cdf86c3-3899-4ad0-b18b-a7cf1e172978&AppEnvironment=datacollector-binary&UploadType=eteventstream] status=Processing
[2018.09.15-01.05.28:250][199]LogModuleManager: Shutting down and abandoning module SSL (60)
[2018.09.15-01.05.28:251][199]LogModuleManager: Shutting down and abandoning module MagicLeapEmulator (56)
[2018.09.15-01.05.28:251][199]LogModuleManager: Shutting down and abandoning module MagicLeapPrivileges (54)
[2018.09.15-01.05.28:251][199]LogModuleManager: Shutting down and abandoning module MagicLeapIdentity (52)
[2018.09.15-01.05.28:251][199]LogModuleManager: Shutting down and abandoning module MagicLeapHelperVulkan (50)
[2018.09.15-01.05.28:251][199]LogModuleManager: Shutting down and abandoning module MagicLeapHelperOpenGL (48)
[2018.09.15-01.05.28:251][199]LogModuleManager: Shutting down and abandoning module MagicLeapSecureStorage (46)
[2018.09.15-01.05.28:251][199]LogModuleManager: Shutting down and abandoning module MagicLeapGestures (44)
[2018.09.15-01.05.28:251][199]LogModuleManager: Shutting down and abandoning module MagicLeapEyeTracker (42)
[2018.09.15-01.05.28:251][199]LogModuleManager: Shutting down and abandoning module MagicLeapController (40)
[2018.09.15-01.05.28:251][199]LogSlate: Slate User Destroyed.  User Index 0, Is Virtual User: 0
[2018.09.15-01.05.28:251][199]LogModuleManager: Shutting down and abandoning module MagicLeap (38)
[2018.09.15-01.05.28:251][199]LogModuleManager: Shutting down and abandoning module AnimationModifiers (36)
[2018.09.15-01.05.28:257][199]LogModuleManager: Shutting down and abandoning module PropertyEditor (35)
[2018.09.15-01.05.28:263][199]LogModuleManager: Shutting down and abandoning module AudioEditor (32)
[2018.09.15-01.05.28:269][199]LogModuleManager: Shutting down and abandoning module TextureCompressor (30)
[2018.09.15-01.05.28:278][199]LogModuleManager: Shutting down and abandoning module ShaderCore (28)
[2018.09.15-01.05.28:278][199]LogModuleManager: Shutting down and abandoning module Landscape (26)
[2018.09.15-01.05.28:278][199]LogModuleManager: Shutting down and abandoning module SlateRHIRenderer (24)
[2018.09.15-01.05.28:292][199]LogModuleManager: Shutting down and abandoning module OpenGLDrv (22)
[2018.09.15-01.05.28:310][199]LogModuleManager: Shutting down and abandoning module D3D11RHI (20)
[2018.09.15-01.05.28:311][199]LogModuleManager: Shutting down and abandoning module AnimGraphRuntime (18)
[2018.09.15-01.05.28:311][199]LogModuleManager: Shutting down and abandoning module Renderer (16)
[2018.09.15-01.05.28:311][199]LogModuleManager: Shutting down and abandoning module Engine (14)
[2018.09.15-01.05.28:311][199]LogModuleManager: Shutting down and abandoning module CoreUObject (12)
[2018.09.15-01.05.28:311][199]LogModuleManager: Shutting down and abandoning module NetworkFile (10)
[2018.09.15-01.05.28:311][199]LogModuleManager: Shutting down and abandoning module CookedIterativeFile (8)
[2018.09.15-01.05.28:311][199]LogModuleManager: Shutting down and abandoning module StreamingFile (6)
[2018.09.15-01.05.28:323][199]LogModuleManager: Shutting down and abandoning module SandboxFile (4)
[2018.09.15-01.05.28:323][199]LogModuleManager: Shutting down and abandoning module PakFile (2)
[2018.09.15-01.05.28:330][199]LogExit: Exiting.
[2018.09.15-01.05.28:343][199]Log file closed, 09/14/18 18:05:28
